2026-07-10 10:01:20,684 [INFO] === Initializing MagicSplit Bot (domestic) ===
2026-07-10 10:01:20,684 [INFO] Loaded 22 stock rule(s) from config_domestic.json
2026-07-10 10:01:20,684 [INFO] [domestic] 14 rule(s), mode=LIVE
2026-07-10 10:01:20,685 [INFO] [KisBroker] 캐시에서 토큰 로드 (API 호출 생략)
2026-07-10 10:01:20,685 [INFO] [KisDomesticLiveBroker] Mode: LIVE TRADING
2026-07-10 10:01:20,685 [INFO] === Running domestic engine ===
2026-07-10 10:01:20,685 [INFO] >>> Step 1: Portfolio & Price Fetch
2026-07-10 10:01:22,032 [INFO] Fetching real-time prices from Broker...
2026-07-10 10:01:26,434 [INFO] Portfolio: Cash=KRW 52,825, Value=KRW 30,480,100
2026-07-10 10:01:26,435 [INFO] >>> Step 2: Load Positions
2026-07-10 10:01:26,435 [INFO] Loaded 33 position lot(s)
2026-07-10 10:01:26,437 [INFO] >>> Step 2.5: Reconcile OK (수량 일치)
2026-07-10 10:01:26,437 [INFO] >>> Processing 삼성에스디에스(018260)
2026-07-10 10:01:26,438 [INFO]   [삼성에스디에스(018260)] 신호 없음 | Lv1 매수 KRW 193,900 -> 현재 KRW 202,000 (+4.18%) | 익절 +10.0% / 추매 -5.0%
2026-07-10 10:01:26,438 [INFO] >>> Processing 삼성증권(016360)
2026-07-10 10:01:26,438 [INFO]   [삼성증권(016360)] 신호 없음 | Lv1 매수 KRW 110,400 -> 현재 KRW 112,900 (+2.26%) | 익절 +10.0% / 추매 -5.0%
2026-07-10 10:01:26,439 [INFO] >>> Processing TIGER 지주회사(307520)
2026-07-10 10:01:26,439 [INFO] [TIGER 지주회사(307520)] 현금 부족: 보유 현금 KRW 52,825 < 매수 예정 금액 KRW 481,360 (22주) -> 매수 보류
2026-07-10 10:01:26,753 [INFO] >>> Processing ACE 테슬라밸류체인액티브(457480)
2026-07-10 10:01:26,754 [INFO]   [ACE 테슬라밸류체인액티브(457480)] 신호 없음 | Lv2 매수 KRW 21,575 -> 현재 KRW 21,735 (+0.74%) | 익절 +10.0% / 추매 -5.0%
2026-07-10 10:01:26,754 [INFO] >>> Processing 테스(095610)
2026-07-10 10:01:26,754 [INFO] [테스(095610)] 현금 부족: 보유 현금 KRW 52,825 < 현재가 KRW 168,200 (1주도 매수 불가) -> 매수 보류
2026-07-10 10:01:27,061 [INFO] >>> Processing 메리츠금융지주(138040)
2026-07-10 10:01:27,061 [INFO]   [메리츠금융지주(138040)] 신호 없음 | Lv1 매수 KRW 109,100 -> 현재 KRW 115,900 (+6.23%) | 익절 +10.0% / 추매 -5.0%
2026-07-10 10:01:27,062 [INFO] >>> Processing KoAct 글로벌AI메모리반도체액티브(0174B0)
2026-07-10 10:01:27,062 [INFO] [KoAct 글로벌AI메모리반도체액티브(0174B0)] 현금 부족: 보유 현금 KRW 52,825 < 매수 예정 금액 KRW 498,220 (29주) -> 매수 보류
2026-07-10 10:01:27,283 [INFO] >>> Processing KODEX 증권(102970)
2026-07-10 10:01:27,283 [INFO]   [KODEX 증권(102970)] 신호 없음 | Lv3 매수 KRW 22,400 -> 현재 KRW 22,175 (-1.00%) | 익절 +10.0% / 추매 -5.0%
2026-07-10 10:01:27,283 [INFO] >>> Processing ACE 엔비디아밸류체인액티브(483320)
2026-07-10 10:01:27,284 [INFO] [ACE 엔비디아밸류체인액티브(483320)] 현금 부족: 보유 현금 KRW 52,825 < 매수 예정 금액 KRW 477,785 (17주) -> 매수 보류
2026-07-10 10:01:27,508 [INFO] >>> Processing 삼성전자우(005935)
2026-07-10 10:01:27,508 [INFO]   [삼성전자우(005935)] 신호 없음 | Lv4 매수 KRW 194,000 -> 현재 KRW 191,200 (-1.44%) | 익절 +10.0% / 추매 -5.0%
2026-07-10 10:01:27,508 [INFO] >>> Processing 삼성전자(005930)
2026-07-10 10:01:27,509 [INFO]   [삼성전자(005930)] 신호 없음 | Lv5 매수 KRW 279,250 -> 현재 KRW 289,500 (+3.67%) | 익절 +10.0% / 추매 -5.0%
2026-07-10 10:01:27,509 [INFO] >>> Processing 원익IPS(240810)
2026-07-10 10:01:27,509 [INFO]   [원익IPS(240810)] 신호 없음 | Lv2 매수 KRW 105,400 -> 현재 KRW 115,300 (+9.39%) | 익절 +10.0% / 추매 -5.0%
2026-07-10 10:01:27,510 [INFO] >>> Processing SOL 미국양자컴퓨팅TOP10(0023A0)
2026-07-10 10:01:27,510 [INFO] [SOL 미국양자컴퓨팅TOP10(0023A0)] 현금 부족: 보유 현금 KRW 52,825 < 매수 예정 금액 KRW 475,040 (16주) -> 매수 보류
2026-07-10 10:01:27,720 [INFO] >>> Processing SOL 반도체전공정(475300)
2026-07-10 10:01:27,721 [INFO] [SOL 반도체전공정(475300)] 현금 부족: 보유 현금 KRW 52,825 < 매수 예정 금액 KRW 497,910 (21주) -> 매수 보류
2026-07-10 10:01:27,931 [INFO] >>> Step 6: Persist
2026-07-10 12:01:17,736 [INFO] === Initializing MagicSplit Bot (domestic) ===
2026-07-10 12:01:17,736 [INFO] Loaded 22 stock rule(s) from config_domestic.json
2026-07-10 12:01:17,736 [INFO] [domestic] 14 rule(s), mode=LIVE
2026-07-10 12:01:17,736 [INFO] [KisBroker] 새 토큰 발급 중...
2026-07-10 12:01:18,673 [INFO] [KisDomesticLiveBroker] Mode: LIVE TRADING
2026-07-10 12:01:18,673 [INFO] === Running domestic engine ===
2026-07-10 12:01:18,674 [INFO] >>> Step 1: Portfolio & Price Fetch
2026-07-10 12:01:19,298 [INFO] Fetching real-time prices from Broker...
2026-07-10 12:01:23,484 [INFO] Portfolio: Cash=KRW 52,825, Value=KRW 30,916,233
2026-07-10 12:01:23,484 [INFO] >>> Step 2: Load Positions
2026-07-10 12:01:23,484 [INFO] Loaded 33 position lot(s)
2026-07-10 12:01:23,486 [INFO] >>> Step 2.5: Reconcile OK (수량 일치)
2026-07-10 12:01:23,486 [INFO] >>> Processing 삼성에스디에스(018260)
2026-07-10 12:01:23,487 [INFO]   [삼성에스디에스(018260)] 신호 없음 | Lv1 매수 KRW 193,900 -> 현재 KRW 203,000 (+4.69%) | 익절 +10.0% / 추매 -5.0%
2026-07-10 12:01:23,487 [INFO] >>> Processing 삼성증권(016360)
2026-07-10 12:01:23,487 [INFO]   [삼성증권(016360)] 신호 없음 | Lv1 매수 KRW 110,400 -> 현재 KRW 116,500 (+5.53%) | 익절 +10.0% / 추매 -5.0%
2026-07-10 12:01:23,488 [INFO] >>> Processing SOL 반도체전공정(475300)
2026-07-10 12:01:23,488 [INFO] [SOL 반도체전공정(475300)] 현금 부족: 보유 현금 KRW 52,825 < 매수 예정 금액 KRW 495,900 (20주) -> 매수 보류
2026-07-10 12:01:23,784 [INFO] >>> Processing SOL 미국양자컴퓨팅TOP10(0023A0)
2026-07-10 12:01:23,785 [INFO] [SOL 미국양자컴퓨팅TOP10(0023A0)] 현금 부족: 보유 현금 KRW 52,825 < 매수 예정 금액 KRW 475,280 (16주) -> 매수 보류
2026-07-10 12:01:23,988 [INFO] >>> Processing KoAct 글로벌AI메모리반도체액티브(0174B0)
2026-07-10 12:01:23,989 [INFO] [KoAct 글로벌AI메모리반도체액티브(0174B0)] 현금 부족: 보유 현금 KRW 52,825 < 매수 예정 금액 KRW 485,156 (28주) -> 매수 보류
2026-07-10 12:01:24,196 [INFO] >>> Processing ACE 테슬라밸류체인액티브(457480)
2026-07-10 12:01:24,196 [INFO]   [ACE 테슬라밸류체인액티브(457480)] 신호 없음 | Lv2 매수 KRW 21,575 -> 현재 KRW 21,815 (+1.11%) | 익절 +10.0% / 추매 -5.0%
2026-07-10 12:01:24,197 [INFO] >>> Processing ACE 엔비디아밸류체인액티브(483320)
2026-07-10 12:01:24,197 [INFO] [ACE 엔비디아밸류체인액티브(483320)] 현금 부족: 보유 현금 KRW 52,825 < 매수 예정 금액 KRW 479,910 (17주) -> 매수 보류
2026-07-10 12:01:24,410 [INFO] >>> Processing 삼성전자(005930)
2026-07-10 12:01:24,410 [INFO]   [삼성전자(005930)] 신호 없음 | Lv5 매수 KRW 279,250 -> 현재 KRW 291,500 (+4.39%) | 익절 +10.0% / 추매 -5.0%
2026-07-10 12:01:24,410 [INFO] >>> Processing 원익IPS(240810)
2026-07-10 12:01:24,411 [INFO] [원익IPS(240810)] Lv2: trailing 활성화 (매수가 대비 +19.2%, 스톱가 KRW 119,320)
2026-07-10 12:01:24,648 [INFO] >>> Processing 삼성전자우(005935)
2026-07-10 12:01:24,649 [INFO]   [삼성전자우(005935)] 신호 없음 | Lv4 매수 KRW 194,000 -> 현재 KRW 193,800 (-0.10%) | 익절 +10.0% / 추매 -5.0%
2026-07-10 12:01:24,649 [INFO] >>> Processing 테스(095610)
2026-07-10 12:01:24,649 [INFO] [테스(095610)] 현금 부족: 보유 현금 KRW 52,825 < 현재가 KRW 176,500 (1주도 매수 불가) -> 매수 보류
2026-07-10 12:01:24,958 [INFO] >>> Processing TIGER 지주회사(307520)
2026-07-10 12:01:24,959 [INFO]   [TIGER 지주회사(307520)] 신호 없음 | Lv2 매수 KRW 23,055 -> 현재 KRW 22,220 (-3.62%) | 익절 +10.0% / 추매 -5.0%
2026-07-10 12:01:24,959 [INFO] >>> Processing KODEX 증권(102970)
2026-07-10 12:01:24,959 [INFO]   [KODEX 증권(102970)] 신호 없음 | Lv3 매수 KRW 22,400 -> 현재 KRW 22,825 (+1.90%) | 익절 +10.0% / 추매 -5.0%
2026-07-10 12:01:24,960 [INFO] >>> Processing 메리츠금융지주(138040)
2026-07-10 12:01:24,960 [INFO]   [메리츠금융지주(138040)] 신호 없음 | Lv1 매수 KRW 109,100 -> 현재 KRW 117,300 (+7.52%) | 익절 +10.0% / 추매 -5.0%
2026-07-10 12:01:24,960 [INFO] >>> Step 6: Persist
2026-07-10 14:01:23,641 [INFO] === Initializing MagicSplit Bot (domestic) ===
2026-07-10 14:01:23,641 [INFO] Loaded 22 stock rule(s) from config_domestic.json
2026-07-10 14:01:23,641 [INFO] [domestic] 14 rule(s), mode=LIVE
2026-07-10 14:01:23,642 [INFO] [KisBroker] 캐시에서 토큰 로드 (API 호출 생략)
2026-07-10 14:01:23,642 [INFO] [KisDomesticLiveBroker] Mode: LIVE TRADING
2026-07-10 14:01:23,642 [INFO] === Running domestic engine ===
2026-07-10 14:01:23,642 [INFO] >>> Step 1: Portfolio & Price Fetch
2026-07-10 14:01:24,690 [INFO] Fetching real-time prices from Broker...
2026-07-10 14:01:28,027 [INFO] Portfolio: Cash=KRW 52,825, Value=KRW 31,070,615
2026-07-10 14:01:28,027 [INFO] >>> Step 2: Load Positions
2026-07-10 14:01:28,028 [INFO] Loaded 33 position lot(s)
2026-07-10 14:01:28,029 [INFO] >>> Step 2.5: Reconcile OK (수량 일치)
2026-07-10 14:01:28,030 [INFO] >>> Processing 삼성증권(016360)
2026-07-10 14:01:28,030 [INFO]   [삼성증권(016360)] 신호 없음 | Lv1 매수 KRW 110,400 -> 현재 KRW 113,900 (+3.17%) | 익절 +10.0% / 추매 -5.0%
2026-07-10 14:01:28,030 [INFO] >>> Processing 삼성에스디에스(018260)
2026-07-10 14:01:28,031 [INFO]   [삼성에스디에스(018260)] 신호 없음 | Lv1 매수 KRW 193,900 -> 현재 KRW 199,600 (+2.94%) | 익절 +10.0% / 추매 -5.0%
2026-07-10 14:01:28,031 [INFO] >>> Processing 삼성전자(005930)
2026-07-10 14:01:28,031 [INFO]   [삼성전자(005930)] 신호 없음 | Lv5 매수 KRW 279,250 -> 현재 KRW 295,000 (+5.64%) | 익절 +10.0% / 추매 -5.0%
2026-07-10 14:01:28,032 [INFO] >>> Processing 원익IPS(240810)
2026-07-10 14:01:28,032 [INFO]   [원익IPS(240810)] 신호 없음 | Lv2 매수 KRW 105,400 -> 현재 KRW 125,400 (+18.98%) | 익절 +10.0% / 추매 -5.0%
2026-07-10 14:01:28,032 [INFO] >>> Processing 테스(095610)
2026-07-10 14:01:28,032 [INFO] [테스(095610)] 현금 부족: 보유 현금 KRW 52,825 < 현재가 KRW 179,300 (1주도 매수 불가) -> 매수 보류
2026-07-10 14:01:28,501 [INFO] >>> Processing 삼성전자우(005935)
2026-07-10 14:01:28,501 [INFO]   [삼성전자우(005935)] 신호 없음 | Lv4 매수 KRW 194,000 -> 현재 KRW 198,500 (+2.32%) | 익절 +10.0% / 추매 -5.0%
2026-07-10 14:01:28,501 [INFO] >>> Processing 메리츠금융지주(138040)
2026-07-10 14:01:28,502 [INFO]   [메리츠금융지주(138040)] 신호 없음 | Lv1 매수 KRW 109,100 -> 현재 KRW 116,000 (+6.32%) | 익절 +10.0% / 추매 -5.0%
2026-07-10 14:01:28,502 [INFO] >>> Processing TIGER 지주회사(307520)
2026-07-10 14:01:28,502 [INFO]   [TIGER 지주회사(307520)] 신호 없음 | Lv2 매수 KRW 23,055 -> 현재 KRW 21,920 (-4.92%) | 익절 +10.0% / 추매 -5.0%
2026-07-10 14:01:28,503 [INFO] >>> Processing SOL 반도체전공정(475300)
2026-07-10 14:01:28,503 [INFO] [SOL 반도체전공정(475300)] 현금 부족: 보유 현금 KRW 52,825 < 매수 예정 금액 KRW 499,000 (20주) -> 매수 보류
2026-07-10 14:01:28,960 [INFO] >>> Processing KoAct 글로벌AI메모리반도체액티브(0174B0)
2026-07-10 14:01:28,960 [INFO] [KoAct 글로벌AI메모리반도체액티브(0174B0)] 현금 부족: 보유 현금 KRW 52,825 < 매수 예정 금액 KRW 486,920 (28주) -> 매수 보류
2026-07-10 14:01:29,439 [INFO] >>> Processing ACE 엔비디아밸류체인액티브(483320)
2026-07-10 14:01:29,439 [INFO] [ACE 엔비디아밸류체인액티브(483320)] 현금 부족: 보유 현금 KRW 52,825 < 매수 예정 금액 KRW 480,165 (17주) -> 매수 보류
2026-07-10 14:01:29,900 [INFO] >>> Processing KODEX 증권(102970)
2026-07-10 14:01:29,901 [INFO]   [KODEX 증권(102970)] 신호 없음 | Lv3 매수 KRW 22,400 -> 현재 KRW 22,415 (+0.07%) | 익절 +10.0% / 추매 -5.0%
2026-07-10 14:01:29,901 [INFO] >>> Processing ACE 테슬라밸류체인액티브(457480)
2026-07-10 14:01:29,901 [INFO]   [ACE 테슬라밸류체인액티브(457480)] 신호 없음 | Lv2 매수 KRW 21,575 -> 현재 KRW 21,840 (+1.23%) | 익절 +10.0% / 추매 -5.0%
2026-07-10 14:01:29,902 [INFO] >>> Processing SOL 미국양자컴퓨팅TOP10(0023A0)
2026-07-10 14:01:29,902 [INFO] [SOL 미국양자컴퓨팅TOP10(0023A0)] 현금 부족: 보유 현금 KRW 52,825 < 매수 예정 금액 KRW 478,000 (16주) -> 매수 보류
2026-07-10 14:01:30,376 [INFO] >>> Step 6: Persist
