2026-07-03 10:01:11,134 [INFO] === Initializing MagicSplit Bot (domestic) ===
2026-07-03 10:01:11,134 [INFO] Loaded 21 stock rule(s) from config_domestic.json
2026-07-03 10:01:11,134 [INFO] [domestic] 15 rule(s), mode=LIVE
2026-07-03 10:01:11,135 [INFO] [KisBroker] 새 토큰 발급 중...
2026-07-03 10:01:12,158 [INFO] [KisDomesticLiveBroker] Mode: LIVE TRADING
2026-07-03 10:01:12,158 [INFO] === Running domestic engine ===
2026-07-03 10:01:12,158 [INFO] >>> Step 1: Portfolio & Price Fetch
2026-07-03 10:01:12,758 [INFO] Fetching real-time prices from Broker...
2026-07-03 10:01:16,966 [INFO] Portfolio: Cash=KRW 160,831, Value=KRW 27,541,926
2026-07-03 10:01:16,966 [INFO] >>> Step 2: Load Positions
2026-07-03 10:01:16,966 [INFO] Loaded 30 position lot(s)
2026-07-03 10:01:16,967 [INFO] >>> Step 2.5: Reconcile OK (수량 일치)
2026-07-03 10:01:16,968 [INFO] >>> Processing 삼성에스디에스(018260)
2026-07-03 10:01:16,968 [INFO] [삼성에스디에스(018260)] 현금 부족: 보유 현금 KRW 160,831 < 현재가 KRW 187,500 (1주도 매수 불가) -> 매수 보류
2026-07-03 10:01:17,314 [INFO] >>> Processing KoAct 글로벌AI메모리반도체액티브(0174B0)
2026-07-03 10:01:17,315 [INFO] [KoAct 글로벌AI메모리반도체액티브(0174B0)] 현금 부족: 보유 현금 KRW 160,831 < 매수 예정 금액 KRW 487,345 (29주) -> 매수 보류
2026-07-03 10:01:17,592 [INFO] >>> Processing KODEX 미국S&P500필수소비재(453630)
2026-07-03 10:01:17,592 [INFO]   [KODEX 미국S&P500필수소비재(453630)] 신호 없음 | Lv1 매수 KRW 13,600 -> 현재 KRW 13,900 (+2.21%) | 익절 +10.0% / 추매 -5.0%
2026-07-03 10:01:17,592 [INFO] >>> Processing KODEX 증권(102970)
2026-07-03 10:01:17,593 [INFO] [KODEX 증권(102970)] 현금 부족: 보유 현금 KRW 160,831 < 매수 예정 금액 KRW 485,300 (23주) -> 매수 보류
2026-07-03 10:01:17,888 [INFO] >>> Processing ACE 테슬라밸류체인액티브(457480)
2026-07-03 10:01:17,888 [INFO] [ACE 테슬라밸류체인액티브(457480)] 현금 부족: 보유 현금 KRW 160,831 < 매수 예정 금액 KRW 491,590 (22주) -> 매수 보류
2026-07-03 10:01:18,258 [INFO] >>> Processing ACE 엔비디아밸류체인액티브(483320)
2026-07-03 10:01:18,259 [INFO] [ACE 엔비디아밸류체인액티브(483320)] 현금 부족: 보유 현금 KRW 160,831 < 매수 예정 금액 KRW 477,530 (17주) -> 매수 보류
2026-07-03 10:01:18,535 [INFO] >>> Processing 테스(095610)
2026-07-03 10:01:18,535 [INFO] [테스(095610)] 현금 부족: 보유 현금 KRW 160,831 < 현재가 KRW 162,100 (1주도 매수 불가) -> 매수 보류
2026-07-03 10:01:18,820 [INFO] >>> Processing 메리츠금융지주(138040)
2026-07-03 10:01:18,820 [INFO]   [메리츠금융지주(138040)] 신호 없음 | Lv2 매수 KRW 102,000 -> 현재 KRW 107,900 (+5.78%) | 익절 +10.0% / 추매 -5.0%
2026-07-03 10:01:18,820 [INFO] >>> Processing SOL 미국양자컴퓨팅TOP10(0023A0)
2026-07-03 10:01:18,821 [INFO]   [SOL 미국양자컴퓨팅TOP10(0023A0)] 신호 없음 | Lv2 매수 KRW 33,355 -> 현재 KRW 31,775 (-4.74%) | 익절 +10.0% / 추매 -5.0%
2026-07-03 10:01:18,821 [INFO] >>> Processing 삼성전자우(005935)
2026-07-03 10:01:18,821 [INFO]   [삼성전자우(005935)] 신호 없음 | Lv4 매수 KRW 193,100 -> 현재 KRW 189,700 (-1.76%) | 익절 +10.0% / 추매 -5.0%
2026-07-03 10:01:18,822 [INFO] >>> Processing TIGER 지주회사(307520)
2026-07-03 10:01:18,822 [INFO] [TIGER 지주회사(307520)] 현금 부족: 보유 현금 KRW 160,831 < 매수 예정 금액 KRW 497,605 (23주) -> 매수 보류
2026-07-03 10:01:19,125 [INFO] >>> Processing 원익IPS(240810)
2026-07-03 10:01:19,125 [INFO] [원익IPS(240810)] 현금 부족: 보유 현금 KRW 160,831 < 매수 예정 금액 KRW 486,000 (4주) -> 매수 보류
2026-07-03 10:01:19,405 [INFO] >>> Processing SOL 반도체전공정(475300)
2026-07-03 10:01:19,405 [INFO] [SOL 반도체전공정(475300)] 현금 부족: 보유 현금 KRW 160,831 < 매수 예정 금액 KRW 477,100 (20주) -> 매수 보류
2026-07-03 10:01:19,695 [INFO] >>> Processing 삼성전자(005930)
2026-07-03 10:01:19,695 [INFO]   [삼성전자(005930)] 신호 없음 | Lv5 매수 KRW 290,250 -> 현재 KRW 286,250 (-1.38%) | 익절 +10.0% / 추매 -5.0%
2026-07-03 10:01:19,695 [INFO] >>> Processing KODEX 미국S&P500금융(453650)
2026-07-03 10:01:19,696 [INFO] [KODEX 미국S&P500금융(453650)] Lv1: trailing 활성화 (매수가 대비 +10.7%, 스톱가 KRW 19,950)
2026-07-03 10:01:19,969 [INFO] >>> Step 6: Persist
2026-07-03 12:01:08,439 [INFO] === Initializing MagicSplit Bot (domestic) ===
2026-07-03 12:01:08,440 [INFO] Loaded 21 stock rule(s) from config_domestic.json
2026-07-03 12:01:08,440 [INFO] [domestic] 15 rule(s), mode=LIVE
2026-07-03 12:01:08,440 [INFO] [KisBroker] 캐시에서 토큰 로드 (API 호출 생략)
2026-07-03 12:01:08,440 [INFO] [KisDomesticLiveBroker] Mode: LIVE TRADING
2026-07-03 12:01:08,440 [INFO] === Running domestic engine ===
2026-07-03 12:01:08,440 [INFO] >>> Step 1: Portfolio & Price Fetch
2026-07-03 12:01:09,588 [INFO] Fetching real-time prices from Broker...
2026-07-03 12:01:13,205 [INFO] Portfolio: Cash=KRW 160,831, Value=KRW 29,140,051
2026-07-03 12:01:13,205 [INFO] >>> Step 2: Load Positions
2026-07-03 12:01:13,206 [INFO] Loaded 30 position lot(s)
2026-07-03 12:01:13,207 [INFO] >>> Step 2.5: Reconcile OK (수량 일치)
2026-07-03 12:01:13,207 [INFO] >>> Processing 삼성에스디에스(018260)
2026-07-03 12:01:13,208 [INFO] [삼성에스디에스(018260)] 현금 부족: 보유 현금 KRW 160,831 < 현재가 KRW 194,100 (1주도 매수 불가) -> 매수 보류
2026-07-03 12:01:13,700 [INFO] >>> Processing 삼성전자(005930)
2026-07-03 12:01:13,700 [INFO]   [삼성전자(005930)] 신호 없음 | Lv5 매수 KRW 290,250 -> 현재 KRW 304,250 (+4.82%) | 익절 +10.0% / 추매 -5.0%
2026-07-03 12:01:13,701 [INFO] >>> Processing KODEX 증권(102970)
2026-07-03 12:01:13,701 [INFO]   [KODEX 증권(102970)] 신호 없음 | Lv3 매수 KRW 22,400 -> 현재 KRW 22,395 (-0.02%) | 익절 +10.0% / 추매 -5.0%
2026-07-03 12:01:13,701 [INFO] >>> Processing TIGER 지주회사(307520)
2026-07-03 12:01:13,701 [INFO]   [TIGER 지주회사(307520)] 신호 없음 | Lv2 매수 KRW 23,055 -> 현재 KRW 22,465 (-2.56%) | 익절 +10.0% / 추매 -5.0%
2026-07-03 12:01:13,702 [INFO] >>> Processing KoAct 글로벌AI메모리반도체액티브(0174B0)
2026-07-03 12:01:13,702 [INFO]   [KoAct 글로벌AI메모리반도체액티브(0174B0)] 신호 없음 | Lv1 매수 KRW 18,320 -> 현재 KRW 17,555 (-4.18%) | 익절 +10.0% / 추매 -5.0%
2026-07-03 12:01:13,702 [INFO] >>> Processing SOL 미국양자컴퓨팅TOP10(0023A0)
2026-07-03 12:01:13,703 [INFO]   [SOL 미국양자컴퓨팅TOP10(0023A0)] 신호 없음 | Lv2 매수 KRW 33,355 -> 현재 KRW 31,990 (-4.09%) | 익절 +10.0% / 추매 -5.0%
2026-07-03 12:01:13,703 [INFO] >>> Processing KODEX 미국S&P500금융(453650)
2026-07-03 12:01:13,703 [INFO] [KODEX 미국S&P500금융(453650)] Lv1: trailing 고점 갱신 -> KRW 21,035 (스톱가 KRW 19,983)
2026-07-03 12:01:13,704 [INFO]   [KODEX 미국S&P500금융(453650)] 신호 없음 | Lv1 매수 KRW 18,975 -> 현재 KRW 21,035 (+10.86%) | 익절 +10.0% / 추매 -5.0%
2026-07-03 12:01:13,704 [INFO] >>> Processing 원익IPS(240810)
2026-07-03 12:01:13,704 [INFO] [원익IPS(240810)] 현금 부족: 보유 현금 KRW 160,831 < 매수 예정 금액 KRW 383,100 (3주) -> 매수 보류
2026-07-03 12:01:14,156 [INFO] >>> Processing ACE 테슬라밸류체인액티브(457480)
2026-07-03 12:01:14,157 [INFO]   [ACE 테슬라밸류체인액티브(457480)] 신호 없음 | Lv1 매수 KRW 23,625 -> 현재 KRW 22,560 (-4.51%) | 익절 +10.0% / 추매 -5.0%
2026-07-03 12:01:14,157 [INFO] >>> Processing SOL 반도체전공정(475300)
2026-07-03 12:01:14,157 [INFO] [SOL 반도체전공정(475300)] 현금 부족: 보유 현금 KRW 160,831 < 매수 예정 금액 KRW 496,500 (20주) -> 매수 보류
2026-07-03 12:01:14,818 [INFO] >>> Processing 메리츠금융지주(138040)
2026-07-03 12:01:14,818 [INFO]   [메리츠금융지주(138040)] 신호 없음 | Lv2 매수 KRW 102,000 -> 현재 KRW 111,700 (+9.51%) | 익절 +10.0% / 추매 -5.0%
2026-07-03 12:01:14,818 [INFO] >>> Processing 삼성전자우(005935)
2026-07-03 12:01:14,819 [INFO]   [삼성전자우(005935)] 신호 없음 | Lv4 매수 KRW 193,100 -> 현재 KRW 204,000 (+5.64%) | 익절 +10.0% / 추매 -5.0%
2026-07-03 12:01:14,819 [INFO] >>> Processing ACE 엔비디아밸류체인액티브(483320)
2026-07-03 12:01:14,819 [INFO]   [ACE 엔비디아밸류체인액티브(483320)] 신호 없음 | Lv2 매수 KRW 29,975 -> 현재 KRW 28,490 (-4.95%) | 익절 +10.0% / 추매 -5.0%
2026-07-03 12:01:14,820 [INFO] >>> Processing KODEX 미국S&P500필수소비재(453630)
2026-07-03 12:01:14,820 [INFO]   [KODEX 미국S&P500필수소비재(453630)] 신호 없음 | Lv1 매수 KRW 13,600 -> 현재 KRW 13,820 (+1.62%) | 익절 +10.0% / 추매 -5.0%
2026-07-03 12:01:14,820 [INFO] >>> Processing 테스(095610)
2026-07-03 12:01:14,821 [INFO] [테스(095610)] 현금 부족: 보유 현금 KRW 160,831 < 현재가 KRW 173,100 (1주도 매수 불가) -> 매수 보류
2026-07-03 12:01:15,279 [INFO] >>> Step 6: Persist
2026-07-03 14:01:10,510 [INFO] === Initializing MagicSplit Bot (domestic) ===
2026-07-03 14:01:10,510 [INFO] Loaded 21 stock rule(s) from config_domestic.json
2026-07-03 14:01:10,510 [INFO] [domestic] 15 rule(s), mode=LIVE
2026-07-03 14:01:10,510 [INFO] [KisBroker] 캐시에서 토큰 로드 (API 호출 생략)
2026-07-03 14:01:10,510 [INFO] [KisDomesticLiveBroker] Mode: LIVE TRADING
2026-07-03 14:01:10,510 [INFO] === Running domestic engine ===
2026-07-03 14:01:10,510 [INFO] >>> Step 1: Portfolio & Price Fetch
2026-07-03 14:01:11,540 [INFO] Fetching real-time prices from Broker...
2026-07-03 14:01:15,175 [INFO] Portfolio: Cash=KRW 160,831, Value=KRW 29,801,311
2026-07-03 14:01:15,175 [INFO] >>> Step 2: Load Positions
2026-07-03 14:01:15,175 [INFO] Loaded 30 position lot(s)
2026-07-03 14:01:15,176 [INFO] >>> Step 2.5: Reconcile OK (수량 일치)
2026-07-03 14:01:15,177 [INFO] >>> Processing 삼성에스디에스(018260)
2026-07-03 14:01:15,177 [INFO] [삼성에스디에스(018260)] 현금 부족: 보유 현금 KRW 160,831 < 현재가 KRW 194,200 (1주도 매수 불가) -> 매수 보류
2026-07-03 14:01:15,643 [INFO] >>> Processing KODEX 미국S&P500필수소비재(453630)
2026-07-03 14:01:15,643 [INFO]   [KODEX 미국S&P500필수소비재(453630)] 신호 없음 | Lv1 매수 KRW 13,600 -> 현재 KRW 13,835 (+1.73%) | 익절 +10.0% / 추매 -5.0%
2026-07-03 14:01:15,643 [INFO] >>> Processing TIGER 지주회사(307520)
2026-07-03 14:01:15,644 [INFO]   [TIGER 지주회사(307520)] 신호 없음 | Lv2 매수 KRW 23,055 -> 현재 KRW 22,600 (-1.97%) | 익절 +10.0% / 추매 -5.0%
2026-07-03 14:01:15,644 [INFO] >>> Processing KODEX 증권(102970)
2026-07-03 14:01:15,644 [INFO]   [KODEX 증권(102970)] 신호 없음 | Lv3 매수 KRW 22,400 -> 현재 KRW 22,715 (+1.41%) | 익절 +10.0% / 추매 -5.0%
2026-07-03 14:01:15,645 [INFO] >>> Processing 메리츠금융지주(138040)
2026-07-03 14:01:15,645 [INFO] [메리츠금융지주(138040)] Lv2: trailing 활성화 (매수가 대비 +10.4%, 스톱가 KRW 106,970)
2026-07-03 14:01:16,144 [INFO] >>> Processing 삼성전자우(005935)
2026-07-03 14:01:16,144 [INFO]   [삼성전자우(005935)] 신호 없음 | Lv4 매수 KRW 193,100 -> 현재 KRW 207,500 (+7.46%) | 익절 +10.0% / 추매 -5.0%
2026-07-03 14:01:16,144 [INFO] >>> Processing 원익IPS(240810)
2026-07-03 14:01:16,145 [INFO]   [원익IPS(240810)] 신호 없음 | Lv1 매수 KRW 137,300 -> 현재 KRW 133,300 (-2.91%) | 익절 +10.0% / 추매 -5.0%
2026-07-03 14:01:16,145 [INFO] >>> Processing ACE 테슬라밸류체인액티브(457480)
2026-07-03 14:01:16,145 [INFO]   [ACE 테슬라밸류체인액티브(457480)] 신호 없음 | Lv1 매수 KRW 23,625 -> 현재 KRW 22,655 (-4.11%) | 익절 +10.0% / 추매 -5.0%
2026-07-03 14:01:16,146 [INFO] >>> Processing SOL 반도체전공정(475300)
2026-07-03 14:01:16,146 [INFO]   [SOL 반도체전공정(475300)] 신호 없음 | Lv2 매수 KRW 26,695 -> 현재 KRW 25,425 (-4.76%) | 익절 +10.0% / 추매 -5.0%
2026-07-03 14:01:16,146 [INFO] >>> Processing KODEX 미국S&P500금융(453650)
2026-07-03 14:01:16,146 [INFO]   [KODEX 미국S&P500금융(453650)] 신호 없음 | Lv1 매수 KRW 18,975 -> 현재 KRW 20,995 (+10.65%) | 익절 +10.0% / 추매 -5.0%
2026-07-03 14:01:16,147 [INFO] >>> Processing 삼성전자(005930)
2026-07-03 14:01:16,147 [INFO]   [삼성전자(005930)] 신호 없음 | Lv5 매수 KRW 290,250 -> 현재 KRW 311,000 (+7.15%) | 익절 +10.0% / 추매 -5.0%
2026-07-03 14:01:16,147 [INFO] >>> Processing SOL 미국양자컴퓨팅TOP10(0023A0)
2026-07-03 14:01:16,148 [INFO]   [SOL 미국양자컴퓨팅TOP10(0023A0)] 신호 없음 | Lv2 매수 KRW 33,355 -> 현재 KRW 32,205 (-3.45%) | 익절 +10.0% / 추매 -5.0%
2026-07-03 14:01:16,148 [INFO] >>> Processing ACE 엔비디아밸류체인액티브(483320)
2026-07-03 14:01:16,148 [INFO]   [ACE 엔비디아밸류체인액티브(483320)] 신호 없음 | Lv2 매수 KRW 29,975 -> 현재 KRW 28,700 (-4.25%) | 익절 +10.0% / 추매 -5.0%
2026-07-03 14:01:16,148 [INFO] >>> Processing KoAct 글로벌AI메모리반도체액티브(0174B0)
2026-07-03 14:01:16,149 [INFO]   [KoAct 글로벌AI메모리반도체액티브(0174B0)] 신호 없음 | Lv1 매수 KRW 18,320 -> 현재 KRW 17,965 (-1.94%) | 익절 +10.0% / 추매 -5.0%
2026-07-03 14:01:16,149 [INFO] >>> Processing 테스(095610)
2026-07-03 14:01:16,149 [INFO] [테스(095610)] 현금 부족: 보유 현금 KRW 160,831 < 현재가 KRW 175,200 (1주도 매수 불가) -> 매수 보류
2026-07-03 14:01:16,810 [INFO] >>> Step 6: Persist
