2026-07-13 10:01:22,086 [INFO] === Initializing MagicSplit Bot (domestic) ===
2026-07-13 10:01:22,086 [INFO] Loaded 22 stock rule(s) from config_domestic.json
2026-07-13 10:01:22,086 [INFO] [domestic] 14 rule(s), mode=LIVE
2026-07-13 10:01:22,086 [INFO] [KisBroker] 새 토큰 발급 중...
2026-07-13 10:01:23,291 [INFO] [KisDomesticLiveBroker] Mode: LIVE TRADING
2026-07-13 10:01:23,291 [INFO] === Running domestic engine ===
2026-07-13 10:01:23,291 [INFO] >>> Step 1: Portfolio & Price Fetch
2026-07-13 10:01:23,896 [INFO] Fetching real-time prices from Broker...
2026-07-13 10:01:27,933 [INFO] Portfolio: Cash=KRW 52,825, Value=KRW 30,061,995
2026-07-13 10:01:27,933 [INFO] >>> Step 2: Load Positions
2026-07-13 10:01:27,933 [INFO] Loaded 33 position lot(s)
2026-07-13 10:01:27,936 [INFO] >>> Step 2.5: Reconcile OK (수량 일치)
2026-07-13 10:01:27,936 [INFO] >>> Processing 삼성증권(016360)
2026-07-13 10:01:27,937 [INFO]   [삼성증권(016360)] 신호 없음 | Lv1 매수 KRW 110,400 -> 현재 KRW 116,300 (+5.34%) | 익절 +10.0% / 추매 -5.0%
2026-07-13 10:01:27,937 [INFO] >>> Processing 삼성에스디에스(018260)
2026-07-13 10:01:27,937 [INFO]   [삼성에스디에스(018260)] 신호 없음 | Lv1 매수 KRW 193,900 -> 현재 KRW 198,600 (+2.42%) | 익절 +10.0% / 추매 -5.0%
2026-07-13 10:01:27,938 [INFO] >>> Processing 원익IPS(240810)
2026-07-13 10:01:27,938 [INFO] [원익IPS(240810)] Lv2: trailing 고점 갱신 -> KRW 136,100 (스톱가 KRW 129,295)
2026-07-13 10:01:27,938 [INFO]   [원익IPS(240810)] 신호 없음 | Lv2 매수 KRW 105,400 -> 현재 KRW 136,100 (+29.13%) | 익절 +10.0% / 추매 -5.0%
2026-07-13 10:01:27,939 [INFO] >>> Processing 삼성전자우(005935)
2026-07-13 10:01:27,939 [INFO]   [삼성전자우(005935)] 신호 없음 | Lv4 매수 KRW 194,000 -> 현재 KRW 187,600 (-3.30%) | 익절 +10.0% / 추매 -5.0%
2026-07-13 10:01:27,939 [INFO] >>> Processing ACE 테슬라밸류체인액티브(457480)
2026-07-13 10:01:27,940 [INFO]   [ACE 테슬라밸류체인액티브(457480)] 신호 없음 | Lv2 매수 KRW 21,575 -> 현재 KRW 21,560 (-0.07%) | 익절 +10.0% / 추매 -5.0%
2026-07-13 10:01:27,940 [INFO] >>> Processing SOL 미국양자컴퓨팅TOP10(0023A0)
2026-07-13 10:01:27,940 [INFO] [SOL 미국양자컴퓨팅TOP10(0023A0)] 현금 부족: 보유 현금 KRW 52,825 < 매수 예정 금액 KRW 484,755 (17주) -> 매수 보류
2026-07-13 10:01:28,202 [INFO] >>> Processing KODEX 증권(102970)
2026-07-13 10:01:28,202 [INFO]   [KODEX 증권(102970)] 신호 없음 | Lv3 매수 KRW 22,400 -> 현재 KRW 22,880 (+2.14%) | 익절 +10.0% / 추매 -5.0%
2026-07-13 10:01:28,203 [INFO] >>> Processing 테스(095610)
2026-07-13 10:01:28,203 [INFO] [테스(095610)] 현금 부족: 보유 현금 KRW 52,825 < 현재가 KRW 198,200 (1주도 매수 불가) -> 매수 보류
2026-07-13 10:01:28,440 [INFO] >>> Processing ACE 엔비디아밸류체인액티브(483320)
2026-07-13 10:01:28,441 [INFO] [ACE 엔비디아밸류체인액티브(483320)] 현금 부족: 보유 현금 KRW 52,825 < 매수 예정 금액 KRW 495,810 (18주) -> 매수 보류
2026-07-13 10:01:28,652 [INFO] >>> Processing SOL 반도체전공정(475300)
2026-07-13 10:01:28,652 [INFO]   [SOL 반도체전공정(475300)] 신호 없음 | Lv2 매수 KRW 26,695 -> 현재 KRW 26,175 (-1.95%) | 익절 +10.0% / 추매 -5.0%
2026-07-13 10:01:28,652 [INFO] >>> Processing KoAct 글로벌AI메모리반도체액티브(0174B0)
2026-07-13 10:01:28,653 [INFO] [KoAct 글로벌AI메모리반도체액티브(0174B0)] 현금 부족: 보유 현금 KRW 52,825 < 매수 예정 금액 KRW 485,750 (29주) -> 매수 보류
2026-07-13 10:01:28,863 [INFO] >>> Processing TIGER 지주회사(307520)
2026-07-13 10:01:28,863 [INFO] [TIGER 지주회사(307520)] 현금 부족: 보유 현금 KRW 52,825 < 매수 예정 금액 KRW 481,030 (22주) -> 매수 보류
2026-07-13 10:01:29,103 [INFO] >>> Processing 삼성전자(005930)
2026-07-13 10:01:29,103 [INFO]   [삼성전자(005930)] 신호 없음 | Lv5 매수 KRW 279,250 -> 현재 KRW 276,500 (-0.98%) | 익절 +10.0% / 추매 -5.0%
2026-07-13 10:01:29,104 [INFO] >>> Processing 메리츠금융지주(138040)
2026-07-13 10:01:29,104 [INFO]   [메리츠금융지주(138040)] 신호 없음 | Lv1 매수 KRW 109,100 -> 현재 KRW 118,200 (+8.34%) | 익절 +10.0% / 추매 -5.0%
2026-07-13 10:01:29,104 [INFO] >>> Step 6: Persist
2026-07-13 12:01:24,516 [INFO] === Initializing MagicSplit Bot (domestic) ===
2026-07-13 12:01:24,516 [INFO] Loaded 22 stock rule(s) from config_domestic.json
2026-07-13 12:01:24,516 [INFO] [domestic] 14 rule(s), mode=LIVE
2026-07-13 12:01:24,517 [INFO] [KisBroker] 캐시에서 토큰 로드 (API 호출 생략)
2026-07-13 12:01:24,517 [INFO] [KisDomesticLiveBroker] Mode: LIVE TRADING
2026-07-13 12:01:24,517 [INFO] === Running domestic engine ===
2026-07-13 12:01:24,517 [INFO] >>> Step 1: Portfolio & Price Fetch
2026-07-13 12:01:25,592 [INFO] Fetching real-time prices from Broker...
2026-07-13 12:01:28,905 [INFO] Portfolio: Cash=KRW 52,825, Value=KRW 29,200,750
2026-07-13 12:01:28,905 [INFO] >>> Step 2: Load Positions
2026-07-13 12:01:28,905 [INFO] Loaded 33 position lot(s)
2026-07-13 12:01:28,908 [INFO] >>> Step 2.5: Reconcile OK (수량 일치)
2026-07-13 12:01:28,908 [INFO] >>> Processing 삼성증권(016360)
2026-07-13 12:01:28,908 [INFO]   [삼성증권(016360)] 신호 없음 | Lv1 매수 KRW 110,400 -> 현재 KRW 112,500 (+1.90%) | 익절 +10.0% / 추매 -5.0%
2026-07-13 12:01:28,909 [INFO] >>> Processing 삼성에스디에스(018260)
2026-07-13 12:01:28,909 [INFO]   [삼성에스디에스(018260)] 신호 없음 | Lv1 매수 KRW 193,900 -> 현재 KRW 194,600 (+0.36%) | 익절 +10.0% / 추매 -5.0%
2026-07-13 12:01:28,909 [INFO] >>> Processing ACE 테슬라밸류체인액티브(457480)
2026-07-13 12:01:28,910 [INFO]   [ACE 테슬라밸류체인액티브(457480)] 신호 없음 | Lv2 매수 KRW 21,575 -> 현재 KRW 21,250 (-1.51%) | 익절 +10.0% / 추매 -5.0%
2026-07-13 12:01:28,910 [INFO] >>> Processing KODEX 증권(102970)
2026-07-13 12:01:28,910 [INFO]   [KODEX 증권(102970)] 신호 없음 | Lv3 매수 KRW 22,400 -> 현재 KRW 22,125 (-1.23%) | 익절 +10.0% / 추매 -5.0%
2026-07-13 12:01:28,911 [INFO] >>> Processing 원익IPS(240810)
2026-07-13 12:01:28,911 [INFO]   [원익IPS(240810)] 신호 없음 | Lv2 매수 KRW 105,400 -> 현재 KRW 133,900 (+27.04%) | 익절 +10.0% / 추매 -5.0%
2026-07-13 12:01:28,911 [INFO] >>> Processing KoAct 글로벌AI메모리반도체액티브(0174B0)
2026-07-13 12:01:28,912 [INFO] [KoAct 글로벌AI메모리반도체액티브(0174B0)] 현금 부족: 보유 현금 KRW 52,825 < 매수 예정 금액 KRW 489,150 (30주) -> 매수 보류
2026-07-13 12:01:29,429 [INFO] >>> Processing ACE 엔비디아밸류체인액티브(483320)
2026-07-13 12:01:29,429 [INFO] [ACE 엔비디아밸류체인액티브(483320)] 현금 부족: 보유 현금 KRW 52,825 < 매수 예정 금액 KRW 489,420 (18주) -> 매수 보류
2026-07-13 12:01:30,013 [INFO] >>> Processing 메리츠금융지주(138040)
2026-07-13 12:01:30,014 [INFO]   [메리츠금융지주(138040)] 신호 없음 | Lv1 매수 KRW 109,100 -> 현재 KRW 118,000 (+8.16%) | 익절 +10.0% / 추매 -5.0%
2026-07-13 12:01:30,014 [INFO] >>> Processing SOL 반도체전공정(475300)
2026-07-13 12:01:30,014 [INFO]   [SOL 반도체전공정(475300)] 신호 없음 | Lv2 매수 KRW 26,695 -> 현재 KRW 25,395 (-4.87%) | 익절 +10.0% / 추매 -5.0%
2026-07-13 12:01:30,015 [INFO] >>> Processing 삼성전자우(005935)
2026-07-13 12:01:30,015 [INFO] [삼성전자우(005935)] 현금 부족: 보유 현금 KRW 52,825 < 현재가 KRW 181,200 (1주도 매수 불가) -> 매수 보류
2026-07-13 12:01:30,689 [INFO] >>> Processing 삼성전자(005930)
2026-07-13 12:01:30,689 [INFO]   [삼성전자(005930)] 신호 없음 | Lv5 매수 KRW 279,250 -> 현재 KRW 265,500 (-4.92%) | 익절 +10.0% / 추매 -5.0%
2026-07-13 12:01:30,689 [INFO] >>> Processing SOL 미국양자컴퓨팅TOP10(0023A0)
2026-07-13 12:01:30,690 [INFO] [SOL 미국양자컴퓨팅TOP10(0023A0)] 현금 부족: 보유 현금 KRW 52,825 < 매수 예정 금액 KRW 481,015 (17주) -> 매수 보류
2026-07-13 12:01:31,159 [INFO] >>> Processing 테스(095610)
2026-07-13 12:01:31,159 [INFO] [테스(095610)] 현금 부족: 보유 현금 KRW 52,825 < 현재가 KRW 194,700 (1주도 매수 불가) -> 매수 보류
2026-07-13 12:01:31,687 [INFO] >>> Processing TIGER 지주회사(307520)
2026-07-13 12:01:31,688 [INFO] [TIGER 지주회사(307520)] 현금 부족: 보유 현금 KRW 52,825 < 매수 예정 금액 KRW 489,785 (23주) -> 매수 보류
2026-07-13 12:01:32,150 [INFO] >>> Step 6: Persist
2026-07-13 14:01:23,503 [INFO] === Initializing MagicSplit Bot (domestic) ===
2026-07-13 14:01:23,503 [INFO] Loaded 22 stock rule(s) from config_domestic.json
2026-07-13 14:01:23,503 [INFO] [domestic] 14 rule(s), mode=LIVE
2026-07-13 14:01:23,503 [INFO] [KisBroker] 캐시에서 토큰 로드 (API 호출 생략)
2026-07-13 14:01:23,504 [INFO] [KisDomesticLiveBroker] Mode: LIVE TRADING
2026-07-13 14:01:23,504 [INFO] === Running domestic engine ===
2026-07-13 14:01:23,504 [INFO] >>> Step 1: Portfolio & Price Fetch
2026-07-13 14:01:24,570 [INFO] Fetching real-time prices from Broker...
2026-07-13 14:01:28,442 [INFO] Portfolio: Cash=KRW 52,825, Value=KRW 28,523,265
2026-07-13 14:01:28,442 [INFO] >>> Step 2: Load Positions
2026-07-13 14:01:28,443 [INFO] Loaded 33 position lot(s)
2026-07-13 14:01:28,444 [INFO] >>> Step 2.5: Reconcile OK (수량 일치)
2026-07-13 14:01:28,445 [INFO] >>> Processing 삼성에스디에스(018260)
2026-07-13 14:01:28,445 [INFO]   [삼성에스디에스(018260)] 신호 없음 | Lv1 매수 KRW 193,900 -> 현재 KRW 189,900 (-2.06%) | 익절 +10.0% / 추매 -5.0%
2026-07-13 14:01:28,445 [INFO] >>> Processing 삼성증권(016360)
2026-07-13 14:01:28,445 [INFO]   [삼성증권(016360)] 신호 없음 | Lv1 매수 KRW 110,400 -> 현재 KRW 108,600 (-1.63%) | 익절 +10.0% / 추매 -5.0%
2026-07-13 14:01:28,446 [INFO] >>> Processing TIGER 지주회사(307520)
2026-07-13 14:01:28,446 [INFO] [TIGER 지주회사(307520)] 현금 부족: 보유 현금 KRW 52,825 < 매수 예정 금액 KRW 498,480 (24주) -> 매수 보류
2026-07-13 14:01:28,932 [INFO] >>> Processing ACE 엔비디아밸류체인액티브(483320)
2026-07-13 14:01:28,932 [INFO] [ACE 엔비디아밸류체인액티브(483320)] 현금 부족: 보유 현금 KRW 52,825 < 매수 예정 금액 KRW 483,840 (18주) -> 매수 보류
2026-07-13 14:01:29,345 [INFO] >>> Processing KoAct 글로벌AI메모리반도체액티브(0174B0)
2026-07-13 14:01:29,346 [INFO] [KoAct 글로벌AI메모리반도체액티브(0174B0)] 현금 부족: 보유 현금 KRW 52,825 < 매수 예정 금액 KRW 494,450 (31주) -> 매수 보류
2026-07-13 14:01:29,689 [INFO] >>> Processing 삼성전자(005930)
2026-07-13 14:01:29,690 [INFO] [삼성전자(005930)] 현금 부족: 보유 현금 KRW 52,825 < 현재가 KRW 259,000 (1주도 매수 불가) -> 매수 보류
2026-07-13 14:01:30,070 [INFO] >>> Processing ACE 테슬라밸류체인액티브(457480)
2026-07-13 14:01:30,071 [INFO]   [ACE 테슬라밸류체인액티브(457480)] 신호 없음 | Lv2 매수 KRW 21,575 -> 현재 KRW 21,035 (-2.50%) | 익절 +10.0% / 추매 -5.0%
2026-07-13 14:01:30,071 [INFO] >>> Processing SOL 미국양자컴퓨팅TOP10(0023A0)
2026-07-13 14:01:30,071 [INFO] [SOL 미국양자컴퓨팅TOP10(0023A0)] 현금 부족: 보유 현금 KRW 52,825 < 매수 예정 금액 KRW 477,700 (17주) -> 매수 보류
2026-07-13 14:01:30,417 [INFO] >>> Processing 삼성전자우(005935)
2026-07-13 14:01:30,417 [INFO] [삼성전자우(005935)] 현금 부족: 보유 현금 KRW 52,825 < 현재가 KRW 178,100 (1주도 매수 불가) -> 매수 보류
2026-07-13 14:01:30,747 [INFO] >>> Processing 원익IPS(240810)
2026-07-13 14:01:30,748 [INFO] [원익IPS(240810)] trailing 벌크 매도 발동: Lv2~Lv2 4주 (+17.9%)
2026-07-13 14:01:30,748 [INFO] Executing 1 order(s)...
2026-07-13 14:01:30,748 [INFO] [KisBroker] Processing 1 SELL orders...
2026-07-13 14:01:31,759 [INFO] [KisDomestic] Order Sent: SELL 원익IPS(240810) 4 @ 124300 (ODNO=0022497600)
2026-07-13 14:01:32,117 [INFO] [KisDomestic] Order FILLED: 원익IPS(240810) ODNO=0022497600 price=124300.0 qty=4 fee=74.58
2026-07-13 14:01:32,318 [INFO] [Position] Trailing 벌크 청산: 원익IPS(240810) 4주 소진 (잔여 7주), 실현손익 KRW 75,525
2026-07-13 14:01:35,893 [INFO] >>> Processing 메리츠금융지주(138040)
2026-07-13 14:01:35,894 [INFO]   [메리츠금융지주(138040)] 신호 없음 | Lv1 매수 KRW 109,100 -> 현재 KRW 116,000 (+6.32%) | 익절 +10.0% / 추매 -5.0%
2026-07-13 14:01:35,894 [INFO] >>> Processing SOL 반도체전공정(475300)
2026-07-13 14:01:35,894 [INFO] [SOL 반도체전공정(475300)] Lv2 매수가 KRW 26,695 대비 -9.6% -> 추가 매수 Lv3 20주 @KRW 24,120
2026-07-13 14:01:35,894 [INFO] Executing 1 order(s)...
2026-07-13 14:01:36,465 [INFO] [KisBroker] Available Cash for BUY: 548,971
2026-07-13 14:01:37,756 [INFO] [KisDomestic] Order Sent: BUY SOL 반도체전공정(475300) 20 @ 24150 (ODNO=0022506100)
2026-07-13 14:01:38,115 [INFO] [KisDomestic] Order FILLED: SOL 반도체전공정(475300) ODNO=0022506100 price=24150.0 qty=20 fee=72.44999999999999
2026-07-13 14:01:38,316 [INFO] [Position] New lot: lot_20260713_140138_475300_003 Lv3 SOL 반도체전공정(475300) 20주 @KRW 24,150
2026-07-13 14:01:41,724 [INFO] >>> Processing KODEX 증권(102970)
2026-07-13 14:01:41,725 [INFO]   [KODEX 증권(102970)] 신호 없음 | Lv3 매수 KRW 22,400 -> 현재 KRW 21,425 (-4.35%) | 익절 +10.0% / 추매 -5.0%
2026-07-13 14:01:41,725 [INFO] >>> Processing 테스(095610)
2026-07-13 14:01:41,725 [INFO] [테스(095610)] 현금 부족: 보유 현금 KRW 65,901 < 현재가 KRW 183,700 (1주도 매수 불가) -> 매수 보류
2026-07-13 14:01:42,101 [INFO] >>> Step 6: Persist
