2026-06-26 10:00:57,227 [INFO] === Initializing MagicSplit Bot (domestic) ===
2026-06-26 10:00:57,227 [INFO] Loaded 20 stock rule(s) from config_domestic.json
2026-06-26 10:00:57,227 [INFO] [domestic] 14 rule(s), mode=LIVE
2026-06-26 10:00:57,228 [INFO] [KisBroker] 새 토큰 발급 중...
2026-06-26 10:00:58,465 [INFO] [KisDomesticLiveBroker] Mode: LIVE TRADING
2026-06-26 10:00:58,466 [INFO] === Running domestic engine ===
2026-06-26 10:00:58,466 [INFO] >>> Step 1: Portfolio & Price Fetch
2026-06-26 10:00:59,120 [INFO] Fetching real-time prices from Broker...
2026-06-26 10:01:03,578 [INFO] Portfolio: Cash=KRW 357,546, Value=KRW 30,621,766
2026-06-26 10:01:03,578 [INFO] >>> Step 2: Load Positions
2026-06-26 10:01:03,578 [INFO] Loaded 28 position lot(s)
2026-06-26 10:01:03,579 [INFO] >>> Step 2.5: Reconcile OK (수량 일치)
2026-06-26 10:01:03,579 [INFO] >>> Processing 테스(095610)
2026-06-26 10:01:03,580 [INFO] [테스(095610)] Lv2: trailing 활성화 (매수가 대비 +13.4%, 스톱가 KRW 169,575)
2026-06-26 10:01:03,829 [INFO] >>> Processing 원익IPS(240810)
2026-06-26 10:01:03,829 [INFO]   [원익IPS(240810)] 신호 없음 | Lv1 매수 KRW 154,000 -> 현재 KRW 161,800 (+5.06%) | 익절 +10.0% / 추매 -5.0%
2026-06-26 10:01:03,829 [INFO] >>> Processing 삼성전자우(005935)
2026-06-26 10:01:03,830 [INFO]   [삼성전자우(005935)] 신호 없음 | Lv4 매수 KRW 210,000 -> 현재 KRW 226,500 (+7.86%) | 익절 +10.0% / 추매 -5.0%
2026-06-26 10:01:03,830 [INFO] >>> Processing TIGER 지주회사(307520)
2026-06-26 10:01:03,830 [INFO]   [TIGER 지주회사(307520)] 신호 없음 | Lv2 매수 KRW 23,055 -> 현재 KRW 23,160 (+0.46%) | 익절 +10.0% / 추매 -5.0%
2026-06-26 10:01:03,831 [INFO] >>> Processing 삼성전자(005930)
2026-06-26 10:01:03,831 [INFO] [삼성전자(005930)] Lv4 매수가 KRW 364,000 대비 -5.1% -> 추가 매수 Lv5 1주 @KRW 345,500
2026-06-26 10:01:03,831 [INFO] Executing 1 order(s)...
2026-06-26 10:01:04,273 [INFO] [KisBroker] Available Cash for BUY: 357,546
2026-06-26 10:01:05,727 [ERROR] [KisDomestic] Order Failed: 주문가능금액을 초과 했습니다
2026-06-26 10:01:06,036 [INFO] >>> Processing SOL 미국양자컴퓨팅TOP10(0023A0)
2026-06-26 10:01:06,036 [INFO]   [SOL 미국양자컴퓨팅TOP10(0023A0)] 신호 없음 | Lv2 매수 KRW 33,355 -> 현재 KRW 32,370 (-2.95%) | 익절 +10.0% / 추매 -5.0%
2026-06-26 10:01:06,037 [INFO] >>> Processing SOL 반도체전공정(475300)
2026-06-26 10:01:06,037 [INFO]   [SOL 반도체전공정(475300)] 신호 없음 | Lv2 매수 KRW 25,885 -> 현재 KRW 25,785 (-0.39%) | 익절 +10.0% / 추매 -5.0%
2026-06-26 10:01:06,037 [INFO] >>> Processing KODEX 미국S&P500필수소비재(453630)
2026-06-26 10:01:06,038 [INFO]   [KODEX 미국S&P500필수소비재(453630)] 신호 없음 | Lv1 매수 KRW 13,600 -> 현재 KRW 13,695 (+0.70%) | 익절 +10.0% / 추매 -5.0%
2026-06-26 10:01:06,038 [INFO] >>> Processing ACE 테슬라밸류체인액티브(457480)
2026-06-26 10:01:06,038 [INFO]   [ACE 테슬라밸류체인액티브(457480)] 신호 없음 | Lv1 매수 KRW 23,625 -> 현재 KRW 22,740 (-3.75%) | 익절 +10.0% / 추매 -5.0%
2026-06-26 10:01:06,038 [INFO] >>> Processing KODEX 증권(102970)
2026-06-26 10:01:06,039 [INFO] [KODEX 증권(102970)] 현금 부족: 보유 현금 KRW 357,546 < 매수 예정 금액 KRW 495,600 (24주) -> 매수 보류
2026-06-26 10:01:06,263 [INFO] >>> Processing KoAct 글로벌AI메모리반도체액티브(0174B0)
2026-06-26 10:01:06,263 [INFO] [KoAct 글로벌AI메모리반도체액티브(0174B0)] 현금 부족: 보유 현금 KRW 357,546 < 매수 예정 금액 KRW 999,600 (49주) -> 매수 보류
2026-06-26 10:01:06,479 [INFO] >>> Processing KODEX 미국S&P500금융(453650)
2026-06-26 10:01:06,479 [INFO]   [KODEX 미국S&P500금융(453650)] 신호 없음 | Lv1 매수 KRW 18,975 -> 현재 KRW 20,255 (+6.75%) | 익절 +10.0% / 추매 -5.0%
2026-06-26 10:01:06,479 [INFO] >>> Processing 메리츠금융지주(138040)
2026-06-26 10:01:06,480 [INFO]   [메리츠금융지주(138040)] 신호 없음 | Lv2 매수 KRW 102,000 -> 현재 KRW 100,500 (-1.47%) | 익절 +10.0% / 추매 -5.0%
2026-06-26 10:01:06,480 [INFO] >>> Processing ACE 엔비디아밸류체인액티브(483320)
2026-06-26 10:01:06,480 [INFO] [ACE 엔비디아밸류체인액티브(483320)] 현금 부족: 보유 현금 KRW 357,546 < 매수 예정 금액 KRW 998,240 (32주) -> 매수 보류
2026-06-26 10:01:06,693 [INFO] >>> Step 6: Persist
