2026-05-28 09:45:25,770 [INFO] === Initializing MagicSplit Bot (domestic) ===
2026-05-28 09:45:25,770 [INFO] Loaded 16 stock rule(s) from config_domestic.json
2026-05-28 09:45:25,770 [INFO] [domestic] 15 rule(s), mode=LIVE
2026-05-28 09:45:25,770 [INFO] [KisBroker] 캐시에서 토큰 로드 (API 호출 생략)
2026-05-28 09:45:25,770 [INFO] [KisDomesticLiveBroker] Mode: LIVE TRADING
2026-05-28 09:45:25,771 [INFO] === Running domestic engine ===
2026-05-28 09:45:25,771 [INFO] >>> Step 1: Portfolio & Price Fetch
2026-05-28 09:45:26,771 [INFO] Fetching real-time prices from Broker...
2026-05-28 09:45:30,577 [INFO] Portfolio: Cash=KRW 17,406,254, Value=KRW 32,120,314
2026-05-28 09:45:30,577 [INFO] >>> Step 2: Load Positions
2026-05-28 09:45:30,578 [INFO] Loaded 17 position lot(s)
2026-05-28 09:45:30,578 [INFO] >>> Step 2.5: Reconcile OK (수량 일치)
2026-05-28 09:45:30,579 [INFO] >>> Processing 삼성전자(005930)
2026-05-28 09:45:30,579 [INFO] [삼성전자(005930)] Lv1: 트레일링 추적 중 (현재가 KRW 305,250, 고점 KRW 308,750, 고점대비 -1.1%, 스톱가 KRW 293,312)
2026-05-28 09:45:30,579 [INFO]   [삼성전자(005930)] 신호 없음 | Lv1 매수 KRW 274,000 -> 현재 KRW 305,250 (+11.41%) | 익절 +10.0% / 추매 -5.0%
2026-05-28 09:45:30,580 [INFO] >>> Processing ACE 엔비디아밸류체인액티브(483320)
2026-05-28 09:45:30,580 [INFO] [ACE 엔비디아밸류체인액티브(483320)] Lv1: 트레일링 추적 중 (현재가 KRW 28,135, 고점 KRW 28,620, 고점대비 -1.7%, 스톱가 KRW 27,189)
2026-05-28 09:45:30,580 [INFO]   [ACE 엔비디아밸류체인액티브(483320)] 신호 없음 | Lv1 매수 KRW 25,290 -> 현재 KRW 28,135 (+11.25%) | 익절 +10.0% / 추매 -5.0%
2026-05-28 09:45:30,580 [INFO] >>> Processing 현대차(005380)
2026-05-28 09:45:30,581 [INFO] [현대차(005380)] Lv1: 트레일링 고점 갱신 KRW 687,000 -> KRW 692,500 (매수가 대비 +14.7%, 스톱가 KRW 657,875)
2026-05-28 09:45:30,581 [INFO]   [현대차(005380)] 신호 없음 | Lv1 매수 KRW 604,000 -> 현재 KRW 692,500 (+14.65%) | 익절 +10.0% / 추매 -5.0%
2026-05-28 09:45:30,581 [INFO] >>> Processing 미래에셋증권(006800)
2026-05-28 09:45:30,581 [INFO] [미래에셋증권(006800)] Lv1 매수가 KRW 66,400 대비 -5.7% -> 추가 매수 Lv2 7주 @KRW 62,600
2026-05-28 09:45:30,581 [INFO] Executing 1 order(s)...
2026-05-28 09:45:30,967 [INFO] [KisBroker] Available Cash for BUY: 17,406,254
2026-05-28 09:45:32,147 [INFO] [KisDomestic] Order Sent: BUY 미래에셋증권(006800) 7 @ 62600 (ODNO=0013638900)
2026-05-28 09:45:32,480 [INFO] [KisDomestic] Order FILLED: 미래에셋증권(006800) ODNO=0013638900 price=62600.0 qty=7 fee=65.72999999999999
2026-05-28 09:45:32,681 [INFO] [미래에셋증권(006800)] 동적 재매수 기준 초기화 (매도가 KRW 64,500 -> 소비됨)
2026-05-28 09:45:32,682 [INFO] [Position] New lot: lot_20260528_094532_006800_002 Lv2 미래에셋증권(006800) 7주 @KRW 62,600
2026-05-28 09:45:36,071 [INFO] >>> Processing KODEX 증권(102970)
2026-05-28 09:45:36,071 [INFO]   [KODEX 증권(102970)] 신호 없음 | Lv1 매수 KRW 26,355 -> 현재 KRW 26,175 (-0.68%) | 익절 +10.0% / 추매 -5.0%
2026-05-28 09:45:36,071 [INFO] >>> Processing TIGER 지주회사(307520)
2026-05-28 09:45:36,071 [INFO] [TIGER 지주회사(307520)] Lv1: 트레일링 추적 중 (현재가 KRW 25,730, 고점 KRW 26,940, 고점대비 -4.5%, 스톱가 KRW 25,593)
2026-05-28 09:45:36,072 [INFO]   [TIGER 지주회사(307520)] 신호 없음 | Lv1 매수 KRW 24,265 -> 현재 KRW 25,730 (+6.04%) | 익절 +10.0% / 추매 -5.0%
2026-05-28 09:45:36,072 [INFO] >>> Processing 메리츠금융지주(138040)
2026-05-28 09:45:36,072 [INFO] [메리츠금융지주(138040)] Lv1 매수가 KRW 109,100 대비 -6.2% -> 추가 매수 Lv2 4주 @KRW 102,300
2026-05-28 09:45:36,072 [INFO] Executing 1 order(s)...
2026-05-28 09:45:36,610 [INFO] [KisBroker] Available Cash for BUY: 16,967,994
2026-05-28 09:45:37,796 [INFO] [KisDomestic] Order Sent: BUY 메리츠금융지주(138040) 4 @ 102300 (ODNO=0013654000)
2026-05-28 09:45:38,112 [INFO] [KisDomestic] Order FILLED: 메리츠금융지주(138040) ODNO=0013654000 price=102300.0 qty=4 fee=61.379999999999995
2026-05-28 09:45:38,313 [INFO] [Position] New lot: lot_20260528_094538_138040_002 Lv2 메리츠금융지주(138040) 4주 @KRW 102,300
2026-05-28 09:45:41,710 [INFO] >>> Processing KODEX 미국S&P500에너지(합성)(218420)
2026-05-28 09:45:41,710 [INFO]   [KODEX 미국S&P500에너지(합성)(218420)] 신호 없음 | Lv2 매수 KRW 19,905 -> 현재 KRW 19,845 (-0.30%) | 익절 +10.0% / 추매 -5.0%
2026-05-28 09:45:41,710 [INFO] >>> Processing KODEX 미국S&P500금융(453650)
2026-05-28 09:45:41,711 [INFO]   [KODEX 미국S&P500금융(453650)] 신호 없음 | Lv1 매수 KRW 18,975 -> 현재 KRW 18,850 (-0.66%) | 익절 +10.0% / 추매 -5.0%
2026-05-28 09:45:41,711 [INFO] >>> Processing KODEX 미국S&P500필수소비재(453630)
2026-05-28 09:45:41,711 [INFO]   [KODEX 미국S&P500필수소비재(453630)] 신호 없음 | Lv1 매수 KRW 13,600 -> 현재 KRW 13,350 (-1.84%) | 익절 +10.0% / 추매 -5.0%
2026-05-28 09:45:41,711 [INFO] >>> Processing ACE 테슬라밸류체인액티브(457480)
2026-05-28 09:45:41,712 [INFO]   [ACE 테슬라밸류체인액티브(457480)] 신호 없음 | Lv1 매수 KRW 23,625 -> 현재 KRW 24,965 (+5.67%) | 익절 +10.0% / 추매 -5.0%
2026-05-28 09:45:41,712 [INFO] >>> Processing SOL 반도체전공정(475300)
2026-05-28 09:45:41,712 [INFO] [SOL 반도체전공정(475300)] 보유 lot 없음 -> 초기 매수 Lv1 41주 @KRW 24,110
2026-05-28 09:45:41,712 [INFO] Executing 1 order(s)...
2026-05-28 09:45:42,103 [INFO] [KisBroker] Available Cash for BUY: 16,558,744
2026-05-28 09:45:43,284 [INFO] [KisDomestic] Order Sent: BUY SOL 반도체전공정(475300) 41 @ 24105 (ODNO=0013669500)
2026-05-28 09:45:43,599 [INFO] [KisDomestic] Order FILLED: SOL 반도체전공정(475300) ODNO=0013669500 price=24105.0 qty=41 fee=148.24575
2026-05-28 09:45:43,800 [INFO] [SOL 반도체전공정(475300)] 동적 재매수 기준 초기화 (매도가 KRW 25,000 -> 소비됨)
2026-05-28 09:45:43,800 [INFO] [Position] New lot: lot_20260528_094543_475300_001 Lv1 SOL 반도체전공정(475300) 41주 @KRW 24,105
2026-05-28 09:45:47,206 [INFO] >>> Processing 테스(095610)
2026-05-28 09:45:47,207 [INFO]   [테스(095610)] 신호 없음 | Lv3 매수 KRW 119,500 -> 현재 KRW 122,400 (+2.43%) | 익절 +10.0% / 추매 -5.0%
2026-05-28 09:45:47,207 [INFO] >>> Processing KoAct 글로벌AI메모리반도체액티브(0174B0)
2026-05-28 09:45:47,207 [INFO]   [KoAct 글로벌AI메모리반도체액티브(0174B0)] 신호 없음 | Lv1 매수 KRW 16,410 -> 현재 KRW 16,675 (+1.61%) | 익절 +10.0% / 추매 -5.0%
2026-05-28 09:45:47,208 [INFO] >>> Processing SOL 미국양자컴퓨팅TOP10(0023A0)
2026-05-28 09:45:47,208 [INFO]   [SOL 미국양자컴퓨팅TOP10(0023A0)] 신호 없음 | Lv1 매수 KRW 36,450 -> 현재 KRW 36,275 (-0.48%) | 익절 +10.0% / 추매 -5.0%
2026-05-28 09:45:47,208 [INFO] >>> Step 6: Persist
2026-05-28 14:56:42,052 [INFO] === Initializing MagicSplit Bot (domestic) ===
2026-05-28 14:56:42,052 [INFO] Loaded 16 stock rule(s) from config_domestic.json
2026-05-28 14:56:42,052 [INFO] [domestic] 15 rule(s), mode=LIVE
2026-05-28 14:56:42,052 [INFO] [KisBroker] 캐시에서 토큰 로드 (API 호출 생략)
2026-05-28 14:56:42,053 [INFO] [KisDomesticLiveBroker] Mode: LIVE TRADING
2026-05-28 14:56:42,053 [INFO] === Running domestic engine ===
2026-05-28 14:56:42,053 [INFO] >>> Step 1: Portfolio & Price Fetch
2026-05-28 14:56:43,128 [INFO] Fetching real-time prices from Broker...
2026-05-28 14:56:47,098 [INFO] Portfolio: Cash=KRW 15,570,299, Value=KRW 31,951,194
2026-05-28 14:56:47,098 [INFO] >>> Step 2: Load Positions
2026-05-28 14:56:47,098 [INFO] Loaded 20 position lot(s)
2026-05-28 14:56:47,099 [INFO] >>> Step 2.5: Reconcile OK (수량 일치)
2026-05-28 14:56:47,099 [INFO] >>> Processing 삼성전자(005930)
2026-05-28 14:56:47,100 [INFO] [삼성전자(005930)] Lv1: 트레일링 추적 중 (현재가 KRW 298,500, 고점 KRW 308,750, 고점대비 -3.3%, 스톱가 KRW 293,312)
2026-05-28 14:56:47,100 [INFO]   [삼성전자(005930)] 신호 없음 | Lv1 매수 KRW 274,000 -> 현재 KRW 298,500 (+8.94%) | 익절 +10.0% / 추매 -5.0%
2026-05-28 14:56:47,100 [INFO] >>> Processing ACE 엔비디아밸류체인액티브(483320)
2026-05-28 14:56:47,100 [INFO] [ACE 엔비디아밸류체인액티브(483320)] Lv1: 트레일링 추적 중 (현재가 KRW 28,310, 고점 KRW 28,620, 고점대비 -1.1%, 스톱가 KRW 27,189)
2026-05-28 14:56:47,100 [INFO]   [ACE 엔비디아밸류체인액티브(483320)] 신호 없음 | Lv1 매수 KRW 25,290 -> 현재 KRW 28,310 (+11.94%) | 익절 +10.0% / 추매 -5.0%
2026-05-28 14:56:47,100 [INFO] >>> Processing 현대차(005380)
2026-05-28 14:56:47,101 [INFO] [현대차(005380)] Lv1: 트레일링 추적 중 (현재가 KRW 676,000, 고점 KRW 692,500, 고점대비 -2.4%, 스톱가 KRW 657,875)
2026-05-28 14:56:47,101 [INFO]   [현대차(005380)] 신호 없음 | Lv1 매수 KRW 604,000 -> 현재 KRW 676,000 (+11.92%) | 익절 +10.0% / 추매 -5.0%
2026-05-28 14:56:47,101 [INFO] >>> Processing 미래에셋증권(006800)
2026-05-28 14:56:47,101 [INFO]   [미래에셋증권(006800)] 신호 없음 | Lv2 매수 KRW 62,600 -> 현재 KRW 61,400 (-1.92%) | 익절 +10.0% / 추매 -5.0%
2026-05-28 14:56:47,101 [INFO] >>> Processing KODEX 증권(102970)
2026-05-28 14:56:47,101 [INFO]   [KODEX 증권(102970)] 신호 없음 | Lv1 매수 KRW 26,355 -> 현재 KRW 25,645 (-2.69%) | 익절 +10.0% / 추매 -5.0%
2026-05-28 14:56:47,102 [INFO] >>> Processing TIGER 지주회사(307520)
2026-05-28 14:56:47,102 [INFO] [TIGER 지주회사(307520)] Lv1: 트레일링 추적 중 (현재가 KRW 25,240, 고점 KRW 26,940, 고점대비 -6.3%, 스톱가 KRW 25,593)
2026-05-28 14:56:47,102 [INFO] [TIGER 지주회사(307520)] Lv1: 트레일링 스톱 매도 (매수가 KRW 24,265 -> 고점 KRW 26,940 -> 현재가 KRW 25,240, 고점대비 -6.3%, 수익률 +4.0%)
2026-05-28 14:56:47,102 [INFO] Executing 1 order(s)...
2026-05-28 14:56:47,102 [INFO] [KisBroker] Processing 1 SELL orders...
2026-05-28 14:56:48,062 [INFO] [KisDomestic] Order Sent: SELL TIGER 지주회사(307520) 41 @ 25235 (ODNO=0039038600)
2026-05-28 14:56:48,404 [INFO] [KisDomestic] Order FILLED: TIGER 지주회사(307520) ODNO=0039038600 price=25235.0 qty=41 fee=155.19525
2026-05-28 14:56:48,605 [INFO] [Position] Remove lot: lot_20260519_143326_307520_001 Lv1 (41주 전량 매도)
2026-05-28 14:56:52,159 [INFO] >>> Processing 메리츠금융지주(138040)
2026-05-28 14:56:52,160 [INFO]   [메리츠금융지주(138040)] 신호 없음 | Lv2 매수 KRW 102,300 -> 현재 KRW 102,700 (+0.39%) | 익절 +10.0% / 추매 -5.0%
2026-05-28 14:56:52,160 [INFO] >>> Processing KODEX 미국S&P500에너지(합성)(218420)
2026-05-28 14:56:52,160 [INFO]   [KODEX 미국S&P500에너지(합성)(218420)] 신호 없음 | Lv2 매수 KRW 19,905 -> 현재 KRW 19,960 (+0.28%) | 익절 +10.0% / 추매 -5.0%
2026-05-28 14:56:52,160 [INFO] >>> Processing KODEX 미국S&P500금융(453650)
2026-05-28 14:56:52,160 [INFO]   [KODEX 미국S&P500금융(453650)] 신호 없음 | Lv1 매수 KRW 18,975 -> 현재 KRW 18,825 (-0.79%) | 익절 +10.0% / 추매 -5.0%
2026-05-28 14:56:52,161 [INFO] >>> Processing KODEX 미국S&P500필수소비재(453630)
2026-05-28 14:56:52,161 [INFO]   [KODEX 미국S&P500필수소비재(453630)] 신호 없음 | Lv1 매수 KRW 13,600 -> 현재 KRW 13,350 (-1.84%) | 익절 +10.0% / 추매 -5.0%
2026-05-28 14:56:52,161 [INFO] >>> Processing ACE 테슬라밸류체인액티브(457480)
2026-05-28 14:56:52,161 [INFO]   [ACE 테슬라밸류체인액티브(457480)] 신호 없음 | Lv1 매수 KRW 23,625 -> 현재 KRW 24,845 (+5.16%) | 익절 +10.0% / 추매 -5.0%
2026-05-28 14:56:52,161 [INFO] >>> Processing SOL 반도체전공정(475300)
2026-05-28 14:56:52,162 [INFO]   [SOL 반도체전공정(475300)] 신호 없음 | Lv1 매수 KRW 24,105 -> 현재 KRW 23,480 (-2.59%) | 익절 +10.0% / 추매 -5.0%
2026-05-28 14:56:52,162 [INFO] >>> Processing 테스(095610)
2026-05-28 14:56:52,162 [INFO]   [테스(095610)] 신호 없음 | Lv3 매수 KRW 119,500 -> 현재 KRW 120,700 (+1.00%) | 익절 +10.0% / 추매 -5.0%
2026-05-28 14:56:52,162 [INFO] >>> Processing KoAct 글로벌AI메모리반도체액티브(0174B0)
2026-05-28 14:56:52,162 [INFO]   [KoAct 글로벌AI메모리반도체액티브(0174B0)] 신호 없음 | Lv1 매수 KRW 16,410 -> 현재 KRW 16,340 (-0.43%) | 익절 +10.0% / 추매 -5.0%
2026-05-28 14:56:52,162 [INFO] >>> Processing SOL 미국양자컴퓨팅TOP10(0023A0)
2026-05-28 14:56:52,163 [INFO]   [SOL 미국양자컴퓨팅TOP10(0023A0)] 신호 없음 | Lv1 매수 KRW 36,450 -> 현재 KRW 35,885 (-1.55%) | 익절 +10.0% / 추매 -5.0%
2026-05-28 14:56:52,163 [INFO] >>> Step 6: Persist
