2026-05-29 09:04:42,161 [INFO] === Initializing MagicSplit Bot (domestic) ===
2026-05-29 09:04:42,161 [INFO] Loaded 17 stock rule(s) from config_domestic.json
2026-05-29 09:04:42,161 [INFO] [domestic] 16 rule(s), mode=LIVE
2026-05-29 09:04:42,161 [INFO] [KisBroker] 캐시에서 토큰 로드 (API 호출 생략)
2026-05-29 09:04:42,161 [INFO] [KisDomesticLiveBroker] Mode: LIVE TRADING
2026-05-29 09:04:42,162 [INFO] === Running domestic engine ===
2026-05-29 09:04:42,162 [INFO] >>> Step 1: Portfolio & Price Fetch
2026-05-29 09:04:43,171 [INFO] Fetching real-time prices from Broker...
2026-05-29 09:04:47,679 [INFO] Portfolio: Cash=KRW 16,604,784, Value=KRW 32,134,244
2026-05-29 09:04:47,680 [INFO] >>> Step 2: Load Positions
2026-05-29 09:04:47,680 [INFO] Loaded 19 position lot(s)
2026-05-29 09:04:47,681 [INFO] >>> Step 2.1: Detected 1 newly enabled ticker(s)
2026-05-29 09:04:47,683 [INFO] >>> Step 2.5: Reconcile OK (수량 일치)
2026-05-29 09:04:47,683 [INFO] >>> Processing 삼성전자(005930)
2026-05-29 09:04:47,683 [INFO] [삼성전자(005930)] Lv1: 트레일링 고점 갱신 KRW 308,750 -> KRW 318,000 (매수가 대비 +16.1%, 스톱가 KRW 302,100)
2026-05-29 09:04:47,684 [INFO]   [삼성전자(005930)] 신호 없음 | Lv1 매수 KRW 274,000 -> 현재 KRW 318,000 (+16.06%) | 익절 +10.0% / 추매 -5.0%
2026-05-29 09:04:47,684 [INFO] >>> Processing ACE 엔비디아밸류체인액티브(483320)
2026-05-29 09:04:47,684 [INFO] [ACE 엔비디아밸류체인액티브(483320)] Lv1: 트레일링 고점 갱신 KRW 28,620 -> KRW 28,800 (매수가 대비 +13.9%, 스톱가 KRW 27,360)
2026-05-29 09:04:47,685 [INFO]   [ACE 엔비디아밸류체인액티브(483320)] 신호 없음 | Lv1 매수 KRW 25,290 -> 현재 KRW 28,800 (+13.88%) | 익절 +10.0% / 추매 -5.0%
2026-05-29 09:04:47,685 [INFO] >>> Processing 현대차(005380)
2026-05-29 09:04:47,685 [INFO] [현대차(005380)] Lv1: 트레일링 고점 갱신 KRW 692,500 -> KRW 717,000 (매수가 대비 +18.7%, 스톱가 KRW 681,150)
2026-05-29 09:04:47,685 [INFO]   [현대차(005380)] 신호 없음 | Lv1 매수 KRW 604,000 -> 현재 KRW 717,000 (+18.71%) | 익절 +10.0% / 추매 -5.0%
2026-05-29 09:04:47,686 [INFO] >>> Processing 미래에셋증권(006800)
2026-05-29 09:04:47,686 [INFO]   [미래에셋증권(006800)] 신호 없음 | Lv2 매수 KRW 62,600 -> 현재 KRW 61,400 (-1.92%) | 익절 +10.0% / 추매 -5.0%
2026-05-29 09:04:47,686 [INFO] >>> Processing KODEX 증권(102970)
2026-05-29 09:04:47,687 [INFO]   [KODEX 증권(102970)] 신호 없음 | Lv1 매수 KRW 26,355 -> 현재 KRW 25,615 (-2.81%) | 익절 +10.0% / 추매 -5.0%
2026-05-29 09:04:47,687 [INFO] >>> Processing TIGER 지주회사(307520)
2026-05-29 09:04:47,687 [INFO] [TIGER 지주회사(307520)] 보유 lot 없음 -> 초기 매수 Lv1 38주 @KRW 26,000
2026-05-29 09:04:47,687 [INFO] Executing 1 order(s)...
2026-05-29 09:04:48,292 [INFO] [KisBroker] Available Cash for BUY: 16,604,784
2026-05-29 09:04:49,746 [INFO] [KisDomestic] Order Sent: BUY TIGER 지주회사(307520) 38 @ 26000 (ODNO=0006144900)
2026-05-29 09:04:50,118 [INFO] [KisDomestic] Order FILLED: TIGER 지주회사(307520) ODNO=0006144900 price=26000.0 qty=38 fee=148.2
2026-05-29 09:04:50,319 [INFO] [TIGER 지주회사(307520)] 동적 재매수 기준 초기화 (매도가 KRW 25,235 -> 소비됨)
2026-05-29 09:04:50,319 [INFO] [Position] New lot: lot_20260529_090450_307520_001 Lv1 TIGER 지주회사(307520) 38주 @KRW 26,000
2026-05-29 09:04:53,930 [INFO] >>> Processing 메리츠금융지주(138040)
2026-05-29 09:04:53,930 [INFO]   [메리츠금융지주(138040)] 신호 없음 | Lv2 매수 KRW 102,300 -> 현재 KRW 103,900 (+1.56%) | 익절 +10.0% / 추매 -5.0%
2026-05-29 09:04:53,931 [INFO] >>> Processing KODEX 미국S&P500에너지(합성)(218420)
2026-05-29 09:04:53,931 [INFO]   [KODEX 미국S&P500에너지(합성)(218420)] 신호 없음 | Lv2 매수 KRW 19,905 -> 현재 KRW 19,595 (-1.56%) | 익절 +10.0% / 추매 -5.0%
2026-05-29 09:04:53,931 [INFO] >>> Processing KODEX 미국S&P500금융(453650)
2026-05-29 09:04:53,932 [INFO]   [KODEX 미국S&P500금융(453650)] 신호 없음 | Lv1 매수 KRW 18,975 -> 현재 KRW 18,700 (-1.45%) | 익절 +10.0% / 추매 -5.0%
2026-05-29 09:04:53,932 [INFO] >>> Processing KODEX 미국S&P500필수소비재(453630)
2026-05-29 09:04:53,932 [INFO]   [KODEX 미국S&P500필수소비재(453630)] 신호 없음 | Lv1 매수 KRW 13,600 -> 현재 KRW 13,260 (-2.50%) | 익절 +10.0% / 추매 -5.0%
2026-05-29 09:04:53,933 [INFO] >>> Processing ACE 테슬라밸류체인액티브(457480)
2026-05-29 09:04:53,933 [INFO]   [ACE 테슬라밸류체인액티브(457480)] 신호 없음 | Lv1 매수 KRW 23,625 -> 현재 KRW 24,930 (+5.52%) | 익절 +10.0% / 추매 -5.0%
2026-05-29 09:04:53,933 [INFO] >>> Processing SOL 반도체전공정(475300)
2026-05-29 09:04:53,933 [INFO]   [SOL 반도체전공정(475300)] 신호 없음 | Lv1 매수 KRW 24,105 -> 현재 KRW 23,770 (-1.39%) | 익절 +10.0% / 추매 -5.0%
2026-05-29 09:04:53,934 [INFO] >>> Processing 테스(095610)
2026-05-29 09:04:53,934 [INFO]   [테스(095610)] 신호 없음 | Lv3 매수 KRW 119,500 -> 현재 KRW 119,200 (-0.25%) | 익절 +10.0% / 추매 -5.0%
2026-05-29 09:04:53,934 [INFO] >>> Processing KoAct 글로벌AI메모리반도체액티브(0174B0)
2026-05-29 09:04:53,934 [INFO]   [KoAct 글로벌AI메모리반도체액티브(0174B0)] 신호 없음 | Lv1 매수 KRW 16,410 -> 현재 KRW 16,855 (+2.71%) | 익절 +10.0% / 추매 -5.0%
2026-05-29 09:04:53,935 [INFO] >>> Processing SOL 미국양자컴퓨팅TOP10(0023A0)
2026-05-29 09:04:53,935 [INFO]   [SOL 미국양자컴퓨팅TOP10(0023A0)] 신호 없음 | Lv1 매수 KRW 36,450 -> 현재 KRW 38,250 (+4.94%) | 익절 +10.0% / 추매 -5.0%
2026-05-29 09:04:53,935 [INFO] >>> Processing NAVER(035420)
2026-05-29 09:04:53,936 [INFO] [NAVER(035420)] 보유 lot 없음 -> 초기 매수 Lv1 4주 @KRW 219,000
2026-05-29 09:04:53,936 [INFO] Executing 1 order(s)...
2026-05-29 09:04:54,539 [INFO] [KisBroker] Available Cash for BUY: 16,604,784
2026-05-29 09:04:55,986 [INFO] [KisDomestic] Order Sent: BUY NAVER(035420) 4 @ 219000 (ODNO=0006179300)
2026-05-29 09:04:56,361 [INFO] [KisDomestic] Order FILLED: NAVER(035420) ODNO=0006179300 price=219000.0 qty=4 fee=131.39999999999998
2026-05-29 09:04:56,562 [INFO] [Position] New lot: lot_20260529_090456_035420_001 Lv1 NAVER(035420) 4주 @KRW 219,000
2026-05-29 09:05:00,170 [INFO] >>> Step 6: Persist
2026-05-29 15:00:07,017 [INFO] === Initializing MagicSplit Bot (domestic) ===
2026-05-29 15:00:07,017 [INFO] Loaded 17 stock rule(s) from config_domestic.json
2026-05-29 15:00:07,017 [INFO] [domestic] 16 rule(s), mode=LIVE
2026-05-29 15:00:07,018 [INFO] [KisBroker] 캐시에서 토큰 로드 (API 호출 생략)
2026-05-29 15:00:07,018 [INFO] [KisDomesticLiveBroker] Mode: LIVE TRADING
2026-05-29 15:00:07,018 [INFO] === Running domestic engine ===
2026-05-29 15:00:07,018 [INFO] >>> Step 1: Portfolio & Price Fetch
2026-05-29 15:00:08,123 [INFO] Fetching real-time prices from Broker...
2026-05-29 15:00:12,840 [INFO] Portfolio: Cash=KRW 6,740,534, Value=KRW 24,190,164
2026-05-29 15:00:12,840 [INFO] >>> Step 2: Load Positions
2026-05-29 15:00:12,840 [INFO] Loaded 21 position lot(s)
2026-05-29 15:00:12,841 [INFO] >>> Step 2.5: Reconcile OK (수량 일치)
2026-05-29 15:00:12,841 [INFO] >>> Processing 삼성전자(005930)
2026-05-29 15:00:12,842 [INFO] [삼성전자(005930)] Lv1: 트레일링 추적 중 (현재가 KRW 317,500, 고점 KRW 318,000, 고점대비 -0.2%, 스톱가 KRW 302,100)
2026-05-29 15:00:12,842 [INFO]   [삼성전자(005930)] 신호 없음 | Lv1 매수 KRW 274,000 -> 현재 KRW 317,500 (+15.88%) | 익절 +10.0% / 추매 -5.0%
2026-05-29 15:00:12,842 [INFO] >>> Processing ACE 엔비디아밸류체인액티브(483320)
2026-05-29 15:00:12,842 [INFO] [ACE 엔비디아밸류체인액티브(483320)] Lv1: 트레일링 고점 갱신 KRW 28,800 -> KRW 29,130 (매수가 대비 +15.2%, 스톱가 KRW 27,674)
2026-05-29 15:00:12,843 [INFO]   [ACE 엔비디아밸류체인액티브(483320)] 신호 없음 | Lv1 매수 KRW 25,290 -> 현재 KRW 29,130 (+15.18%) | 익절 +10.0% / 추매 -5.0%
2026-05-29 15:00:12,843 [INFO] >>> Processing 현대차(005380)
2026-05-29 15:00:12,843 [INFO] [현대차(005380)] Lv1: 트레일링 고점 갱신 KRW 717,000 -> KRW 726,000 (매수가 대비 +20.2%, 스톱가 KRW 689,700)
2026-05-29 15:00:12,844 [INFO]   [현대차(005380)] 신호 없음 | Lv1 매수 KRW 604,000 -> 현재 KRW 726,000 (+20.20%) | 익절 +10.0% / 추매 -5.0%
2026-05-29 15:00:12,844 [INFO] >>> Processing 미래에셋증권(006800)
2026-05-29 15:00:12,844 [INFO]   [미래에셋증권(006800)] 신호 없음 | Lv2 매수 KRW 62,600 -> 현재 KRW 61,300 (-2.08%) | 익절 +10.0% / 추매 -5.0%
2026-05-29 15:00:12,844 [INFO] >>> Processing KODEX 증권(102970)
2026-05-29 15:00:12,845 [INFO]   [KODEX 증권(102970)] 신호 없음 | Lv1 매수 KRW 26,355 -> 현재 KRW 25,515 (-3.19%) | 익절 +10.0% / 추매 -5.0%
2026-05-29 15:00:12,845 [INFO] >>> Processing TIGER 지주회사(307520)
2026-05-29 15:00:12,845 [INFO]   [TIGER 지주회사(307520)] 신호 없음 | Lv1 매수 KRW 26,000 -> 현재 KRW 26,240 (+0.92%) | 익절 +10.0% / 추매 -5.0%
2026-05-29 15:00:12,845 [INFO] >>> Processing 메리츠금융지주(138040)
2026-05-29 15:00:12,846 [INFO]   [메리츠금융지주(138040)] 신호 없음 | Lv2 매수 KRW 102,300 -> 현재 KRW 102,400 (+0.10%) | 익절 +10.0% / 추매 -5.0%
2026-05-29 15:00:12,846 [INFO] >>> Processing KODEX 미국S&P500에너지(합성)(218420)
2026-05-29 15:00:12,846 [INFO]   [KODEX 미국S&P500에너지(합성)(218420)] 신호 없음 | Lv2 매수 KRW 19,905 -> 현재 KRW 19,620 (-1.43%) | 익절 +10.0% / 추매 -5.0%
2026-05-29 15:00:12,846 [INFO] >>> Processing KODEX 미국S&P500금융(453650)
2026-05-29 15:00:12,847 [INFO]   [KODEX 미국S&P500금융(453650)] 신호 없음 | Lv1 매수 KRW 18,975 -> 현재 KRW 18,775 (-1.05%) | 익절 +10.0% / 추매 -5.0%
2026-05-29 15:00:12,847 [INFO] >>> Processing KODEX 미국S&P500필수소비재(453630)
2026-05-29 15:00:12,847 [INFO]   [KODEX 미국S&P500필수소비재(453630)] 신호 없음 | Lv1 매수 KRW 13,600 -> 현재 KRW 13,330 (-1.99%) | 익절 +10.0% / 추매 -5.0%
2026-05-29 15:00:12,847 [INFO] >>> Processing ACE 테슬라밸류체인액티브(457480)
2026-05-29 15:00:12,848 [INFO]   [ACE 테슬라밸류체인액티브(457480)] 신호 없음 | Lv1 매수 KRW 23,625 -> 현재 KRW 25,140 (+6.41%) | 익절 +10.0% / 추매 -5.0%
2026-05-29 15:00:12,848 [INFO] >>> Processing SOL 반도체전공정(475300)
2026-05-29 15:00:12,848 [INFO] [SOL 반도체전공정(475300)] Lv1 매수가 KRW 24,105 대비 -5.2% -> 추가 매수 Lv2 21주 @KRW 22,850
2026-05-29 15:00:12,848 [INFO] Executing 1 order(s)...
2026-05-29 15:00:13,456 [INFO] [KisBroker] Available Cash for BUY: 6,740,534
2026-05-29 15:00:14,865 [INFO] [KisDomestic] Order Sent: BUY SOL 반도체전공정(475300) 21 @ 22885 (ODNO=0037931800)
2026-05-29 15:00:15,258 [INFO] [KisDomestic] Order FILLED: SOL 반도체전공정(475300) ODNO=0037931800 price=22885.0 qty=21 fee=72.08775
2026-05-29 15:00:15,459 [INFO] [Position] New lot: lot_20260529_150015_475300_002 Lv2 SOL 반도체전공정(475300) 21주 @KRW 22,885
2026-05-29 15:00:18,888 [INFO] >>> Processing 테스(095610)
2026-05-29 15:00:18,889 [INFO]   [테스(095610)] 신호 없음 | Lv3 매수 KRW 119,500 -> 현재 KRW 118,000 (-1.26%) | 익절 +10.0% / 추매 -5.0%
2026-05-29 15:00:18,889 [INFO] >>> Processing KoAct 글로벌AI메모리반도체액티브(0174B0)
2026-05-29 15:00:18,889 [INFO]   [KoAct 글로벌AI메모리반도체액티브(0174B0)] 신호 없음 | Lv1 매수 KRW 16,410 -> 현재 KRW 17,155 (+4.54%) | 익절 +10.0% / 추매 -5.0%
2026-05-29 15:00:18,890 [INFO] >>> Processing SOL 미국양자컴퓨팅TOP10(0023A0)
2026-05-29 15:00:18,890 [INFO]   [SOL 미국양자컴퓨팅TOP10(0023A0)] 신호 없음 | Lv1 매수 KRW 36,450 -> 현재 KRW 38,675 (+6.10%) | 익절 +10.0% / 추매 -5.0%
2026-05-29 15:00:18,890 [INFO] >>> Processing NAVER(035420)
2026-05-29 15:00:18,890 [INFO]   [NAVER(035420)] 신호 없음 | Lv1 매수 KRW 219,000 -> 현재 KRW 232,000 (+5.94%) | 익절 +10.0% / 추매 -5.0%
2026-05-29 15:00:18,890 [INFO] >>> Step 6: Persist
