2026-05-22 14:53:31,815 [INFO] === Initializing MagicSplit Bot (domestic) ===
2026-05-22 14:53:31,815 [INFO] Loaded 13 stock rule(s) from config_domestic.json
2026-05-22 14:53:31,815 [INFO] [domestic] 12 rule(s), mode=LIVE
2026-05-22 14:53:31,815 [INFO] [KisBroker] 캐시에서 토큰 로드 (API 호출 생략)
2026-05-22 14:53:31,815 [INFO] [KisDomesticLiveBroker] Mode: LIVE TRADING
2026-05-22 14:53:31,815 [INFO] === Running domestic engine ===
2026-05-22 14:53:31,815 [INFO] >>> Step 1: Portfolio & Price Fetch
2026-05-22 14:53:32,946 [INFO] Fetching real-time prices from Broker...
2026-05-22 14:53:36,518 [INFO] Portfolio: Cash=KRW 20,066,181, Value=KRW 32,436,696
2026-05-22 14:53:36,518 [INFO] >>> Step 2: Load Positions
2026-05-22 14:53:36,518 [INFO] Loaded 13 position lot(s)
2026-05-22 14:53:36,519 [INFO] >>> Step 2.5: Reconcile OK (수량 일치)
2026-05-22 14:53:36,519 [INFO] >>> Processing 삼성전자(005930)
2026-05-22 14:53:36,519 [INFO]   [삼성전자(005930)] 신호 없음 | Lv1 매수 KRW 274,000 -> 현재 KRW 294,000 (+7.30%) | 익절 +10.0% / 추매 -5.0%
2026-05-22 14:53:36,520 [INFO] >>> Processing ACE 엔비디아밸류체인액티브(483320)
2026-05-22 14:53:36,520 [INFO]   [ACE 엔비디아밸류체인액티브(483320)] 신호 없음 | Lv1 매수 KRW 25,290 -> 현재 KRW 27,365 (+8.20%) | 익절 +10.0% / 추매 -5.0%
2026-05-22 14:53:36,520 [INFO] >>> Processing 현대차(005380)
2026-05-22 14:53:36,521 [INFO] [현대차(005380)] Lv1: 트레일링 추적 중 (현재가 KRW 658,500, 고점 KRW 667,500, 고점대비 -1.3%, 스톱가 KRW 634,125)
2026-05-22 14:53:36,521 [INFO]   [현대차(005380)] 신호 없음 | Lv1 매수 KRW 604,000 -> 현재 KRW 658,500 (+9.02%) | 익절 +10.0% / 추매 -5.0%
2026-05-22 14:53:36,521 [INFO] >>> Processing 미래에셋증권(006800)
2026-05-22 14:53:36,521 [INFO] [미래에셋증권(006800)] Lv2: 트레일링 스톱 활성화 (매도조건 +10% 도달, 현재가 KRW 67,800, 스톱가 KRW 64,410, 하락허용 5.0%)
2026-05-22 14:53:36,774 [INFO] >>> Processing KODEX 증권(102970)
2026-05-22 14:53:36,774 [INFO]   [KODEX 증권(102970)] 신호 없음 | Lv1 매수 KRW 26,355 -> 현재 KRW 28,020 (+6.32%) | 익절 +10.0% / 추매 -5.0%
2026-05-22 14:53:36,774 [INFO] >>> Processing TIGER 지주회사(307520)
2026-05-22 14:53:36,775 [INFO]   [TIGER 지주회사(307520)] 신호 없음 | Lv1 매수 KRW 24,265 -> 현재 KRW 26,145 (+7.75%) | 익절 +10.0% / 추매 -5.0%
2026-05-22 14:53:36,775 [INFO] >>> Processing 메리츠금융지주(138040)
2026-05-22 14:53:36,775 [INFO]   [메리츠금융지주(138040)] 신호 없음 | Lv1 매수 KRW 109,100 -> 현재 KRW 108,300 (-0.73%) | 익절 +10.0% / 추매 -5.0%
2026-05-22 14:53:36,776 [INFO] >>> Processing KODEX 미국S&P500에너지(합성)(218420)
2026-05-22 14:53:36,776 [INFO]   [KODEX 미국S&P500에너지(합성)(218420)] 신호 없음 | Lv1 매수 KRW 21,155 -> 현재 KRW 20,590 (-2.67%) | 익절 +10.0% / 추매 -5.0%
2026-05-22 14:53:36,776 [INFO] >>> Processing KODEX 미국S&P500금융(453650)
2026-05-22 14:53:36,776 [INFO]   [KODEX 미국S&P500금융(453650)] 신호 없음 | Lv1 매수 KRW 18,975 -> 현재 KRW 19,160 (+0.97%) | 익절 +10.0% / 추매 -5.0%
2026-05-22 14:53:36,777 [INFO] >>> Processing KODEX 미국S&P500필수소비재(453630)
2026-05-22 14:53:36,777 [INFO]   [KODEX 미국S&P500필수소비재(453630)] 신호 없음 | Lv1 매수 KRW 13,600 -> 현재 KRW 13,495 (-0.77%) | 익절 +10.0% / 추매 -5.0%
2026-05-22 14:53:36,777 [INFO] >>> Processing ACE 테슬라밸류체인액티브(457480)
2026-05-22 14:53:36,778 [INFO]   [ACE 테슬라밸류체인액티브(457480)] 신호 없음 | Lv1 매수 KRW 23,625 -> 현재 KRW 24,605 (+4.15%) | 익절 +10.0% / 추매 -5.0%
2026-05-22 14:53:36,778 [INFO] >>> Processing SOL 반도체전공정(475300)
2026-05-22 14:53:36,778 [INFO] [SOL 반도체전공정(475300)] Lv1: 트레일링 스톱 활성화 (매도조건 +10% 도달, 현재가 KRW 25,850, 스톱가 KRW 24,558, 하락허용 5.0%)
2026-05-22 14:53:37,058 [INFO] >>> Step 6: Persist
