2026-06-30 10:01:10,851 [INFO] === Initializing MagicSplit Bot (domestic) ===
2026-06-30 10:01:10,851 [INFO] Loaded 20 stock rule(s) from config_domestic.json
2026-06-30 10:01:10,851 [INFO] [domestic] 14 rule(s), mode=LIVE
2026-06-30 10:01:10,851 [INFO] [KisBroker] 새 토큰 발급 중...
2026-06-30 10:01:11,715 [INFO] [KisDomesticLiveBroker] Mode: LIVE TRADING
2026-06-30 10:01:11,715 [INFO] === Running domestic engine ===
2026-06-30 10:01:11,715 [INFO] >>> Step 1: Portfolio & Price Fetch
2026-06-30 10:01:12,236 [INFO] Fetching real-time prices from Broker...
2026-06-30 10:01:15,556 [INFO] Portfolio: Cash=KRW 293,669, Value=KRW 30,036,312
2026-06-30 10:01:15,556 [INFO] >>> Step 2: Load Positions
2026-06-30 10:01:15,556 [INFO] Loaded 28 position lot(s)
2026-06-30 10:01:15,557 [INFO] >>> Step 2.5: Reconcile OK (수량 일치)
2026-06-30 10:01:15,558 [INFO] >>> Processing TIGER 지주회사(307520)
2026-06-30 10:01:15,558 [INFO]   [TIGER 지주회사(307520)] 신호 없음 | Lv2 매수 KRW 23,055 -> 현재 KRW 22,747 (-1.34%) | 익절 +10.0% / 추매 -5.0%
2026-06-30 10:01:15,558 [INFO] >>> Processing ACE 엔비디아밸류체인액티브(483320)
2026-06-30 10:01:15,558 [INFO] [ACE 엔비디아밸류체인액티브(483320)] 현금 부족: 보유 현금 KRW 293,669 < 매수 예정 금액 KRW 990,720 (32주) -> 매수 보류
2026-06-30 10:01:16,063 [INFO] >>> Processing 원익IPS(240810)
2026-06-30 10:01:16,064 [INFO] [원익IPS(240810)] Lv1: trailing 활성화 (매수가 대비 +13.8%, 스톱가 KRW 166,440)
2026-06-30 10:01:16,517 [INFO] >>> Processing KODEX 증권(102970)
2026-06-30 10:01:16,517 [INFO]   [KODEX 증권(102970)] 신호 없음 | Lv4 매수 KRW 19,955 -> 현재 KRW 21,755 (+9.02%) | 익절 +10.0% / 추매 -5.0%
2026-06-30 10:01:16,518 [INFO] >>> Processing KODEX 미국S&P500금융(453650)
2026-06-30 10:01:16,518 [INFO]   [KODEX 미국S&P500금융(453650)] 신호 없음 | Lv1 매수 KRW 18,975 -> 현재 KRW 20,320 (+7.09%) | 익절 +10.0% / 추매 -5.0%
2026-06-30 10:01:16,518 [INFO] >>> Processing ACE 테슬라밸류체인액티브(457480)
2026-06-30 10:01:16,519 [INFO]   [ACE 테슬라밸류체인액티브(457480)] 신호 없음 | Lv1 매수 KRW 23,625 -> 현재 KRW 23,215 (-1.74%) | 익절 +10.0% / 추매 -5.0%
2026-06-30 10:01:16,519 [INFO] >>> Processing KoAct 글로벌AI메모리반도체액티브(0174B0)
2026-06-30 10:01:16,519 [INFO] [KoAct 글로벌AI메모리반도체액티브(0174B0)] 현금 부족: 보유 현금 KRW 293,669 < 매수 예정 금액 KRW 984,250 (50주) -> 매수 보류
2026-06-30 10:01:16,976 [INFO] >>> Processing 삼성전자우(005935)
2026-06-30 10:01:16,976 [INFO] [삼성전자우(005935)] 현금 부족: 보유 현금 KRW 293,669 < 매수 예정 금액 KRW 414,000 (2주) -> 매수 보류
2026-06-30 10:01:17,487 [INFO] >>> Processing 테스(095610)
2026-06-30 10:01:17,487 [INFO] [테스(095610)] Lv2: trailing 고점 갱신 -> KRW 205,000 (스톱가 KRW 194,750)
2026-06-30 10:01:17,488 [INFO] [테스(095610)] Lv1: trailing 활성화 (매수가 대비 +21.2%, 스톱가 KRW 194,750)
2026-06-30 10:01:18,329 [INFO] >>> Processing KODEX 미국S&P500필수소비재(453630)
2026-06-30 10:01:18,329 [INFO]   [KODEX 미국S&P500필수소비재(453630)] 신호 없음 | Lv1 매수 KRW 13,600 -> 현재 KRW 13,800 (+1.47%) | 익절 +10.0% / 추매 -5.0%
2026-06-30 10:01:18,329 [INFO] >>> Processing 메리츠금융지주(138040)
2026-06-30 10:01:18,330 [INFO]   [메리츠금융지주(138040)] 신호 없음 | Lv2 매수 KRW 102,000 -> 현재 KRW 106,100 (+4.02%) | 익절 +10.0% / 추매 -5.0%
2026-06-30 10:01:18,330 [INFO] >>> Processing 삼성전자(005930)
2026-06-30 10:01:18,330 [INFO] [삼성전자(005930)] 현금 부족: 보유 현금 KRW 293,669 < 현재가 KRW 325,500 (1주도 매수 불가) -> 매수 보류
2026-06-30 10:01:18,777 [INFO] >>> Processing SOL 반도체전공정(475300)
2026-06-30 10:01:18,778 [INFO]   [SOL 반도체전공정(475300)] 신호 없음 | Lv2 매수 KRW 25,885 -> 현재 KRW 28,045 (+8.34%) | 익절 +10.0% / 추매 -5.0%
2026-06-30 10:01:18,778 [INFO] >>> Processing SOL 미국양자컴퓨팅TOP10(0023A0)
2026-06-30 10:01:18,778 [INFO]   [SOL 미국양자컴퓨팅TOP10(0023A0)] 신호 없음 | Lv2 매수 KRW 33,355 -> 현재 KRW 33,885 (+1.59%) | 익절 +10.0% / 추매 -5.0%
2026-06-30 10:01:18,778 [INFO] >>> Step 6: Persist
2026-06-30 12:01:02,555 [INFO] === Initializing MagicSplit Bot (domestic) ===
2026-06-30 12:01:02,555 [INFO] Loaded 20 stock rule(s) from config_domestic.json
2026-06-30 12:01:02,555 [INFO] [domestic] 14 rule(s), mode=LIVE
2026-06-30 12:01:02,555 [INFO] [KisBroker] 캐시에서 토큰 로드 (API 호출 생략)
2026-06-30 12:01:02,555 [INFO] [KisDomesticLiveBroker] Mode: LIVE TRADING
2026-06-30 12:01:02,555 [INFO] === Running domestic engine ===
2026-06-30 12:01:02,555 [INFO] >>> Step 1: Portfolio & Price Fetch
2026-06-30 12:01:03,502 [INFO] Fetching real-time prices from Broker...
2026-06-30 12:01:07,370 [INFO] Portfolio: Cash=KRW 296,169, Value=KRW 30,572,979
2026-06-30 12:01:07,370 [INFO] >>> Step 2: Load Positions
2026-06-30 12:01:07,370 [INFO] Loaded 28 position lot(s)
2026-06-30 12:01:07,372 [INFO] >>> Step 2.5: Reconcile OK (수량 일치)
2026-06-30 12:01:07,372 [INFO] >>> Processing KODEX 미국S&P500필수소비재(453630)
2026-06-30 12:01:07,372 [INFO]   [KODEX 미국S&P500필수소비재(453630)] 신호 없음 | Lv1 매수 KRW 13,600 -> 현재 KRW 13,705 (+0.77%) | 익절 +10.0% / 추매 -5.0%
2026-06-30 12:01:07,373 [INFO] >>> Processing ACE 엔비디아밸류체인액티브(483320)
2026-06-30 12:01:07,373 [INFO] [ACE 엔비디아밸류체인액티브(483320)] 현금 부족: 보유 현금 KRW 296,169 < 매수 예정 금액 KRW 996,800 (32주) -> 매수 보류
2026-06-30 12:01:07,728 [INFO] >>> Processing 메리츠금융지주(138040)
2026-06-30 12:01:07,729 [INFO]   [메리츠금융지주(138040)] 신호 없음 | Lv2 매수 KRW 102,000 -> 현재 KRW 107,700 (+5.59%) | 익절 +10.0% / 추매 -5.0%
2026-06-30 12:01:07,729 [INFO] >>> Processing 원익IPS(240810)
2026-06-30 12:01:07,729 [INFO]   [원익IPS(240810)] 신호 없음 | Lv1 매수 KRW 154,000 -> 현재 KRW 167,800 (+8.96%) | 익절 +10.0% / 추매 -5.0%
2026-06-30 12:01:07,730 [INFO] >>> Processing KODEX 미국S&P500금융(453650)
2026-06-30 12:01:07,730 [INFO]   [KODEX 미국S&P500금융(453650)] 신호 없음 | Lv1 매수 KRW 18,975 -> 현재 KRW 20,310 (+7.04%) | 익절 +10.0% / 추매 -5.0%
2026-06-30 12:01:07,730 [INFO] >>> Processing KODEX 증권(102970)
2026-06-30 12:01:07,731 [INFO] [KODEX 증권(102970)] Lv4: trailing 활성화 (매수가 대비 +10.7%, 스톱가 KRW 20,995)
2026-06-30 12:01:08,034 [INFO] >>> Processing KoAct 글로벌AI메모리반도체액티브(0174B0)
2026-06-30 12:01:08,034 [INFO] [KoAct 글로벌AI메모리반도체액티브(0174B0)] 현금 부족: 보유 현금 KRW 296,169 < 매수 예정 금액 KRW 983,430 (49주) -> 매수 보류
2026-06-30 12:01:08,355 [INFO] >>> Processing 삼성전자(005930)
2026-06-30 12:01:08,355 [INFO] [삼성전자(005930)] 현금 부족: 보유 현금 KRW 296,169 < 현재가 KRW 335,500 (1주도 매수 불가) -> 매수 보류
2026-06-30 12:01:08,690 [INFO] >>> Processing SOL 반도체전공정(475300)
2026-06-30 12:01:08,690 [INFO]   [SOL 반도체전공정(475300)] 신호 없음 | Lv2 매수 KRW 25,885 -> 현재 KRW 27,975 (+8.07%) | 익절 +10.0% / 추매 -5.0%
2026-06-30 12:01:08,690 [INFO] >>> Processing 테스(095610)
2026-06-30 12:01:08,691 [INFO]   [테스(095610)] 신호 없음 | Lv2 매수 KRW 157,400 -> 현재 KRW 204,000 (+29.61%) | 익절 +10.0% / 추매 -5.0%
2026-06-30 12:01:08,691 [INFO] >>> Processing TIGER 지주회사(307520)
2026-06-30 12:01:08,691 [INFO]   [TIGER 지주회사(307520)] 신호 없음 | Lv2 매수 KRW 23,055 -> 현재 KRW 23,050 (-0.02%) | 익절 +10.0% / 추매 -5.0%
2026-06-30 12:01:08,691 [INFO] >>> Processing SOL 미국양자컴퓨팅TOP10(0023A0)
2026-06-30 12:01:08,692 [INFO]   [SOL 미국양자컴퓨팅TOP10(0023A0)] 신호 없음 | Lv2 매수 KRW 33,355 -> 현재 KRW 33,960 (+1.81%) | 익절 +10.0% / 추매 -5.0%
2026-06-30 12:01:08,692 [INFO] >>> Processing ACE 테슬라밸류체인액티브(457480)
2026-06-30 12:01:08,692 [INFO]   [ACE 테슬라밸류체인액티브(457480)] 신호 없음 | Lv1 매수 KRW 23,625 -> 현재 KRW 23,230 (-1.67%) | 익절 +10.0% / 추매 -5.0%
2026-06-30 12:01:08,693 [INFO] >>> Processing 삼성전자우(005935)
2026-06-30 12:01:08,693 [INFO]   [삼성전자우(005935)] 신호 없음 | Lv3 매수 KRW 224,500 -> 현재 KRW 213,500 (-4.90%) | 익절 +10.0% / 추매 -5.0%
2026-06-30 12:01:08,693 [INFO] >>> Step 6: Persist
2026-06-30 14:01:13,365 [INFO] === Initializing MagicSplit Bot (domestic) ===
2026-06-30 14:01:13,365 [INFO] Loaded 20 stock rule(s) from config_domestic.json
2026-06-30 14:01:13,365 [INFO] [domestic] 14 rule(s), mode=LIVE
2026-06-30 14:01:13,366 [INFO] [KisBroker] 캐시에서 토큰 로드 (API 호출 생략)
2026-06-30 14:01:13,366 [INFO] [KisDomesticLiveBroker] Mode: LIVE TRADING
2026-06-30 14:01:13,366 [INFO] === Running domestic engine ===
2026-06-30 14:01:13,366 [INFO] >>> Step 1: Portfolio & Price Fetch
2026-06-30 14:01:14,427 [INFO] Fetching real-time prices from Broker...
2026-06-30 14:01:17,834 [INFO] Portfolio: Cash=KRW 296,169, Value=KRW 31,012,485
2026-06-30 14:01:17,835 [INFO] >>> Step 2: Load Positions
2026-06-30 14:01:17,835 [INFO] Loaded 28 position lot(s)
2026-06-30 14:01:17,835 [INFO] >>> Step 2.5: Reconcile OK (수량 일치)
2026-06-30 14:01:17,836 [INFO] >>> Processing 메리츠금융지주(138040)
2026-06-30 14:01:17,836 [INFO]   [메리츠금융지주(138040)] 신호 없음 | Lv2 매수 KRW 102,000 -> 현재 KRW 108,800 (+6.67%) | 익절 +10.0% / 추매 -5.0%
2026-06-30 14:01:17,836 [INFO] >>> Processing SOL 미국양자컴퓨팅TOP10(0023A0)
2026-06-30 14:01:17,836 [INFO]   [SOL 미국양자컴퓨팅TOP10(0023A0)] 신호 없음 | Lv2 매수 KRW 33,355 -> 현재 KRW 34,090 (+2.20%) | 익절 +10.0% / 추매 -5.0%
2026-06-30 14:01:17,836 [INFO] >>> Processing 원익IPS(240810)
2026-06-30 14:01:17,836 [INFO]   [원익IPS(240810)] 신호 없음 | Lv1 매수 KRW 154,000 -> 현재 KRW 170,100 (+10.45%) | 익절 +10.0% / 추매 -5.0%
2026-06-30 14:01:17,837 [INFO] >>> Processing TIGER 지주회사(307520)
2026-06-30 14:01:17,837 [INFO]   [TIGER 지주회사(307520)] 신호 없음 | Lv2 매수 KRW 23,055 -> 현재 KRW 23,425 (+1.60%) | 익절 +10.0% / 추매 -5.0%
2026-06-30 14:01:17,837 [INFO] >>> Processing 삼성전자우(005935)
2026-06-30 14:01:17,837 [INFO]   [삼성전자우(005935)] 신호 없음 | Lv3 매수 KRW 224,500 -> 현재 KRW 216,000 (-3.79%) | 익절 +10.0% / 추매 -5.0%
2026-06-30 14:01:17,837 [INFO] >>> Processing ACE 테슬라밸류체인액티브(457480)
2026-06-30 14:01:17,837 [INFO]   [ACE 테슬라밸류체인액티브(457480)] 신호 없음 | Lv1 매수 KRW 23,625 -> 현재 KRW 23,435 (-0.80%) | 익절 +10.0% / 추매 -5.0%
2026-06-30 14:01:17,838 [INFO] >>> Processing SOL 반도체전공정(475300)
2026-06-30 14:01:17,838 [INFO] [SOL 반도체전공정(475300)] Lv2: trailing 활성화 (매수가 대비 +11.0%, 스톱가 KRW 27,298)
2026-06-30 14:01:18,367 [INFO] >>> Processing 테스(095610)
2026-06-30 14:01:18,367 [INFO]   [테스(095610)] 신호 없음 | Lv2 매수 KRW 157,400 -> 현재 KRW 205,000 (+30.24%) | 익절 +10.0% / 추매 -5.0%
2026-06-30 14:01:18,367 [INFO] >>> Processing KoAct 글로벌AI메모리반도체액티브(0174B0)
2026-06-30 14:01:18,368 [INFO] [KoAct 글로벌AI메모리반도체액티브(0174B0)] 현금 부족: 보유 현금 KRW 296,169 < 매수 예정 금액 KRW 980,160 (48주) -> 매수 보류
2026-06-30 14:01:19,061 [INFO] >>> Processing KODEX 미국S&P500필수소비재(453630)
2026-06-30 14:01:19,061 [INFO]   [KODEX 미국S&P500필수소비재(453630)] 신호 없음 | Lv1 매수 KRW 13,600 -> 현재 KRW 13,762 (+1.19%) | 익절 +10.0% / 추매 -5.0%
2026-06-30 14:01:19,061 [INFO] >>> Processing 삼성전자(005930)
2026-06-30 14:01:19,062 [INFO] [삼성전자(005930)] 현금 부족: 보유 현금 KRW 296,169 < 현재가 KRW 340,750 (1주도 매수 불가) -> 매수 보류
2026-06-30 14:01:19,639 [INFO] >>> Processing ACE 엔비디아밸류체인액티브(483320)
2026-06-30 14:01:19,639 [INFO] [ACE 엔비디아밸류체인액티브(483320)] 현금 부족: 보유 현금 KRW 296,169 < 매수 예정 금액 KRW 970,455 (31주) -> 매수 보류
2026-06-30 14:01:20,170 [INFO] >>> Processing KODEX 미국S&P500금융(453650)
2026-06-30 14:01:20,170 [INFO]   [KODEX 미국S&P500금융(453650)] 신호 없음 | Lv1 매수 KRW 18,975 -> 현재 KRW 20,320 (+7.09%) | 익절 +10.0% / 추매 -5.0%
2026-06-30 14:01:20,170 [INFO] >>> Processing KODEX 증권(102970)
2026-06-30 14:01:20,170 [INFO] [KODEX 증권(102970)] Lv4: trailing 고점 갱신 -> KRW 22,320 (스톱가 KRW 21,204)
2026-06-30 14:01:20,170 [INFO]   [KODEX 증권(102970)] 신호 없음 | Lv4 매수 KRW 19,955 -> 현재 KRW 22,320 (+11.85%) | 익절 +10.0% / 추매 -5.0%
2026-06-30 14:01:20,170 [INFO] >>> Step 6: Persist
