2026-06-29 10:01:07,555 [INFO] === Initializing MagicSplit Bot (domestic) ===
2026-06-29 10:01:07,555 [INFO] Loaded 20 stock rule(s) from config_domestic.json
2026-06-29 10:01:07,555 [INFO] [domestic] 14 rule(s), mode=LIVE
2026-06-29 10:01:07,555 [INFO] [KisBroker] 새 토큰 발급 중...
2026-06-29 10:01:08,545 [INFO] [KisDomesticLiveBroker] Mode: LIVE TRADING
2026-06-29 10:01:08,545 [INFO] === Running domestic engine ===
2026-06-29 10:01:08,545 [INFO] >>> Step 1: Portfolio & Price Fetch
2026-06-29 10:01:09,067 [INFO] Fetching real-time prices from Broker...
2026-06-29 10:01:12,417 [INFO] Portfolio: Cash=KRW 293,669, Value=KRW 29,697,379
2026-06-29 10:01:12,417 [INFO] >>> Step 2: Load Positions
2026-06-29 10:01:12,417 [INFO] Loaded 28 position lot(s)
2026-06-29 10:01:12,418 [INFO] >>> Step 2.5: Reconcile OK (수량 일치)
2026-06-29 10:01:12,419 [INFO] >>> Processing KODEX 증권(102970)
2026-06-29 10:01:12,419 [INFO]   [KODEX 증권(102970)] 신호 없음 | Lv4 매수 KRW 19,955 -> 현재 KRW 20,980 (+5.14%) | 익절 +10.0% / 추매 -5.0%
2026-06-29 10:01:12,419 [INFO] >>> Processing SOL 미국양자컴퓨팅TOP10(0023A0)
2026-06-29 10:01:12,419 [INFO]   [SOL 미국양자컴퓨팅TOP10(0023A0)] 신호 없음 | Lv2 매수 KRW 33,355 -> 현재 KRW 32,275 (-3.24%) | 익절 +10.0% / 추매 -5.0%
2026-06-29 10:01:12,420 [INFO] >>> Processing SOL 반도체전공정(475300)
2026-06-29 10:01:12,420 [INFO]   [SOL 반도체전공정(475300)] 신호 없음 | Lv2 매수 KRW 25,885 -> 현재 KRW 26,550 (+2.57%) | 익절 +10.0% / 추매 -5.0%
2026-06-29 10:01:12,420 [INFO] >>> Processing KODEX 미국S&P500금융(453650)
2026-06-29 10:01:12,421 [INFO]   [KODEX 미국S&P500금융(453650)] 신호 없음 | Lv1 매수 KRW 18,975 -> 현재 KRW 20,285 (+6.90%) | 익절 +10.0% / 추매 -5.0%
2026-06-29 10:01:12,421 [INFO] >>> Processing 삼성전자우(005935)
2026-06-29 10:01:12,421 [INFO] [삼성전자우(005935)] 현금 부족: 보유 현금 KRW 293,669 < 매수 예정 금액 KRW 426,000 (2주) -> 매수 보류
2026-06-29 10:01:12,991 [INFO] >>> Processing 삼성전자(005930)
2026-06-29 10:01:12,991 [INFO] [삼성전자(005930)] 현금 부족: 보유 현금 KRW 293,669 < 현재가 KRW 327,000 (1주도 매수 불가) -> 매수 보류
2026-06-29 10:01:13,587 [INFO] >>> Processing KODEX 미국S&P500필수소비재(453630)
2026-06-29 10:01:13,587 [INFO]   [KODEX 미국S&P500필수소비재(453630)] 신호 없음 | Lv1 매수 KRW 13,600 -> 현재 KRW 13,855 (+1.88%) | 익절 +10.0% / 추매 -5.0%
2026-06-29 10:01:13,588 [INFO] >>> Processing ACE 테슬라밸류체인액티브(457480)
2026-06-29 10:01:13,588 [INFO] [ACE 테슬라밸류체인액티브(457480)] 현금 부족: 보유 현금 KRW 293,669 < 매수 예정 금액 KRW 490,600 (22주) -> 매수 보류
2026-06-29 10:01:14,439 [INFO] >>> Processing TIGER 지주회사(307520)
2026-06-29 10:01:14,439 [INFO]   [TIGER 지주회사(307520)] 신호 없음 | Lv2 매수 KRW 23,055 -> 현재 KRW 22,575 (-2.08%) | 익절 +10.0% / 추매 -5.0%
2026-06-29 10:01:14,439 [INFO] >>> Processing 메리츠금융지주(138040)
2026-06-29 10:01:14,440 [INFO]   [메리츠금융지주(138040)] 신호 없음 | Lv2 매수 KRW 102,000 -> 현재 KRW 102,700 (+0.69%) | 익절 +10.0% / 추매 -5.0%
2026-06-29 10:01:14,440 [INFO] >>> Processing 원익IPS(240810)
2026-06-29 10:01:14,440 [INFO]   [원익IPS(240810)] 신호 없음 | Lv1 매수 KRW 154,000 -> 현재 KRW 161,300 (+4.74%) | 익절 +10.0% / 추매 -5.0%
2026-06-29 10:01:14,441 [INFO] >>> Processing KoAct 글로벌AI메모리반도체액티브(0174B0)
2026-06-29 10:01:14,441 [INFO] [KoAct 글로벌AI메모리반도체액티브(0174B0)] 현금 부족: 보유 현금 KRW 293,669 < 매수 예정 금액 KRW 998,400 (52주) -> 매수 보류
2026-06-29 10:01:15,027 [INFO] >>> Processing 테스(095610)
2026-06-29 10:01:15,028 [INFO]   [테스(095610)] 신호 없음 | Lv2 매수 KRW 157,400 -> 현재 KRW 181,100 (+15.06%) | 익절 +10.0% / 추매 -5.0%
2026-06-29 10:01:15,028 [INFO] >>> Processing ACE 엔비디아밸류체인액티브(483320)
2026-06-29 10:01:15,028 [INFO] [ACE 엔비디아밸류체인액티브(483320)] 현금 부족: 보유 현금 KRW 293,669 < 매수 예정 금액 KRW 985,545 (33주) -> 매수 보류
2026-06-29 10:01:15,557 [INFO] >>> Step 6: Persist
