2026-07-01 10:01:08,056 [INFO] === Initializing MagicSplit Bot (domestic) ===
2026-07-01 10:01:08,056 [INFO] Loaded 20 stock rule(s) from config_domestic.json
2026-07-01 10:01:08,056 [INFO] [domestic] 14 rule(s), mode=LIVE
2026-07-01 10:01:08,057 [INFO] [KisBroker] 새 토큰 발급 중...
2026-07-01 10:01:08,880 [INFO] [KisDomesticLiveBroker] Mode: LIVE TRADING
2026-07-01 10:01:08,880 [INFO] === Running domestic engine ===
2026-07-01 10:01:08,880 [INFO] >>> Step 1: Portfolio & Price Fetch
2026-07-01 10:01:09,395 [INFO] Fetching real-time prices from Broker...
2026-07-01 10:01:12,772 [INFO] Portfolio: Cash=KRW 296,169, Value=KRW 30,689,374
2026-07-01 10:01:12,772 [INFO] >>> Step 2: Load Positions
2026-07-01 10:01:12,773 [INFO] Loaded 28 position lot(s)
2026-07-01 10:01:12,774 [INFO] >>> Step 2.5: Reconcile OK (수량 일치)
2026-07-01 10:01:12,774 [INFO] >>> Processing 메리츠금융지주(138040)
2026-07-01 10:01:12,775 [INFO]   [메리츠금융지주(138040)] 신호 없음 | Lv2 매수 KRW 102,000 -> 현재 KRW 107,000 (+4.90%) | 익절 +10.0% / 추매 -5.0%
2026-07-01 10:01:12,775 [INFO] >>> Processing 삼성전자우(005935)
2026-07-01 10:01:12,775 [INFO] [삼성전자우(005935)] 현금 부족: 보유 현금 KRW 296,169 < 매수 예정 금액 KRW 416,500 (2주) -> 매수 보류
2026-07-01 10:01:13,315 [INFO] >>> Processing SOL 미국양자컴퓨팅TOP10(0023A0)
2026-07-01 10:01:13,316 [INFO]   [SOL 미국양자컴퓨팅TOP10(0023A0)] 신호 없음 | Lv2 매수 KRW 33,355 -> 현재 KRW 34,360 (+3.01%) | 익절 +10.0% / 추매 -5.0%
2026-07-01 10:01:13,316 [INFO] >>> Processing KODEX 미국S&P500금융(453650)
2026-07-01 10:01:13,316 [INFO]   [KODEX 미국S&P500금융(453650)] 신호 없음 | Lv1 매수 KRW 18,975 -> 현재 KRW 20,290 (+6.93%) | 익절 +10.0% / 추매 -5.0%
2026-07-01 10:01:13,317 [INFO] >>> Processing ACE 테슬라밸류체인액티브(457480)
2026-07-01 10:01:13,317 [INFO]   [ACE 테슬라밸류체인액티브(457480)] 신호 없음 | Lv1 매수 KRW 23,625 -> 현재 KRW 23,795 (+0.72%) | 익절 +10.0% / 추매 -5.0%
2026-07-01 10:01:13,317 [INFO] >>> Processing SOL 반도체전공정(475300)
2026-07-01 10:01:13,317 [INFO] [SOL 반도체전공정(475300)] Lv2: trailing 고점 갱신 -> KRW 31,000 (스톱가 KRW 29,450)
2026-07-01 10:01:13,318 [INFO]   [SOL 반도체전공정(475300)] 신호 없음 | Lv2 매수 KRW 25,885 -> 현재 KRW 31,000 (+19.76%) | 익절 +10.0% / 추매 -5.0%
2026-07-01 10:01:13,318 [INFO] >>> Processing ACE 엔비디아밸류체인액티브(483320)
2026-07-01 10:01:13,318 [INFO] [ACE 엔비디아밸류체인액티브(483320)] 현금 부족: 보유 현금 KRW 296,169 < 매수 예정 금액 KRW 998,975 (31주) -> 매수 보류
2026-07-01 10:01:13,772 [INFO] >>> Processing TIGER 지주회사(307520)
2026-07-01 10:01:13,772 [INFO]   [TIGER 지주회사(307520)] 신호 없음 | Lv2 매수 KRW 23,055 -> 현재 KRW 23,355 (+1.30%) | 익절 +10.0% / 추매 -5.0%
2026-07-01 10:01:13,772 [INFO] >>> Processing 테스(095610)
2026-07-01 10:01:13,773 [INFO] [테스(095610)] Lv2: trailing 고점 갱신 -> KRW 228,500 (스톱가 KRW 217,075)
2026-07-01 10:01:13,773 [INFO] [테스(095610)] Lv1: trailing 고점 갱신 -> KRW 228,500 (스톱가 KRW 217,075)
2026-07-01 10:01:13,773 [INFO]   [테스(095610)] 신호 없음 | Lv2 매수 KRW 157,400 -> 현재 KRW 228,500 (+45.17%) | 익절 +10.0% / 추매 -5.0%
2026-07-01 10:01:13,774 [INFO] >>> Processing 삼성전자(005930)
2026-07-01 10:01:13,774 [INFO] [삼성전자(005930)] 현금 부족: 보유 현금 KRW 296,169 < 현재가 KRW 324,000 (1주도 매수 불가) -> 매수 보류
2026-07-01 10:01:14,230 [INFO] >>> Processing KoAct 글로벌AI메모리반도체액티브(0174B0)
2026-07-01 10:01:14,230 [INFO] [KoAct 글로벌AI메모리반도체액티브(0174B0)] 현금 부족: 보유 현금 KRW 296,169 < 매수 예정 금액 KRW 990,240 (48주) -> 매수 보류
2026-07-01 10:01:14,679 [INFO] >>> Processing KODEX 증권(102970)
2026-07-01 10:01:14,680 [INFO] [KODEX 증권(102970)] Lv4: trailing 고점 갱신 -> KRW 22,740 (스톱가 KRW 21,603)
2026-07-01 10:01:14,680 [INFO]   [KODEX 증권(102970)] 신호 없음 | Lv4 매수 KRW 19,955 -> 현재 KRW 22,740 (+13.96%) | 익절 +10.0% / 추매 -5.0%
2026-07-01 10:01:14,680 [INFO] >>> Processing 원익IPS(240810)
2026-07-01 10:01:14,681 [INFO] [원익IPS(240810)] Lv1: trailing 고점 갱신 -> KRW 181,700 (스톱가 KRW 172,615)
2026-07-01 10:01:14,681 [INFO]   [원익IPS(240810)] 신호 없음 | Lv1 매수 KRW 154,000 -> 현재 KRW 181,700 (+17.99%) | 익절 +10.0% / 추매 -5.0%
2026-07-01 10:01:14,681 [INFO] >>> Processing KODEX 미국S&P500필수소비재(453630)
2026-07-01 10:01:14,682 [INFO]   [KODEX 미국S&P500필수소비재(453630)] 신호 없음 | Lv1 매수 KRW 13,600 -> 현재 KRW 13,690 (+0.66%) | 익절 +10.0% / 추매 -5.0%
2026-07-01 10:01:14,682 [INFO] >>> Step 6: Persist
2026-07-01 12:01:04,412 [INFO] === Initializing MagicSplit Bot (domestic) ===
2026-07-01 12:01:04,412 [INFO] Loaded 20 stock rule(s) from config_domestic.json
2026-07-01 12:01:04,412 [INFO] [domestic] 14 rule(s), mode=LIVE
2026-07-01 12:01:04,412 [INFO] [KisBroker] 캐시에서 토큰 로드 (API 호출 생략)
2026-07-01 12:01:04,413 [INFO] [KisDomesticLiveBroker] Mode: LIVE TRADING
2026-07-01 12:01:04,413 [INFO] === Running domestic engine ===
2026-07-01 12:01:04,413 [INFO] >>> Step 1: Portfolio & Price Fetch
2026-07-01 12:01:05,448 [INFO] Fetching real-time prices from Broker...
2026-07-01 12:01:09,318 [INFO] Portfolio: Cash=KRW 296,169, Value=KRW 30,089,708
2026-07-01 12:01:09,318 [INFO] >>> Step 2: Load Positions
2026-07-01 12:01:09,318 [INFO] Loaded 28 position lot(s)
2026-07-01 12:01:09,319 [INFO] >>> Step 2.5: Reconcile OK (수량 일치)
2026-07-01 12:01:09,319 [INFO] >>> Processing KoAct 글로벌AI메모리반도체액티브(0174B0)
2026-07-01 12:01:09,320 [INFO] [KoAct 글로벌AI메모리반도체액티브(0174B0)] 현금 부족: 보유 현금 KRW 296,169 < 매수 예정 금액 KRW 983,920 (49주) -> 매수 보류
2026-07-01 12:01:09,632 [INFO] >>> Processing SOL 반도체전공정(475300)
2026-07-01 12:01:09,633 [INFO]   [SOL 반도체전공정(475300)] 신호 없음 | Lv2 매수 KRW 25,885 -> 현재 KRW 29,800 (+15.12%) | 익절 +10.0% / 추매 -5.0%
2026-07-01 12:01:09,633 [INFO] >>> Processing TIGER 지주회사(307520)
2026-07-01 12:01:09,633 [INFO]   [TIGER 지주회사(307520)] 신호 없음 | Lv2 매수 KRW 23,055 -> 현재 KRW 23,160 (+0.46%) | 익절 +10.0% / 추매 -5.0%
2026-07-01 12:01:09,634 [INFO] >>> Processing KODEX 증권(102970)
2026-07-01 12:01:09,634 [INFO]   [KODEX 증권(102970)] 신호 없음 | Lv4 매수 KRW 19,955 -> 현재 KRW 22,210 (+11.30%) | 익절 +10.0% / 추매 -5.0%
2026-07-01 12:01:09,634 [INFO] >>> Processing 삼성전자(005930)
2026-07-01 12:01:09,634 [INFO] [삼성전자(005930)] 현금 부족: 보유 현금 KRW 296,169 < 현재가 KRW 318,750 (1주도 매수 불가) -> 매수 보류
2026-07-01 12:01:09,938 [INFO] >>> Processing KODEX 미국S&P500필수소비재(453630)
2026-07-01 12:01:09,938 [INFO]   [KODEX 미국S&P500필수소비재(453630)] 신호 없음 | Lv1 매수 KRW 13,600 -> 현재 KRW 13,670 (+0.51%) | 익절 +10.0% / 추매 -5.0%
2026-07-01 12:01:09,939 [INFO] >>> Processing 테스(095610)
2026-07-01 12:01:09,939 [INFO]   [테스(095610)] 신호 없음 | Lv2 매수 KRW 157,400 -> 현재 KRW 218,000 (+38.50%) | 익절 +10.0% / 추매 -5.0%
2026-07-01 12:01:09,939 [INFO] >>> Processing 원익IPS(240810)
2026-07-01 12:01:09,940 [INFO] [원익IPS(240810)] trailing 벌크 매도 발동: Lv1~Lv1 6주 (+3.2%)
2026-07-01 12:01:09,940 [INFO] Executing 1 order(s)...
2026-07-01 12:01:09,940 [INFO] [KisBroker] Processing 1 SELL orders...
2026-07-01 12:01:10,960 [INFO] [KisDomestic] Order Sent: SELL 원익IPS(240810) 6 @ 158900 (ODNO=0017726300)
2026-07-01 12:01:11,318 [INFO] [KisDomestic] Order FILLED: 원익IPS(240810) ODNO=0017726300 price=158900.0 qty=6 fee=143.01
2026-07-01 12:01:11,518 [INFO] [Position] Trailing 벌크 청산: 원익IPS(240810) 6주 소진 (잔여 0주), 실현손익 KRW 29,257
2026-07-01 12:01:15,096 [INFO] >>> Processing ACE 테슬라밸류체인액티브(457480)
2026-07-01 12:01:15,096 [INFO]   [ACE 테슬라밸류체인액티브(457480)] 신호 없음 | Lv1 매수 KRW 23,625 -> 현재 KRW 23,690 (+0.28%) | 익절 +10.0% / 추매 -5.0%
2026-07-01 12:01:15,096 [INFO] >>> Processing ACE 엔비디아밸류체인액티브(483320)
2026-07-01 12:01:15,097 [INFO] [ACE 엔비디아밸류체인액티브(483320)] 보유 lot 없음 -> 초기 매수 Lv1 31주 @KRW 32,140
2026-07-01 12:01:15,097 [INFO] Executing 1 order(s)...
2026-07-01 12:01:15,506 [INFO] [KisBroker] Available Cash for BUY: 1,247,533
2026-07-01 12:01:16,779 [INFO] [KisDomestic] Order Sent: BUY ACE 엔비디아밸류체인액티브(483320) 31 @ 32145 (ODNO=0017729100)
2026-07-01 12:01:17,137 [INFO] [KisDomestic] Order FILLED: ACE 엔비디아밸류체인액티브(483320) ODNO=0017729100 price=32145.0 qty=31 fee=149.47424999999998
2026-07-01 12:01:17,338 [INFO] [ACE 엔비디아밸류체인액티브(483320)] 동적 재매수 기준 초기화 (매도가 KRW 30,970 -> 소비됨)
2026-07-01 12:01:17,338 [INFO] [Position] New lot: lot_20260701_120117_483320_001 Lv1 ACE 엔비디아밸류체인액티브(483320) 31주 @KRW 32,145
2026-07-01 12:01:20,749 [INFO] >>> Processing 삼성전자우(005935)
2026-07-01 12:01:20,750 [INFO] [삼성전자우(005935)] 현금 부족: 보유 현금 KRW 250,898 < 매수 예정 금액 KRW 405,000 (2주) -> 매수 보류
2026-07-01 12:01:21,035 [INFO] >>> Processing KODEX 미국S&P500금융(453650)
2026-07-01 12:01:21,035 [INFO]   [KODEX 미국S&P500금융(453650)] 신호 없음 | Lv1 매수 KRW 18,975 -> 현재 KRW 20,362 (+7.31%) | 익절 +10.0% / 추매 -5.0%
2026-07-01 12:01:21,035 [INFO] >>> Processing 메리츠금융지주(138040)
2026-07-01 12:01:21,036 [INFO]   [메리츠금융지주(138040)] 신호 없음 | Lv2 매수 KRW 102,000 -> 현재 KRW 107,200 (+5.10%) | 익절 +10.0% / 추매 -5.0%
2026-07-01 12:01:21,036 [INFO] >>> Processing SOL 미국양자컴퓨팅TOP10(0023A0)
2026-07-01 12:01:21,036 [INFO]   [SOL 미국양자컴퓨팅TOP10(0023A0)] 신호 없음 | Lv2 매수 KRW 33,355 -> 현재 KRW 34,190 (+2.50%) | 익절 +10.0% / 추매 -5.0%
2026-07-01 12:01:21,036 [INFO] >>> Step 6: Persist
