2026-06-05 10:48:39,808 [INFO] === Initializing MagicSplit Bot (domestic) ===
2026-06-05 10:48:39,808 [INFO] Loaded 18 stock rule(s) from config_domestic.json
2026-06-05 10:48:39,808 [INFO] [domestic] 17 rule(s), mode=LIVE
2026-06-05 10:48:39,808 [INFO] [KisBroker] 새 토큰 발급 중...
2026-06-05 10:48:40,730 [INFO] [KisDomesticLiveBroker] Mode: LIVE TRADING
2026-06-05 10:48:40,731 [INFO] === Running domestic engine ===
2026-06-05 10:48:40,731 [INFO] >>> Step 1: Portfolio & Price Fetch
2026-06-05 10:48:41,329 [INFO] Fetching real-time prices from Broker...
2026-06-05 10:48:45,989 [INFO] Portfolio: Cash=KRW 3,008,572, Value=KRW 25,024,567
2026-06-05 10:48:45,989 [INFO] >>> Step 2: Load Positions
2026-06-05 10:48:45,989 [INFO] Loaded 25 position lot(s)
2026-06-05 10:48:45,990 [INFO] >>> Step 2.5: Reconcile OK (수량 일치)
2026-06-05 10:48:45,991 [INFO] >>> Processing 삼성전자(005930)
2026-06-05 10:48:45,991 [INFO] [삼성전자(005930)] trailing 벌크 매도 발동: Lv1~Lv1 3주 (+22.3%)
2026-06-05 10:48:45,991 [INFO] Executing 1 order(s)...
2026-06-05 10:48:45,991 [INFO] [KisBroker] Processing 1 SELL orders...
2026-06-05 10:48:47,025 [INFO] [KisDomestic] Order Sent: SELL 삼성전자(005930) 3 @ 334500 (ODNO=0021013400)
2026-06-05 10:48:47,388 [INFO] [KisDomestic] Order FILLED: 삼성전자(005930) ODNO=0021013400 price=334500.0 qty=3 fee=150.52499999999998
2026-06-05 10:48:47,588 [INFO] [Position] Trailing 벌크 청산: 삼성전자(005930) 3주 소진 (잔여 0주), 실현손익 KRW 181,349
2026-06-05 10:48:50,962 [ERROR] [KisDomestic] Error getting portfolio: 500 Server Error: Internal Server Error for url: https://openapi.koreainvestment.com:9443/uapi/domestic-stock/v1/trading/inquire-balance?CANO=73297247&ACNT_PRDT_CD=01&AFHR_FLPR_YN=N&OFL_YN=&INQR_DVSN=01&UNPR_DVSN=01&FUND_STTL_ICLD_YN=N&FNCG_AMT_AUTO_RDPT_YN=N&PRCS_DVSN=00&CTX_AREA_FK100=&CTX_AREA_NK100=
2026-06-05 10:48:50,963 [INFO] >>> Processing ACE 엔비디아밸류체인액티브(483320)
2026-06-05 10:48:50,964 [INFO]   [ACE 엔비디아밸류체인액티브(483320)] 신호 없음 | Lv1 매수 KRW 25,290 -> 현재 KRW 30,710 (+21.43%) | 익절 +10.0% / 추매 -5.0%
2026-06-05 10:48:50,964 [INFO] >>> Processing 현대차(005380)
2026-06-05 10:48:50,964 [INFO] [현대차(005380)] 현금 부족: 보유 현금 KRW 0 < 현재가 KRW 665,000 (1주도 매수 불가) -> 매수 보류
2026-06-05 10:48:51,267 [INFO] >>> Processing 미래에셋증권(006800)
2026-06-05 10:48:51,267 [INFO]   [미래에셋증권(006800)] 신호 없음 | Lv3 매수 KRW 59,000 -> 현재 KRW 56,500 (-4.24%) | 익절 +10.0% / 추매 -5.0%
2026-06-05 10:48:51,267 [INFO] >>> Processing KODEX 증권(102970)
2026-06-05 10:48:51,268 [INFO]   [KODEX 증권(102970)] 신호 없음 | Lv1 매수 KRW 26,355 -> 현재 KRW 25,360 (-3.78%) | 익절 +10.0% / 추매 -5.0%
2026-06-05 10:48:51,268 [INFO] >>> Processing TIGER 지주회사(307520)
2026-06-05 10:48:51,268 [INFO] [TIGER 지주회사(307520)] 현금 부족: 보유 현금 KRW 0 < 현재가 KRW 24,340 (1주도 매수 불가) -> 매수 보류
2026-06-05 10:48:51,559 [INFO] >>> Processing 메리츠금융지주(138040)
2026-06-05 10:48:51,559 [INFO]   [메리츠금융지주(138040)] 신호 없음 | Lv2 매수 KRW 102,300 -> 현재 KRW 107,300 (+4.89%) | 익절 +10.0% / 추매 -5.0%
2026-06-05 10:48:51,560 [INFO] >>> Processing KODEX 미국S&P500에너지(합성)(218420)
2026-06-05 10:48:51,560 [INFO]   [KODEX 미국S&P500에너지(합성)(218420)] 신호 없음 | Lv2 매수 KRW 19,905 -> 현재 KRW 21,025 (+5.63%) | 익절 +10.0% / 추매 -5.0%
2026-06-05 10:48:51,560 [INFO] >>> Processing KODEX 미국S&P500금융(453650)
2026-06-05 10:48:51,560 [INFO]   [KODEX 미국S&P500금융(453650)] 신호 없음 | Lv1 매수 KRW 18,975 -> 현재 KRW 19,545 (+3.00%) | 익절 +10.0% / 추매 -5.0%
2026-06-05 10:48:51,561 [INFO] >>> Processing KODEX 미국S&P500필수소비재(453630)
2026-06-05 10:48:51,561 [INFO]   [KODEX 미국S&P500필수소비재(453630)] 신호 없음 | Lv1 매수 KRW 13,600 -> 현재 KRW 13,225 (-2.76%) | 익절 +10.0% / 추매 -5.0%
2026-06-05 10:48:51,561 [INFO] >>> Processing ACE 테슬라밸류체인액티브(457480)
2026-06-05 10:48:51,562 [INFO]   [ACE 테슬라밸류체인액티브(457480)] 신호 없음 | Lv1 매수 KRW 23,625 -> 현재 KRW 24,030 (+1.71%) | 익절 +10.0% / 추매 -5.0%
2026-06-05 10:48:51,562 [INFO] >>> Processing SOL 반도체전공정(475300)
2026-06-05 10:48:51,562 [INFO] [SOL 반도체전공정(475300)] trailing 벌크 매도 발동: Lv2~Lv4 136주 (+12.4%)
2026-06-05 10:48:51,562 [INFO] Executing 1 order(s)...
2026-06-05 10:48:51,562 [INFO] [KisBroker] Processing 1 SELL orders...
2026-06-05 10:48:52,985 [INFO] [KisDomestic] Order Sent: SELL SOL 반도체전공정(475300) 136 @ 24540 (ODNO=0021022600)
2026-06-05 10:48:53,362 [INFO] [KisDomestic] Order FILLED: SOL 반도체전공정(475300) ODNO=0021022600 price=24540.0 qty=136 fee=500.61599999999993
2026-06-05 10:48:53,562 [INFO] [Position] Trailing 벌크 청산: SOL 반도체전공정(475300) 136주 소진 (잔여 41주), 실현손익 KRW 361,429
2026-06-05 10:48:56,942 [ERROR] [KisDomestic] Error getting portfolio: 500 Server Error: Internal Server Error for url: https://openapi.koreainvestment.com:9443/uapi/domestic-stock/v1/trading/inquire-balance?CANO=73297247&ACNT_PRDT_CD=01&AFHR_FLPR_YN=N&OFL_YN=&INQR_DVSN=01&UNPR_DVSN=01&FUND_STTL_ICLD_YN=N&FNCG_AMT_AUTO_RDPT_YN=N&PRCS_DVSN=00&CTX_AREA_FK100=&CTX_AREA_NK100=
2026-06-05 10:48:56,943 [INFO] >>> Processing 테스(095610)
2026-06-05 10:48:56,944 [INFO] [테스(095610)] Lv3: trailing 고점 갱신 -> KRW 140,000 (스톱가 KRW 133,000)
2026-06-05 10:48:56,944 [INFO]   [테스(095610)] 신호 없음 | Lv3 매수 KRW 119,500 -> 현재 KRW 140,000 (+17.15%) | 익절 +10.0% / 추매 -5.0%
2026-06-05 10:48:56,944 [INFO] >>> Processing KoAct 글로벌AI메모리반도체액티브(0174B0)
2026-06-05 10:48:56,945 [INFO]   [KoAct 글로벌AI메모리반도체액티브(0174B0)] 신호 없음 | Lv1 매수 KRW 16,410 -> 현재 KRW 17,405 (+6.06%) | 익절 +10.0% / 추매 -5.0%
2026-06-05 10:48:56,945 [INFO] >>> Processing SOL 미국양자컴퓨팅TOP10(0023A0)
2026-06-05 10:48:56,945 [INFO]   [SOL 미국양자컴퓨팅TOP10(0023A0)] 신호 없음 | Lv1 매수 KRW 36,450 -> 현재 KRW 36,725 (+0.75%) | 익절 +10.0% / 추매 -5.0%
2026-06-05 10:48:56,946 [INFO] >>> Processing NAVER(035420)
2026-06-05 10:48:56,946 [INFO] [NAVER(035420)] trailing 벌크 매도 발동: Lv1~Lv1 4주 (+15.3%)
2026-06-05 10:48:56,946 [INFO] Executing 1 order(s)...
2026-06-05 10:48:56,946 [INFO] [KisBroker] Processing 1 SELL orders...
2026-06-05 10:48:58,557 [INFO] [KisDomestic] Order Sent: SELL NAVER(035420) 4 @ 252000 (ODNO=0021031400)
2026-06-05 10:48:58,918 [INFO] [KisDomestic] Order FILLED: NAVER(035420) ODNO=0021031400 price=252000.0 qty=4 fee=151.2
2026-06-05 10:48:59,119 [INFO] [Position] Trailing 벌크 청산: NAVER(035420) 4주 소진 (잔여 0주), 실현손익 KRW 131,849
2026-06-05 10:49:02,493 [ERROR] [KisDomestic] Error getting portfolio: 500 Server Error: Internal Server Error for url: https://openapi.koreainvestment.com:9443/uapi/domestic-stock/v1/trading/inquire-balance?CANO=73297247&ACNT_PRDT_CD=01&AFHR_FLPR_YN=N&OFL_YN=&INQR_DVSN=01&UNPR_DVSN=01&FUND_STTL_ICLD_YN=N&FNCG_AMT_AUTO_RDPT_YN=N&PRCS_DVSN=00&CTX_AREA_FK100=&CTX_AREA_NK100=
2026-06-05 10:49:02,494 [INFO] >>> Processing HANARO 글로벌금채굴기업(473640)
2026-06-05 10:49:02,495 [INFO]   [HANARO 글로벌금채굴기업(473640)] 신호 없음 | Lv1 매수 KRW 34,080 -> 현재 KRW 34,350 (+0.79%) | 익절 +10.0% / 추매 -5.0%
2026-06-05 10:49:02,495 [INFO] >>> Step 6: Persist
2026-06-05 11:44:18,428 [INFO] === Initializing MagicSplit Bot (domestic) ===
2026-06-05 11:44:18,428 [INFO] Loaded 18 stock rule(s) from config_domestic.json
2026-06-05 11:44:18,429 [INFO] [domestic] 17 rule(s), mode=LIVE
2026-06-05 11:44:18,429 [INFO] [KisBroker] 캐시에서 토큰 로드 (API 호출 생략)
2026-06-05 11:44:18,429 [INFO] [KisDomesticLiveBroker] Mode: LIVE TRADING
2026-06-05 11:44:18,429 [INFO] === Running domestic engine ===
2026-06-05 11:44:18,429 [INFO] >>> Step 1: Portfolio & Price Fetch
2026-06-05 11:44:19,262 [INFO] Fetching real-time prices from Broker...
2026-06-05 11:44:23,451 [INFO] Portfolio: Cash=KRW 8,352,730, Value=KRW 25,168,945
2026-06-05 11:44:23,451 [INFO] >>> Step 2: Load Positions
2026-06-05 11:44:23,451 [INFO] Loaded 20 position lot(s)
2026-06-05 11:44:23,452 [INFO] >>> Step 2.5: Reconcile OK (수량 일치)
2026-06-05 11:44:23,453 [INFO] >>> Processing 삼성전자(005930)
2026-06-05 11:44:23,453 [INFO] [삼성전자(005930)] 보유 lot 없음 -> 초기 매수 Lv1 2주 @KRW 338,500
2026-06-05 11:44:23,453 [INFO] Executing 1 order(s)...
2026-06-05 11:44:23,787 [ERROR] [KisDomestic] Error getting portfolio: 500 Server Error: Internal Server Error for url: https://openapi.koreainvestment.com:9443/uapi/domestic-stock/v1/trading/inquire-balance?CANO=73297247&ACNT_PRDT_CD=01&AFHR_FLPR_YN=N&OFL_YN=&INQR_DVSN=01&UNPR_DVSN=01&FUND_STTL_ICLD_YN=N&FNCG_AMT_AUTO_RDPT_YN=N&PRCS_DVSN=00&CTX_AREA_FK100=&CTX_AREA_NK100=
2026-06-05 11:44:23,788 [INFO] [KisBroker] Available Cash for BUY: 0
2026-06-05 11:44:24,376 [WARNING] Qty Adjusted: 삼성전자(005930) 2 -> 0
2026-06-05 11:44:24,623 [INFO] >>> Processing ACE 엔비디아밸류체인액티브(483320)
2026-06-05 11:44:24,624 [INFO]   [ACE 엔비디아밸류체인액티브(483320)] 신호 없음 | Lv1 매수 KRW 25,290 -> 현재 KRW 30,940 (+22.34%) | 익절 +10.0% / 추매 -5.0%
2026-06-05 11:44:24,624 [INFO] >>> Processing 현대차(005380)
2026-06-05 11:44:24,624 [INFO] [현대차(005380)] 보유 lot 없음 -> 초기 매수 Lv1 2주 @KRW 678,000
2026-06-05 11:44:24,624 [INFO] Executing 1 order(s)...
2026-06-05 11:44:24,960 [ERROR] [KisDomestic] Error getting portfolio: 500 Server Error: Internal Server Error for url: https://openapi.koreainvestment.com:9443/uapi/domestic-stock/v1/trading/inquire-balance?CANO=73297247&ACNT_PRDT_CD=01&AFHR_FLPR_YN=N&OFL_YN=&INQR_DVSN=01&UNPR_DVSN=01&FUND_STTL_ICLD_YN=N&FNCG_AMT_AUTO_RDPT_YN=N&PRCS_DVSN=00&CTX_AREA_FK100=&CTX_AREA_NK100=
2026-06-05 11:44:24,961 [INFO] [KisBroker] Available Cash for BUY: 0
2026-06-05 11:44:25,526 [WARNING] Qty Adjusted: 현대차(005380) 2 -> 0
2026-06-05 11:44:25,768 [INFO] >>> Processing 미래에셋증권(006800)
2026-06-05 11:44:25,769 [INFO]   [미래에셋증권(006800)] 신호 없음 | Lv3 매수 KRW 59,000 -> 현재 KRW 57,000 (-3.39%) | 익절 +10.0% / 추매 -5.0%
2026-06-05 11:44:25,769 [INFO] >>> Processing KODEX 증권(102970)
2026-06-05 11:44:25,769 [INFO]   [KODEX 증권(102970)] 신호 없음 | Lv1 매수 KRW 26,355 -> 현재 KRW 25,705 (-2.47%) | 익절 +10.0% / 추매 -5.0%
2026-06-05 11:44:25,769 [INFO] >>> Processing TIGER 지주회사(307520)
2026-06-05 11:44:25,770 [INFO]   [TIGER 지주회사(307520)] 신호 없음 | Lv1 매수 KRW 26,000 -> 현재 KRW 24,820 (-4.54%) | 익절 +10.0% / 추매 -5.0%
2026-06-05 11:44:25,770 [INFO] >>> Processing 메리츠금융지주(138040)
2026-06-05 11:44:25,770 [INFO]   [메리츠금융지주(138040)] 신호 없음 | Lv2 매수 KRW 102,300 -> 현재 KRW 107,600 (+5.18%) | 익절 +10.0% / 추매 -5.0%
2026-06-05 11:44:25,771 [INFO] >>> Processing KODEX 미국S&P500에너지(합성)(218420)
2026-06-05 11:44:25,771 [INFO]   [KODEX 미국S&P500에너지(합성)(218420)] 신호 없음 | Lv2 매수 KRW 19,905 -> 현재 KRW 20,995 (+5.48%) | 익절 +10.0% / 추매 -5.0%
2026-06-05 11:44:25,771 [INFO] >>> Processing KODEX 미국S&P500금융(453650)
2026-06-05 11:44:25,772 [INFO]   [KODEX 미국S&P500금융(453650)] 신호 없음 | Lv1 매수 KRW 18,975 -> 현재 KRW 19,570 (+3.14%) | 익절 +10.0% / 추매 -5.0%
2026-06-05 11:44:25,772 [INFO] >>> Processing KODEX 미국S&P500필수소비재(453630)
2026-06-05 11:44:25,772 [INFO]   [KODEX 미국S&P500필수소비재(453630)] 신호 없음 | Lv1 매수 KRW 13,600 -> 현재 KRW 13,230 (-2.72%) | 익절 +10.0% / 추매 -5.0%
2026-06-05 11:44:25,772 [INFO] >>> Processing ACE 테슬라밸류체인액티브(457480)
2026-06-05 11:44:25,773 [INFO]   [ACE 테슬라밸류체인액티브(457480)] 신호 없음 | Lv1 매수 KRW 23,625 -> 현재 KRW 24,280 (+2.77%) | 익절 +10.0% / 추매 -5.0%
2026-06-05 11:44:25,773 [INFO] >>> Processing SOL 반도체전공정(475300)
2026-06-05 11:44:25,773 [INFO]   [SOL 반도체전공정(475300)] 신호 없음 | Lv1 매수 KRW 24,105 -> 현재 KRW 25,435 (+5.52%) | 익절 +10.0% / 추매 -5.0%
2026-06-05 11:44:25,774 [INFO] >>> Processing 테스(095610)
2026-06-05 11:44:25,774 [INFO] [테스(095610)] Lv3: trailing 고점 갱신 -> KRW 142,800 (스톱가 KRW 135,660)
2026-06-05 11:44:25,774 [INFO] [테스(095610)] Lv2: trailing 활성화 (매수가 대비 +12.2%, 스톱가 KRW 135,660)
2026-06-05 11:44:26,263 [INFO] >>> Processing KoAct 글로벌AI메모리반도체액티브(0174B0)
2026-06-05 11:44:26,264 [INFO]   [KoAct 글로벌AI메모리반도체액티브(0174B0)] 신호 없음 | Lv1 매수 KRW 16,410 -> 현재 KRW 17,665 (+7.65%) | 익절 +10.0% / 추매 -5.0%
2026-06-05 11:44:26,264 [INFO] >>> Processing SOL 미국양자컴퓨팅TOP10(0023A0)
2026-06-05 11:44:26,264 [INFO]   [SOL 미국양자컴퓨팅TOP10(0023A0)] 신호 없음 | Lv1 매수 KRW 36,450 -> 현재 KRW 36,875 (+1.17%) | 익절 +10.0% / 추매 -5.0%
2026-06-05 11:44:26,264 [INFO] >>> Processing NAVER(035420)
2026-06-05 11:44:26,265 [INFO] [NAVER(035420)] 보유 lot 없음 -> 초기 매수 Lv1 3주 @KRW 252,500
2026-06-05 11:44:26,265 [INFO] Executing 1 order(s)...
2026-06-05 11:44:26,604 [ERROR] [KisDomestic] Error getting portfolio: 500 Server Error: Internal Server Error for url: https://openapi.koreainvestment.com:9443/uapi/domestic-stock/v1/trading/inquire-balance?CANO=73297247&ACNT_PRDT_CD=01&AFHR_FLPR_YN=N&OFL_YN=&INQR_DVSN=01&UNPR_DVSN=01&FUND_STTL_ICLD_YN=N&FNCG_AMT_AUTO_RDPT_YN=N&PRCS_DVSN=00&CTX_AREA_FK100=&CTX_AREA_NK100=
2026-06-05 11:44:26,605 [INFO] [KisBroker] Available Cash for BUY: 0
2026-06-05 11:44:27,187 [WARNING] Qty Adjusted: NAVER(035420) 3 -> 0
2026-06-05 11:44:27,421 [INFO] >>> Processing HANARO 글로벌금채굴기업(473640)
2026-06-05 11:44:27,421 [INFO]   [HANARO 글로벌금채굴기업(473640)] 신호 없음 | Lv1 매수 KRW 34,080 -> 현재 KRW 34,280 (+0.59%) | 익절 +10.0% / 추매 -5.0%
2026-06-05 11:44:27,422 [INFO] >>> Step 6: Persist
2026-06-05 14:06:04,360 [INFO] === Initializing MagicSplit Bot (domestic) ===
2026-06-05 14:06:04,360 [INFO] Loaded 18 stock rule(s) from config_domestic.json
2026-06-05 14:06:04,360 [INFO] [domestic] 17 rule(s), mode=LIVE
2026-06-05 14:06:04,360 [INFO] [KisBroker] 캐시에서 토큰 로드 (API 호출 생략)
2026-06-05 14:06:04,360 [INFO] [KisDomesticLiveBroker] Mode: LIVE TRADING
2026-06-05 14:06:04,361 [INFO] === Running domestic engine ===
2026-06-05 14:06:04,361 [INFO] >>> Step 1: Portfolio & Price Fetch
2026-06-05 14:06:05,432 [INFO] Fetching real-time prices from Broker...
2026-06-05 14:06:09,567 [INFO] Portfolio: Cash=KRW 8,352,730, Value=KRW 25,083,820
2026-06-05 14:06:09,567 [INFO] >>> Step 2: Load Positions
2026-06-05 14:06:09,567 [INFO] Loaded 20 position lot(s)
2026-06-05 14:06:09,568 [INFO] >>> Step 2.5: Reconcile OK (수량 일치)
2026-06-05 14:06:09,569 [INFO] >>> Processing 삼성전자(005930)
2026-06-05 14:06:09,569 [INFO] [삼성전자(005930)] 보유 lot 없음 -> 초기 매수 Lv1 2주 @KRW 335,500
2026-06-05 14:06:09,569 [INFO] Executing 1 order(s)...
2026-06-05 14:06:09,910 [ERROR] [KisDomestic] Error getting portfolio: 500 Server Error: Internal Server Error for url: https://openapi.koreainvestment.com:9443/uapi/domestic-stock/v1/trading/inquire-balance?CANO=73297247&ACNT_PRDT_CD=01&AFHR_FLPR_YN=N&OFL_YN=&INQR_DVSN=01&UNPR_DVSN=01&FUND_STTL_ICLD_YN=N&FNCG_AMT_AUTO_RDPT_YN=N&PRCS_DVSN=00&CTX_AREA_FK100=&CTX_AREA_NK100=
2026-06-05 14:06:09,911 [INFO] [KisBroker] Available Cash for BUY: 0
2026-06-05 14:06:10,548 [WARNING] Qty Adjusted: 삼성전자(005930) 2 -> 0
2026-06-05 14:06:10,838 [INFO] >>> Processing ACE 엔비디아밸류체인액티브(483320)
2026-06-05 14:06:10,839 [INFO]   [ACE 엔비디아밸류체인액티브(483320)] 신호 없음 | Lv1 매수 KRW 25,290 -> 현재 KRW 30,770 (+21.67%) | 익절 +10.0% / 추매 -5.0%
2026-06-05 14:06:10,839 [INFO] >>> Processing 현대차(005380)
2026-06-05 14:06:10,839 [INFO] [현대차(005380)] 보유 lot 없음 -> 초기 매수 Lv1 2주 @KRW 684,000
2026-06-05 14:06:10,839 [INFO] Executing 1 order(s)...
2026-06-05 14:06:11,339 [INFO] [KisBroker] Available Cash for BUY: 8,352,730
2026-06-05 14:06:12,531 [INFO] [KisDomestic] Order Sent: BUY 현대차(005380) 2 @ 685000 (ODNO=0032735400)
2026-06-05 14:06:12,838 [INFO] [KisDomestic] Order FILLED: 현대차(005380) ODNO=0032735400 price=685000.0 qty=2 fee=205.49999999999997
2026-06-05 14:06:13,039 [INFO] [현대차(005380)] 동적 재매수 기준 초기화 (매도가 KRW 706,000 -> 소비됨)
2026-06-05 14:06:13,039 [INFO] [Position] New lot: lot_20260605_140613_005380_001 Lv1 현대차(005380) 2주 @KRW 685,000
2026-06-05 14:06:16,425 [INFO] >>> Processing 미래에셋증권(006800)
2026-06-05 14:06:16,426 [INFO]   [미래에셋증권(006800)] 신호 없음 | Lv3 매수 KRW 59,000 -> 현재 KRW 56,600 (-4.07%) | 익절 +10.0% / 추매 -5.0%
2026-06-05 14:06:16,426 [INFO] >>> Processing KODEX 증권(102970)
2026-06-05 14:06:16,426 [INFO]   [KODEX 증권(102970)] 신호 없음 | Lv1 매수 KRW 26,355 -> 현재 KRW 25,390 (-3.66%) | 익절 +10.0% / 추매 -5.0%
2026-06-05 14:06:16,427 [INFO] >>> Processing TIGER 지주회사(307520)
2026-06-05 14:06:16,427 [INFO]   [TIGER 지주회사(307520)] 신호 없음 | Lv1 매수 KRW 26,000 -> 현재 KRW 24,815 (-4.56%) | 익절 +10.0% / 추매 -5.0%
2026-06-05 14:06:16,427 [INFO] >>> Processing 메리츠금융지주(138040)
2026-06-05 14:06:16,427 [INFO]   [메리츠금융지주(138040)] 신호 없음 | Lv2 매수 KRW 102,300 -> 현재 KRW 107,100 (+4.69%) | 익절 +10.0% / 추매 -5.0%
2026-06-05 14:06:16,428 [INFO] >>> Processing KODEX 미국S&P500에너지(합성)(218420)
2026-06-05 14:06:16,428 [INFO]   [KODEX 미국S&P500에너지(합성)(218420)] 신호 없음 | Lv2 매수 KRW 19,905 -> 현재 KRW 20,945 (+5.22%) | 익절 +10.0% / 추매 -5.0%
2026-06-05 14:06:16,428 [INFO] >>> Processing KODEX 미국S&P500금융(453650)
2026-06-05 14:06:16,429 [INFO]   [KODEX 미국S&P500금융(453650)] 신호 없음 | Lv1 매수 KRW 18,975 -> 현재 KRW 19,490 (+2.71%) | 익절 +10.0% / 추매 -5.0%
2026-06-05 14:06:16,429 [INFO] >>> Processing KODEX 미국S&P500필수소비재(453630)
2026-06-05 14:06:16,429 [INFO]   [KODEX 미국S&P500필수소비재(453630)] 신호 없음 | Lv1 매수 KRW 13,600 -> 현재 KRW 13,230 (-2.72%) | 익절 +10.0% / 추매 -5.0%
2026-06-05 14:06:16,429 [INFO] >>> Processing ACE 테슬라밸류체인액티브(457480)
2026-06-05 14:06:16,430 [INFO]   [ACE 테슬라밸류체인액티브(457480)] 신호 없음 | Lv1 매수 KRW 23,625 -> 현재 KRW 24,380 (+3.20%) | 익절 +10.0% / 추매 -5.0%
2026-06-05 14:06:16,430 [INFO] >>> Processing SOL 반도체전공정(475300)
2026-06-05 14:06:16,430 [INFO]   [SOL 반도체전공정(475300)] 신호 없음 | Lv1 매수 KRW 24,105 -> 현재 KRW 24,995 (+3.69%) | 익절 +10.0% / 추매 -5.0%
2026-06-05 14:06:16,431 [INFO] >>> Processing 테스(095610)
2026-06-05 14:06:16,431 [INFO] [테스(095610)] Lv3: trailing 고점 갱신 -> KRW 143,100 (스톱가 KRW 135,945)
2026-06-05 14:06:16,431 [INFO] [테스(095610)] Lv2: trailing 고점 갱신 -> KRW 143,100 (스톱가 KRW 135,945)
2026-06-05 14:06:16,432 [INFO]   [테스(095610)] 신호 없음 | Lv3 매수 KRW 119,500 -> 현재 KRW 143,100 (+19.75%) | 익절 +10.0% / 추매 -5.0%
2026-06-05 14:06:16,432 [INFO] >>> Processing KoAct 글로벌AI메모리반도체액티브(0174B0)
2026-06-05 14:06:16,432 [INFO]   [KoAct 글로벌AI메모리반도체액티브(0174B0)] 신호 없음 | Lv1 매수 KRW 16,410 -> 현재 KRW 17,495 (+6.61%) | 익절 +10.0% / 추매 -5.0%
2026-06-05 14:06:16,432 [INFO] >>> Processing SOL 미국양자컴퓨팅TOP10(0023A0)
2026-06-05 14:06:16,433 [INFO]   [SOL 미국양자컴퓨팅TOP10(0023A0)] 신호 없음 | Lv1 매수 KRW 36,450 -> 현재 KRW 36,775 (+0.89%) | 익절 +10.0% / 추매 -5.0%
2026-06-05 14:06:16,433 [INFO] >>> Processing NAVER(035420)
2026-06-05 14:06:16,433 [INFO] [NAVER(035420)] 보유 lot 없음 -> 초기 매수 Lv1 3주 @KRW 265,500
2026-06-05 14:06:16,433 [INFO] Executing 1 order(s)...
2026-06-05 14:06:16,775 [ERROR] [KisDomestic] Error getting portfolio: 500 Server Error: Internal Server Error for url: https://openapi.koreainvestment.com:9443/uapi/domestic-stock/v1/trading/inquire-balance?CANO=73297247&ACNT_PRDT_CD=01&AFHR_FLPR_YN=N&OFL_YN=&INQR_DVSN=01&UNPR_DVSN=01&FUND_STTL_ICLD_YN=N&FNCG_AMT_AUTO_RDPT_YN=N&PRCS_DVSN=00&CTX_AREA_FK100=&CTX_AREA_NK100=
2026-06-05 14:06:16,775 [INFO] [KisBroker] Available Cash for BUY: 0
2026-06-05 14:06:17,378 [WARNING] Qty Adjusted: NAVER(035420) 3 -> 0
2026-06-05 14:06:17,646 [INFO] >>> Processing HANARO 글로벌금채굴기업(473640)
2026-06-05 14:06:17,647 [INFO]   [HANARO 글로벌금채굴기업(473640)] 신호 없음 | Lv1 매수 KRW 34,080 -> 현재 KRW 34,080 (+0.00%) | 익절 +10.0% / 추매 -5.0%
2026-06-05 14:06:17,647 [INFO] >>> Step 6: Persist
