2026-06-02 09:05:56,286 [INFO] === Initializing MagicSplit Bot (domestic) ===
2026-06-02 09:05:56,286 [INFO] Loaded 18 stock rule(s) from config_domestic.json
2026-06-02 09:05:56,286 [INFO] [domestic] 17 rule(s), mode=LIVE
2026-06-02 09:05:56,286 [INFO] [KisBroker] 캐시에서 토큰 로드 (API 호출 생략)
2026-06-02 09:05:56,286 [INFO] [KisDomesticLiveBroker] Mode: LIVE TRADING
2026-06-02 09:05:56,286 [INFO] === Running domestic engine ===
2026-06-02 09:05:56,286 [INFO] >>> Step 1: Portfolio & Price Fetch
2026-06-02 09:05:57,799 [INFO] Fetching real-time prices from Broker...
2026-06-02 09:06:03,855 [INFO] Portfolio: Cash=KRW 6,259,879, Value=KRW 24,293,214
2026-06-02 09:06:03,855 [INFO] >>> Step 2: Load Positions
2026-06-02 09:06:03,856 [INFO] Loaded 22 position lot(s)
2026-06-02 09:06:03,856 [INFO] >>> Step 2.5: Reconcile OK (수량 일치)
2026-06-02 09:06:03,857 [INFO] >>> Processing 삼성전자(005930)
2026-06-02 09:06:03,857 [INFO] [삼성전자(005930)] Lv1: trailing 고점 갱신 -> KRW 368,000 (스톱가 KRW 349,600)
2026-06-02 09:06:03,857 [INFO]   [삼성전자(005930)] 신호 없음 | Lv1 매수 KRW 274,000 -> 현재 KRW 368,000 (+34.31%) | 익절 +10.0% / 추매 -5.0%
2026-06-02 09:06:03,857 [INFO] >>> Processing ACE 엔비디아밸류체인액티브(483320)
2026-06-02 09:06:03,858 [INFO] [ACE 엔비디아밸류체인액티브(483320)] Lv1: trailing 고점 갱신 -> KRW 31,080 (스톱가 KRW 29,526)
2026-06-02 09:06:03,858 [INFO]   [ACE 엔비디아밸류체인액티브(483320)] 신호 없음 | Lv1 매수 KRW 25,290 -> 현재 KRW 31,080 (+22.89%) | 익절 +10.0% / 추매 -5.0%
2026-06-02 09:06:03,858 [INFO] >>> Processing 현대차(005380)
2026-06-02 09:06:03,858 [INFO]   [현대차(005380)] 신호 없음 | Lv1 매수 KRW 604,000 -> 현재 KRW 733,000 (+21.36%) | 익절 +10.0% / 추매 -5.0%
2026-06-02 09:06:03,858 [INFO] >>> Processing 미래에셋증권(006800)
2026-06-02 09:06:03,859 [INFO] [미래에셋증권(006800)] Lv2 매수가 KRW 62,600 대비 -5.9% -> 추가 매수 Lv3 8주 @KRW 58,900
2026-06-02 09:06:03,859 [INFO] Executing 1 order(s)...
2026-06-02 09:06:04,638 [INFO] [KisBroker] Available Cash for BUY: 6,259,879
2026-06-02 09:06:06,000 [INFO] [KisDomestic] Order Sent: BUY 미래에셋증권(006800) 8 @ 59100 (ODNO=0009286400)
2026-06-02 09:06:07,217 [INFO] [KisDomestic] Order FILLED: 미래에셋증권(006800) ODNO=0009286400 price=59000.0 qty=8 fee=70.8
2026-06-02 09:06:07,418 [INFO] [Position] New lot: lot_20260602_090607_006800_003 Lv3 미래에셋증권(006800) 8주 @KRW 59,000
2026-06-02 09:06:11,249 [INFO] >>> Processing KODEX 증권(102970)
2026-06-02 09:06:11,249 [INFO]   [KODEX 증권(102970)] 신호 없음 | Lv1 매수 KRW 26,355 -> 현재 KRW 25,400 (-3.62%) | 익절 +10.0% / 추매 -5.0%
2026-06-02 09:06:11,249 [INFO] >>> Processing TIGER 지주회사(307520)
2026-06-02 09:06:11,250 [INFO]   [TIGER 지주회사(307520)] 신호 없음 | Lv1 매수 KRW 26,000 -> 현재 KRW 25,945 (-0.21%) | 익절 +10.0% / 추매 -5.0%
2026-06-02 09:06:11,250 [INFO] >>> Processing 메리츠금융지주(138040)
2026-06-02 09:06:11,250 [INFO]   [메리츠금융지주(138040)] 신호 없음 | Lv2 매수 KRW 102,300 -> 현재 KRW 105,000 (+2.64%) | 익절 +10.0% / 추매 -5.0%
2026-06-02 09:06:11,250 [INFO] >>> Processing KODEX 미국S&P500에너지(합성)(218420)
2026-06-02 09:06:11,250 [INFO]   [KODEX 미국S&P500에너지(합성)(218420)] 신호 없음 | Lv2 매수 KRW 19,905 -> 현재 KRW 20,050 (+0.73%) | 익절 +10.0% / 추매 -5.0%
2026-06-02 09:06:11,251 [INFO] >>> Processing KODEX 미국S&P500금융(453650)
2026-06-02 09:06:11,251 [INFO]   [KODEX 미국S&P500금융(453650)] 신호 없음 | Lv1 매수 KRW 18,975 -> 현재 KRW 18,960 (-0.08%) | 익절 +10.0% / 추매 -5.0%
2026-06-02 09:06:11,251 [INFO] >>> Processing KODEX 미국S&P500필수소비재(453630)
2026-06-02 09:06:11,251 [INFO]   [KODEX 미국S&P500필수소비재(453630)] 신호 없음 | Lv1 매수 KRW 13,600 -> 현재 KRW 13,005 (-4.38%) | 익절 +10.0% / 추매 -5.0%
2026-06-02 09:06:11,251 [INFO] >>> Processing ACE 테슬라밸류체인액티브(457480)
2026-06-02 09:06:11,252 [INFO]   [ACE 테슬라밸류체인액티브(457480)] 신호 없음 | Lv1 매수 KRW 23,625 -> 현재 KRW 24,515 (+3.77%) | 익절 +10.0% / 추매 -5.0%
2026-06-02 09:06:11,252 [INFO] >>> Processing SOL 반도체전공정(475300)
2026-06-02 09:06:11,252 [INFO] [SOL 반도체전공정(475300)] Lv2 매수가 KRW 22,885 대비 -5.7% -> 추가 매수 Lv3 23주 @KRW 21,590
2026-06-02 09:06:11,252 [INFO] Executing 1 order(s)...
2026-06-02 09:06:12,000 [INFO] [KisBroker] Available Cash for BUY: 6,259,879
2026-06-02 09:06:13,714 [INFO] [KisDomestic] Order Sent: BUY SOL 반도체전공정(475300) 23 @ 21600 (ODNO=0009336300)
2026-06-02 09:06:19,197 [INFO] [KisDomestic] Order FILLED: SOL 반도체전공정(475300) ODNO=0009336300 price=21595.0 qty=23 fee=74.50274999999999
2026-06-02 09:06:19,398 [INFO] [Position] New lot: lot_20260602_090619_475300_003 Lv3 SOL 반도체전공정(475300) 23주 @KRW 21,595
2026-06-02 09:06:23,376 [INFO] >>> Processing 테스(095610)
2026-06-02 09:06:23,376 [INFO] [테스(095610)] Lv3 매수가 KRW 119,500 대비 -9.5% -> 추가 매수 Lv4 4주 @KRW 108,100
2026-06-02 09:06:23,376 [INFO] Executing 1 order(s)...
2026-06-02 09:06:24,223 [INFO] [KisBroker] Available Cash for BUY: 5,291,064
2026-06-02 09:06:24,466 [WARNING] [KisBroker] 스프레드 비정상 — 테스(095610) 매수 건너뜀 bid=107700.0 ask=108500.0 spread=0.74%
2026-06-02 09:06:24,745 [INFO] >>> Processing KoAct 글로벌AI메모리반도체액티브(0174B0)
2026-06-02 09:06:24,745 [INFO]   [KoAct 글로벌AI메모리반도체액티브(0174B0)] 신호 없음 | Lv1 매수 KRW 16,410 -> 현재 KRW 17,690 (+7.80%) | 익절 +10.0% / 추매 -5.0%
2026-06-02 09:06:24,746 [INFO] >>> Processing SOL 미국양자컴퓨팅TOP10(0023A0)
2026-06-02 09:06:24,746 [INFO]   [SOL 미국양자컴퓨팅TOP10(0023A0)] 신호 없음 | Lv1 매수 KRW 36,450 -> 현재 KRW 37,500 (+2.88%) | 익절 +10.0% / 추매 -5.0%
2026-06-02 09:06:24,746 [INFO] >>> Processing NAVER(035420)
2026-06-02 09:06:24,746 [INFO]   [NAVER(035420)] 신호 없음 | Lv1 매수 KRW 219,000 -> 현재 KRW 261,000 (+19.18%) | 익절 +10.0% / 추매 -5.0%
2026-06-02 09:06:24,747 [INFO] >>> Processing HANARO 글로벌금채굴기업(473640)
2026-06-02 09:06:24,747 [INFO] [HANARO 글로벌금채굴기업(473640)] 보유 lot 없음 -> 초기 매수 Lv1 29주 @KRW 34,035
2026-06-02 09:06:24,747 [INFO] Executing 1 order(s)...
2026-06-02 09:06:25,668 [INFO] [KisBroker] Available Cash for BUY: 5,291,064
2026-06-02 09:06:26,840 [INFO] [KisDomestic] Order Sent: BUY HANARO 글로벌금채굴기업(473640) 29 @ 34080 (ODNO=0009414100)
2026-06-02 09:06:27,283 [INFO] [KisDomestic] Order FILLED: HANARO 글로벌금채굴기업(473640) ODNO=0009414100 price=34080.0 qty=29 fee=148.248
2026-06-02 09:06:27,484 [INFO] [Position] New lot: lot_20260602_090627_473640_001 Lv1 HANARO 글로벌금채굴기업(473640) 29주 @KRW 34,080
2026-06-02 09:06:31,029 [INFO] >>> Step 6: Persist
2026-06-02 02:43:27,144 [INFO] === Manual Trade CLI: 475300 BUY amount=2000000.0 ===
2026-06-02 02:43:27,144 [INFO] [KisBroker] 캐시에서 토큰 로드 (API 호출 생략)
2026-06-02 02:43:27,144 [INFO] [KisDomesticLiveBroker] Mode: LIVE TRADING
2026-06-02 02:43:27,145 [INFO] === Manual Trade: SOL 반도체전공정(475300) BUY ===
2026-06-02 02:43:27,145 [INFO] >>> Step 1: Portfolio & Price Fetch
2026-06-02 02:43:28,067 [ERROR] [KisDomestic] Error getting portfolio: 500 Server Error: Internal Server Error for url: https://openapi.koreainvestment.com:9443/uapi/domestic-stock/v1/trading/inquire-balance?CANO=73297247&ACNT_PRDT_CD=01&AFHR_FLPR_YN=N&OFL_YN=&INQR_DVSN=01&UNPR_DVSN=01&FUND_STTL_ICLD_YN=N&FNCG_AMT_AUTO_RDPT_YN=N&PRCS_DVSN=00&CTX_AREA_FK100=&CTX_AREA_NK100=
2026-06-02 02:43:28,068 [INFO] Fetching real-time prices from Broker...
2026-06-02 02:43:32,952 [INFO] Portfolio: Cash=KRW 0, Value=KRW 0
2026-06-02 02:43:32,952 [INFO] >>> Step 2: Load Positions
2026-06-02 02:43:32,952 [INFO] Loaded 25 position lot(s)
2026-06-02 02:43:32,953 [INFO] 매수 금액 수동 지정: KRW 2,000,000
2026-06-02 02:43:32,953 [INFO] 매수 수량 도출: Lv4 buy_amount=KRW 2,000,000 / 현재가=KRW 21,665 = 92주
2026-06-02 02:43:32,953 [INFO] [SOL 반도체전공정(475300)] 수동 신호 생성: BUY Lv4 92주 @KRW 21,665
2026-06-02 02:43:32,953 [INFO] Executing 1 order(s)...
2026-06-02 02:43:33,503 [INFO] [KisBroker] Available Cash for BUY: 4,302,604
2026-06-02 02:43:34,694 [INFO] [KisDomestic] Order Sent: BUY SOL 반도체전공정(475300) 92 @ 21720 (ODNO=0034181900)
2026-06-02 02:43:35,017 [INFO] [KisDomestic] Order FILLED: SOL 반도체전공정(475300) ODNO=0034181900 price=21720.0 qty=92 fee=299.736
2026-06-02 02:43:35,218 [INFO] [Position] New lot: lot_20260602_024335_475300_004 Lv4 SOL 반도체전공정(475300) 92주 @KRW 21,720
2026-06-02 02:43:38,761 [INFO] >>> Step 6: Persist
2026-06-02 02:43:39,324 [INFO] === Manual Trade 완료 ===
