2026-06-22 10:00:58,243 [INFO] === Initializing MagicSplit Bot (domestic) ===
2026-06-22 10:00:58,244 [INFO] Loaded 20 stock rule(s) from config_domestic.json
2026-06-22 10:00:58,244 [INFO] [domestic] 15 rule(s), mode=LIVE
2026-06-22 10:00:58,244 [INFO] [KisBroker] 새 토큰 발급 중...
2026-06-22 10:00:59,124 [INFO] [KisDomesticLiveBroker] Mode: LIVE TRADING
2026-06-22 10:00:59,124 [INFO] === Running domestic engine ===
2026-06-22 10:00:59,124 [INFO] >>> Step 1: Portfolio & Price Fetch
2026-06-22 10:00:59,705 [INFO] Fetching real-time prices from Broker...
2026-06-22 10:01:04,706 [INFO] Portfolio: Cash=KRW 294,920, Value=KRW 32,210,414
2026-06-22 10:01:04,706 [INFO] >>> Step 2: Load Positions
2026-06-22 10:01:04,706 [INFO] Loaded 30 position lot(s)
2026-06-22 10:01:04,707 [INFO] >>> Step 2.5: Reconcile OK (수량 일치)
2026-06-22 10:01:04,708 [INFO] >>> Processing SOL 미국양자컴퓨팅TOP10(0023A0)
2026-06-22 10:01:04,708 [INFO]   [SOL 미국양자컴퓨팅TOP10(0023A0)] 신호 없음 | Lv2 매수 KRW 33,355 -> 현재 KRW 34,675 (+3.96%) | 익절 +10.0% / 추매 -5.0%
2026-06-22 10:01:04,709 [INFO] >>> Processing KODEX 미국S&P500필수소비재(453630)
2026-06-22 10:01:04,709 [INFO]   [KODEX 미국S&P500필수소비재(453630)] 신호 없음 | Lv1 매수 KRW 13,600 -> 현재 KRW 13,305 (-2.17%) | 익절 +10.0% / 추매 -5.0%
2026-06-22 10:01:04,709 [INFO] >>> Processing ACE 엔비디아밸류체인액티브(483320)
2026-06-22 10:01:04,709 [INFO]   [ACE 엔비디아밸류체인액티브(483320)] 신호 없음 | Lv1 매수 KRW 29,460 -> 현재 KRW 32,400 (+9.98%) | 익절 +10.0% / 추매 -5.0%
2026-06-22 10:01:04,709 [INFO] >>> Processing 원익IPS(240810)
2026-06-22 10:01:04,710 [INFO]   [원익IPS(240810)] 신호 없음 | Lv1 매수 KRW 154,000 -> 현재 KRW 166,300 (+7.99%) | 익절 +10.0% / 추매 -5.0%
2026-06-22 10:01:04,710 [INFO] >>> Processing ACE 테슬라밸류체인액티브(457480)
2026-06-22 10:01:04,710 [INFO]   [ACE 테슬라밸류체인액티브(457480)] 신호 없음 | Lv1 매수 KRW 23,625 -> 현재 KRW 23,942 (+1.34%) | 익절 +10.0% / 추매 -5.0%
2026-06-22 10:01:04,710 [INFO] >>> Processing KODEX 미국S&P500금융(453650)
2026-06-22 10:01:04,711 [INFO]   [KODEX 미국S&P500금융(453650)] 신호 없음 | Lv1 매수 KRW 18,975 -> 현재 KRW 19,860 (+4.66%) | 익절 +10.0% / 추매 -5.0%
2026-06-22 10:01:04,711 [INFO] >>> Processing TIGER 지주회사(307520)
2026-06-22 10:01:04,711 [INFO] [TIGER 지주회사(307520)] 현금 부족: 보유 현금 KRW 294,920 < 매수 예정 금액 KRW 493,200 (20주) -> 매수 보류
2026-06-22 10:01:05,431 [INFO] >>> Processing SOL 반도체전공정(475300)
2026-06-22 10:01:05,431 [INFO]   [SOL 반도체전공정(475300)] 신호 없음 | Lv2 매수 KRW 25,885 -> 현재 KRW 27,755 (+7.22%) | 익절 +10.0% / 추매 -5.0%
2026-06-22 10:01:05,431 [INFO] >>> Processing 테스(095610)
2026-06-22 10:01:05,432 [INFO]   [테스(095610)] 신호 없음 | Lv1 매수 KRW 169,200 -> 현재 KRW 180,300 (+6.56%) | 익절 +10.0% / 추매 -5.0%
2026-06-22 10:01:05,432 [INFO] >>> Processing KODEX 증권(102970)
2026-06-22 10:01:05,432 [INFO]   [KODEX 증권(102970)] 신호 없음 | Lv2 매수 KRW 23,865 -> 현재 KRW 22,890 (-4.09%) | 익절 +10.0% / 추매 -5.0%
2026-06-22 10:01:05,433 [INFO] >>> Processing KODEX 미국S&P500에너지(합성)(218420)
2026-06-22 10:01:05,433 [INFO]   [KODEX 미국S&P500에너지(합성)(218420)] 신호 없음 | Lv2 매수 KRW 19,905 -> 현재 KRW 19,090 (-4.09%) | 익절 +10.0% / 추매 -5.0%
2026-06-22 10:01:05,433 [INFO] >>> Processing 삼성전자(005930)
2026-06-22 10:01:05,434 [INFO] [삼성전자(005930)] 현금 부족: 보유 현금 KRW 294,920 < 현재가 KRW 357,000 (1주도 매수 불가) -> 매수 보류
2026-06-22 10:01:06,166 [INFO] >>> Processing 삼성전자우(005935)
2026-06-22 10:01:06,166 [INFO]   [삼성전자우(005935)] 신호 없음 | Lv3 매수 KRW 224,500 -> 현재 KRW 227,500 (+1.34%) | 익절 +10.0% / 추매 -5.0%
2026-06-22 10:01:06,167 [INFO] >>> Processing KoAct 글로벌AI메모리반도체액티브(0174B0)
2026-06-22 10:01:06,167 [INFO]   [KoAct 글로벌AI메모리반도체액티브(0174B0)] 신호 없음 | Lv1 매수 KRW 18,935 -> 현재 KRW 20,930 (+10.54%) | 익절 +10.0% / 추매 -5.0%
2026-06-22 10:01:06,167 [INFO] >>> Processing 메리츠금융지주(138040)
2026-06-22 10:01:06,168 [INFO]   [메리츠금융지주(138040)] 신호 없음 | Lv1 매수 KRW 109,100 -> 현재 KRW 107,000 (-1.92%) | 익절 +10.0% / 추매 -5.0%
2026-06-22 10:01:06,168 [INFO] >>> Step 6: Persist
2026-06-22 12:00:58,470 [INFO] === Initializing MagicSplit Bot (domestic) ===
2026-06-22 12:00:58,470 [INFO] Loaded 20 stock rule(s) from config_domestic.json
2026-06-22 12:00:58,470 [INFO] [domestic] 15 rule(s), mode=LIVE
2026-06-22 12:00:58,470 [INFO] [KisBroker] 캐시에서 토큰 로드 (API 호출 생략)
2026-06-22 12:00:58,471 [INFO] [KisDomesticLiveBroker] Mode: LIVE TRADING
2026-06-22 12:00:58,471 [INFO] === Running domestic engine ===
2026-06-22 12:00:58,471 [INFO] >>> Step 1: Portfolio & Price Fetch
2026-06-22 12:00:59,808 [INFO] Fetching real-time prices from Broker...
2026-06-22 12:01:04,265 [INFO] Portfolio: Cash=KRW 294,920, Value=KRW 32,201,805
2026-06-22 12:01:04,265 [INFO] >>> Step 2: Load Positions
2026-06-22 12:01:04,265 [INFO] Loaded 30 position lot(s)
2026-06-22 12:01:04,266 [INFO] >>> Step 2.5: Reconcile OK (수량 일치)
2026-06-22 12:01:04,267 [INFO] >>> Processing KoAct 글로벌AI메모리반도체액티브(0174B0)
2026-06-22 12:01:04,267 [INFO] [KoAct 글로벌AI메모리반도체액티브(0174B0)] Lv1: trailing 고점 갱신 -> KRW 21,080 (스톱가 KRW 20,026)
2026-06-22 12:01:04,267 [INFO]   [KoAct 글로벌AI메모리반도체액티브(0174B0)] 신호 없음 | Lv1 매수 KRW 18,935 -> 현재 KRW 21,080 (+11.33%) | 익절 +10.0% / 추매 -5.0%
2026-06-22 12:01:04,268 [INFO] >>> Processing KODEX 미국S&P500에너지(합성)(218420)
2026-06-22 12:01:04,268 [INFO]   [KODEX 미국S&P500에너지(합성)(218420)] 신호 없음 | Lv2 매수 KRW 19,905 -> 현재 KRW 19,050 (-4.30%) | 익절 +10.0% / 추매 -5.0%
2026-06-22 12:01:04,268 [INFO] >>> Processing 원익IPS(240810)
2026-06-22 12:01:04,269 [INFO]   [원익IPS(240810)] 신호 없음 | Lv1 매수 KRW 154,000 -> 현재 KRW 168,200 (+9.22%) | 익절 +10.0% / 추매 -5.0%
2026-06-22 12:01:04,269 [INFO] >>> Processing SOL 미국양자컴퓨팅TOP10(0023A0)
2026-06-22 12:01:04,269 [INFO]   [SOL 미국양자컴퓨팅TOP10(0023A0)] 신호 없음 | Lv2 매수 KRW 33,355 -> 현재 KRW 34,790 (+4.30%) | 익절 +10.0% / 추매 -5.0%
2026-06-22 12:01:04,269 [INFO] >>> Processing 메리츠금융지주(138040)
2026-06-22 12:01:04,269 [INFO]   [메리츠금융지주(138040)] 신호 없음 | Lv1 매수 KRW 109,100 -> 현재 KRW 104,800 (-3.94%) | 익절 +10.0% / 추매 -5.0%
2026-06-22 12:01:04,270 [INFO] >>> Processing TIGER 지주회사(307520)
2026-06-22 12:01:04,270 [INFO] [TIGER 지주회사(307520)] 현금 부족: 보유 현금 KRW 294,920 < 매수 예정 금액 KRW 488,900 (20주) -> 매수 보류
2026-06-22 12:01:04,555 [INFO] >>> Processing 삼성전자우(005935)
2026-06-22 12:01:04,556 [INFO]   [삼성전자우(005935)] 신호 없음 | Lv3 매수 KRW 224,500 -> 현재 KRW 228,500 (+1.78%) | 익절 +10.0% / 추매 -5.0%
2026-06-22 12:01:04,556 [INFO] >>> Processing KODEX 미국S&P500금융(453650)
2026-06-22 12:01:04,557 [INFO]   [KODEX 미국S&P500금융(453650)] 신호 없음 | Lv1 매수 KRW 18,975 -> 현재 KRW 19,960 (+5.19%) | 익절 +10.0% / 추매 -5.0%
2026-06-22 12:01:04,557 [INFO] >>> Processing SOL 반도체전공정(475300)
2026-06-22 12:01:04,557 [INFO]   [SOL 반도체전공정(475300)] 신호 없음 | Lv2 매수 KRW 25,885 -> 현재 KRW 27,600 (+6.63%) | 익절 +10.0% / 추매 -5.0%
2026-06-22 12:01:04,557 [INFO] >>> Processing ACE 엔비디아밸류체인액티브(483320)
2026-06-22 12:01:04,558 [INFO]   [ACE 엔비디아밸류체인액티브(483320)] 신호 없음 | Lv1 매수 KRW 29,460 -> 현재 KRW 32,710 (+11.03%) | 익절 +10.0% / 추매 -5.0%
2026-06-22 12:01:04,558 [INFO] >>> Processing ACE 테슬라밸류체인액티브(457480)
2026-06-22 12:01:04,558 [INFO]   [ACE 테슬라밸류체인액티브(457480)] 신호 없음 | Lv1 매수 KRW 23,625 -> 현재 KRW 23,950 (+1.38%) | 익절 +10.0% / 추매 -5.0%
2026-06-22 12:01:04,559 [INFO] >>> Processing KODEX 증권(102970)
2026-06-22 12:01:04,559 [INFO] [KODEX 증권(102970)] 현금 부족: 보유 현금 KRW 294,920 < 매수 예정 금액 KRW 496,210 (22주) -> 매수 보류
2026-06-22 12:01:04,813 [INFO] >>> Processing KODEX 미국S&P500필수소비재(453630)
2026-06-22 12:01:04,813 [INFO]   [KODEX 미국S&P500필수소비재(453630)] 신호 없음 | Lv1 매수 KRW 13,600 -> 현재 KRW 13,380 (-1.62%) | 익절 +10.0% / 추매 -5.0%
2026-06-22 12:01:04,814 [INFO] >>> Processing 테스(095610)
2026-06-22 12:01:04,814 [INFO]   [테스(095610)] 신호 없음 | Lv1 매수 KRW 169,200 -> 현재 KRW 180,200 (+6.50%) | 익절 +10.0% / 추매 -5.0%
2026-06-22 12:01:04,814 [INFO] >>> Processing 삼성전자(005930)
2026-06-22 12:01:04,814 [INFO] [삼성전자(005930)] 현금 부족: 보유 현금 KRW 294,920 < 현재가 KRW 355,750 (1주도 매수 불가) -> 매수 보류
2026-06-22 12:01:05,050 [INFO] >>> Step 6: Persist
2026-06-22 12:34:39,988 [INFO] === Manual Trade CLI: 218420 SELL_ALL ===
2026-06-22 12:34:39,988 [INFO] [KisBroker] 캐시에서 토큰 로드 (API 호출 생략)
2026-06-22 12:34:39,988 [INFO] [KisDomesticLiveBroker] Mode: LIVE TRADING
2026-06-22 12:34:39,988 [INFO] === Manual Trade: KODEX 미국S&P500에너지(합성)(218420) SELL ===
2026-06-22 12:34:39,989 [INFO] >>> Step 1: Portfolio & Price Fetch
2026-06-22 12:34:41,073 [INFO] Fetching real-time prices from Broker...
2026-06-22 12:34:44,776 [INFO] Portfolio: Cash=KRW 294,920, Value=KRW 32,331,635
2026-06-22 12:34:44,776 [INFO] >>> Step 2: Load Positions
2026-06-22 12:34:44,776 [INFO] Loaded 30 position lot(s)
2026-06-22 12:34:44,777 [INFO] 일괄매도 수량 도출: 2개 lot 합산 72주 전량
2026-06-22 12:34:44,777 [INFO] [KODEX 미국S&P500에너지(합성)(218420)] 수동 신호 생성: SELL Lv2 72주 @KRW 19,070
2026-06-22 12:34:44,777 [INFO] Executing 1 order(s)...
2026-06-22 12:34:44,777 [INFO] [KisBroker] Processing 1 SELL orders...
2026-06-22 12:34:45,635 [INFO] [KisDomestic] Order Sent: SELL KODEX 미국S&P500에너지(합성)(218420) 72 @ 19070 (ODNO=0022724200)
2026-06-22 12:35:15,793 [WARNING] [KisDomestic] Order NOT confirmed within 30s: KODEX 미국S&P500에너지(합성)(218420) ODNO=0022724200 — 취소 시도 후 재폴링·체결조회
2026-06-22 12:35:16,412 [INFO] [KisDomestic] Order Cancelled: KODEX 미국S&P500에너지(합성)(218420) ODNO=0022724200
2026-06-22 12:35:18,223 [INFO] [KisDomestic] Timeout outcome: KODEX 미국S&P500에너지(합성)(218420) ODNO=0022724200 PARTIAL qty=71/72 detail=partial_after_cancel
2026-06-22 12:35:18,424 [INFO] [Position] Bulk 청산: KODEX 미국S&P500에너지(합성)(218420) 71주 소진 (잔여 1주), 실현손익 KRW -116,988
2026-06-22 12:35:21,971 [INFO] >>> Step 6: Persist
2026-06-22 12:35:22,568 [INFO] === Manual Trade 완료 ===
2026-06-22 12:51:40,211 [INFO] === Manual Trade CLI: 005930 BUY amount=1000000.0 ===
2026-06-22 12:51:40,211 [INFO] [KisBroker] 캐시에서 토큰 로드 (API 호출 생략)
2026-06-22 12:51:40,211 [INFO] [KisDomesticLiveBroker] Mode: LIVE TRADING
2026-06-22 12:51:40,212 [INFO] === Manual Trade: 삼성전자(005930) BUY ===
2026-06-22 12:51:40,212 [INFO] >>> Step 1: Portfolio & Price Fetch
2026-06-22 12:51:41,383 [INFO] Fetching real-time prices from Broker...
2026-06-22 12:51:45,583 [INFO] Portfolio: Cash=KRW 1,648,700, Value=KRW 32,268,735
2026-06-22 12:51:45,583 [INFO] >>> Step 2: Load Positions
2026-06-22 12:51:45,583 [INFO] Loaded 29 position lot(s)
2026-06-22 12:51:45,584 [INFO] 매수 금액 수동 지정: KRW 1,000,000
2026-06-22 12:51:45,584 [INFO] 매수 수량 도출: Lv1 buy_amount=KRW 1,000,000 / 현재가=KRW 356,750 = 2주
2026-06-22 12:51:45,584 [INFO] [삼성전자(005930)] 수동 신호 생성: BUY Lv1 2주 @KRW 356,750
2026-06-22 12:51:45,584 [INFO] Executing 1 order(s)...
2026-06-22 12:51:46,226 [INFO] [KisBroker] Available Cash for BUY: 1,648,700
2026-06-22 12:51:47,651 [INFO] [KisDomestic] Order Sent: BUY 삼성전자(005930) 2 @ 357000 (ODNO=0023426800)
2026-06-22 12:51:48,064 [INFO] [KisDomestic] Order FILLED: 삼성전자(005930) ODNO=0023426800 price=356750.0 qty=2 fee=107.02499999999999
2026-06-22 12:51:48,265 [INFO] [삼성전자(005930)] 동적 재매수 기준 초기화 (매도가 KRW 351,583 -> 소비됨)
2026-06-22 12:51:48,265 [INFO] [Position] New lot: lot_20260622_125148_005930_001 Lv1 삼성전자(005930) 2주 @KRW 356,750
2026-06-22 12:51:51,905 [INFO] >>> Step 6: Persist
2026-06-22 12:51:52,153 [INFO] === Manual Trade 완료 ===
2026-06-22 14:00:59,877 [INFO] === Initializing MagicSplit Bot (domestic) ===
2026-06-22 14:00:59,877 [INFO] Loaded 20 stock rule(s) from config_domestic.json
2026-06-22 14:00:59,877 [INFO] [domestic] 14 rule(s), mode=LIVE
2026-06-22 14:00:59,877 [INFO] [KisBroker] 캐시에서 토큰 로드 (API 호출 생략)
2026-06-22 14:00:59,877 [INFO] [KisDomesticLiveBroker] Mode: LIVE TRADING
2026-06-22 14:00:59,877 [INFO] === Running domestic engine ===
2026-06-22 14:00:59,878 [INFO] >>> Step 1: Portfolio & Price Fetch
2026-06-22 14:01:01,427 [INFO] Fetching real-time prices from Broker...
2026-06-22 14:01:05,379 [INFO] Portfolio: Cash=KRW 935,100, Value=KRW 32,016,180
2026-06-22 14:01:05,379 [INFO] >>> Step 2: Load Positions
2026-06-22 14:01:05,380 [INFO] Loaded 30 position lot(s)
2026-06-22 14:01:05,381 [INFO] >>> Step 2.5: Reconcile OK (수량 일치)
2026-06-22 14:01:05,381 [INFO] >>> Processing 삼성전자(005930)
2026-06-22 14:01:05,382 [INFO]   [삼성전자(005930)] 신호 없음 | Lv1 매수 KRW 356,750 -> 현재 KRW 350,500 (-1.75%) | 익절 +10.0% / 추매 -5.0%
2026-06-22 14:01:05,382 [INFO] >>> Processing KODEX 미국S&P500금융(453650)
2026-06-22 14:01:05,382 [INFO]   [KODEX 미국S&P500금융(453650)] 신호 없음 | Lv1 매수 KRW 18,975 -> 현재 KRW 19,905 (+4.90%) | 익절 +10.0% / 추매 -5.0%
2026-06-22 14:01:05,383 [INFO] >>> Processing 테스(095610)
2026-06-22 14:01:05,383 [INFO]   [테스(095610)] 신호 없음 | Lv1 매수 KRW 169,200 -> 현재 KRW 178,900 (+5.73%) | 익절 +10.0% / 추매 -5.0%
2026-06-22 14:01:05,383 [INFO] >>> Processing KODEX 증권(102970)
2026-06-22 14:01:05,384 [INFO] [KODEX 증권(102970)] Lv2 매수가 KRW 23,865 대비 -6.2% -> 추가 매수 Lv3 22주 @KRW 22,385
2026-06-22 14:01:05,384 [INFO] Executing 1 order(s)...
2026-06-22 14:01:05,988 [INFO] [KisBroker] Available Cash for BUY: 935,100
2026-06-22 14:01:07,353 [INFO] [KisDomestic] Order Sent: BUY KODEX 증권(102970) 22 @ 22400 (ODNO=0026892800)
2026-06-22 14:01:07,729 [INFO] [KisDomestic] Order FILLED: KODEX 증권(102970) ODNO=0026892800 price=22400.0 qty=22 fee=73.91999999999999
2026-06-22 14:01:07,930 [INFO] [Position] New lot: lot_20260622_140107_102970_003 Lv3 KODEX 증권(102970) 22주 @KRW 22,400
2026-06-22 14:01:11,363 [INFO] >>> Processing TIGER 지주회사(307520)
2026-06-22 14:01:11,364 [INFO] [TIGER 지주회사(307520)] 현금 부족: 보유 현금 KRW 442,230 < 매수 예정 금액 KRW 482,600 (20주) -> 매수 보류
2026-06-22 14:01:11,731 [INFO] >>> Processing KODEX 미국S&P500필수소비재(453630)
2026-06-22 14:01:11,731 [INFO]   [KODEX 미국S&P500필수소비재(453630)] 신호 없음 | Lv1 매수 KRW 13,600 -> 현재 KRW 13,330 (-1.99%) | 익절 +10.0% / 추매 -5.0%
2026-06-22 14:01:11,731 [INFO] >>> Processing KoAct 글로벌AI메모리반도체액티브(0174B0)
2026-06-22 14:01:11,732 [INFO]   [KoAct 글로벌AI메모리반도체액티브(0174B0)] 신호 없음 | Lv1 매수 KRW 18,935 -> 현재 KRW 21,030 (+11.06%) | 익절 +10.0% / 추매 -5.0%
2026-06-22 14:01:11,732 [INFO] >>> Processing SOL 반도체전공정(475300)
2026-06-22 14:01:11,732 [INFO]   [SOL 반도체전공정(475300)] 신호 없음 | Lv2 매수 KRW 25,885 -> 현재 KRW 27,340 (+5.62%) | 익절 +10.0% / 추매 -5.0%
2026-06-22 14:01:11,732 [INFO] >>> Processing ACE 테슬라밸류체인액티브(457480)
2026-06-22 14:01:11,733 [INFO]   [ACE 테슬라밸류체인액티브(457480)] 신호 없음 | Lv1 매수 KRW 23,625 -> 현재 KRW 23,955 (+1.40%) | 익절 +10.0% / 추매 -5.0%
2026-06-22 14:01:11,733 [INFO] >>> Processing 원익IPS(240810)
2026-06-22 14:01:11,733 [INFO]   [원익IPS(240810)] 신호 없음 | Lv1 매수 KRW 154,000 -> 현재 KRW 168,200 (+9.22%) | 익절 +10.0% / 추매 -5.0%
2026-06-22 14:01:11,734 [INFO] >>> Processing 삼성전자우(005935)
2026-06-22 14:01:11,734 [INFO]   [삼성전자우(005935)] 신호 없음 | Lv3 매수 KRW 224,500 -> 현재 KRW 225,500 (+0.45%) | 익절 +10.0% / 추매 -5.0%
2026-06-22 14:01:11,734 [INFO] >>> Processing ACE 엔비디아밸류체인액티브(483320)
2026-06-22 14:01:11,734 [INFO]   [ACE 엔비디아밸류체인액티브(483320)] 신호 없음 | Lv1 매수 KRW 29,460 -> 현재 KRW 32,625 (+10.74%) | 익절 +10.0% / 추매 -5.0%
2026-06-22 14:01:11,735 [INFO] >>> Processing 메리츠금융지주(138040)
2026-06-22 14:01:11,735 [INFO]   [메리츠금융지주(138040)] 신호 없음 | Lv1 매수 KRW 109,100 -> 현재 KRW 105,400 (-3.39%) | 익절 +10.0% / 추매 -5.0%
2026-06-22 14:01:11,735 [INFO] >>> Processing SOL 미국양자컴퓨팅TOP10(0023A0)
2026-06-22 14:01:11,736 [INFO]   [SOL 미국양자컴퓨팅TOP10(0023A0)] 신호 없음 | Lv2 매수 KRW 33,355 -> 현재 KRW 34,615 (+3.78%) | 익절 +10.0% / 추매 -5.0%
2026-06-22 14:01:11,736 [INFO] >>> Step 6: Persist
