2026-06-24 10:00:57,924 [INFO] === Initializing MagicSplit Bot (domestic) ===
2026-06-24 10:00:57,924 [INFO] Loaded 20 stock rule(s) from config_domestic.json
2026-06-24 10:00:57,924 [INFO] [domestic] 14 rule(s), mode=LIVE
2026-06-24 10:00:57,925 [INFO] [KisBroker] 새 토큰 발급 중...
2026-06-24 10:00:58,968 [INFO] [KisDomesticLiveBroker] Mode: LIVE TRADING
2026-06-24 10:00:58,968 [INFO] === Running domestic engine ===
2026-06-24 10:00:58,969 [INFO] >>> Step 1: Portfolio & Price Fetch
2026-06-24 10:00:59,611 [INFO] Fetching real-time prices from Broker...
2026-06-24 10:01:03,715 [INFO] Portfolio: Cash=KRW 230,355, Value=KRW 29,965,720
2026-06-24 10:01:03,716 [INFO] >>> Step 2: Load Positions
2026-06-24 10:01:03,716 [INFO] Loaded 33 position lot(s)
2026-06-24 10:01:03,718 [INFO] >>> Step 2.5: Reconcile OK (수량 일치)
2026-06-24 10:01:03,718 [INFO] >>> Processing ACE 엔비디아밸류체인액티브(483320)
2026-06-24 10:01:03,718 [INFO] [ACE 엔비디아밸류체인액티브(483320)] trailing 벌크 매도 발동: Lv1~Lv1 33주 (+5.2%)
2026-06-24 10:01:03,719 [INFO] Executing 1 order(s)...
2026-06-24 10:01:03,719 [INFO] [KisBroker] Processing 1 SELL orders...
2026-06-24 10:01:04,871 [INFO] [KisDomestic] Order Sent: SELL ACE 엔비디아밸류체인액티브(483320) 33 @ 30970 (ODNO=0013058400)
2026-06-24 10:01:16,289 [INFO] [KisDomestic] Order FILLED: ACE 엔비디아밸류체인액티브(483320) ODNO=0013058400 price=30970.0 qty=33 fee=153.30149999999998
2026-06-24 10:01:16,490 [INFO] [Position] Trailing 벌크 청산: ACE 엔비디아밸류체인액티브(483320) 33주 소진 (잔여 0주), 실현손익 KRW 49,677
2026-06-24 10:01:20,118 [INFO] >>> Processing 테스(095610)
2026-06-24 10:01:20,118 [INFO] [테스(095610)] Lv1 매수가 KRW 169,200 대비 -7.0% -> 추가 매수 Lv2 3주 @KRW 157,400
2026-06-24 10:01:20,119 [INFO] Executing 1 order(s)...
2026-06-24 10:01:20,559 [INFO] [KisBroker] Available Cash for BUY: 1,244,565
2026-06-24 10:01:21,970 [INFO] [KisDomestic] Order Sent: BUY 테스(095610) 3 @ 157400 (ODNO=0013081400)
2026-06-24 10:01:22,368 [INFO] [KisDomestic] Order FILLED: 테스(095610) ODNO=0013081400 price=157400.0 qty=3 fee=70.83
2026-06-24 10:01:22,569 [INFO] [Position] New lot: lot_20260624_100122_095610_002 Lv2 테스(095610) 3주 @KRW 157,400
2026-06-24 10:01:26,198 [INFO] >>> Processing ACE 테슬라밸류체인액티브(457480)
2026-06-24 10:01:26,198 [INFO]   [ACE 테슬라밸류체인액티브(457480)] 신호 없음 | Lv1 매수 KRW 23,625 -> 현재 KRW 23,100 (-2.22%) | 익절 +10.0% / 추매 -5.0%
2026-06-24 10:01:26,201 [INFO] >>> Processing KODEX 미국S&P500필수소비재(453630)
2026-06-24 10:01:26,201 [INFO]   [KODEX 미국S&P500필수소비재(453630)] 신호 없음 | Lv1 매수 KRW 13,600 -> 현재 KRW 13,555 (-0.33%) | 익절 +10.0% / 추매 -5.0%
2026-06-24 10:01:26,201 [INFO] >>> Processing KoAct 글로벌AI메모리반도체액티브(0174B0)
2026-06-24 10:01:26,202 [INFO] [KoAct 글로벌AI메모리반도체액티브(0174B0)] 현금 부족: 보유 현금 KRW 772,305 < 매수 예정 금액 KRW 996,030 (51주) -> 매수 보류
2026-06-24 10:01:26,495 [INFO] >>> Processing 원익IPS(240810)
2026-06-24 10:01:26,495 [INFO]   [원익IPS(240810)] 신호 없음 | Lv1 매수 KRW 154,000 -> 현재 KRW 147,400 (-4.29%) | 익절 +10.0% / 추매 -5.0%
2026-06-24 10:01:26,496 [INFO] >>> Processing 삼성전자우(005935)
2026-06-24 10:01:26,496 [INFO]   [삼성전자우(005935)] 신호 없음 | Lv4 매수 KRW 210,000 -> 현재 KRW 214,500 (+2.14%) | 익절 +10.0% / 추매 -5.0%
2026-06-24 10:01:26,496 [INFO] >>> Processing 삼성전자(005930)
2026-06-24 10:01:26,496 [INFO]   [삼성전자(005930)] 신호 없음 | Lv2 매수 KRW 336,250 -> 현재 KRW 331,750 (-1.34%) | 익절 +10.0% / 추매 -5.0%
2026-06-24 10:01:26,497 [INFO] >>> Processing TIGER 지주회사(307520)
2026-06-24 10:01:26,497 [INFO]   [TIGER 지주회사(307520)] 신호 없음 | Lv2 매수 KRW 23,055 -> 현재 KRW 22,995 (-0.26%) | 익절 +10.0% / 추매 -5.0%
2026-06-24 10:01:26,497 [INFO] >>> Processing 메리츠금융지주(138040)
2026-06-24 10:01:26,497 [INFO] [메리츠금융지주(138040)] Lv1 매수가 KRW 109,100 대비 -6.7% -> 추가 매수 Lv2 4주 @KRW 101,800
2026-06-24 10:01:26,497 [INFO] Executing 1 order(s)...
2026-06-24 10:01:27,137 [INFO] [KisBroker] Available Cash for BUY: 772,305
2026-06-24 10:01:28,538 [INFO] [KisDomestic] Order Sent: BUY 메리츠금융지주(138040) 4 @ 102000 (ODNO=0013090000)
2026-06-24 10:01:28,930 [INFO] [KisDomestic] Order FILLED: 메리츠금융지주(138040) ODNO=0013090000 price=102000.0 qty=4 fee=61.199999999999996
2026-06-24 10:01:29,131 [INFO] [메리츠금융지주(138040)] 동적 재매수 기준 초기화 (매도가 KRW 106,400 -> 소비됨)
2026-06-24 10:01:29,131 [INFO] [Position] New lot: lot_20260624_100129_138040_002 Lv2 메리츠금융지주(138040) 4주 @KRW 102,000
2026-06-24 10:01:32,578 [INFO] >>> Processing SOL 반도체전공정(475300)
2026-06-24 10:01:32,579 [INFO]   [SOL 반도체전공정(475300)] 신호 없음 | Lv2 매수 KRW 25,885 -> 현재 KRW 24,985 (-3.48%) | 익절 +10.0% / 추매 -5.0%
2026-06-24 10:01:32,579 [INFO] >>> Processing SOL 미국양자컴퓨팅TOP10(0023A0)
2026-06-24 10:01:32,579 [INFO]   [SOL 미국양자컴퓨팅TOP10(0023A0)] 신호 없음 | Lv2 매수 KRW 33,355 -> 현재 KRW 35,390 (+6.10%) | 익절 +10.0% / 추매 -5.0%
2026-06-24 10:01:32,579 [INFO] >>> Processing KODEX 증권(102970)
2026-06-24 10:01:32,580 [INFO] [KODEX 증권(102970)] 현금 부족: 보유 현금 KRW 364,255 < 매수 예정 금액 KRW 482,540 (23주) -> 매수 보류
2026-06-24 10:01:32,901 [INFO] >>> Processing KODEX 미국S&P500금융(453650)
2026-06-24 10:01:32,901 [INFO]   [KODEX 미국S&P500금융(453650)] 신호 없음 | Lv1 매수 KRW 18,975 -> 현재 KRW 20,280 (+6.88%) | 익절 +10.0% / 추매 -5.0%
2026-06-24 10:01:32,901 [INFO] >>> Step 6: Persist
2026-06-24 12:01:01,615 [INFO] === Initializing MagicSplit Bot (domestic) ===
2026-06-24 12:01:01,615 [INFO] Loaded 20 stock rule(s) from config_domestic.json
2026-06-24 12:01:01,615 [INFO] [domestic] 14 rule(s), mode=LIVE
2026-06-24 12:01:01,616 [INFO] [KisBroker] 캐시에서 토큰 로드 (API 호출 생략)
2026-06-24 12:01:01,616 [INFO] [KisDomesticLiveBroker] Mode: LIVE TRADING
2026-06-24 12:01:01,616 [INFO] === Running domestic engine ===
2026-06-24 12:01:01,616 [INFO] >>> Step 1: Portfolio & Price Fetch
2026-06-24 12:01:02,738 [INFO] Fetching real-time prices from Broker...
2026-06-24 12:01:07,720 [INFO] Portfolio: Cash=KRW 364,255, Value=KRW 28,987,255
2026-06-24 12:01:07,720 [INFO] >>> Step 2: Load Positions
2026-06-24 12:01:07,720 [INFO] Loaded 34 position lot(s)
2026-06-24 12:01:07,722 [INFO] >>> Step 2.5: Reconcile OK (수량 일치)
2026-06-24 12:01:07,722 [INFO] >>> Processing ACE 엔비디아밸류체인액티브(483320)
2026-06-24 12:01:07,722 [INFO] [ACE 엔비디아밸류체인액티브(483320)] 현금 부족: 보유 현금 KRW 364,255 < 매수 예정 금액 KRW 979,840 (32주) -> 매수 보류
2026-06-24 12:01:08,130 [INFO] >>> Processing TIGER 지주회사(307520)
2026-06-24 12:01:08,131 [INFO]   [TIGER 지주회사(307520)] 신호 없음 | Lv2 매수 KRW 23,055 -> 현재 KRW 22,445 (-2.65%) | 익절 +10.0% / 추매 -5.0%
2026-06-24 12:01:08,131 [INFO] >>> Processing ACE 테슬라밸류체인액티브(457480)
2026-06-24 12:01:08,132 [INFO]   [ACE 테슬라밸류체인액티브(457480)] 신호 없음 | Lv1 매수 KRW 23,625 -> 현재 KRW 23,045 (-2.46%) | 익절 +10.0% / 추매 -5.0%
2026-06-24 12:01:08,132 [INFO] >>> Processing KoAct 글로벌AI메모리반도체액티브(0174B0)
2026-06-24 12:01:08,132 [INFO] [KoAct 글로벌AI메모리반도체액티브(0174B0)] 현금 부족: 보유 현금 KRW 364,255 < 매수 예정 금액 KRW 999,050 (53주) -> 매수 보류
2026-06-24 12:01:08,456 [INFO] >>> Processing KODEX 미국S&P500필수소비재(453630)
2026-06-24 12:01:08,457 [INFO]   [KODEX 미국S&P500필수소비재(453630)] 신호 없음 | Lv1 매수 KRW 13,600 -> 현재 KRW 13,520 (-0.59%) | 익절 +10.0% / 추매 -5.0%
2026-06-24 12:01:08,457 [INFO] >>> Processing 테스(095610)
2026-06-24 12:01:08,457 [INFO]   [테스(095610)] 신호 없음 | Lv2 매수 KRW 157,400 -> 현재 KRW 154,200 (-2.03%) | 익절 +10.0% / 추매 -5.0%
2026-06-24 12:01:08,458 [INFO] >>> Processing SOL 반도체전공정(475300)
2026-06-24 12:01:08,458 [INFO] [SOL 반도체전공정(475300)] 현금 부족: 보유 현금 KRW 364,255 < 매수 예정 금액 KRW 490,800 (20주) -> 매수 보류
2026-06-24 12:01:08,813 [INFO] >>> Processing 메리츠금융지주(138040)
2026-06-24 12:01:08,814 [INFO]   [메리츠금융지주(138040)] 신호 없음 | Lv2 매수 KRW 102,000 -> 현재 KRW 102,800 (+0.78%) | 익절 +10.0% / 추매 -5.0%
2026-06-24 12:01:08,814 [INFO] >>> Processing SOL 미국양자컴퓨팅TOP10(0023A0)
2026-06-24 12:01:08,814 [INFO]   [SOL 미국양자컴퓨팅TOP10(0023A0)] 신호 없음 | Lv2 매수 KRW 33,355 -> 현재 KRW 35,120 (+5.29%) | 익절 +10.0% / 추매 -5.0%
2026-06-24 12:01:08,815 [INFO] >>> Processing KODEX 미국S&P500금융(453650)
2026-06-24 12:01:08,815 [INFO]   [KODEX 미국S&P500금융(453650)] 신호 없음 | Lv1 매수 KRW 18,975 -> 현재 KRW 20,135 (+6.11%) | 익절 +10.0% / 추매 -5.0%
2026-06-24 12:01:08,815 [INFO] >>> Processing 삼성전자(005930)
2026-06-24 12:01:08,816 [INFO] [삼성전자(005930)] Lv2 매수가 KRW 336,250 대비 -5.6% -> 추가 매수 Lv3 1주 @KRW 317,500
2026-06-24 12:01:08,816 [INFO] Executing 1 order(s)...
2026-06-24 12:01:09,406 [INFO] [KisBroker] Available Cash for BUY: 364,255
2026-06-24 12:01:10,782 [INFO] [KisDomestic] Order Sent: BUY 삼성전자(005930) 1 @ 318000 (ODNO=0019964600)
2026-06-24 12:01:11,152 [INFO] [KisDomestic] Order FILLED: 삼성전자(005930) ODNO=0019964600 price=318000.0 qty=1 fee=47.699999999999996
2026-06-24 12:01:11,353 [INFO] [Position] New lot: lot_20260624_120111_005930_003 Lv3 삼성전자(005930) 1주 @KRW 318,000
2026-06-24 12:01:14,948 [INFO] >>> Processing 원익IPS(240810)
2026-06-24 12:01:14,948 [INFO] [원익IPS(240810)] 현금 부족: 보유 현금 KRW 46,215 < 현재가 KRW 144,500 (1주도 매수 불가) -> 매수 보류
2026-06-24 12:01:15,301 [INFO] >>> Processing KODEX 증권(102970)
2026-06-24 12:01:15,301 [INFO] [KODEX 증권(102970)] 현금 부족: 보유 현금 KRW 46,215 < 매수 예정 금액 KRW 494,880 (24주) -> 매수 보류
2026-06-24 12:01:15,954 [INFO] >>> Processing 삼성전자우(005935)
2026-06-24 12:01:15,954 [INFO]   [삼성전자우(005935)] 신호 없음 | Lv4 매수 KRW 210,000 -> 현재 KRW 205,000 (-2.38%) | 익절 +10.0% / 추매 -5.0%
2026-06-24 12:01:15,954 [INFO] >>> Step 6: Persist
