2026-07-24 00:30:42,820 [INFO] === Initializing MagicSplit Bot (domestic) ===
2026-07-24 00:30:42,820 [INFO] Loaded 23 stock rule(s) from config_domestic.json
2026-07-24 00:30:42,820 [INFO] [domestic] 11 rule(s), mode=LIVE
2026-07-24 00:30:42,821 [INFO] [KisBroker] 캐시에서 토큰 로드 (API 호출 생략)
2026-07-24 00:30:42,821 [INFO] [KisDomesticLiveBroker] Mode: LIVE TRADING
2026-07-24 00:30:42,822 [INFO] [MarketData] 레짐 필터 활성 종목 11개 -> YFinanceMarketDataProvider 주입 (window 260봉)
2026-07-24 00:30:42,822 [INFO] === Running domestic engine ===
2026-07-24 00:30:42,822 [INFO] >>> Step 1: Portfolio & Price Fetch
2026-07-24 00:30:43,747 [INFO] Fetching real-time prices from Broker...
2026-07-24 00:30:46,528 [INFO] Portfolio: Cash=KRW 8,999,807, Value=KRW 28,346,697
2026-07-24 00:30:46,528 [INFO] >>> Step 2: Load Positions
2026-07-24 00:30:46,529 [INFO] Loaded 22 position lot(s)
2026-07-24 00:30:46,529 [INFO] >>> Step 2.5: Reconcile OK (수량 일치)
2026-07-24 00:30:46,530 [INFO] >>> Processing KODEX 반도체레버리지(494310)
2026-07-24 00:30:48,443 [INFO] [MarketData] 배치 다운로드 완료: 11/11종목
2026-07-24 00:30:48,445 [INFO]   [KODEX 반도체레버리지(494310)] 신호 없음 | Lv1 매수 KRW 95,820 -> 현재 KRW 94,550 (-1.33%) | 익절 +10.0% / 추매 -5.0%
2026-07-24 00:30:48,445 [INFO] >>> Processing 삼성증권(016360)
2026-07-24 00:30:48,447 [INFO]   [삼성증권(016360)] 신호 없음 | Lv2 매수 KRW 103,600 -> 현재 KRW 104,900 (+1.25%) | 익절 +10.0% / 추매 -5.0%
2026-07-24 00:30:48,447 [INFO] >>> Processing 삼성전자(005930)
2026-07-24 00:30:48,449 [INFO] [삼성전자(005930)] 강한 상승 추세 진입 확정! (회귀 채널 기울기 +25.65% 밴드 상향 돌파, 2봉 연속)
2026-07-24 00:30:48,449 [INFO] [삼성전자(005930)] 상승장 누적 매수 Lv5 3주 @KRW 270,000 (20EMA KRW 284,021 눌림, add 1/3)
2026-07-24 00:30:48,449 [INFO] Executing 1 order(s)...
2026-07-24 00:30:48,818 [INFO] [KisBroker] Available Cash for BUY: 8,999,807
2026-07-24 00:30:50,115 [ERROR] [KisDomestic] Order Failed: 장운영시간이 아닙니다
2026-07-24 00:30:50,607 [INFO] >>> Processing 테스(095610)
2026-07-24 00:30:50,610 [INFO] [테스(095610)] 하단 채널선 이탈 감지 (1/2일, 현재가 KRW 154,100 < 이탈선 KRW 162,733) -> 확정 대기
2026-07-24 00:30:50,612 [INFO]   [테스(095610)] 📈 상승 레짐 유지 | Lv1 매수 KRW 191,900 -> 현재 KRW 154,100 (-19.70%) | 채널하단(이탈선) KRW 162,733 | 20EMA(눌림) KRW 173,523 (이격 -11.19%) | adds 0/3
2026-07-24 00:30:50,612 [INFO] >>> Processing 삼성전자우(005935)
2026-07-24 00:30:50,614 [INFO] [삼성전자우(005935)] 강한 상승 추세 진입 확정! (회귀 채널 기울기 +21.83% 밴드 상향 돌파, 2봉 연속)
2026-07-24 00:30:50,614 [INFO] [삼성전자우(005935)] 상승장 누적 매수 Lv3 5주 @KRW 191,100 (20EMA KRW 191,492 눌림, add 1/3)
2026-07-24 00:30:50,614 [INFO] Executing 1 order(s)...
2026-07-24 00:30:50,982 [INFO] [KisBroker] Available Cash for BUY: 8,999,807
2026-07-24 00:30:52,112 [ERROR] [KisDomestic] Order Failed: 장운영시간이 아닙니다
2026-07-24 00:30:52,581 [INFO] >>> Processing KODEX 증권(102970)
2026-07-24 00:30:52,584 [INFO] [KODEX 증권(102970)] 채널 기울기 하락 전환 확정 (-34.37%/63봉) -> 이탈 청산 진행
2026-07-24 00:30:52,584 [INFO] [KODEX 증권(102970)] 추세 이탈 -> 분할 청산 26주/51주 (50%) 즉시 매도, 잔량 25주 추종 데드라인 (기준가 KRW 20,835, 청산선 KRW 20,210, 평단 KRW 25,671, 채널하단 KRW 17,944)
2026-07-24 00:30:52,585 [INFO] Executing 1 order(s)...
2026-07-24 00:30:52,585 [INFO] [KisBroker] Processing 1 SELL orders...
2026-07-24 00:30:53,464 [ERROR] [KisDomestic] Order Failed: 장운영시간이 아닙니다
2026-07-24 00:30:53,929 [INFO] >>> Processing ACE 엔비디아밸류체인액티브(483320)
2026-07-24 00:30:53,932 [INFO] [ACE 엔비디아밸류체인액티브(483320)] 강한 상승 추세 진입 확정! (회귀 채널 기울기 +22.48% 밴드 상향 돌파, 2봉 연속)
2026-07-24 00:30:53,933 [INFO]   [ACE 엔비디아밸류체인액티브(483320)] 📈 상승 레짐 유지 | Lv2 매수 KRW 29,975 -> 현재 KRW 26,150 (-12.76%) | 채널하단(이탈선) KRW 25,131 | 20EMA(눌림) KRW 27,354 (이격 -4.40%) | adds 0/3
2026-07-24 00:30:53,934 [INFO] >>> Processing TIGER 지주회사(307520)
2026-07-24 00:30:53,935 [INFO] [TIGER 지주회사(307520)] 채널 기울기 하락 전환 확정 (-18.40%/63봉) -> 이탈 청산 진행
2026-07-24 00:30:53,936 [INFO] [TIGER 지주회사(307520)] 추세 이탈 -> 분할 청산 21주/41주 (50%) 즉시 매도, 잔량 20주 추종 데드라인 (기준가 KRW 21,805, 청산선 KRW 21,151, 평단 KRW 25,785, 채널하단 KRW 18,898)
2026-07-24 00:30:53,936 [INFO] Executing 1 order(s)...
2026-07-24 00:30:53,936 [INFO] [KisBroker] Processing 1 SELL orders...
2026-07-24 00:30:54,818 [ERROR] [KisDomestic] Order Failed: 장운영시간이 아닙니다
2026-07-24 00:30:55,312 [INFO] >>> Processing ACE 테슬라밸류체인액티브(457480)
2026-07-24 00:30:55,315 [INFO] [ACE 테슬라밸류체인액티브(457480)] ✅ 추종 데드라인 해제! 가격 KRW 19,370이 이탈 기준선 위로 회복 -> 상승 레짐 복귀 (잔량 32주 보유 유지)
2026-07-24 00:30:55,315 [INFO]   [ACE 테슬라밸류체인액티브(457480)] 신호 없음 | Lv1 매수 KRW 23,625 -> 현재 KRW 19,370 (-18.01%) | 익절 +10.0% / 추매 -5.0%
2026-07-24 00:30:55,315 [INFO] >>> Processing SOL 반도체전공정(475300)
2026-07-24 00:30:55,317 [INFO] [SOL 반도체전공정(475300)] ✅ 추종 데드라인 해제! 가격 KRW 21,385이 이탈 기준선 위로 회복 -> 상승 레짐 복귀 (잔량 36주 보유 유지)
2026-07-24 00:30:55,319 [INFO]   [SOL 반도체전공정(475300)] 📈 상승 레짐 유지 | Lv2 매수 KRW 26,695 -> 현재 KRW 21,385 (-19.89%) | 채널하단(이탈선) KRW 21,195 | 20EMA(눌림) KRW 23,946 (이격 -10.70%) | adds 0/3
2026-07-24 00:30:55,319 [INFO] >>> Processing 메리츠금융지주(138040)
2026-07-24 00:30:55,321 [INFO]   [메리츠금융지주(138040)] 신호 없음 | Lv1 매수 KRW 109,100 -> 현재 KRW 116,600 (+6.87%) | 익절 +10.0% / 추매 -5.0%
2026-07-24 00:30:55,321 [INFO] >>> Step 6: Persist
