2026-06-15 10:00:56,915 [INFO] === Initializing MagicSplit Bot (domestic) ===
2026-06-15 10:00:56,915 [INFO] Loaded 18 stock rule(s) from config_domestic.json
2026-06-15 10:00:56,915 [INFO] [domestic] 17 rule(s), mode=LIVE
2026-06-15 10:00:56,915 [INFO] [KisBroker] 새 토큰 발급 중...
2026-06-15 10:00:57,776 [INFO] [KisDomesticLiveBroker] Mode: LIVE TRADING
2026-06-15 10:00:57,776 [INFO] === Running domestic engine ===
2026-06-15 10:00:57,776 [INFO] >>> Step 1: Portfolio & Price Fetch
2026-06-15 10:00:58,290 [INFO] Fetching real-time prices from Broker...
2026-06-15 10:01:02,307 [INFO] Portfolio: Cash=KRW 329,367, Value=KRW 29,888,782
2026-06-15 10:01:02,307 [INFO] >>> Step 2: Load Positions
2026-06-15 10:01:02,308 [INFO] Loaded 28 position lot(s)
2026-06-15 10:01:02,309 [INFO] >>> Step 2.5: Reconcile OK (수량 일치)
2026-06-15 10:01:02,309 [INFO] >>> Processing 삼성전자(005930)
2026-06-15 10:01:02,309 [INFO] [삼성전자(005930)] Lv1: trailing 활성화 (매수가 대비 +12.1%, 스톱가 KRW 322,762)
2026-06-15 10:01:02,846 [INFO] >>> Processing ACE 엔비디아밸류체인액티브(483320)
2026-06-15 10:01:02,846 [INFO]   [ACE 엔비디아밸류체인액티브(483320)] 신호 없음 | Lv1 매수 KRW 29,460 -> 현재 KRW 30,345 (+3.00%) | 익절 +10.0% / 추매 -5.0%
2026-06-15 10:01:02,846 [INFO] >>> Processing 현대차(005380)
2026-06-15 10:01:02,847 [INFO]   [현대차(005380)] 신호 없음 | Lv3 매수 KRW 591,000 -> 현재 KRW 650,000 (+9.98%) | 익절 +10.0% / 추매 -5.0%
2026-06-15 10:01:02,847 [INFO] >>> Processing 미래에셋증권(006800)
2026-06-15 10:01:02,847 [INFO]   [미래에셋증권(006800)] 신호 없음 | Lv4 매수 KRW 51,000 -> 현재 KRW 53,000 (+3.92%) | 익절 +10.0% / 추매 -5.0%
2026-06-15 10:01:02,847 [INFO] >>> Processing KODEX 증권(102970)
2026-06-15 10:01:02,847 [INFO] [KODEX 증권(102970)] Lv2: trailing 활성화 (매수가 대비 +11.0%, 스톱가 KRW 24,006)
2026-06-15 10:01:03,323 [INFO] >>> Processing TIGER 지주회사(307520)
2026-06-15 10:01:03,324 [INFO] [TIGER 지주회사(307520)] Lv2: trailing 활성화 (매수가 대비 +10.8%, 스톱가 KRW 24,263)
2026-06-15 10:01:03,874 [INFO] >>> Processing 메리츠금융지주(138040)
2026-06-15 10:01:03,874 [INFO]   [메리츠금융지주(138040)] 신호 없음 | Lv2 매수 KRW 102,300 -> 현재 KRW 112,300 (+9.78%) | 익절 +10.0% / 추매 -5.0%
2026-06-15 10:01:03,874 [INFO] >>> Processing KODEX 미국S&P500에너지(합성)(218420)
2026-06-15 10:01:03,875 [INFO]   [KODEX 미국S&P500에너지(합성)(218420)] 신호 없음 | Lv2 매수 KRW 19,905 -> 현재 KRW 19,810 (-0.48%) | 익절 +10.0% / 추매 -5.0%
2026-06-15 10:01:03,875 [INFO] >>> Processing KODEX 미국S&P500금융(453650)
2026-06-15 10:01:03,875 [INFO]   [KODEX 미국S&P500금융(453650)] 신호 없음 | Lv1 매수 KRW 18,975 -> 현재 KRW 19,730 (+3.98%) | 익절 +10.0% / 추매 -5.0%
2026-06-15 10:01:03,875 [INFO] >>> Processing KODEX 미국S&P500필수소비재(453630)
2026-06-15 10:01:03,876 [INFO]   [KODEX 미국S&P500필수소비재(453630)] 신호 없음 | Lv1 매수 KRW 13,600 -> 현재 KRW 13,685 (+0.62%) | 익절 +10.0% / 추매 -5.0%
2026-06-15 10:01:03,876 [INFO] >>> Processing ACE 테슬라밸류체인액티브(457480)
2026-06-15 10:01:03,876 [INFO]   [ACE 테슬라밸류체인액티브(457480)] 신호 없음 | Lv1 매수 KRW 23,625 -> 현재 KRW 23,860 (+0.99%) | 익절 +10.0% / 추매 -5.0%
2026-06-15 10:01:03,876 [INFO] >>> Processing SOL 반도체전공정(475300)
2026-06-15 10:01:03,876 [INFO]   [SOL 반도체전공정(475300)] 신호 없음 | Lv2 매수 KRW 22,050 -> 현재 KRW 30,190 (+36.92%) | 익절 +10.0% / 추매 -5.0%
2026-06-15 10:01:03,876 [INFO] >>> Processing 테스(095610)
2026-06-15 10:01:03,877 [INFO] [테스(095610)] trailing 벌크 매도 발동: Lv1~Lv1 7주 (+33.9%)
2026-06-15 10:01:03,877 [INFO] Executing 1 order(s)...
2026-06-15 10:01:03,877 [INFO] [KisBroker] Processing 1 SELL orders...
2026-06-15 10:01:04,791 [INFO] [KisDomestic] Order Sent: SELL 테스(095610) 7 @ 180800 (ODNO=0015248500)
2026-06-15 10:01:05,072 [INFO] [KisDomestic] Order FILLED: 테스(095610) ODNO=0015248500 price=180800.0 qty=7 fee=189.83999999999997
2026-06-15 10:01:05,273 [INFO] [Position] Trailing 벌크 청산: 테스(095610) 7주 소진 (잔여 0주), 실현손익 KRW 317,610
2026-06-15 10:01:08,775 [INFO] >>> Processing KoAct 글로벌AI메모리반도체액티브(0174B0)
2026-06-15 10:01:08,775 [INFO] [KoAct 글로벌AI메모리반도체액티브(0174B0)] 보유 lot 없음 -> 초기 매수 Lv1 52주 @KRW 18,940
2026-06-15 10:01:08,776 [INFO] Executing 1 order(s)...
2026-06-15 10:01:09,284 [INFO] [KisBroker] Available Cash for BUY: 1,592,266
2026-06-15 10:01:10,367 [INFO] [KisDomestic] Order Sent: BUY KoAct 글로벌AI메모리반도체액티브(0174B0) 52 @ 18935 (ODNO=0015257000)
2026-06-15 10:01:10,645 [INFO] [KisDomestic] Order FILLED: KoAct 글로벌AI메모리반도체액티브(0174B0) ODNO=0015257000 price=18935.0 qty=52 fee=147.69299999999998
2026-06-15 10:01:10,846 [INFO] [KoAct 글로벌AI메모리반도체액티브(0174B0)] 동적 재매수 기준 초기화 (매도가 KRW 16,175 -> 소비됨)
2026-06-15 10:01:10,846 [INFO] [Position] New lot: lot_20260615_100110_0174B0_001 Lv1 KoAct 글로벌AI메모리반도체액티브(0174B0) 52주 @KRW 18,935
2026-06-15 10:01:14,225 [INFO] >>> Processing SOL 미국양자컴퓨팅TOP10(0023A0)
2026-06-15 10:01:14,226 [INFO]   [SOL 미국양자컴퓨팅TOP10(0023A0)] 신호 없음 | Lv2 매수 KRW 33,355 -> 현재 KRW 35,085 (+5.19%) | 익절 +10.0% / 추매 -5.0%
2026-06-15 10:01:14,226 [INFO] >>> Processing NAVER(035420)
2026-06-15 10:01:14,226 [INFO] [NAVER(035420)] Lv1: trailing 고점 갱신 -> KRW 253,500 (스톱가 KRW 240,825)
2026-06-15 10:01:14,226 [INFO]   [NAVER(035420)] 신호 없음 | Lv1 매수 KRW 226,500 -> 현재 KRW 253,500 (+11.92%) | 익절 +10.0% / 추매 -5.0%
2026-06-15 10:01:14,227 [INFO] >>> Processing HANARO 글로벌금채굴기업(473640)
2026-06-15 10:01:14,227 [INFO]   [HANARO 글로벌금채굴기업(473640)] 신호 없음 | Lv2 매수 KRW 31,955 -> 현재 KRW 32,350 (+1.24%) | 익절 +10.0% / 추매 -5.0%
2026-06-15 10:01:14,227 [INFO] >>> Step 6: Persist
2026-06-15 12:01:04,062 [INFO] === Initializing MagicSplit Bot (domestic) ===
2026-06-15 12:01:04,062 [INFO] Loaded 18 stock rule(s) from config_domestic.json
2026-06-15 12:01:04,062 [INFO] [domestic] 17 rule(s), mode=LIVE
2026-06-15 12:01:04,063 [INFO] [KisBroker] 캐시에서 토큰 로드 (API 호출 생략)
2026-06-15 12:01:04,063 [INFO] [KisDomesticLiveBroker] Mode: LIVE TRADING
2026-06-15 12:01:04,063 [INFO] === Running domestic engine ===
2026-06-15 12:01:04,063 [INFO] >>> Step 1: Portfolio & Price Fetch
2026-06-15 12:01:05,859 [INFO] Fetching real-time prices from Broker...
2026-06-15 12:01:10,839 [INFO] Portfolio: Cash=KRW 607,506, Value=KRW 29,899,416
2026-06-15 12:01:10,839 [INFO] >>> Step 2: Load Positions
2026-06-15 12:01:10,839 [INFO] Loaded 28 position lot(s)
2026-06-15 12:01:10,840 [INFO] >>> Step 2.5: Reconcile OK (수량 일치)
2026-06-15 12:01:10,841 [INFO] >>> Processing 삼성전자(005930)
2026-06-15 12:01:10,841 [INFO]   [삼성전자(005930)] 신호 없음 | Lv1 매수 KRW 303,000 -> 현재 KRW 338,250 (+11.63%) | 익절 +10.0% / 추매 -5.0%
2026-06-15 12:01:10,841 [INFO] >>> Processing ACE 엔비디아밸류체인액티브(483320)
2026-06-15 12:01:10,842 [INFO]   [ACE 엔비디아밸류체인액티브(483320)] 신호 없음 | Lv1 매수 KRW 29,460 -> 현재 KRW 30,370 (+3.09%) | 익절 +10.0% / 추매 -5.0%
2026-06-15 12:01:10,842 [INFO] >>> Processing 현대차(005380)
2026-06-15 12:01:10,842 [INFO] [현대차(005380)] Lv3: trailing 활성화 (매수가 대비 +10.5%, 스톱가 KRW 620,350)
2026-06-15 12:01:11,933 [INFO] >>> Processing 미래에셋증권(006800)
2026-06-15 12:01:11,933 [INFO]   [미래에셋증권(006800)] 신호 없음 | Lv4 매수 KRW 51,000 -> 현재 KRW 52,300 (+2.55%) | 익절 +10.0% / 추매 -5.0%
2026-06-15 12:01:11,934 [INFO] >>> Processing KODEX 증권(102970)
2026-06-15 12:01:11,934 [INFO]   [KODEX 증권(102970)] 신호 없음 | Lv2 매수 KRW 22,765 -> 현재 KRW 25,065 (+10.10%) | 익절 +10.0% / 추매 -5.0%
2026-06-15 12:01:11,934 [INFO] >>> Processing TIGER 지주회사(307520)
2026-06-15 12:01:11,935 [INFO] [TIGER 지주회사(307520)] Lv2: trailing 고점 갱신 -> KRW 25,740 (스톱가 KRW 24,453)
2026-06-15 12:01:11,935 [INFO]   [TIGER 지주회사(307520)] 신호 없음 | Lv2 매수 KRW 23,050 -> 현재 KRW 25,740 (+11.67%) | 익절 +10.0% / 추매 -5.0%
2026-06-15 12:01:11,935 [INFO] >>> Processing 메리츠금융지주(138040)
2026-06-15 12:01:11,936 [INFO] [메리츠금융지주(138040)] Lv2: trailing 활성화 (매수가 대비 +11.0%, 스톱가 KRW 107,920)
2026-06-15 12:01:12,156 [INFO] >>> Processing KODEX 미국S&P500에너지(합성)(218420)
2026-06-15 12:01:12,156 [INFO]   [KODEX 미국S&P500에너지(합성)(218420)] 신호 없음 | Lv2 매수 KRW 19,905 -> 현재 KRW 19,700 (-1.03%) | 익절 +10.0% / 추매 -5.0%
2026-06-15 12:01:12,157 [INFO] >>> Processing KODEX 미국S&P500금융(453650)
2026-06-15 12:01:12,157 [INFO]   [KODEX 미국S&P500금융(453650)] 신호 없음 | Lv1 매수 KRW 18,975 -> 현재 KRW 19,775 (+4.22%) | 익절 +10.0% / 추매 -5.0%
2026-06-15 12:01:12,157 [INFO] >>> Processing KODEX 미국S&P500필수소비재(453630)
2026-06-15 12:01:12,158 [INFO]   [KODEX 미국S&P500필수소비재(453630)] 신호 없음 | Lv1 매수 KRW 13,600 -> 현재 KRW 13,720 (+0.88%) | 익절 +10.0% / 추매 -5.0%
2026-06-15 12:01:12,158 [INFO] >>> Processing ACE 테슬라밸류체인액티브(457480)
2026-06-15 12:01:12,158 [INFO]   [ACE 테슬라밸류체인액티브(457480)] 신호 없음 | Lv1 매수 KRW 23,625 -> 현재 KRW 24,095 (+1.99%) | 익절 +10.0% / 추매 -5.0%
2026-06-15 12:01:12,158 [INFO] >>> Processing SOL 반도체전공정(475300)
2026-06-15 12:01:12,159 [INFO]   [SOL 반도체전공정(475300)] 신호 없음 | Lv2 매수 KRW 22,050 -> 현재 KRW 30,950 (+40.36%) | 익절 +10.0% / 추매 -5.0%
2026-06-15 12:01:12,159 [INFO] >>> Processing 테스(095610)
2026-06-15 12:01:12,159 [INFO] [테스(095610)] 현금 부족: 보유 현금 KRW 607,506 < 매수 예정 금액 KRW 907,000 (5주) -> 매수 보류
2026-06-15 12:01:12,444 [INFO] >>> Processing KoAct 글로벌AI메모리반도체액티브(0174B0)
2026-06-15 12:01:12,445 [INFO]   [KoAct 글로벌AI메모리반도체액티브(0174B0)] 신호 없음 | Lv1 매수 KRW 18,935 -> 현재 KRW 18,980 (+0.24%) | 익절 +10.0% / 추매 -5.0%
2026-06-15 12:01:12,445 [INFO] >>> Processing SOL 미국양자컴퓨팅TOP10(0023A0)
2026-06-15 12:01:12,445 [INFO]   [SOL 미국양자컴퓨팅TOP10(0023A0)] 신호 없음 | Lv2 매수 KRW 33,355 -> 현재 KRW 35,440 (+6.25%) | 익절 +10.0% / 추매 -5.0%
2026-06-15 12:01:12,446 [INFO] >>> Processing NAVER(035420)
2026-06-15 12:01:12,446 [INFO]   [NAVER(035420)] 신호 없음 | Lv1 매수 KRW 226,500 -> 현재 KRW 252,500 (+11.48%) | 익절 +10.0% / 추매 -5.0%
2026-06-15 12:01:12,446 [INFO] >>> Processing HANARO 글로벌금채굴기업(473640)
2026-06-15 12:01:12,447 [INFO]   [HANARO 글로벌금채굴기업(473640)] 신호 없음 | Lv2 매수 KRW 31,955 -> 현재 KRW 32,680 (+2.27%) | 익절 +10.0% / 추매 -5.0%
2026-06-15 12:01:12,447 [INFO] >>> Step 6: Persist
