2026-06-12 00:20:14,123 [INFO] === Initializing MagicSplit Bot (domestic) ===
2026-06-12 00:20:14,123 [INFO] Loaded 18 stock rule(s) from config_domestic.json
2026-06-12 00:20:14,123 [INFO] [domestic] 17 rule(s), mode=LIVE
2026-06-12 00:20:14,123 [INFO] [KisBroker] 새 토큰 발급 중...
2026-06-12 00:20:15,166 [INFO] [KisDomesticLiveBroker] Mode: LIVE TRADING
2026-06-12 00:20:15,166 [INFO] === Running domestic engine ===
2026-06-12 00:20:15,166 [INFO] >>> Step 1: Portfolio & Price Fetch
2026-06-12 00:20:15,739 [INFO] Fetching real-time prices from Broker...
2026-06-12 00:20:20,303 [INFO] Portfolio: Cash=KRW 329,367, Value=KRW 27,941,717
2026-06-12 00:20:20,304 [INFO] >>> Step 2: Load Positions
2026-06-12 00:20:20,304 [INFO] Loaded 28 position lot(s)
2026-06-12 00:20:20,305 [INFO] >>> Step 2.5: Reconcile OK (수량 일치)
2026-06-12 00:20:20,305 [INFO] >>> Processing 삼성전자(005930)
2026-06-12 00:20:20,306 [INFO]   [삼성전자(005930)] 신호 없음 | Lv1 매수 KRW 303,000 -> 현재 KRW 299,000 (-1.32%) | 익절 +10.0% / 추매 -5.0%
2026-06-12 00:20:20,306 [INFO] >>> Processing ACE 엔비디아밸류체인액티브(483320)
2026-06-12 00:20:20,306 [INFO]   [ACE 엔비디아밸류체인액티브(483320)] 신호 없음 | Lv1 매수 KRW 29,460 -> 현재 KRW 28,050 (-4.79%) | 익절 +10.0% / 추매 -5.0%
2026-06-12 00:20:20,307 [INFO] >>> Processing 현대차(005380)
2026-06-12 00:20:20,307 [INFO]   [현대차(005380)] 신호 없음 | Lv3 매수 KRW 591,000 -> 현재 KRW 597,000 (+1.02%) | 익절 +10.0% / 추매 -5.0%
2026-06-12 00:20:20,307 [INFO] >>> Processing 미래에셋증권(006800)
2026-06-12 00:20:20,307 [INFO]   [미래에셋증권(006800)] 신호 없음 | Lv4 매수 KRW 51,000 -> 현재 KRW 51,100 (+0.20%) | 익절 +10.0% / 추매 -5.0%
2026-06-12 00:20:20,308 [INFO] >>> Processing KODEX 증권(102970)
2026-06-12 00:20:20,308 [INFO]   [KODEX 증권(102970)] 신호 없음 | Lv2 매수 KRW 22,765 -> 현재 KRW 23,460 (+3.05%) | 익절 +10.0% / 추매 -5.0%
2026-06-12 00:20:20,308 [INFO] >>> Processing TIGER 지주회사(307520)
2026-06-12 00:20:20,308 [INFO]   [TIGER 지주회사(307520)] 신호 없음 | Lv2 매수 KRW 23,050 -> 현재 KRW 23,335 (+1.24%) | 익절 +10.0% / 추매 -5.0%
2026-06-12 00:20:20,309 [INFO] >>> Processing 메리츠금융지주(138040)
2026-06-12 00:20:20,309 [INFO]   [메리츠금융지주(138040)] 신호 없음 | Lv2 매수 KRW 102,300 -> 현재 KRW 106,000 (+3.62%) | 익절 +10.0% / 추매 -5.0%
2026-06-12 00:20:20,309 [INFO] >>> Processing KODEX 미국S&P500에너지(합성)(218420)
2026-06-12 00:20:20,310 [INFO]   [KODEX 미국S&P500에너지(합성)(218420)] 신호 없음 | Lv2 매수 KRW 19,905 -> 현재 KRW 20,615 (+3.57%) | 익절 +10.0% / 추매 -5.0%
2026-06-12 00:20:20,310 [INFO] >>> Processing KODEX 미국S&P500금융(453650)
2026-06-12 00:20:20,310 [INFO]   [KODEX 미국S&P500금융(453650)] 신호 없음 | Lv1 매수 KRW 18,975 -> 현재 KRW 19,510 (+2.82%) | 익절 +10.0% / 추매 -5.0%
2026-06-12 00:20:20,310 [INFO] >>> Processing KODEX 미국S&P500필수소비재(453630)
2026-06-12 00:20:20,311 [INFO]   [KODEX 미국S&P500필수소비재(453630)] 신호 없음 | Lv1 매수 KRW 13,600 -> 현재 KRW 13,785 (+1.36%) | 익절 +10.0% / 추매 -5.0%
2026-06-12 00:20:20,311 [INFO] >>> Processing ACE 테슬라밸류체인액티브(457480)
2026-06-12 00:20:20,311 [INFO]   [ACE 테슬라밸류체인액티브(457480)] 신호 없음 | Lv1 매수 KRW 23,625 -> 현재 KRW 22,715 (-3.85%) | 익절 +10.0% / 추매 -5.0%
2026-06-12 00:20:20,311 [INFO] >>> Processing SOL 반도체전공정(475300)
2026-06-12 00:20:20,312 [INFO] [SOL 반도체전공정(475300)] Lv2: trailing 활성화 (매수가 대비 +25.8%, 스톱가 KRW 26,348)
2026-06-12 00:20:20,312 [INFO] [SOL 반도체전공정(475300)] Lv1: trailing 활성화 (매수가 대비 +15.1%, 스톱가 KRW 26,348)
2026-06-12 00:20:21,142 [INFO] >>> Processing 테스(095610)
2026-06-12 00:20:21,142 [INFO]   [테스(095610)] 신호 없음 | Lv1 매수 KRW 135,400 -> 현재 KRW 170,600 (+26.00%) | 익절 +10.0% / 추매 -5.0%
2026-06-12 00:20:21,143 [INFO] >>> Processing KoAct 글로벌AI메모리반도체액티브(0174B0)
2026-06-12 00:20:21,143 [INFO] [KoAct 글로벌AI메모리반도체액티브(0174B0)] 현금 부족: 보유 현금 KRW 329,367 < 매수 예정 금액 KRW 983,970 (58주) -> 매수 보류
2026-06-12 00:20:21,579 [INFO] >>> Processing SOL 미국양자컴퓨팅TOP10(0023A0)
2026-06-12 00:20:21,579 [INFO]   [SOL 미국양자컴퓨팅TOP10(0023A0)] 신호 없음 | Lv2 매수 KRW 33,355 -> 현재 KRW 33,795 (+1.32%) | 익절 +10.0% / 추매 -5.0%
2026-06-12 00:20:21,579 [INFO] >>> Processing NAVER(035420)
2026-06-12 00:20:21,580 [INFO]   [NAVER(035420)] 신호 없음 | Lv1 매수 KRW 226,500 -> 현재 KRW 224,000 (-1.10%) | 익절 +10.0% / 추매 -5.0%
2026-06-12 00:20:21,580 [INFO] >>> Processing HANARO 글로벌금채굴기업(473640)
2026-06-12 00:20:21,580 [INFO] [HANARO 글로벌금채굴기업(473640)] 현금 부족: 보유 현금 KRW 329,367 < 매수 예정 금액 KRW 475,680 (16주) -> 매수 보류
2026-06-12 00:20:21,983 [INFO] >>> Step 6: Persist
2026-06-12 14:22:35,582 [INFO] === Initializing MagicSplit Bot (domestic) ===
2026-06-12 14:22:35,582 [INFO] Loaded 18 stock rule(s) from config_domestic.json
2026-06-12 14:22:35,583 [INFO] [domestic] 17 rule(s), mode=LIVE
2026-06-12 14:22:35,583 [INFO] [KisBroker] 캐시에서 토큰 로드 (API 호출 생략)
2026-06-12 14:22:35,583 [INFO] [KisDomesticLiveBroker] Mode: LIVE TRADING
2026-06-12 14:22:35,583 [INFO] === Running domestic engine ===
2026-06-12 14:22:35,583 [INFO] >>> Step 1: Portfolio & Price Fetch
2026-06-12 14:22:36,649 [INFO] Fetching real-time prices from Broker...
2026-06-12 14:22:41,352 [INFO] Portfolio: Cash=KRW 329,367, Value=KRW 29,604,067
2026-06-12 14:22:41,352 [INFO] >>> Step 2: Load Positions
2026-06-12 14:22:41,352 [INFO] Loaded 28 position lot(s)
2026-06-12 14:22:41,353 [INFO] >>> Step 2.5: Reconcile OK (수량 일치)
2026-06-12 14:22:41,354 [INFO] >>> Processing 삼성전자(005930)
2026-06-12 14:22:41,354 [INFO]   [삼성전자(005930)] 신호 없음 | Lv1 매수 KRW 303,000 -> 현재 KRW 333,000 (+9.90%) | 익절 +10.0% / 추매 -5.0%
2026-06-12 14:22:41,354 [INFO] >>> Processing ACE 엔비디아밸류체인액티브(483320)
2026-06-12 14:22:41,355 [INFO]   [ACE 엔비디아밸류체인액티브(483320)] 신호 없음 | Lv1 매수 KRW 29,460 -> 현재 KRW 29,600 (+0.48%) | 익절 +10.0% / 추매 -5.0%
2026-06-12 14:22:41,355 [INFO] >>> Processing 현대차(005380)
2026-06-12 14:22:41,355 [INFO]   [현대차(005380)] 신호 없음 | Lv3 매수 KRW 591,000 -> 현재 KRW 626,000 (+5.92%) | 익절 +10.0% / 추매 -5.0%
2026-06-12 14:22:41,355 [INFO] >>> Processing 미래에셋증권(006800)
2026-06-12 14:22:41,356 [INFO]   [미래에셋증권(006800)] 신호 없음 | Lv4 매수 KRW 51,000 -> 현재 KRW 53,900 (+5.69%) | 익절 +10.0% / 추매 -5.0%
2026-06-12 14:22:41,356 [INFO] >>> Processing KODEX 증권(102970)
2026-06-12 14:22:41,356 [INFO]   [KODEX 증권(102970)] 신호 없음 | Lv2 매수 KRW 22,765 -> 현재 KRW 24,930 (+9.51%) | 익절 +10.0% / 추매 -5.0%
2026-06-12 14:22:41,356 [INFO] >>> Processing TIGER 지주회사(307520)
2026-06-12 14:22:41,357 [INFO]   [TIGER 지주회사(307520)] 신호 없음 | Lv2 매수 KRW 23,050 -> 현재 KRW 24,360 (+5.68%) | 익절 +10.0% / 추매 -5.0%
2026-06-12 14:22:41,357 [INFO] >>> Processing 메리츠금융지주(138040)
2026-06-12 14:22:41,357 [INFO]   [메리츠금융지주(138040)] 신호 없음 | Lv2 매수 KRW 102,300 -> 현재 KRW 109,300 (+6.84%) | 익절 +10.0% / 추매 -5.0%
2026-06-12 14:22:41,358 [INFO] >>> Processing KODEX 미국S&P500에너지(합성)(218420)
2026-06-12 14:22:41,358 [INFO]   [KODEX 미국S&P500에너지(합성)(218420)] 신호 없음 | Lv2 매수 KRW 19,905 -> 현재 KRW 20,075 (+0.85%) | 익절 +10.0% / 추매 -5.0%
2026-06-12 14:22:41,358 [INFO] >>> Processing KODEX 미국S&P500금융(453650)
2026-06-12 14:22:41,358 [INFO]   [KODEX 미국S&P500금융(453650)] 신호 없음 | Lv1 매수 KRW 18,975 -> 현재 KRW 19,555 (+3.06%) | 익절 +10.0% / 추매 -5.0%
2026-06-12 14:22:41,359 [INFO] >>> Processing KODEX 미국S&P500필수소비재(453630)
2026-06-12 14:22:41,359 [INFO]   [KODEX 미국S&P500필수소비재(453630)] 신호 없음 | Lv1 매수 KRW 13,600 -> 현재 KRW 13,600 (+0.00%) | 익절 +10.0% / 추매 -5.0%
2026-06-12 14:22:41,359 [INFO] >>> Processing ACE 테슬라밸류체인액티브(457480)
2026-06-12 14:22:41,359 [INFO]   [ACE 테슬라밸류체인액티브(457480)] 신호 없음 | Lv1 매수 KRW 23,625 -> 현재 KRW 23,600 (-0.11%) | 익절 +10.0% / 추매 -5.0%
2026-06-12 14:22:41,360 [INFO] >>> Processing SOL 반도체전공정(475300)
2026-06-12 14:22:41,360 [INFO] [SOL 반도체전공정(475300)] Lv2: trailing 고점 갱신 -> KRW 31,060 (스톱가 KRW 29,507)
2026-06-12 14:22:41,360 [INFO] [SOL 반도체전공정(475300)] Lv1: trailing 고점 갱신 -> KRW 31,060 (스톱가 KRW 29,507)
2026-06-12 14:22:41,360 [INFO]   [SOL 반도체전공정(475300)] 신호 없음 | Lv2 매수 KRW 22,050 -> 현재 KRW 31,060 (+40.86%) | 익절 +10.0% / 추매 -5.0%
2026-06-12 14:22:41,361 [INFO] >>> Processing 테스(095610)
2026-06-12 14:22:41,361 [INFO] [테스(095610)] Lv1: trailing 고점 갱신 -> KRW 197,800 (스톱가 KRW 187,910)
2026-06-12 14:22:41,361 [INFO]   [테스(095610)] 신호 없음 | Lv1 매수 KRW 135,400 -> 현재 KRW 197,800 (+46.09%) | 익절 +10.0% / 추매 -5.0%
2026-06-12 14:22:41,361 [INFO] >>> Processing KoAct 글로벌AI메모리반도체액티브(0174B0)
2026-06-12 14:22:41,362 [INFO] [KoAct 글로벌AI메모리반도체액티브(0174B0)] 현금 부족: 보유 현금 KRW 329,367 < 매수 예정 금액 KRW 999,000 (54주) -> 매수 보류
2026-06-12 14:22:41,718 [INFO] >>> Processing SOL 미국양자컴퓨팅TOP10(0023A0)
2026-06-12 14:22:41,719 [INFO]   [SOL 미국양자컴퓨팅TOP10(0023A0)] 신호 없음 | Lv2 매수 KRW 33,355 -> 현재 KRW 34,200 (+2.53%) | 익절 +10.0% / 추매 -5.0%
2026-06-12 14:22:41,719 [INFO] >>> Processing NAVER(035420)
2026-06-12 14:22:41,719 [INFO] [NAVER(035420)] Lv1: trailing 활성화 (매수가 대비 +11.3%, 스톱가 KRW 239,400)
2026-06-12 14:22:42,043 [INFO] >>> Processing HANARO 글로벌금채굴기업(473640)
2026-06-12 14:22:42,043 [INFO]   [HANARO 글로벌금채굴기업(473640)] 신호 없음 | Lv2 매수 KRW 31,955 -> 현재 KRW 30,770 (-3.71%) | 익절 +10.0% / 추매 -5.0%
2026-06-12 14:22:42,043 [INFO] >>> Step 6: Persist
2026-06-12 21:19:34,798 [INFO] === Initializing MagicSplit Bot (domestic) ===
2026-06-12 21:19:34,798 [INFO] Loaded 18 stock rule(s) from config_domestic.json
2026-06-12 21:19:34,799 [INFO] [domestic] 17 rule(s), mode=LIVE
2026-06-12 21:19:34,799 [INFO] [KisBroker] 새 토큰 발급 중...
2026-06-12 21:19:35,987 [INFO] [KisDomesticLiveBroker] Mode: LIVE TRADING
2026-06-12 21:19:35,987 [INFO] === Running domestic engine ===
2026-06-12 21:19:35,987 [INFO] >>> Step 1: Portfolio & Price Fetch
2026-06-12 21:19:36,578 [INFO] Fetching real-time prices from Broker...
2026-06-12 21:19:41,282 [INFO] Portfolio: Cash=KRW 329,367, Value=KRW 28,792,032
2026-06-12 21:19:41,282 [INFO] >>> Step 2: Load Positions
2026-06-12 21:19:41,282 [INFO] Loaded 28 position lot(s)
2026-06-12 21:19:41,283 [INFO] >>> Step 2.5: Reconcile OK (수량 일치)
2026-06-12 21:19:41,284 [INFO] >>> Processing 삼성전자(005930)
2026-06-12 21:19:41,284 [INFO]   [삼성전자(005930)] 신호 없음 | Lv1 매수 KRW 303,000 -> 현재 KRW 322,500 (+6.44%) | 익절 +10.0% / 추매 -5.0%
2026-06-12 21:19:41,284 [INFO] >>> Processing ACE 엔비디아밸류체인액티브(483320)
2026-06-12 21:19:41,284 [INFO]   [ACE 엔비디아밸류체인액티브(483320)] 신호 없음 | Lv1 매수 KRW 29,460 -> 현재 KRW 29,320 (-0.48%) | 익절 +10.0% / 추매 -5.0%
2026-06-12 21:19:41,285 [INFO] >>> Processing 현대차(005380)
2026-06-12 21:19:41,285 [INFO]   [현대차(005380)] 신호 없음 | Lv3 매수 KRW 591,000 -> 현재 KRW 607,000 (+2.71%) | 익절 +10.0% / 추매 -5.0%
2026-06-12 21:19:41,285 [INFO] >>> Processing 미래에셋증권(006800)
2026-06-12 21:19:41,286 [INFO]   [미래에셋증권(006800)] 신호 없음 | Lv4 매수 KRW 51,000 -> 현재 KRW 52,300 (+2.55%) | 익절 +10.0% / 추매 -5.0%
2026-06-12 21:19:41,286 [INFO] >>> Processing KODEX 증권(102970)
2026-06-12 21:19:41,286 [INFO]   [KODEX 증권(102970)] 신호 없음 | Lv2 매수 KRW 22,765 -> 현재 KRW 24,405 (+7.20%) | 익절 +10.0% / 추매 -5.0%
2026-06-12 21:19:41,286 [INFO] >>> Processing TIGER 지주회사(307520)
2026-06-12 21:19:41,287 [INFO]   [TIGER 지주회사(307520)] 신호 없음 | Lv2 매수 KRW 23,050 -> 현재 KRW 24,240 (+5.16%) | 익절 +10.0% / 추매 -5.0%
2026-06-12 21:19:41,287 [INFO] >>> Processing 메리츠금융지주(138040)
2026-06-12 21:19:41,287 [INFO]   [메리츠금융지주(138040)] 신호 없음 | Lv2 매수 KRW 102,300 -> 현재 KRW 108,900 (+6.45%) | 익절 +10.0% / 추매 -5.0%
2026-06-12 21:19:41,288 [INFO] >>> Processing KODEX 미국S&P500에너지(합성)(218420)
2026-06-12 21:19:41,288 [INFO]   [KODEX 미국S&P500에너지(합성)(218420)] 신호 없음 | Lv2 매수 KRW 19,905 -> 현재 KRW 20,070 (+0.83%) | 익절 +10.0% / 추매 -5.0%
2026-06-12 21:19:41,288 [INFO] >>> Processing KODEX 미국S&P500금융(453650)
2026-06-12 21:19:41,288 [INFO]   [KODEX 미국S&P500금융(453650)] 신호 없음 | Lv1 매수 KRW 18,975 -> 현재 KRW 19,505 (+2.79%) | 익절 +10.0% / 추매 -5.0%
2026-06-12 21:19:41,289 [INFO] >>> Processing KODEX 미국S&P500필수소비재(453630)
2026-06-12 21:19:41,289 [INFO]   [KODEX 미국S&P500필수소비재(453630)] 신호 없음 | Lv1 매수 KRW 13,600 -> 현재 KRW 13,595 (-0.04%) | 익절 +10.0% / 추매 -5.0%
2026-06-12 21:19:41,289 [INFO] >>> Processing ACE 테슬라밸류체인액티브(457480)
2026-06-12 21:19:41,289 [INFO]   [ACE 테슬라밸류체인액티브(457480)] 신호 없음 | Lv1 매수 KRW 23,625 -> 현재 KRW 23,570 (-0.23%) | 익절 +10.0% / 추매 -5.0%
2026-06-12 21:19:41,290 [INFO] >>> Processing SOL 반도체전공정(475300)
2026-06-12 21:19:41,290 [INFO]   [SOL 반도체전공정(475300)] 신호 없음 | Lv2 매수 KRW 22,050 -> 현재 KRW 30,095 (+36.49%) | 익절 +10.0% / 추매 -5.0%
2026-06-12 21:19:41,290 [INFO] >>> Processing 테스(095610)
2026-06-12 21:19:41,291 [INFO] [테스(095610)] trailing 벌크 매도 발동: Lv1~Lv1 7주 (+34.6%)
2026-06-12 21:19:41,291 [INFO] Executing 1 order(s)...
2026-06-12 21:19:41,291 [INFO] [KisBroker] Processing 1 SELL orders...
2026-06-12 21:19:42,334 [ERROR] [KisDomestic] Order Failed: 장운영일자가 주문일과 상이합니다
2026-06-12 21:19:42,719 [INFO] >>> Processing KoAct 글로벌AI메모리반도체액티브(0174B0)
2026-06-12 21:19:42,719 [INFO] [KoAct 글로벌AI메모리반도체액티브(0174B0)] 현금 부족: 보유 현금 KRW 329,367 < 매수 예정 금액 KRW 995,225 (55주) -> 매수 보류
2026-06-12 21:19:43,023 [INFO] >>> Processing SOL 미국양자컴퓨팅TOP10(0023A0)
2026-06-12 21:19:43,023 [INFO]   [SOL 미국양자컴퓨팅TOP10(0023A0)] 신호 없음 | Lv2 매수 KRW 33,355 -> 현재 KRW 34,055 (+2.10%) | 익절 +10.0% / 추매 -5.0%
2026-06-12 21:19:43,023 [INFO] >>> Processing NAVER(035420)
2026-06-12 21:19:43,024 [INFO]   [NAVER(035420)] 신호 없음 | Lv1 매수 KRW 226,500 -> 현재 KRW 247,000 (+9.05%) | 익절 +10.0% / 추매 -5.0%
2026-06-12 21:19:43,024 [INFO] >>> Processing HANARO 글로벌금채굴기업(473640)
2026-06-12 21:19:43,024 [INFO]   [HANARO 글로벌금채굴기업(473640)] 신호 없음 | Lv2 매수 KRW 31,955 -> 현재 KRW 30,710 (-3.90%) | 익절 +10.0% / 추매 -5.0%
2026-06-12 21:19:43,024 [INFO] >>> Step 6: Persist
2026-06-12 21:20:50,139 [INFO] === Initializing MagicSplit Bot (domestic) ===
2026-06-12 21:20:50,139 [INFO] Loaded 18 stock rule(s) from config_domestic.json
2026-06-12 21:20:50,139 [INFO] [domestic] 17 rule(s), mode=LIVE
2026-06-12 21:20:50,139 [INFO] [KisBroker] 캐시에서 토큰 로드 (API 호출 생략)
2026-06-12 21:20:50,139 [INFO] [KisDomesticLiveBroker] Mode: LIVE TRADING
2026-06-12 21:20:50,140 [INFO] === Running domestic engine ===
2026-06-12 21:20:50,140 [INFO] >>> Step 1: Portfolio & Price Fetch
2026-06-12 21:20:51,645 [INFO] Fetching real-time prices from Broker...
2026-06-12 21:20:56,298 [INFO] Portfolio: Cash=KRW 329,367, Value=KRW 28,792,032
2026-06-12 21:20:56,298 [INFO] >>> Step 2: Load Positions
2026-06-12 21:20:56,299 [INFO] Loaded 28 position lot(s)
2026-06-12 21:20:56,300 [INFO] >>> Step 2.5: Reconcile OK (수량 일치)
2026-06-12 21:20:56,300 [INFO] >>> Processing 삼성전자(005930)
2026-06-12 21:20:56,300 [INFO]   [삼성전자(005930)] 신호 없음 | Lv1 매수 KRW 303,000 -> 현재 KRW 322,500 (+6.44%) | 익절 +10.0% / 추매 -5.0%
2026-06-12 21:20:56,301 [INFO] >>> Processing ACE 엔비디아밸류체인액티브(483320)
2026-06-12 21:20:56,301 [INFO]   [ACE 엔비디아밸류체인액티브(483320)] 신호 없음 | Lv1 매수 KRW 29,460 -> 현재 KRW 29,320 (-0.48%) | 익절 +10.0% / 추매 -5.0%
2026-06-12 21:20:56,301 [INFO] >>> Processing 현대차(005380)
2026-06-12 21:20:56,302 [INFO]   [현대차(005380)] 신호 없음 | Lv3 매수 KRW 591,000 -> 현재 KRW 607,000 (+2.71%) | 익절 +10.0% / 추매 -5.0%
2026-06-12 21:20:56,302 [INFO] >>> Processing 미래에셋증권(006800)
2026-06-12 21:20:56,302 [INFO]   [미래에셋증권(006800)] 신호 없음 | Lv4 매수 KRW 51,000 -> 현재 KRW 52,300 (+2.55%) | 익절 +10.0% / 추매 -5.0%
2026-06-12 21:20:56,303 [INFO] >>> Processing KODEX 증권(102970)
2026-06-12 21:20:56,303 [INFO]   [KODEX 증권(102970)] 신호 없음 | Lv2 매수 KRW 22,765 -> 현재 KRW 24,405 (+7.20%) | 익절 +10.0% / 추매 -5.0%
2026-06-12 21:20:56,303 [INFO] >>> Processing TIGER 지주회사(307520)
2026-06-12 21:20:56,304 [INFO]   [TIGER 지주회사(307520)] 신호 없음 | Lv2 매수 KRW 23,050 -> 현재 KRW 24,240 (+5.16%) | 익절 +10.0% / 추매 -5.0%
2026-06-12 21:20:56,304 [INFO] >>> Processing 메리츠금융지주(138040)
2026-06-12 21:20:56,304 [INFO]   [메리츠금융지주(138040)] 신호 없음 | Lv2 매수 KRW 102,300 -> 현재 KRW 108,900 (+6.45%) | 익절 +10.0% / 추매 -5.0%
2026-06-12 21:20:56,304 [INFO] >>> Processing KODEX 미국S&P500에너지(합성)(218420)
2026-06-12 21:20:56,305 [INFO]   [KODEX 미국S&P500에너지(합성)(218420)] 신호 없음 | Lv2 매수 KRW 19,905 -> 현재 KRW 20,070 (+0.83%) | 익절 +10.0% / 추매 -5.0%
2026-06-12 21:20:56,305 [INFO] >>> Processing KODEX 미국S&P500금융(453650)
2026-06-12 21:20:56,305 [INFO]   [KODEX 미국S&P500금융(453650)] 신호 없음 | Lv1 매수 KRW 18,975 -> 현재 KRW 19,505 (+2.79%) | 익절 +10.0% / 추매 -5.0%
2026-06-12 21:20:56,306 [INFO] >>> Processing KODEX 미국S&P500필수소비재(453630)
2026-06-12 21:20:56,306 [INFO]   [KODEX 미국S&P500필수소비재(453630)] 신호 없음 | Lv1 매수 KRW 13,600 -> 현재 KRW 13,595 (-0.04%) | 익절 +10.0% / 추매 -5.0%
2026-06-12 21:20:56,306 [INFO] >>> Processing ACE 테슬라밸류체인액티브(457480)
2026-06-12 21:20:56,306 [INFO]   [ACE 테슬라밸류체인액티브(457480)] 신호 없음 | Lv1 매수 KRW 23,625 -> 현재 KRW 23,570 (-0.23%) | 익절 +10.0% / 추매 -5.0%
2026-06-12 21:20:56,307 [INFO] >>> Processing SOL 반도체전공정(475300)
2026-06-12 21:20:56,307 [INFO]   [SOL 반도체전공정(475300)] 신호 없음 | Lv2 매수 KRW 22,050 -> 현재 KRW 30,095 (+36.49%) | 익절 +10.0% / 추매 -5.0%
2026-06-12 21:20:56,307 [INFO] >>> Processing 테스(095610)
2026-06-12 21:20:56,307 [INFO] [테스(095610)] trailing 벌크 매도 발동: Lv1~Lv1 7주 (+34.6%)
2026-06-12 21:20:56,308 [INFO] Executing 1 order(s)...
2026-06-12 21:20:56,308 [INFO] [KisBroker] Processing 1 SELL orders...
2026-06-12 21:20:57,324 [ERROR] [KisDomestic] Order Failed: 장운영일자가 주문일과 상이합니다
2026-06-12 21:20:57,699 [INFO] >>> Processing KoAct 글로벌AI메모리반도체액티브(0174B0)
2026-06-12 21:20:57,700 [INFO] [KoAct 글로벌AI메모리반도체액티브(0174B0)] 현금 부족: 보유 현금 KRW 329,367 < 매수 예정 금액 KRW 995,225 (55주) -> 매수 보류
2026-06-12 21:20:57,981 [INFO] >>> Processing SOL 미국양자컴퓨팅TOP10(0023A0)
2026-06-12 21:20:57,982 [INFO]   [SOL 미국양자컴퓨팅TOP10(0023A0)] 신호 없음 | Lv2 매수 KRW 33,355 -> 현재 KRW 34,055 (+2.10%) | 익절 +10.0% / 추매 -5.0%
2026-06-12 21:20:57,982 [INFO] >>> Processing NAVER(035420)
2026-06-12 21:20:57,982 [INFO]   [NAVER(035420)] 신호 없음 | Lv1 매수 KRW 226,500 -> 현재 KRW 247,000 (+9.05%) | 익절 +10.0% / 추매 -5.0%
2026-06-12 21:20:57,983 [INFO] >>> Processing HANARO 글로벌금채굴기업(473640)
2026-06-12 21:20:57,983 [INFO]   [HANARO 글로벌금채굴기업(473640)] 신호 없음 | Lv2 매수 KRW 31,955 -> 현재 KRW 30,710 (-3.90%) | 익절 +10.0% / 추매 -5.0%
2026-06-12 21:20:57,983 [INFO] >>> Step 6: Persist
