2026-05-26 10:17:33,043 [INFO] === Initializing MagicSplit Bot (domestic) ===
2026-05-26 10:17:33,043 [INFO] Loaded 14 stock rule(s) from config_domestic.json
2026-05-26 10:17:33,043 [INFO] [domestic] 13 rule(s), mode=LIVE
2026-05-26 10:17:33,044 [INFO] [KisBroker] 새 토큰 발급 중...
2026-05-26 10:17:33,905 [INFO] [KisDomesticLiveBroker] Mode: LIVE TRADING
2026-05-26 10:17:33,905 [INFO] === Running domestic engine ===
2026-05-26 10:17:33,905 [INFO] >>> Step 1: Portfolio & Price Fetch
2026-05-26 10:17:34,347 [INFO] Fetching real-time prices from Broker...
2026-05-26 10:17:38,211 [INFO] Portfolio: Cash=KRW 20,066,181, Value=KRW 32,598,741
2026-05-26 10:17:38,211 [INFO] >>> Step 2: Load Positions
2026-05-26 10:17:38,212 [INFO] Loaded 13 position lot(s)
2026-05-26 10:17:38,212 [INFO] >>> Step 2.1: Detected 1 newly enabled ticker(s)
2026-05-26 10:17:38,213 [INFO] >>> Step 2.5: Reconcile OK (수량 일치)
2026-05-26 10:17:38,214 [INFO] >>> Processing 삼성전자(005930)
2026-05-26 10:17:38,214 [INFO] [삼성전자(005930)] Lv1: 트레일링 스톱 활성화 (매도조건 +10% 도달, 현재가 KRW 301,500, 스톱가 KRW 286,425, 하락허용 5.0%)
2026-05-26 10:17:38,533 [INFO] >>> Processing ACE 엔비디아밸류체인액티브(483320)
2026-05-26 10:17:38,533 [INFO] [ACE 엔비디아밸류체인액티브(483320)] Lv1: 트레일링 스톱 활성화 (매도조건 +10% 도달, 현재가 KRW 28,135, 스톱가 KRW 26,728, 하락허용 5.0%)
2026-05-26 10:17:38,775 [INFO] >>> Processing 현대차(005380)
2026-05-26 10:17:38,776 [INFO] [현대차(005380)] Lv1: 트레일링 고점 갱신 KRW 667,500 -> KRW 685,000 (매수가 대비 +13.4%, 스톱가 KRW 650,750)
2026-05-26 10:17:38,776 [INFO]   [현대차(005380)] 신호 없음 | Lv1 매수 KRW 604,000 -> 현재 KRW 685,000 (+13.41%) | 익절 +10.0% / 추매 -5.0%
2026-05-26 10:17:38,776 [INFO] >>> Processing 미래에셋증권(006800)
2026-05-26 10:17:38,777 [INFO] [미래에셋증권(006800)] Lv2: 트레일링 고점 갱신 KRW 67,800 -> KRW 67,900 (매수가 대비 +10.9%, 스톱가 KRW 64,505)
2026-05-26 10:17:38,777 [INFO]   [미래에셋증권(006800)] 신호 없음 | Lv2 매수 KRW 61,200 -> 현재 KRW 67,900 (+10.95%) | 익절 +10.0% / 추매 -5.0%
2026-05-26 10:17:38,777 [INFO] >>> Processing KODEX 증권(102970)
2026-05-26 10:17:38,778 [INFO]   [KODEX 증권(102970)] 신호 없음 | Lv1 매수 KRW 26,355 -> 현재 KRW 28,030 (+6.36%) | 익절 +10.0% / 추매 -5.0%
2026-05-26 10:17:38,778 [INFO] >>> Processing TIGER 지주회사(307520)
2026-05-26 10:17:38,778 [INFO] [TIGER 지주회사(307520)] Lv1: 트레일링 스톱 활성화 (매도조건 +10% 도달, 현재가 KRW 26,940, 스톱가 KRW 25,593, 하락허용 5.0%)
2026-05-26 10:17:39,027 [INFO] >>> Processing 메리츠금융지주(138040)
2026-05-26 10:17:39,027 [INFO]   [메리츠금융지주(138040)] 신호 없음 | Lv1 매수 KRW 109,100 -> 현재 KRW 107,300 (-1.65%) | 익절 +10.0% / 추매 -5.0%
2026-05-26 10:17:39,027 [INFO] >>> Processing KODEX 미국S&P500에너지(합성)(218420)
2026-05-26 10:17:39,028 [INFO]   [KODEX 미국S&P500에너지(합성)(218420)] 신호 없음 | Lv1 매수 KRW 21,155 -> 현재 KRW 20,420 (-3.47%) | 익절 +10.0% / 추매 -5.0%
2026-05-26 10:17:39,028 [INFO] >>> Processing KODEX 미국S&P500금융(453650)
2026-05-26 10:17:39,028 [INFO]   [KODEX 미국S&P500금융(453650)] 신호 없음 | Lv1 매수 KRW 18,975 -> 현재 KRW 19,260 (+1.50%) | 익절 +10.0% / 추매 -5.0%
2026-05-26 10:17:39,028 [INFO] >>> Processing KODEX 미국S&P500필수소비재(453630)
2026-05-26 10:17:39,029 [INFO]   [KODEX 미국S&P500필수소비재(453630)] 신호 없음 | Lv1 매수 KRW 13,600 -> 현재 KRW 13,525 (-0.55%) | 익절 +10.0% / 추매 -5.0%
2026-05-26 10:17:39,029 [INFO] >>> Processing ACE 테슬라밸류체인액티브(457480)
2026-05-26 10:17:39,029 [INFO]   [ACE 테슬라밸류체인액티브(457480)] 신호 없음 | Lv1 매수 KRW 23,625 -> 현재 KRW 24,750 (+4.76%) | 익절 +10.0% / 추매 -5.0%
2026-05-26 10:17:39,030 [INFO] >>> Processing SOL 반도체전공정(475300)
2026-05-26 10:17:39,030 [INFO] [SOL 반도체전공정(475300)] Lv1: 트레일링 고점 갱신 KRW 25,850 -> KRW 27,015 (매수가 대비 +20.2%, 스톱가 KRW 25,664)
2026-05-26 10:17:39,030 [INFO]   [SOL 반도체전공정(475300)] 신호 없음 | Lv1 매수 KRW 22,475 -> 현재 KRW 27,015 (+20.20%) | 익절 +10.0% / 추매 -5.0%
2026-05-26 10:17:39,030 [INFO] >>> Processing 테스(095610)
2026-05-26 10:17:39,031 [INFO] [테스(095610)] 보유 lot 없음 -> 초기 매수 Lv1 7주 @KRW 135,300
2026-05-26 10:17:39,031 [INFO] Executing 1 order(s)...
2026-05-26 10:17:39,461 [INFO] [KisBroker] Available Cash for BUY: 20,066,181
2026-05-26 10:17:40,905 [INFO] [KisDomestic] Order Sent: BUY 테스(095610) 7 @ 135400 (ODNO=0018498600)
2026-05-26 10:17:43,511 [INFO] [KisDomestic] Order FILLED: 테스(095610) ODNO=0018498600 price=135400.0 qty=7 fee=142.17
2026-05-26 10:17:43,712 [INFO] [Position] New lot: lot_20260526_101743_095610_001 Lv1 테스(095610) 7주 @KRW 135,400
2026-05-26 10:17:47,149 [INFO] >>> Step 6: Persist
