2026-07-14 10:01:20,068 [INFO] === Initializing MagicSplit Bot (domestic) ===
2026-07-14 10:01:20,068 [INFO] Loaded 22 stock rule(s) from config_domestic.json
2026-07-14 10:01:20,068 [INFO] [domestic] 14 rule(s), mode=LIVE
2026-07-14 10:01:20,068 [INFO] [KisBroker] 새 토큰 발급 중...
2026-07-14 10:01:20,852 [INFO] [KisDomesticLiveBroker] Mode: LIVE TRADING
2026-07-14 10:01:20,853 [INFO] === Running domestic engine ===
2026-07-14 10:01:20,853 [INFO] >>> Step 1: Portfolio & Price Fetch
2026-07-14 10:01:21,444 [INFO] Fetching real-time prices from Broker...
2026-07-14 10:01:25,373 [INFO] Portfolio: Cash=KRW 65,901, Value=KRW 28,849,821
2026-07-14 10:01:25,373 [INFO] >>> Step 2: Load Positions
2026-07-14 10:01:25,373 [INFO] Loaded 33 position lot(s)
2026-07-14 10:01:25,375 [INFO] >>> Step 2.5: Reconcile OK (수량 일치)
2026-07-14 10:01:25,376 [INFO] >>> Processing 삼성증권(016360)
2026-07-14 10:01:25,376 [INFO]   [삼성증권(016360)] 신호 없음 | Lv1 매수 KRW 110,400 -> 현재 KRW 108,600 (-1.63%) | 익절 +10.0% / 추매 -5.0%
2026-07-14 10:01:25,376 [INFO] >>> Processing 삼성에스디에스(018260)
2026-07-14 10:01:25,377 [INFO]   [삼성에스디에스(018260)] 신호 없음 | Lv1 매수 KRW 193,900 -> 현재 KRW 195,500 (+0.83%) | 익절 +10.0% / 추매 -5.0%
2026-07-14 10:01:25,377 [INFO] >>> Processing ACE 테슬라밸류체인액티브(457480)
2026-07-14 10:01:25,377 [INFO]   [ACE 테슬라밸류체인액티브(457480)] 신호 없음 | Lv2 매수 KRW 21,575 -> 현재 KRW 20,690 (-4.10%) | 익절 +10.0% / 추매 -5.0%
2026-07-14 10:01:25,377 [INFO] >>> Processing 원익IPS(240810)
2026-07-14 10:01:25,378 [INFO] [원익IPS(240810)] 현금 부족: 보유 현금 KRW 65,901 < 현재가 KRW 125,000 (1주도 매수 불가) -> 매수 보류
2026-07-14 10:01:25,797 [INFO] >>> Processing 메리츠금융지주(138040)
2026-07-14 10:01:25,798 [INFO]   [메리츠금융지주(138040)] 신호 없음 | Lv1 매수 KRW 109,100 -> 현재 KRW 115,150 (+5.55%) | 익절 +10.0% / 추매 -5.0%
2026-07-14 10:01:25,798 [INFO] >>> Processing KoAct 글로벌AI메모리반도체액티브(0174B0)
2026-07-14 10:01:25,798 [INFO] [KoAct 글로벌AI메모리반도체액티브(0174B0)] 현금 부족: 보유 현금 KRW 65,901 < 매수 예정 금액 KRW 498,790 (31주) -> 매수 보류
2026-07-14 10:01:26,126 [INFO] >>> Processing ACE 엔비디아밸류체인액티브(483320)
2026-07-14 10:01:26,127 [INFO] [ACE 엔비디아밸류체인액티브(483320)] 현금 부족: 보유 현금 KRW 65,901 < 매수 예정 금액 KRW 475,740 (18주) -> 매수 보류
2026-07-14 10:01:26,449 [INFO] >>> Processing SOL 미국양자컴퓨팅TOP10(0023A0)
2026-07-14 10:01:26,449 [INFO] [SOL 미국양자컴퓨팅TOP10(0023A0)] 현금 부족: 보유 현금 KRW 65,901 < 매수 예정 금액 KRW 487,170 (18주) -> 매수 보류
2026-07-14 10:01:26,779 [INFO] >>> Processing SOL 반도체전공정(475300)
2026-07-14 10:01:26,779 [INFO]   [SOL 반도체전공정(475300)] 신호 없음 | Lv3 매수 KRW 24,150 -> 현재 KRW 24,905 (+3.13%) | 익절 +10.0% / 추매 -5.0%
2026-07-14 10:01:26,779 [INFO] >>> Processing 테스(095610)
2026-07-14 10:01:26,780 [INFO] [테스(095610)] 현금 부족: 보유 현금 KRW 65,901 < 현재가 KRW 195,800 (1주도 매수 불가) -> 매수 보류
2026-07-14 10:01:27,120 [INFO] >>> Processing 삼성전자(005930)
2026-07-14 10:01:27,120 [INFO]   [삼성전자(005930)] 신호 없음 | Lv5 매수 KRW 279,250 -> 현재 KRW 268,500 (-3.85%) | 익절 +10.0% / 추매 -5.0%
2026-07-14 10:01:27,121 [INFO] >>> Processing 삼성전자우(005935)
2026-07-14 10:01:27,121 [INFO]   [삼성전자우(005935)] 신호 없음 | Lv4 매수 KRW 194,000 -> 현재 KRW 185,000 (-4.64%) | 익절 +10.0% / 추매 -5.0%
2026-07-14 10:01:27,121 [INFO] >>> Processing KODEX 증권(102970)
2026-07-14 10:01:27,122 [INFO]   [KODEX 증권(102970)] 신호 없음 | Lv3 매수 KRW 22,400 -> 현재 KRW 21,430 (-4.33%) | 익절 +10.0% / 추매 -5.0%
2026-07-14 10:01:27,122 [INFO] >>> Processing TIGER 지주회사(307520)
2026-07-14 10:01:27,122 [INFO] [TIGER 지주회사(307520)] 현금 부족: 보유 현금 KRW 65,901 < 매수 예정 금액 KRW 490,800 (24주) -> 매수 보류
2026-07-14 10:01:27,467 [INFO] >>> Step 6: Persist
