2026-06-04 14:29:33,783 [INFO] === Initializing MagicSplit Bot (domestic) ===
2026-06-04 14:29:33,783 [INFO] Loaded 18 stock rule(s) from config_domestic.json
2026-06-04 14:29:33,783 [INFO] [domestic] 17 rule(s), mode=LIVE
2026-06-04 14:29:33,784 [INFO] [KisBroker] 캐시에서 토큰 로드 (API 호출 생략)
2026-06-04 14:29:33,784 [INFO] [KisDomesticLiveBroker] Mode: LIVE TRADING
2026-06-04 14:29:33,784 [INFO] === Running domestic engine ===
2026-06-04 14:29:33,784 [INFO] >>> Step 1: Portfolio & Price Fetch
2026-06-04 14:29:34,861 [INFO] Fetching real-time prices from Broker...
2026-06-04 14:29:39,784 [INFO] Portfolio: Cash=KRW 2,304,074, Value=KRW 25,541,752
2026-06-04 14:29:39,784 [INFO] >>> Step 2: Load Positions
2026-06-04 14:29:39,785 [INFO] Loaded 26 position lot(s)
2026-06-04 14:29:39,786 [INFO] >>> Step 2.5: Reconcile OK (수량 일치)
2026-06-04 14:29:39,786 [INFO] >>> Processing 삼성전자(005930)
2026-06-04 14:29:39,786 [INFO]   [삼성전자(005930)] 신호 없음 | Lv1 매수 KRW 274,000 -> 현재 KRW 356,500 (+30.11%) | 익절 +10.0% / 추매 -5.0%
2026-06-04 14:29:39,787 [INFO] >>> Processing ACE 엔비디아밸류체인액티브(483320)
2026-06-04 14:29:39,787 [INFO]   [ACE 엔비디아밸류체인액티브(483320)] 신호 없음 | Lv1 매수 KRW 25,290 -> 현재 KRW 30,745 (+21.57%) | 익절 +10.0% / 추매 -5.0%
2026-06-04 14:29:39,787 [INFO] >>> Processing 현대차(005380)
2026-06-04 14:29:39,788 [INFO] [현대차(005380)] trailing 벌크 매도 발동: Lv1~Lv1 1주 (+17.0%)
2026-06-04 14:29:39,788 [INFO] Executing 1 order(s)...
2026-06-04 14:29:39,788 [INFO] [KisBroker] Processing 1 SELL orders...
2026-06-04 14:29:40,868 [INFO] [KisDomestic] Order Sent: SELL 현대차(005380) 1 @ 706000 (ODNO=0032089300)
2026-06-04 14:29:41,260 [INFO] [KisDomestic] Order FILLED: 현대차(005380) ODNO=0032089300 price=706000.0 qty=1 fee=105.89999999999999
2026-06-04 14:29:41,462 [INFO] [Position] Trailing 벌크 청산: 현대차(005380) 1주 소진 (잔여 0주), 실현손익 KRW 101,894
2026-06-04 14:29:45,074 [INFO] >>> Processing 미래에셋증권(006800)
2026-06-04 14:29:45,074 [INFO]   [미래에셋증권(006800)] 신호 없음 | Lv3 매수 KRW 59,000 -> 현재 KRW 58,600 (-0.68%) | 익절 +10.0% / 추매 -5.0%
2026-06-04 14:29:45,074 [INFO] >>> Processing KODEX 증권(102970)
2026-06-04 14:29:45,075 [INFO]   [KODEX 증권(102970)] 신호 없음 | Lv1 매수 KRW 26,355 -> 현재 KRW 26,045 (-1.18%) | 익절 +10.0% / 추매 -5.0%
2026-06-04 14:29:45,075 [INFO] >>> Processing TIGER 지주회사(307520)
2026-06-04 14:29:45,075 [INFO]   [TIGER 지주회사(307520)] 신호 없음 | Lv1 매수 KRW 26,000 -> 현재 KRW 26,470 (+1.81%) | 익절 +10.0% / 추매 -5.0%
2026-06-04 14:29:45,076 [INFO] >>> Processing 메리츠금융지주(138040)
2026-06-04 14:29:45,076 [INFO]   [메리츠금융지주(138040)] 신호 없음 | Lv2 매수 KRW 102,300 -> 현재 KRW 107,200 (+4.79%) | 익절 +10.0% / 추매 -5.0%
2026-06-04 14:29:45,076 [INFO] >>> Processing KODEX 미국S&P500에너지(합성)(218420)
2026-06-04 14:29:45,077 [INFO]   [KODEX 미국S&P500에너지(합성)(218420)] 신호 없음 | Lv2 매수 KRW 19,905 -> 현재 KRW 20,710 (+4.04%) | 익절 +10.0% / 추매 -5.0%
2026-06-04 14:29:45,077 [INFO] >>> Processing KODEX 미국S&P500금융(453650)
2026-06-04 14:29:45,077 [INFO]   [KODEX 미국S&P500금융(453650)] 신호 없음 | Lv1 매수 KRW 18,975 -> 현재 KRW 18,835 (-0.74%) | 익절 +10.0% / 추매 -5.0%
2026-06-04 14:29:45,078 [INFO] >>> Processing KODEX 미국S&P500필수소비재(453630)
2026-06-04 14:29:45,078 [INFO]   [KODEX 미국S&P500필수소비재(453630)] 신호 없음 | Lv1 매수 KRW 13,600 -> 현재 KRW 13,155 (-3.27%) | 익절 +10.0% / 추매 -5.0%
2026-06-04 14:29:45,078 [INFO] >>> Processing ACE 테슬라밸류체인액티브(457480)
2026-06-04 14:29:45,079 [INFO]   [ACE 테슬라밸류체인액티브(457480)] 신호 없음 | Lv1 매수 KRW 23,625 -> 현재 KRW 24,520 (+3.79%) | 익절 +10.0% / 추매 -5.0%
2026-06-04 14:29:45,079 [INFO] >>> Processing SOL 반도체전공정(475300)
2026-06-04 14:29:45,079 [INFO] [SOL 반도체전공정(475300)] Lv4: trailing 활성화 (매수가 대비 +19.8%, 스톱가 KRW 24,719)
2026-06-04 14:29:45,080 [INFO] [SOL 반도체전공정(475300)] Lv3: trailing 활성화 (매수가 대비 +20.5%, 스톱가 KRW 24,719)
2026-06-04 14:29:45,080 [INFO] [SOL 반도체전공정(475300)] Lv2: trailing 활성화 (매수가 대비 +13.7%, 스톱가 KRW 24,719)
2026-06-04 14:29:45,773 [INFO] >>> Processing 테스(095610)
2026-06-04 14:29:45,773 [INFO] [테스(095610)] Lv3: trailing 활성화 (매수가 대비 +13.7%, 스톱가 KRW 129,105)
2026-06-04 14:29:45,987 [INFO] >>> Processing KoAct 글로벌AI메모리반도체액티브(0174B0)
2026-06-04 14:29:45,988 [INFO] [KoAct 글로벌AI메모리반도체액티브(0174B0)] Lv1: trailing 활성화 (매수가 대비 +10.9%, 스톱가 KRW 17,290)
2026-06-04 14:29:46,193 [INFO] >>> Processing SOL 미국양자컴퓨팅TOP10(0023A0)
2026-06-04 14:29:46,193 [INFO]   [SOL 미국양자컴퓨팅TOP10(0023A0)] 신호 없음 | Lv1 매수 KRW 36,450 -> 현재 KRW 36,905 (+1.25%) | 익절 +10.0% / 추매 -5.0%
2026-06-04 14:29:46,193 [INFO] >>> Processing NAVER(035420)
2026-06-04 14:29:46,194 [INFO] [NAVER(035420)] Lv1: trailing 고점 갱신 -> KRW 274,000 (스톱가 KRW 260,300)
2026-06-04 14:29:46,194 [INFO]   [NAVER(035420)] 신호 없음 | Lv1 매수 KRW 219,000 -> 현재 KRW 274,000 (+25.11%) | 익절 +10.0% / 추매 -5.0%
2026-06-04 14:29:46,194 [INFO] >>> Processing HANARO 글로벌금채굴기업(473640)
2026-06-04 14:29:46,195 [INFO]   [HANARO 글로벌금채굴기업(473640)] 신호 없음 | Lv1 매수 KRW 34,080 -> 현재 KRW 34,022 (-0.17%) | 익절 +10.0% / 추매 -5.0%
2026-06-04 14:29:46,195 [INFO] >>> Step 6: Persist
