2026-06-01 15:42:32,550 [INFO] === Initializing MagicSplit Bot (domestic) ===
2026-06-01 15:42:32,551 [INFO] Loaded 18 stock rule(s) from config_domestic.json
2026-06-01 15:42:32,551 [INFO] [domestic] 17 rule(s), mode=LIVE
2026-06-01 15:42:32,551 [INFO] [KisBroker] 새 토큰 발급 중...
2026-06-01 15:42:33,712 [INFO] [KisDomesticLiveBroker] Mode: LIVE TRADING
2026-06-01 15:42:33,713 [INFO] === Running domestic engine ===
2026-06-01 15:42:33,713 [INFO] >>> Step 1: Portfolio & Price Fetch
2026-06-01 15:42:34,308 [INFO] Fetching real-time prices from Broker...
2026-06-01 15:42:39,318 [INFO] Portfolio: Cash=KRW 6,259,879, Value=KRW 24,424,934
2026-06-01 15:42:39,318 [INFO] >>> Step 2: Load Positions
2026-06-01 15:42:39,318 [INFO] Loaded 22 position lot(s)
2026-06-01 15:42:39,319 [INFO] >>> Step 2.1: Detected 1 newly enabled ticker(s)
2026-06-01 15:42:39,321 [INFO] >>> Step 2.5: Reconcile OK (수량 일치)
2026-06-01 15:42:39,322 [INFO] >>> Processing 삼성전자(005930)
2026-06-01 15:42:39,322 [INFO] [삼성전자(005930)] Lv1: trailing 고점 갱신 -> KRW 349,000 (스톱가 KRW 331,550)
2026-06-01 15:42:39,322 [INFO]   [삼성전자(005930)] 신호 없음 | Lv1 매수 KRW 274,000 -> 현재 KRW 349,000 (+27.37%) | 익절 +10.0% / 추매 -5.0%
2026-06-01 15:42:39,322 [INFO] >>> Processing ACE 엔비디아밸류체인액티브(483320)
2026-06-01 15:42:39,323 [INFO] [ACE 엔비디아밸류체인액티브(483320)] Lv1: trailing 고점 갱신 -> KRW 29,645 (스톱가 KRW 28,163)
2026-06-01 15:42:39,323 [INFO]   [ACE 엔비디아밸류체인액티브(483320)] 신호 없음 | Lv1 매수 KRW 25,290 -> 현재 KRW 29,645 (+17.22%) | 익절 +10.0% / 추매 -5.0%
2026-06-01 15:42:39,323 [INFO] >>> Processing 현대차(005380)
2026-06-01 15:42:39,323 [INFO] [현대차(005380)] Lv1: trailing 고점 갱신 -> KRW 750,000 (스톱가 KRW 712,500)
2026-06-01 15:42:39,324 [INFO]   [현대차(005380)] 신호 없음 | Lv1 매수 KRW 604,000 -> 현재 KRW 750,000 (+24.17%) | 익절 +10.0% / 추매 -5.0%
2026-06-01 15:42:39,324 [INFO] >>> Processing 미래에셋증권(006800)
2026-06-01 15:42:39,324 [INFO]   [미래에셋증권(006800)] 신호 없음 | Lv2 매수 KRW 62,600 -> 현재 KRW 60,900 (-2.72%) | 익절 +10.0% / 추매 -5.0%
2026-06-01 15:42:39,325 [INFO] >>> Processing KODEX 증권(102970)
2026-06-01 15:42:39,325 [INFO]   [KODEX 증권(102970)] 신호 없음 | Lv1 매수 KRW 26,355 -> 현재 KRW 26,085 (-1.02%) | 익절 +10.0% / 추매 -5.0%
2026-06-01 15:42:39,325 [INFO] >>> Processing TIGER 지주회사(307520)
2026-06-01 15:42:39,325 [INFO]   [TIGER 지주회사(307520)] 신호 없음 | Lv1 매수 KRW 26,000 -> 현재 KRW 27,340 (+5.15%) | 익절 +10.0% / 추매 -5.0%
2026-06-01 15:42:39,326 [INFO] >>> Processing 메리츠금융지주(138040)
2026-06-01 15:42:39,326 [INFO]   [메리츠금융지주(138040)] 신호 없음 | Lv2 매수 KRW 102,300 -> 현재 KRW 106,100 (+3.71%) | 익절 +10.0% / 추매 -5.0%
2026-06-01 15:42:39,326 [INFO] >>> Processing KODEX 미국S&P500에너지(합성)(218420)
2026-06-01 15:42:39,326 [INFO]   [KODEX 미국S&P500에너지(합성)(218420)] 신호 없음 | Lv2 매수 KRW 19,905 -> 현재 KRW 19,550 (-1.78%) | 익절 +10.0% / 추매 -5.0%
2026-06-01 15:42:39,327 [INFO] >>> Processing KODEX 미국S&P500금융(453650)
2026-06-01 15:42:39,327 [INFO]   [KODEX 미국S&P500금융(453650)] 신호 없음 | Lv1 매수 KRW 18,975 -> 현재 KRW 18,895 (-0.42%) | 익절 +10.0% / 추매 -5.0%
2026-06-01 15:42:39,327 [INFO] >>> Processing KODEX 미국S&P500필수소비재(453630)
2026-06-01 15:42:39,327 [INFO]   [KODEX 미국S&P500필수소비재(453630)] 신호 없음 | Lv1 매수 KRW 13,600 -> 현재 KRW 13,125 (-3.49%) | 익절 +10.0% / 추매 -5.0%
2026-06-01 15:42:39,328 [INFO] >>> Processing ACE 테슬라밸류체인액티브(457480)
2026-06-01 15:42:39,328 [INFO]   [ACE 테슬라밸류체인액티브(457480)] 신호 없음 | Lv1 매수 KRW 23,625 -> 현재 KRW 24,775 (+4.87%) | 익절 +10.0% / 추매 -5.0%
2026-06-01 15:42:39,328 [INFO] >>> Processing SOL 반도체전공정(475300)
2026-06-01 15:42:39,328 [INFO]   [SOL 반도체전공정(475300)] 신호 없음 | Lv2 매수 KRW 22,885 -> 현재 KRW 21,910 (-4.26%) | 익절 +10.0% / 추매 -5.0%
2026-06-01 15:42:39,329 [INFO] >>> Processing 테스(095610)
2026-06-01 15:42:39,329 [INFO] [테스(095610)] Lv3 매수가 KRW 119,500 대비 -6.9% -> 추가 매수 Lv4 4주 @KRW 111,300
2026-06-01 15:42:39,329 [INFO] Executing 1 order(s)...
2026-06-01 15:42:39,758 [INFO] [KisBroker] Available Cash for BUY: 6,259,879
2026-06-01 15:42:41,166 [ERROR] [KisDomestic] Order Failed: 장운영시간이 아닙니다.(장종료동시마감(129) 주문불가시간)
2026-06-01 15:42:41,519 [INFO] >>> Processing KoAct 글로벌AI메모리반도체액티브(0174B0)
2026-06-01 15:42:41,519 [INFO]   [KoAct 글로벌AI메모리반도체액티브(0174B0)] 신호 없음 | Lv1 매수 KRW 16,410 -> 현재 KRW 17,765 (+8.26%) | 익절 +10.0% / 추매 -5.0%
2026-06-01 15:42:41,520 [INFO] >>> Processing SOL 미국양자컴퓨팅TOP10(0023A0)
2026-06-01 15:42:41,520 [INFO]   [SOL 미국양자컴퓨팅TOP10(0023A0)] 신호 없음 | Lv1 매수 KRW 36,450 -> 현재 KRW 38,200 (+4.80%) | 익절 +10.0% / 추매 -5.0%
2026-06-01 15:42:41,520 [INFO] >>> Processing NAVER(035420)
2026-06-01 15:42:41,521 [INFO] [NAVER(035420)] Lv1: trailing 활성화 (매수가 대비 +24.0%, 스톱가 KRW 257,925)
2026-06-01 15:42:41,722 [INFO] >>> Processing HANARO 글로벌금채굴기업(473640)
2026-06-01 15:42:41,722 [INFO] [HANARO 글로벌금채굴기업(473640)] 보유 lot 없음 -> 초기 매수 Lv1 28주 @KRW 34,535
2026-06-01 15:42:41,722 [INFO] Executing 1 order(s)...
2026-06-01 15:42:42,333 [INFO] [KisBroker] Available Cash for BUY: 6,259,879
2026-06-01 15:42:43,816 [ERROR] [KisDomestic] Order Failed: 장운영시간이 아닙니다.(장종료동시마감(129) 주문불가시간)
2026-06-01 15:42:44,138 [INFO] >>> Step 6: Persist
