2026-06-16 10:00:56,848 [INFO] === Initializing MagicSplit Bot (domestic) ===
2026-06-16 10:00:56,848 [INFO] Loaded 18 stock rule(s) from config_domestic.json
2026-06-16 10:00:56,848 [INFO] [domestic] 17 rule(s), mode=LIVE
2026-06-16 10:00:56,849 [INFO] [KisBroker] 새 토큰 발급 중...
2026-06-16 10:00:57,973 [INFO] [KisDomesticLiveBroker] Mode: LIVE TRADING
2026-06-16 10:00:57,974 [INFO] === Running domestic engine ===
2026-06-16 10:00:57,974 [INFO] >>> Step 1: Portfolio & Price Fetch
2026-06-16 10:00:58,611 [INFO] Fetching real-time prices from Broker...
2026-06-16 10:01:03,841 [INFO] Portfolio: Cash=KRW 34,386, Value=KRW 30,221,201
2026-06-16 10:01:03,842 [INFO] >>> Step 2: Load Positions
2026-06-16 10:01:03,842 [INFO] Loaded 28 position lot(s)
2026-06-16 10:01:03,843 [INFO] >>> Step 2.5: Reconcile OK (수량 일치)
2026-06-16 10:01:03,843 [INFO] >>> Processing 삼성전자(005930)
2026-06-16 10:01:03,844 [INFO]   [삼성전자(005930)] 신호 없음 | Lv1 매수 KRW 303,000 -> 현재 KRW 336,500 (+11.06%) | 익절 +10.0% / 추매 -5.0%
2026-06-16 10:01:03,844 [INFO] >>> Processing ACE 엔비디아밸류체인액티브(483320)
2026-06-16 10:01:03,844 [INFO]   [ACE 엔비디아밸류체인액티브(483320)] 신호 없음 | Lv1 매수 KRW 29,460 -> 현재 KRW 30,995 (+5.21%) | 익절 +10.0% / 추매 -5.0%
2026-06-16 10:01:03,845 [INFO] >>> Processing 현대차(005380)
2026-06-16 10:01:03,845 [INFO]   [현대차(005380)] 신호 없음 | Lv3 매수 KRW 591,000 -> 현재 KRW 631,500 (+6.85%) | 익절 +10.0% / 추매 -5.0%
2026-06-16 10:01:03,845 [INFO] >>> Processing 미래에셋증권(006800)
2026-06-16 10:01:03,846 [INFO]   [미래에셋증권(006800)] 신호 없음 | Lv4 매수 KRW 51,000 -> 현재 KRW 53,300 (+4.51%) | 익절 +10.0% / 추매 -5.0%
2026-06-16 10:01:03,846 [INFO] >>> Processing KODEX 증권(102970)
2026-06-16 10:01:03,846 [INFO] [KODEX 증권(102970)] Lv2: trailing 고점 갱신 -> KRW 25,660 (스톱가 KRW 24,377)
2026-06-16 10:01:03,847 [INFO]   [KODEX 증권(102970)] 신호 없음 | Lv2 매수 KRW 22,765 -> 현재 KRW 25,660 (+12.72%) | 익절 +10.0% / 추매 -5.0%
2026-06-16 10:01:03,847 [INFO] >>> Processing TIGER 지주회사(307520)
2026-06-16 10:01:03,847 [INFO] [TIGER 지주회사(307520)] Lv2: trailing 고점 갱신 -> KRW 25,835 (스톱가 KRW 24,543)
2026-06-16 10:01:03,847 [INFO]   [TIGER 지주회사(307520)] 신호 없음 | Lv2 매수 KRW 23,050 -> 현재 KRW 25,835 (+12.08%) | 익절 +10.0% / 추매 -5.0%
2026-06-16 10:01:03,848 [INFO] >>> Processing 메리츠금융지주(138040)
2026-06-16 10:01:03,848 [INFO] [메리츠금융지주(138040)] Lv2: trailing 고점 갱신 -> KRW 114,700 (스톱가 KRW 108,965)
2026-06-16 10:01:03,848 [INFO]   [메리츠금융지주(138040)] 신호 없음 | Lv2 매수 KRW 102,300 -> 현재 KRW 114,700 (+12.12%) | 익절 +10.0% / 추매 -5.0%
2026-06-16 10:01:03,849 [INFO] >>> Processing KODEX 미국S&P500에너지(합성)(218420)
2026-06-16 10:01:03,849 [INFO]   [KODEX 미국S&P500에너지(합성)(218420)] 신호 없음 | Lv2 매수 KRW 19,905 -> 현재 KRW 19,455 (-2.26%) | 익절 +10.0% / 추매 -5.0%
2026-06-16 10:01:03,849 [INFO] >>> Processing KODEX 미국S&P500금융(453650)
2026-06-16 10:01:03,850 [INFO]   [KODEX 미국S&P500금융(453650)] 신호 없음 | Lv1 매수 KRW 18,975 -> 현재 KRW 19,660 (+3.61%) | 익절 +10.0% / 추매 -5.0%
2026-06-16 10:01:03,850 [INFO] >>> Processing KODEX 미국S&P500필수소비재(453630)
2026-06-16 10:01:03,850 [INFO]   [KODEX 미국S&P500필수소비재(453630)] 신호 없음 | Lv1 매수 KRW 13,600 -> 현재 KRW 13,520 (-0.59%) | 익절 +10.0% / 추매 -5.0%
2026-06-16 10:01:03,850 [INFO] >>> Processing ACE 테슬라밸류체인액티브(457480)
2026-06-16 10:01:03,851 [INFO]   [ACE 테슬라밸류체인액티브(457480)] 신호 없음 | Lv1 매수 KRW 23,625 -> 현재 KRW 24,000 (+1.59%) | 익절 +10.0% / 추매 -5.0%
2026-06-16 10:01:03,851 [INFO] >>> Processing SOL 반도체전공정(475300)
2026-06-16 10:01:03,851 [INFO] [SOL 반도체전공정(475300)] trailing 벌크 매도 발동: Lv1~Lv2 63주 (+21.4%)
2026-06-16 10:01:03,851 [INFO] Executing 1 order(s)...
2026-06-16 10:01:03,851 [INFO] [KisBroker] Processing 1 SELL orders...
2026-06-16 10:01:04,953 [INFO] [KisDomestic] Order Sent: SELL SOL 반도체전공정(475300) 63 @ 28360 (ODNO=0016018000)
2026-06-16 10:01:05,361 [INFO] [KisDomestic] Order FILLED: SOL 반도체전공정(475300) ODNO=0016018000 price=28363.0 qty=63 fee=268.0335
2026-06-16 10:01:05,562 [INFO] [Position] Trailing 벌크 청산: SOL 반도체전공정(475300) 63주 소진 (잔여 0주), 실현손익 KRW 313,196
2026-06-16 10:01:08,957 [ERROR] [SOL 반도체전공정(475300)] 포트폴리오 갱신 실패 — 나머지 종목 처리 중단: [KisDomestic] Error getting portfolio: 500 Server Error: Internal Server Error for url: https://openapi.koreainvestment.com:9443/uapi/domestic-stock/v1/trading/inquire-balance?CANO=73297247&ACNT_PRDT_CD=01&AFHR_FLPR_YN=N&OFL_YN=&INQR_DVSN=01&UNPR_DVSN=01&FUND_STTL_ICLD_YN=N&FNCG_AMT_AUTO_RDPT_YN=N&PRCS_DVSN=00&CTX_AREA_FK100=&CTX_AREA_NK100=
2026-06-16 10:01:09,141 [INFO] >>> Step 6: Persist
2026-06-16 10:01:10,175 [INFO] [Step 6] 포트폴리오 재조회 성공.
2026-06-16 12:00:56,632 [INFO] === Initializing MagicSplit Bot (domestic) ===
2026-06-16 12:00:56,632 [INFO] Loaded 18 stock rule(s) from config_domestic.json
2026-06-16 12:00:56,632 [INFO] [domestic] 17 rule(s), mode=LIVE
2026-06-16 12:00:56,632 [INFO] [KisBroker] 캐시에서 토큰 로드 (API 호출 생략)
2026-06-16 12:00:56,632 [INFO] [KisDomesticLiveBroker] Mode: LIVE TRADING
2026-06-16 12:00:56,632 [INFO] === Running domestic engine ===
2026-06-16 12:00:56,632 [INFO] >>> Step 1: Portfolio & Price Fetch
2026-06-16 12:00:58,025 [INFO] Fetching real-time prices from Broker...
2026-06-16 12:01:03,748 [INFO] Portfolio: Cash=KRW 1,821,016, Value=KRW 30,284,166
2026-06-16 12:01:03,748 [INFO] >>> Step 2: Load Positions
2026-06-16 12:01:03,748 [INFO] Loaded 26 position lot(s)
2026-06-16 12:01:03,749 [INFO] >>> Step 2.5: Reconcile OK (수량 일치)
2026-06-16 12:01:03,750 [INFO] >>> Processing TIGER 지주회사(307520)
2026-06-16 12:01:03,750 [INFO]   [TIGER 지주회사(307520)] 신호 없음 | Lv2 매수 KRW 23,050 -> 현재 KRW 25,735 (+11.65%) | 익절 +10.0% / 추매 -5.0%
2026-06-16 12:01:03,750 [INFO] >>> Processing KoAct 글로벌AI메모리반도체액티브(0174B0)
2026-06-16 12:01:03,751 [INFO]   [KoAct 글로벌AI메모리반도체액티브(0174B0)] 신호 없음 | Lv1 매수 KRW 18,935 -> 현재 KRW 19,230 (+1.56%) | 익절 +10.0% / 추매 -5.0%
2026-06-16 12:01:03,751 [INFO] >>> Processing 삼성전자(005930)
2026-06-16 12:01:03,751 [INFO]   [삼성전자(005930)] 신호 없음 | Lv1 매수 KRW 303,000 -> 현재 KRW 339,500 (+12.05%) | 익절 +10.0% / 추매 -5.0%
2026-06-16 12:01:03,752 [INFO] >>> Processing KODEX 증권(102970)
2026-06-16 12:01:03,752 [INFO]   [KODEX 증권(102970)] 신호 없음 | Lv2 매수 KRW 22,765 -> 현재 KRW 25,485 (+11.95%) | 익절 +10.0% / 추매 -5.0%
2026-06-16 12:01:03,752 [INFO] >>> Processing ACE 엔비디아밸류체인액티브(483320)
2026-06-16 12:01:03,753 [INFO]   [ACE 엔비디아밸류체인액티브(483320)] 신호 없음 | Lv1 매수 KRW 29,460 -> 현재 KRW 30,930 (+4.99%) | 익절 +10.0% / 추매 -5.0%
2026-06-16 12:01:03,753 [INFO] >>> Processing KODEX 미국S&P500필수소비재(453630)
2026-06-16 12:01:03,753 [INFO]   [KODEX 미국S&P500필수소비재(453630)] 신호 없음 | Lv1 매수 KRW 13,600 -> 현재 KRW 13,550 (-0.37%) | 익절 +10.0% / 추매 -5.0%
2026-06-16 12:01:03,753 [INFO] >>> Processing KODEX 미국S&P500에너지(합성)(218420)
2026-06-16 12:01:03,754 [INFO]   [KODEX 미국S&P500에너지(합성)(218420)] 신호 없음 | Lv2 매수 KRW 19,905 -> 현재 KRW 19,395 (-2.56%) | 익절 +10.0% / 추매 -5.0%
2026-06-16 12:01:03,754 [INFO] >>> Processing 미래에셋증권(006800)
2026-06-16 12:01:03,754 [INFO]   [미래에셋증권(006800)] 신호 없음 | Lv4 매수 KRW 51,000 -> 현재 KRW 52,400 (+2.75%) | 익절 +10.0% / 추매 -5.0%
2026-06-16 12:01:03,755 [INFO] >>> Processing HANARO 글로벌금채굴기업(473640)
2026-06-16 12:01:03,755 [INFO]   [HANARO 글로벌금채굴기업(473640)] 신호 없음 | Lv2 매수 KRW 31,955 -> 현재 KRW 33,425 (+4.60%) | 익절 +10.0% / 추매 -5.0%
2026-06-16 12:01:03,755 [INFO] >>> Processing KODEX 미국S&P500금융(453650)
2026-06-16 12:01:03,756 [INFO]   [KODEX 미국S&P500금융(453650)] 신호 없음 | Lv1 매수 KRW 18,975 -> 현재 KRW 19,635 (+3.48%) | 익절 +10.0% / 추매 -5.0%
2026-06-16 12:01:03,756 [INFO] >>> Processing 메리츠금융지주(138040)
2026-06-16 12:01:03,756 [INFO] [메리츠금융지주(138040)] Lv2: trailing 고점 갱신 -> KRW 115,700 (스톱가 KRW 109,915)
2026-06-16 12:01:03,756 [INFO]   [메리츠금융지주(138040)] 신호 없음 | Lv2 매수 KRW 102,300 -> 현재 KRW 115,700 (+13.10%) | 익절 +10.0% / 추매 -5.0%
2026-06-16 12:01:03,757 [INFO] >>> Processing SOL 반도체전공정(475300)
2026-06-16 12:01:03,757 [INFO] [SOL 반도체전공정(475300)] 보유 lot 없음 -> 초기 매수 Lv1 35주 @KRW 28,360
2026-06-16 12:01:03,757 [INFO] Executing 1 order(s)...
2026-06-16 12:01:04,206 [INFO] [KisBroker] Available Cash for BUY: 1,821,016
2026-06-16 12:01:05,756 [INFO] [KisDomestic] Order Sent: BUY SOL 반도체전공정(475300) 35 @ 28365 (ODNO=0023517900)
2026-06-16 12:01:06,178 [INFO] [KisDomestic] Order FILLED: SOL 반도체전공정(475300) ODNO=0023517900 price=28365.0 qty=35 fee=148.91625
2026-06-16 12:01:06,379 [INFO] [SOL 반도체전공정(475300)] 동적 재매수 기준 초기화 (매도가 KRW 28,363 -> 소비됨)
2026-06-16 12:01:06,379 [INFO] [Position] New lot: lot_20260616_120106_475300_001 Lv1 SOL 반도체전공정(475300) 35주 @KRW 28,365
2026-06-16 12:01:10,026 [INFO] >>> Processing ACE 테슬라밸류체인액티브(457480)
2026-06-16 12:01:10,027 [INFO]   [ACE 테슬라밸류체인액티브(457480)] 신호 없음 | Lv1 매수 KRW 23,625 -> 현재 KRW 23,920 (+1.25%) | 익절 +10.0% / 추매 -5.0%
2026-06-16 12:01:10,027 [INFO] >>> Processing SOL 미국양자컴퓨팅TOP10(0023A0)
2026-06-16 12:01:10,027 [INFO]   [SOL 미국양자컴퓨팅TOP10(0023A0)] 신호 없음 | Lv2 매수 KRW 33,355 -> 현재 KRW 35,630 (+6.82%) | 익절 +10.0% / 추매 -5.0%
2026-06-16 12:01:10,027 [INFO] >>> Processing 현대차(005380)
2026-06-16 12:01:10,028 [INFO]   [현대차(005380)] 신호 없음 | Lv3 매수 KRW 591,000 -> 현재 KRW 638,000 (+7.95%) | 익절 +10.0% / 추매 -5.0%
2026-06-16 12:01:10,028 [INFO] >>> Processing NAVER(035420)
2026-06-16 12:01:10,028 [INFO]   [NAVER(035420)] 신호 없음 | Lv1 매수 KRW 226,500 -> 현재 KRW 245,250 (+8.28%) | 익절 +10.0% / 추매 -5.0%
2026-06-16 12:01:10,029 [INFO] >>> Processing 테스(095610)
2026-06-16 12:01:10,029 [INFO] [테스(095610)] 현금 부족: 보유 현금 KRW 828,101 < 매수 예정 금액 KRW 841,000 (5주) -> 매수 보류
2026-06-16 12:01:10,304 [INFO] >>> Step 6: Persist
2026-06-16 14:01:00,632 [INFO] === Initializing MagicSplit Bot (domestic) ===
2026-06-16 14:01:00,632 [INFO] Loaded 18 stock rule(s) from config_domestic.json
2026-06-16 14:01:00,632 [INFO] [domestic] 17 rule(s), mode=LIVE
2026-06-16 14:01:00,632 [INFO] [KisBroker] 캐시에서 토큰 로드 (API 호출 생략)
2026-06-16 14:01:00,632 [INFO] [KisDomesticLiveBroker] Mode: LIVE TRADING
2026-06-16 14:01:00,633 [INFO] === Running domestic engine ===
2026-06-16 14:01:00,633 [INFO] >>> Step 1: Portfolio & Price Fetch
2026-06-16 14:01:01,946 [INFO] Fetching real-time prices from Broker...
2026-06-16 14:01:07,261 [INFO] Portfolio: Cash=KRW 828,101, Value=KRW 30,335,306
2026-06-16 14:01:07,261 [INFO] >>> Step 2: Load Positions
2026-06-16 14:01:07,261 [INFO] Loaded 27 position lot(s)
2026-06-16 14:01:07,262 [INFO] >>> Step 2.5: Reconcile OK (수량 일치)
2026-06-16 14:01:07,263 [INFO] >>> Processing KODEX 증권(102970)
2026-06-16 14:01:07,263 [INFO]   [KODEX 증권(102970)] 신호 없음 | Lv2 매수 KRW 22,765 -> 현재 KRW 25,375 (+11.46%) | 익절 +10.0% / 추매 -5.0%
2026-06-16 14:01:07,263 [INFO] >>> Processing 메리츠금융지주(138040)
2026-06-16 14:01:07,264 [INFO]   [메리츠금융지주(138040)] 신호 없음 | Lv2 매수 KRW 102,300 -> 현재 KRW 114,600 (+12.02%) | 익절 +10.0% / 추매 -5.0%
2026-06-16 14:01:07,264 [INFO] >>> Processing KoAct 글로벌AI메모리반도체액티브(0174B0)
2026-06-16 14:01:07,264 [INFO]   [KoAct 글로벌AI메모리반도체액티브(0174B0)] 신호 없음 | Lv1 매수 KRW 18,935 -> 현재 KRW 19,360 (+2.24%) | 익절 +10.0% / 추매 -5.0%
2026-06-16 14:01:07,264 [INFO] >>> Processing 현대차(005380)
2026-06-16 14:01:07,265 [INFO]   [현대차(005380)] 신호 없음 | Lv3 매수 KRW 591,000 -> 현재 KRW 639,000 (+8.12%) | 익절 +10.0% / 추매 -5.0%
2026-06-16 14:01:07,265 [INFO] >>> Processing 테스(095610)
2026-06-16 14:01:07,265 [INFO] [테스(095610)] 현금 부족: 보유 현금 KRW 828,101 < 매수 예정 금액 KRW 850,500 (5주) -> 매수 보류
2026-06-16 14:01:07,581 [INFO] >>> Processing HANARO 글로벌금채굴기업(473640)
2026-06-16 14:01:07,582 [INFO]   [HANARO 글로벌금채굴기업(473640)] 신호 없음 | Lv2 매수 KRW 31,955 -> 현재 KRW 33,500 (+4.83%) | 익절 +10.0% / 추매 -5.0%
2026-06-16 14:01:07,582 [INFO] >>> Processing 삼성전자(005930)
2026-06-16 14:01:07,582 [INFO] [삼성전자(005930)] Lv1: trailing 고점 갱신 -> KRW 341,750 (스톱가 KRW 324,662)
2026-06-16 14:01:07,583 [INFO]   [삼성전자(005930)] 신호 없음 | Lv1 매수 KRW 303,000 -> 현재 KRW 341,750 (+12.79%) | 익절 +10.0% / 추매 -5.0%
2026-06-16 14:01:07,583 [INFO] >>> Processing KODEX 미국S&P500에너지(합성)(218420)
2026-06-16 14:01:07,583 [INFO]   [KODEX 미국S&P500에너지(합성)(218420)] 신호 없음 | Lv2 매수 KRW 19,905 -> 현재 KRW 19,400 (-2.54%) | 익절 +10.0% / 추매 -5.0%
2026-06-16 14:01:07,584 [INFO] >>> Processing KODEX 미국S&P500금융(453650)
2026-06-16 14:01:07,584 [INFO]   [KODEX 미국S&P500금융(453650)] 신호 없음 | Lv1 매수 KRW 18,975 -> 현재 KRW 19,695 (+3.79%) | 익절 +10.0% / 추매 -5.0%
2026-06-16 14:01:07,584 [INFO] >>> Processing SOL 미국양자컴퓨팅TOP10(0023A0)
2026-06-16 14:01:07,585 [INFO]   [SOL 미국양자컴퓨팅TOP10(0023A0)] 신호 없음 | Lv2 매수 KRW 33,355 -> 현재 KRW 35,915 (+7.68%) | 익절 +10.0% / 추매 -5.0%
2026-06-16 14:01:07,585 [INFO] >>> Processing ACE 테슬라밸류체인액티브(457480)
2026-06-16 14:01:07,585 [INFO]   [ACE 테슬라밸류체인액티브(457480)] 신호 없음 | Lv1 매수 KRW 23,625 -> 현재 KRW 24,065 (+1.86%) | 익절 +10.0% / 추매 -5.0%
2026-06-16 14:01:07,586 [INFO] >>> Processing NAVER(035420)
2026-06-16 14:01:07,586 [INFO]   [NAVER(035420)] 신호 없음 | Lv1 매수 KRW 226,500 -> 현재 KRW 241,500 (+6.62%) | 익절 +10.0% / 추매 -5.0%
2026-06-16 14:01:07,586 [INFO] >>> Processing KODEX 미국S&P500필수소비재(453630)
2026-06-16 14:01:07,586 [INFO]   [KODEX 미국S&P500필수소비재(453630)] 신호 없음 | Lv1 매수 KRW 13,600 -> 현재 KRW 13,555 (-0.33%) | 익절 +10.0% / 추매 -5.0%
2026-06-16 14:01:07,587 [INFO] >>> Processing TIGER 지주회사(307520)
2026-06-16 14:01:07,587 [INFO]   [TIGER 지주회사(307520)] 신호 없음 | Lv2 매수 KRW 23,050 -> 현재 KRW 25,805 (+11.95%) | 익절 +10.0% / 추매 -5.0%
2026-06-16 14:01:07,587 [INFO] >>> Processing 미래에셋증권(006800)
2026-06-16 14:01:07,588 [INFO]   [미래에셋증권(006800)] 신호 없음 | Lv4 매수 KRW 51,000 -> 현재 KRW 51,900 (+1.76%) | 익절 +10.0% / 추매 -5.0%
2026-06-16 14:01:07,588 [INFO] >>> Processing ACE 엔비디아밸류체인액티브(483320)
2026-06-16 14:01:07,588 [INFO]   [ACE 엔비디아밸류체인액티브(483320)] 신호 없음 | Lv1 매수 KRW 29,460 -> 현재 KRW 30,980 (+5.16%) | 익절 +10.0% / 추매 -5.0%
2026-06-16 14:01:07,589 [INFO] >>> Processing SOL 반도체전공정(475300)
2026-06-16 14:01:07,589 [INFO]   [SOL 반도체전공정(475300)] 신호 없음 | Lv1 매수 KRW 28,365 -> 현재 KRW 28,230 (-0.48%) | 익절 +10.0% / 추매 -5.0%
2026-06-16 14:01:07,589 [INFO] >>> Step 6: Persist
