2026-05-27 15:05:19,772 [INFO] === Initializing MagicSplit Bot (domestic) ===
2026-05-27 15:05:19,772 [INFO] Loaded 16 stock rule(s) from config_domestic.json
2026-05-27 15:05:19,772 [INFO] [domestic] 15 rule(s), mode=LIVE
2026-05-27 15:05:19,772 [INFO] [KisBroker] 새 토큰 발급 중...
2026-05-27 15:05:20,832 [INFO] [KisDomesticLiveBroker] Mode: LIVE TRADING
2026-05-27 15:05:20,833 [INFO] === Running domestic engine ===
2026-05-27 15:05:20,833 [INFO] >>> Step 1: Portfolio & Price Fetch
2026-05-27 15:05:21,408 [INFO] Fetching real-time prices from Broker...
2026-05-27 15:05:25,902 [INFO] Portfolio: Cash=KRW 17,751,561, Value=KRW 32,189,431
2026-05-27 15:05:25,903 [INFO] >>> Step 2: Load Positions
2026-05-27 15:05:25,903 [INFO] Loaded 16 position lot(s)
2026-05-27 15:05:25,904 [INFO] >>> Step 2.5: Reconcile OK (수량 일치)
2026-05-27 15:05:25,904 [INFO] >>> Processing 삼성전자(005930)
2026-05-27 15:05:25,904 [INFO] [삼성전자(005930)] Lv1: 트레일링 고점 갱신 KRW 301,500 -> KRW 308,750 (매수가 대비 +12.7%, 스톱가 KRW 293,312)
2026-05-27 15:05:25,905 [INFO]   [삼성전자(005930)] 신호 없음 | Lv1 매수 KRW 274,000 -> 현재 KRW 308,750 (+12.68%) | 익절 +10.0% / 추매 -5.0%
2026-05-27 15:05:25,905 [INFO] >>> Processing ACE 엔비디아밸류체인액티브(483320)
2026-05-27 15:05:25,905 [INFO] [ACE 엔비디아밸류체인액티브(483320)] Lv1: 트레일링 고점 갱신 KRW 28,135 -> KRW 28,620 (매수가 대비 +13.2%, 스톱가 KRW 27,189)
2026-05-27 15:05:25,905 [INFO]   [ACE 엔비디아밸류체인액티브(483320)] 신호 없음 | Lv1 매수 KRW 25,290 -> 현재 KRW 28,620 (+13.17%) | 익절 +10.0% / 추매 -5.0%
2026-05-27 15:05:25,906 [INFO] >>> Processing 현대차(005380)
2026-05-27 15:05:25,906 [INFO] [현대차(005380)] Lv1: 트레일링 추적 중 (현재가 KRW 682,000, 고점 KRW 687,000, 고점대비 -0.7%, 스톱가 KRW 652,650)
2026-05-27 15:05:25,906 [INFO]   [현대차(005380)] 신호 없음 | Lv1 매수 KRW 604,000 -> 현재 KRW 682,000 (+12.91%) | 익절 +10.0% / 추매 -5.0%
2026-05-27 15:05:25,906 [INFO] >>> Processing 미래에셋증권(006800)
2026-05-27 15:05:25,907 [INFO] [미래에셋증권(006800)] Lv2: 트레일링 추적 중 (현재가 KRW 64,500, 고점 KRW 67,900, 고점대비 -5.0%, 스톱가 KRW 64,505)
2026-05-27 15:05:25,907 [INFO] [미래에셋증권(006800)] Lv2: 트레일링 스톱 매도 (매수가 KRW 61,200 -> 고점 KRW 67,900 -> 현재가 KRW 64,500, 고점대비 -5.0%, 수익률 +5.4%)
2026-05-27 15:05:25,907 [INFO] Executing 1 order(s)...
2026-05-27 15:05:25,907 [INFO] [KisBroker] Processing 1 SELL orders...
2026-05-27 15:05:27,058 [INFO] [KisDomestic] Order Sent: SELL 미래에셋증권(006800) 8 @ 64500 (ODNO=0040537500)
2026-05-27 15:05:27,499 [INFO] [KisDomestic] Order FILLED: 미래에셋증권(006800) ODNO=0040537500 price=64500.0 qty=8 fee=77.39999999999999
2026-05-27 15:05:27,700 [INFO] [Position] Remove lot: lot_20260520_145428_006800_002 Lv2 (8주 전량 매도)
2026-05-27 15:05:31,144 [INFO] >>> Processing KODEX 증권(102970)
2026-05-27 15:05:31,144 [INFO]   [KODEX 증권(102970)] 신호 없음 | Lv1 매수 KRW 26,355 -> 현재 KRW 26,695 (+1.29%) | 익절 +10.0% / 추매 -5.0%
2026-05-27 15:05:31,145 [INFO] >>> Processing TIGER 지주회사(307520)
2026-05-27 15:05:31,145 [INFO] [TIGER 지주회사(307520)] Lv1: 트레일링 추적 중 (현재가 KRW 26,270, 고점 KRW 26,940, 고점대비 -2.5%, 스톱가 KRW 25,593)
2026-05-27 15:05:31,145 [INFO]   [TIGER 지주회사(307520)] 신호 없음 | Lv1 매수 KRW 24,265 -> 현재 KRW 26,270 (+8.26%) | 익절 +10.0% / 추매 -5.0%
2026-05-27 15:05:31,145 [INFO] >>> Processing 메리츠금융지주(138040)
2026-05-27 15:05:31,146 [INFO]   [메리츠금융지주(138040)] 신호 없음 | Lv1 매수 KRW 109,100 -> 현재 KRW 105,200 (-3.57%) | 익절 +10.0% / 추매 -5.0%
2026-05-27 15:05:31,146 [INFO] >>> Processing KODEX 미국S&P500에너지(합성)(218420)
2026-05-27 15:05:31,146 [INFO] [KODEX 미국S&P500에너지(합성)(218420)] Lv1 매수가 KRW 21,155 대비 -6.0% -> 추가 매수 Lv2 25주 @KRW 19,895
2026-05-27 15:05:31,146 [INFO] Executing 1 order(s)...
2026-05-27 15:05:31,581 [INFO] [KisBroker] Available Cash for BUY: 18,266,459
2026-05-27 15:05:33,011 [INFO] [KisDomestic] Order Sent: BUY KODEX 미국S&P500에너지(합성)(218420) 25 @ 19905 (ODNO=0040545700)
2026-05-27 15:05:33,424 [INFO] [KisDomestic] Order FILLED: KODEX 미국S&P500에너지(합성)(218420) ODNO=0040545700 price=19905.0 qty=25 fee=74.64375
2026-05-27 15:05:33,625 [INFO] [Position] New lot: lot_20260527_150533_218420_002 Lv2 KODEX 미국S&P500에너지(합성)(218420) 25주 @KRW 19,905
2026-05-27 15:05:37,261 [INFO] >>> Processing KODEX 미국S&P500금융(453650)
2026-05-27 15:05:37,262 [INFO]   [KODEX 미국S&P500금융(453650)] 신호 없음 | Lv1 매수 KRW 18,975 -> 현재 KRW 18,935 (-0.21%) | 익절 +10.0% / 추매 -5.0%
2026-05-27 15:05:37,262 [INFO] >>> Processing KODEX 미국S&P500필수소비재(453630)
2026-05-27 15:05:37,262 [INFO]   [KODEX 미국S&P500필수소비재(453630)] 신호 없음 | Lv1 매수 KRW 13,600 -> 현재 KRW 13,145 (-3.35%) | 익절 +10.0% / 추매 -5.0%
2026-05-27 15:05:37,262 [INFO] >>> Processing ACE 테슬라밸류체인액티브(457480)
2026-05-27 15:05:37,263 [INFO]   [ACE 테슬라밸류체인액티브(457480)] 신호 없음 | Lv1 매수 KRW 23,625 -> 현재 KRW 24,785 (+4.91%) | 익절 +10.0% / 추매 -5.0%
2026-05-27 15:05:37,263 [INFO] >>> Processing SOL 반도체전공정(475300)
2026-05-27 15:05:37,263 [INFO] [SOL 반도체전공정(475300)] Lv1: 트레일링 추적 중 (현재가 KRW 25,010, 고점 KRW 27,015, 고점대비 -7.4%, 스톱가 KRW 25,664)
2026-05-27 15:05:37,264 [INFO] [SOL 반도체전공정(475300)] Lv1: 트레일링 스톱 매도 (매수가 KRW 22,475 -> 고점 KRW 27,015 -> 현재가 KRW 25,010, 고점대비 -7.4%, 수익률 +11.3%)
2026-05-27 15:05:37,264 [INFO] Executing 1 order(s)...
2026-05-27 15:05:37,264 [INFO] [KisBroker] Processing 1 SELL orders...
2026-05-27 15:05:38,440 [INFO] [KisDomestic] Order Sent: SELL SOL 반도체전공정(475300) 44 @ 25000 (ODNO=0040553800)
2026-05-27 15:05:43,265 [INFO] [KisDomestic] Order FILLED: SOL 반도체전공정(475300) ODNO=0040553800 price=25000.0 qty=44 fee=164.99999999999997
2026-05-27 15:05:43,466 [INFO] [Position] Remove lot: lot_20260519_143402_475300_001 Lv1 (44주 전량 매도)
2026-05-27 15:05:46,907 [INFO] >>> Processing 테스(095610)
2026-05-27 15:05:46,908 [INFO] [테스(095610)] Lv2 매수가 KRW 127,300 대비 -6.3% -> 추가 매수 Lv3 4주 @KRW 119,300
2026-05-27 15:05:46,908 [INFO] Executing 1 order(s)...
2026-05-27 15:05:47,353 [INFO] [KisBroker] Available Cash for BUY: 18,868,604
2026-05-27 15:05:48,792 [INFO] [KisDomestic] Order Sent: BUY 테스(095610) 4 @ 119500 (ODNO=0040565900)
2026-05-27 15:05:49,208 [INFO] [KisDomestic] Order FILLED: 테스(095610) ODNO=0040565900 price=119500.0 qty=4 fee=71.69999999999999
2026-05-27 15:05:49,409 [INFO] [Position] New lot: lot_20260527_150549_095610_003 Lv3 테스(095610) 4주 @KRW 119,500
2026-05-27 15:05:52,852 [INFO] >>> Processing KoAct 글로벌AI메모리반도체액티브(0174B0)
2026-05-27 15:05:52,852 [INFO]   [KoAct 글로벌AI메모리반도체액티브(0174B0)] 신호 없음 | Lv1 매수 KRW 16,410 -> 현재 KRW 16,780 (+2.25%) | 익절 +10.0% / 추매 -5.0%
2026-05-27 15:05:52,853 [INFO] >>> Processing SOL 미국양자컴퓨팅TOP10(0023A0)
2026-05-27 15:05:52,853 [INFO] [SOL 미국양자컴퓨팅TOP10(0023A0)] 보유 lot 없음 -> 초기 매수 Lv1 27주 @KRW 36,450
2026-05-27 15:05:52,853 [INFO] Executing 1 order(s)...
2026-05-27 15:05:53,291 [INFO] [KisBroker] Available Cash for BUY: 18,390,544
2026-05-27 15:05:54,950 [INFO] [KisDomestic] Order Sent: BUY SOL 미국양자컴퓨팅TOP10(0023A0) 27 @ 36450 (ODNO=0040572700)
2026-05-27 15:05:55,364 [INFO] [KisDomestic] Order FILLED: SOL 미국양자컴퓨팅TOP10(0023A0) ODNO=0040572700 price=36450.0 qty=27 fee=147.62249999999997
2026-05-27 15:05:55,565 [INFO] [Position] New lot: lot_20260527_150555_0023A0_001 Lv1 SOL 미국양자컴퓨팅TOP10(0023A0) 27주 @KRW 36,450
2026-05-27 15:05:59,009 [INFO] >>> Step 6: Persist
