2026-07-06 10:01:18,088 [INFO] === Initializing MagicSplit Bot (domestic) ===
2026-07-06 10:01:18,088 [INFO] Loaded 21 stock rule(s) from config_domestic.json
2026-07-06 10:01:18,088 [INFO] [domestic] 15 rule(s), mode=LIVE
2026-07-06 10:01:18,088 [INFO] [KisBroker] 새 토큰 발급 중...
2026-07-06 10:01:19,098 [INFO] [KisDomesticLiveBroker] Mode: LIVE TRADING
2026-07-06 10:01:19,098 [INFO] === Running domestic engine ===
2026-07-06 10:01:19,099 [INFO] >>> Step 1: Portfolio & Price Fetch
2026-07-06 10:01:19,712 [INFO] Fetching real-time prices from Broker...
2026-07-06 10:01:24,158 [INFO] Portfolio: Cash=KRW 160,831, Value=KRW 30,203,881
2026-07-06 10:01:24,158 [INFO] >>> Step 2: Load Positions
2026-07-06 10:01:24,159 [INFO] Loaded 30 position lot(s)
2026-07-06 10:01:24,160 [INFO] >>> Step 2.5: Reconcile OK (수량 일치)
2026-07-06 10:01:24,160 [INFO] >>> Processing 삼성에스디에스(018260)
2026-07-06 10:01:24,160 [INFO] [삼성에스디에스(018260)] 현금 부족: 보유 현금 KRW 160,831 < 현재가 KRW 194,900 (1주도 매수 불가) -> 매수 보류
2026-07-06 10:01:24,484 [INFO] >>> Processing ACE 엔비디아밸류체인액티브(483320)
2026-07-06 10:01:24,485 [INFO]   [ACE 엔비디아밸류체인액티브(483320)] 신호 없음 | Lv2 매수 KRW 29,975 -> 현재 KRW 29,045 (-3.10%) | 익절 +10.0% / 추매 -5.0%
2026-07-06 10:01:24,485 [INFO] >>> Processing KODEX 증권(102970)
2026-07-06 10:01:24,485 [INFO]   [KODEX 증권(102970)] 신호 없음 | Lv3 매수 KRW 22,400 -> 현재 KRW 24,055 (+7.39%) | 익절 +10.0% / 추매 -5.0%
2026-07-06 10:01:24,485 [INFO] >>> Processing KoAct 글로벌AI메모리반도체액티브(0174B0)
2026-07-06 10:01:24,486 [INFO]   [KoAct 글로벌AI메모리반도체액티브(0174B0)] 신호 없음 | Lv1 매수 KRW 18,320 -> 현재 KRW 18,130 (-1.04%) | 익절 +10.0% / 추매 -5.0%
2026-07-06 10:01:24,486 [INFO] >>> Processing ACE 테슬라밸류체인액티브(457480)
2026-07-06 10:01:24,486 [INFO]   [ACE 테슬라밸류체인액티브(457480)] 신호 없음 | Lv1 매수 KRW 23,625 -> 현재 KRW 22,525 (-4.66%) | 익절 +10.0% / 추매 -5.0%
2026-07-06 10:01:24,487 [INFO] >>> Processing TIGER 지주회사(307520)
2026-07-06 10:01:24,487 [INFO]   [TIGER 지주회사(307520)] 신호 없음 | Lv2 매수 KRW 23,055 -> 현재 KRW 22,965 (-0.39%) | 익절 +10.0% / 추매 -5.0%
2026-07-06 10:01:24,487 [INFO] >>> Processing KODEX 미국S&P500금융(453650)
2026-07-06 10:01:24,488 [INFO]   [KODEX 미국S&P500금융(453650)] 신호 없음 | Lv1 매수 KRW 18,975 -> 현재 KRW 20,945 (+10.38%) | 익절 +10.0% / 추매 -5.0%
2026-07-06 10:01:24,488 [INFO] >>> Processing 메리츠금융지주(138040)
2026-07-06 10:01:24,488 [INFO] [메리츠금융지주(138040)] Lv2: trailing 고점 갱신 -> KRW 114,100 (스톱가 KRW 108,395)
2026-07-06 10:01:24,489 [INFO]   [메리츠금융지주(138040)] 신호 없음 | Lv2 매수 KRW 102,000 -> 현재 KRW 114,100 (+11.86%) | 익절 +10.0% / 추매 -5.0%
2026-07-06 10:01:24,489 [INFO] >>> Processing 삼성전자(005930)
2026-07-06 10:01:24,489 [INFO] [삼성전자(005930)] Lv5: trailing 활성화 (매수가 대비 +10.2%, 스톱가 KRW 303,762)
2026-07-06 10:01:24,750 [INFO] >>> Processing SOL 반도체전공정(475300)
2026-07-06 10:01:24,750 [INFO] [SOL 반도체전공정(475300)] 현금 부족: 보유 현금 KRW 160,831 < 매수 예정 금액 KRW 481,500 (20주) -> 매수 보류
2026-07-06 10:01:25,040 [INFO] >>> Processing 삼성전자우(005935)
2026-07-06 10:01:25,040 [INFO] [삼성전자우(005935)] Lv4: trailing 활성화 (매수가 대비 +11.1%, 스톱가 KRW 203,775)
2026-07-06 10:01:25,287 [INFO] >>> Processing SOL 미국양자컴퓨팅TOP10(0023A0)
2026-07-06 10:01:25,287 [INFO]   [SOL 미국양자컴퓨팅TOP10(0023A0)] 신호 없음 | Lv2 매수 KRW 33,355 -> 현재 KRW 32,365 (-2.97%) | 익절 +10.0% / 추매 -5.0%
2026-07-06 10:01:25,288 [INFO] >>> Processing 테스(095610)
2026-07-06 10:01:25,288 [INFO] [테스(095610)] 현금 부족: 보유 현금 KRW 160,831 < 현재가 KRW 166,200 (1주도 매수 불가) -> 매수 보류
2026-07-06 10:01:25,504 [INFO] >>> Processing KODEX 미국S&P500필수소비재(453630)
2026-07-06 10:01:25,504 [INFO]   [KODEX 미국S&P500필수소비재(453630)] 신호 없음 | Lv1 매수 KRW 13,600 -> 현재 KRW 13,845 (+1.80%) | 익절 +10.0% / 추매 -5.0%
2026-07-06 10:01:25,505 [INFO] >>> Processing 원익IPS(240810)
2026-07-06 10:01:25,505 [INFO] [원익IPS(240810)] 현금 부족: 보유 현금 KRW 160,831 < 매수 예정 금액 KRW 497,200 (4주) -> 매수 보류
2026-07-06 10:01:25,743 [INFO] >>> Step 6: Persist
