2026-06-18 10:00:54,983 [INFO] === Initializing MagicSplit Bot (domestic) ===
2026-06-18 10:00:54,983 [INFO] Loaded 18 stock rule(s) from config_domestic.json
2026-06-18 10:00:54,983 [INFO] [domestic] 17 rule(s), mode=LIVE
2026-06-18 10:00:54,983 [INFO] [KisBroker] 새 토큰 발급 중...
2026-06-18 10:00:56,003 [INFO] [KisDomesticLiveBroker] Mode: LIVE TRADING
2026-06-18 10:00:56,003 [INFO] === Running domestic engine ===
2026-06-18 10:00:56,003 [INFO] >>> Step 1: Portfolio & Price Fetch
2026-06-18 10:00:56,548 [INFO] Fetching real-time prices from Broker...
2026-06-18 10:01:01,418 [INFO] Portfolio: Cash=KRW 573,003, Value=KRW 30,597,203
2026-06-18 10:01:01,418 [INFO] >>> Step 2: Load Positions
2026-06-18 10:01:01,418 [INFO] Loaded 27 position lot(s)
2026-06-18 10:01:01,419 [INFO] >>> Step 2.5: Reconcile OK (수량 일치)
2026-06-18 10:01:01,419 [INFO] >>> Processing KODEX 미국S&P500금융(453650)
2026-06-18 10:01:01,420 [INFO]   [KODEX 미국S&P500금융(453650)] 신호 없음 | Lv1 매수 KRW 18,975 -> 현재 KRW 20,255 (+6.75%) | 익절 +10.0% / 추매 -5.0%
2026-06-18 10:01:01,420 [INFO] >>> Processing SOL 미국양자컴퓨팅TOP10(0023A0)
2026-06-18 10:01:01,420 [INFO]   [SOL 미국양자컴퓨팅TOP10(0023A0)] 신호 없음 | Lv2 매수 KRW 33,355 -> 현재 KRW 33,910 (+1.66%) | 익절 +10.0% / 추매 -5.0%
2026-06-18 10:01:01,420 [INFO] >>> Processing ACE 테슬라밸류체인액티브(457480)
2026-06-18 10:01:01,420 [INFO]   [ACE 테슬라밸류체인액티브(457480)] 신호 없음 | Lv1 매수 KRW 23,625 -> 현재 KRW 24,180 (+2.35%) | 익절 +10.0% / 추매 -5.0%
2026-06-18 10:01:01,420 [INFO] >>> Processing 메리츠금융지주(138040)
2026-06-18 10:01:01,420 [INFO]   [메리츠금융지주(138040)] 신호 없음 | Lv2 매수 KRW 102,300 -> 현재 KRW 113,600 (+11.05%) | 익절 +10.0% / 추매 -5.0%
2026-06-18 10:01:01,421 [INFO] >>> Processing 삼성전자(005930)
2026-06-18 10:01:01,421 [INFO] [삼성전자(005930)] Lv1: trailing 고점 갱신 -> KRW 350,000 (스톱가 KRW 332,500)
2026-06-18 10:01:01,421 [INFO]   [삼성전자(005930)] 신호 없음 | Lv1 매수 KRW 303,000 -> 현재 KRW 350,000 (+15.51%) | 익절 +10.0% / 추매 -5.0%
2026-06-18 10:01:01,421 [INFO] >>> Processing SOL 반도체전공정(475300)
2026-06-18 10:01:01,421 [INFO]   [SOL 반도체전공정(475300)] 신호 없음 | Lv1 매수 KRW 28,365 -> 현재 KRW 27,275 (-3.84%) | 익절 +10.0% / 추매 -5.0%
2026-06-18 10:01:01,421 [INFO] >>> Processing 미래에셋증권(006800)
2026-06-18 10:01:01,421 [INFO]   [미래에셋증권(006800)] 신호 없음 | Lv4 매수 KRW 51,000 -> 현재 KRW 50,650 (-0.69%) | 익절 +10.0% / 추매 -5.0%
2026-06-18 10:01:01,422 [INFO] >>> Processing 테스(095610)
2026-06-18 10:01:01,422 [INFO]   [테스(095610)] 신호 없음 | Lv1 매수 KRW 169,200 -> 현재 KRW 166,500 (-1.60%) | 익절 +10.0% / 추매 -5.0%
2026-06-18 10:01:01,422 [INFO] >>> Processing KODEX 미국S&P500필수소비재(453630)
2026-06-18 10:01:01,422 [INFO]   [KODEX 미국S&P500필수소비재(453630)] 신호 없음 | Lv1 매수 KRW 13,600 -> 현재 KRW 13,505 (-0.70%) | 익절 +10.0% / 추매 -5.0%
2026-06-18 10:01:01,422 [INFO] >>> Processing TIGER 지주회사(307520)
2026-06-18 10:01:01,422 [INFO] [TIGER 지주회사(307520)] trailing 벌크 매도 발동: Lv2~Lv2 21주 (+6.4%)
2026-06-18 10:01:01,422 [INFO] Executing 1 order(s)...
2026-06-18 10:01:01,422 [INFO] [KisBroker] Processing 1 SELL orders...
2026-06-18 10:01:02,484 [INFO] [KisDomestic] Order Sent: SELL TIGER 지주회사(307520) 21 @ 24525 (ODNO=0014102900)
2026-06-18 10:01:32,965 [WARNING] [KisDomestic] Order NOT confirmed within 30s: TIGER 지주회사(307520) ODNO=0014102900 — 취소 시도 후 재폴링·체결조회
2026-06-18 10:01:33,587 [INFO] [KisDomestic] Order Cancelled: TIGER 지주회사(307520) ODNO=0014102900
2026-06-18 10:01:35,399 [INFO] [KisDomestic] Timeout outcome: TIGER 지주회사(307520) ODNO=0014102900 PARTIAL qty=7/21 detail=partial_after_cancel
2026-06-18 10:01:35,599 [INFO] [Position] Trailing 벌크 청산: TIGER 지주회사(307520) 7주 소진 (잔여 52주), 실현손익 KRW 10,299
2026-06-18 10:01:39,138 [INFO] >>> Processing ACE 엔비디아밸류체인액티브(483320)
2026-06-18 10:01:39,138 [INFO]   [ACE 엔비디아밸류체인액티브(483320)] 신호 없음 | Lv1 매수 KRW 29,460 -> 현재 KRW 31,290 (+6.21%) | 익절 +10.0% / 추매 -5.0%
2026-06-18 10:01:39,138 [INFO] >>> Processing KODEX 미국S&P500에너지(합성)(218420)
2026-06-18 10:01:39,138 [INFO]   [KODEX 미국S&P500에너지(합성)(218420)] 신호 없음 | Lv2 매수 KRW 19,905 -> 현재 KRW 19,280 (-3.14%) | 익절 +10.0% / 추매 -5.0%
2026-06-18 10:01:39,138 [INFO] >>> Processing 현대차(005380)
2026-06-18 10:01:39,139 [INFO] [현대차(005380)] Lv2 매수가 KRW 651,000 대비 -7.1% -> 추가 매수 Lv3 1주 @KRW 605,000
2026-06-18 10:01:39,139 [INFO] Executing 1 order(s)...
2026-06-18 10:01:39,668 [INFO] [KisBroker] Available Cash for BUY: 744,658
2026-06-18 10:01:40,791 [INFO] [KisDomestic] Order Sent: BUY 현대차(005380) 1 @ 605000 (ODNO=0014169300)
2026-06-18 10:01:41,093 [INFO] [KisDomestic] Order FILLED: 현대차(005380) ODNO=0014169300 price=605000.0 qty=1 fee=90.74999999999999
2026-06-18 10:01:41,294 [INFO] [현대차(005380)] 동적 재매수 기준 초기화 (매도가 KRW 616,500 -> 소비됨)
2026-06-18 10:01:41,294 [INFO] [Position] New lot: lot_20260618_100141_005380_003 Lv3 현대차(005380) 1주 @KRW 605,000
2026-06-18 10:01:44,835 [INFO] >>> Processing KODEX 증권(102970)
2026-06-18 10:01:44,835 [INFO] [KODEX 증권(102970)] trailing 벌크 매도 발동: Lv2~Lv2 21주 (+5.9%)
2026-06-18 10:01:44,835 [INFO] Executing 1 order(s)...
2026-06-18 10:01:44,835 [INFO] [KisBroker] Processing 1 SELL orders...
2026-06-18 10:01:45,766 [INFO] [KisDomestic] Order Sent: SELL KODEX 증권(102970) 21 @ 24090 (ODNO=0014177200)
2026-06-18 10:01:46,067 [INFO] [KisDomestic] Order FILLED: KODEX 증권(102970) ODNO=0014177200 price=24090.0 qty=21 fee=75.8835
2026-06-18 10:01:46,268 [INFO] [Position] Trailing 벌크 청산: KODEX 증권(102970) 21주 소진 (잔여 37주), 실현손익 KRW 27,749
2026-06-18 10:01:49,803 [INFO] >>> Processing NAVER(035420)
2026-06-18 10:01:49,803 [INFO]   [NAVER(035420)] 신호 없음 | Lv1 매수 KRW 245,000 -> 현재 KRW 236,000 (-3.67%) | 익절 +10.0% / 추매 -5.0%
2026-06-18 10:01:49,803 [INFO] >>> Processing HANARO 글로벌금채굴기업(473640)
2026-06-18 10:01:49,803 [INFO]   [HANARO 글로벌금채굴기업(473640)] 신호 없음 | Lv2 매수 KRW 31,955 -> 현재 KRW 34,400 (+7.65%) | 익절 +10.0% / 추매 -5.0%
2026-06-18 10:01:49,803 [INFO] >>> Processing KoAct 글로벌AI메모리반도체액티브(0174B0)
2026-06-18 10:01:49,804 [INFO]   [KoAct 글로벌AI메모리반도체액티브(0174B0)] 신호 없음 | Lv1 매수 KRW 18,935 -> 현재 KRW 19,960 (+5.41%) | 익절 +10.0% / 추매 -5.0%
2026-06-18 10:01:49,804 [INFO] >>> Step 6: Persist
