2026-07-16 10:01:31,639 [INFO] === Initializing MagicSplit Bot (domestic) ===
2026-07-16 10:01:31,639 [INFO] Loaded 23 stock rule(s) from config_domestic.json
2026-07-16 10:01:31,639 [INFO] [domestic] 11 rule(s), mode=LIVE
2026-07-16 10:01:31,639 [INFO] [KisBroker] 새 토큰 발급 중...
2026-07-16 10:01:32,984 [INFO] [KisDomesticLiveBroker] Mode: LIVE TRADING
2026-07-16 10:01:32,985 [INFO] === Running domestic engine ===
2026-07-16 10:01:32,985 [INFO] >>> Step 1: Portfolio & Price Fetch
2026-07-16 10:01:33,350 [INFO] Fetching real-time prices from Broker...
2026-07-16 10:01:35,983 [INFO] Portfolio: Cash=KRW 99,796, Value=KRW 28,742,976
2026-07-16 10:01:35,983 [INFO] >>> Step 2: Load Positions
2026-07-16 10:01:35,983 [INFO] Loaded 26 position lot(s)
2026-07-16 10:01:35,985 [INFO] >>> Step 2.5: Reconcile OK (수량 일치)
2026-07-16 10:01:35,985 [INFO] >>> Processing 삼성증권(016360)
2026-07-16 10:01:35,986 [INFO]   [삼성증권(016360)] 신호 없음 | Lv1 매수 KRW 110,400 -> 현재 KRW 106,800 (-3.26%) | 익절 +10.0% / 추매 -5.0%
2026-07-16 10:01:35,986 [INFO] >>> Processing KODEX 반도체레버리지(494310)
2026-07-16 10:01:35,986 [INFO] [KODEX 반도체레버리지(494310)] trailing 벌크 매도 발동: Lv1~Lv1 63주 (+11.9%)
2026-07-16 10:01:35,986 [INFO] Executing 1 order(s)...
2026-07-16 10:01:35,987 [INFO] [KisBroker] Processing 1 SELL orders...
2026-07-16 10:01:36,808 [INFO] [KisDomestic] Order Sent: SELL KODEX 반도체레버리지(494310) 63 @ 96705 (ODNO=0009243400)
2026-07-16 10:01:37,091 [INFO] [KisDomestic] Order FILLED: KODEX 반도체레버리지(494310) ODNO=0009243400 price=96900.0 qty=63 fee=915.7049999999999
2026-07-16 10:01:37,292 [INFO] [Position] Trailing 벌크 청산: KODEX 반도체레버리지(494310) 63주 소진 (잔여 0주), 실현손익 KRW 638,849
2026-07-16 10:01:40,785 [INFO] >>> Processing 테스(095610)
2026-07-16 10:01:40,786 [INFO] [테스(095610)] 보유 lot 없음 -> 초기 매수 Lv1 5주 @KRW 191,100
2026-07-16 10:01:40,786 [INFO] Executing 1 order(s)...
2026-07-16 10:01:41,280 [INFO] [KisBroker] Available Cash for BUY: 6,203,606
2026-07-16 10:01:42,338 [INFO] [KisDomestic] Order Sent: BUY 테스(095610) 5 @ 191900 (ODNO=0009251200)
2026-07-16 10:01:42,622 [INFO] [KisDomestic] Order FILLED: 테스(095610) ODNO=0009251200 price=191900.0 qty=5 fee=143.92499999999998
2026-07-16 10:01:42,823 [INFO] [테스(095610)] 동적 재매수 기준 초기화 (매도가 KRW 183,600 -> 소비됨)
2026-07-16 10:01:42,823 [INFO] [Position] New lot: lot_20260716_100142_095610_001 Lv1 테스(095610) 5주 @KRW 191,900
2026-07-16 10:01:46,330 [INFO] >>> Processing ACE 엔비디아밸류체인액티브(483320)
2026-07-16 10:01:46,330 [INFO] [ACE 엔비디아밸류체인액티브(483320)] Lv2 매수가 KRW 29,975 대비 -13.7% -> 추가 매수 Lv3 19주 @KRW 25,865
2026-07-16 10:01:46,330 [INFO] Executing 1 order(s)...
2026-07-16 10:01:46,819 [INFO] [KisBroker] Available Cash for BUY: 5,243,976
2026-07-16 10:01:47,875 [INFO] [KisDomestic] Order Sent: BUY ACE 엔비디아밸류체인액티브(483320) 19 @ 25860 (ODNO=0009259100)
2026-07-16 10:01:48,159 [INFO] [KisDomestic] Order FILLED: ACE 엔비디아밸류체인액티브(483320) ODNO=0009259100 price=25860.0 qty=19 fee=73.701
2026-07-16 10:01:48,360 [INFO] [Position] New lot: lot_20260716_100148_483320_003 Lv3 ACE 엔비디아밸류체인액티브(483320) 19주 @KRW 25,860
2026-07-16 10:01:51,724 [INFO] >>> Processing 삼성전자우(005935)
2026-07-16 10:01:51,725 [INFO] [삼성전자우(005935)] Lv4 매수가 KRW 194,000 대비 -9.7% -> 추가 매수 Lv5 2주 @KRW 175,200
2026-07-16 10:01:51,725 [INFO] Executing 1 order(s)...
2026-07-16 10:01:52,089 [INFO] [KisBroker] Available Cash for BUY: 4,752,566
2026-07-16 10:01:53,152 [INFO] [KisDomestic] Order Sent: BUY 삼성전자우(005935) 2 @ 175300 (ODNO=0009267100)
2026-07-16 10:01:53,435 [INFO] [KisDomestic] Order FILLED: 삼성전자우(005935) ODNO=0009267100 price=175300.0 qty=2 fee=52.589999999999996
2026-07-16 10:01:53,636 [INFO] [Position] New lot: lot_20260716_100153_005935_005 Lv5 삼성전자우(005935) 2주 @KRW 175,300
2026-07-16 10:01:57,004 [INFO] >>> Processing KODEX 증권(102970)
2026-07-16 10:01:57,005 [INFO] [KODEX 증권(102970)] Lv3 매수가 KRW 22,400 대비 -5.9% -> 추가 매수 Lv4 23주 @KRW 21,085
2026-07-16 10:01:57,005 [INFO] Executing 1 order(s)...
2026-07-16 10:01:57,362 [INFO] [KisBroker] Available Cash for BUY: 4,401,926
2026-07-16 10:01:58,415 [INFO] [KisDomestic] Order Sent: BUY KODEX 증권(102970) 23 @ 21080 (ODNO=0009274500)
2026-07-16 10:01:58,697 [INFO] [KisDomestic] Order FILLED: KODEX 증권(102970) ODNO=0009274500 price=21080.0 qty=23 fee=72.726
2026-07-16 10:01:58,898 [INFO] [KODEX 증권(102970)] 동적 재매수 기준 초기화 (매도가 KRW 21,210 -> 소비됨)
2026-07-16 10:01:58,898 [INFO] [Position] New lot: lot_20260716_100158_102970_004 Lv4 KODEX 증권(102970) 23주 @KRW 21,080
2026-07-16 10:02:02,262 [INFO] >>> Processing TIGER 지주회사(307520)
2026-07-16 10:02:02,262 [INFO] [TIGER 지주회사(307520)] Lv2 매수가 KRW 23,055 대비 -11.7% -> 추가 매수 Lv3 24주 @KRW 20,365
2026-07-16 10:02:02,262 [INFO] Executing 1 order(s)...
2026-07-16 10:02:02,756 [INFO] [KisBroker] Available Cash for BUY: 3,917,016
2026-07-16 10:02:03,818 [INFO] [KisDomestic] Order Sent: BUY TIGER 지주회사(307520) 24 @ 20395 (ODNO=0009283600)
2026-07-16 10:02:04,103 [INFO] [KisDomestic] Order FILLED: TIGER 지주회사(307520) ODNO=0009283600 price=20390.0 qty=24 fee=73.404
2026-07-16 10:02:04,304 [INFO] [Position] New lot: lot_20260716_100204_307520_003 Lv3 TIGER 지주회사(307520) 24주 @KRW 20,390
2026-07-16 10:02:07,668 [INFO] >>> Processing 삼성전자(005930)
2026-07-16 10:02:07,668 [INFO] [삼성전자(005930)] Lv5 매수가 KRW 279,250 대비 -7.8% -> 추가 매수 Lv6 1주 @KRW 257,500
2026-07-16 10:02:07,668 [INFO] Executing 1 order(s)...
2026-07-16 10:02:08,035 [INFO] [KisBroker] Available Cash for BUY: 3,427,586
2026-07-16 10:02:09,089 [INFO] [KisDomestic] Order Sent: BUY 삼성전자(005930) 1 @ 257500 (ODNO=0009290300)
2026-07-16 10:02:09,372 [INFO] [KisDomestic] Order FILLED: 삼성전자(005930) ODNO=0009290300 price=257500.0 qty=1 fee=38.625
2026-07-16 10:02:09,573 [INFO] [Position] New lot: lot_20260716_100209_005930_006 Lv6 삼성전자(005930) 1주 @KRW 257,500
2026-07-16 10:02:12,938 [INFO] >>> Processing 메리츠금융지주(138040)
2026-07-16 10:02:12,939 [INFO]   [메리츠금융지주(138040)] 신호 없음 | Lv1 매수 KRW 109,100 -> 현재 KRW 116,300 (+6.60%) | 익절 +10.0% / 추매 -5.0%
2026-07-16 10:02:12,939 [INFO] >>> Processing SOL 반도체전공정(475300)
2026-07-16 10:02:12,939 [INFO]   [SOL 반도체전공정(475300)] 신호 없음 | Lv3 매수 KRW 24,150 -> 현재 KRW 24,620 (+1.95%) | 익절 +10.0% / 추매 -5.0%
2026-07-16 10:02:12,940 [INFO] >>> Processing ACE 테슬라밸류체인액티브(457480)
2026-07-16 10:02:12,940 [INFO]   [ACE 테슬라밸류체인액티브(457480)] 신호 없음 | Lv2 매수 KRW 21,575 -> 현재 KRW 20,600 (-4.52%) | 익절 +10.0% / 추매 -5.0%
2026-07-16 10:02:12,940 [INFO] >>> Step 6: Persist
2026-07-16 10:46:01,783 [INFO] === Manual Trade CLI (domestic) [1건]: 494310:buy(3000000.0) ===
2026-07-16 10:46:01,784 [INFO] [KisBroker] 캐시에서 토큰 로드 (API 호출 생략)
2026-07-16 10:46:01,784 [INFO] [KisDomesticLiveBroker] Mode: LIVE TRADING
2026-07-16 10:46:01,784 [INFO] === Manual Trade: KODEX 반도체레버리지(494310) BUY ===
2026-07-16 10:46:01,784 [INFO] >>> Step 1: Portfolio & Price Fetch
2026-07-16 10:46:03,014 [WARNING] [KisBroker] 초당 거래건수 초과(EGW00201/429) 감지 — 0.5s 대기 후 재시도 (1/3)
2026-07-16 10:46:04,132 [INFO] Fetching real-time prices from Broker...
2026-07-16 10:46:07,074 [INFO] Portfolio: Cash=KRW 3,170,056, Value=KRW 28,597,076
2026-07-16 10:46:07,074 [INFO] >>> Step 2: Load Positions
2026-07-16 10:46:07,075 [INFO] Loaded 31 position lot(s)
2026-07-16 10:46:07,075 [INFO] 매수 금액 수동 지정: KRW 3,000,000
2026-07-16 10:46:07,075 [INFO] 매수 수량 도출: Lv1 buy_amount=KRW 3,000,000 / 현재가=KRW 95,835 = 31주
2026-07-16 10:46:07,075 [INFO] [KODEX 반도체레버리지(494310)] 수동 신호 생성: BUY Lv1 31주 @KRW 95,835
2026-07-16 10:46:07,075 [INFO] Executing 1 order(s)...
2026-07-16 10:46:07,617 [INFO] [KisBroker] Available Cash for BUY: 3,170,056
2026-07-16 10:46:08,863 [INFO] [KisDomestic] Order Sent: BUY KODEX 반도체레버리지(494310) 31 @ 95825 (ODNO=0012392500)
2026-07-16 10:46:09,225 [INFO] [KisDomestic] Order FILLED: KODEX 반도체레버리지(494310) ODNO=0012392500 price=95820.0 qty=31 fee=445.563
2026-07-16 10:46:09,426 [INFO] [KODEX 반도체레버리지(494310)] 동적 재매수 기준 초기화 (매도가 KRW 96,900 -> 소비됨)
2026-07-16 10:46:09,426 [INFO] [Position] New lot: lot_20260716_104609_494310_001 Lv1 KODEX 반도체레버리지(494310) 31주 @KRW 95,820
2026-07-16 10:46:12,972 [INFO] >>> Step 6: Persist
2026-07-16 10:46:13,375 [INFO] === Manual Trade 완료: 체결 1건 [494310 BUY], 실패 0건 ===
