2026-07-15 10:01:22,773 [INFO] === Initializing MagicSplit Bot (domestic) ===
2026-07-15 10:01:22,773 [INFO] Loaded 23 stock rule(s) from config_domestic.json
2026-07-15 10:01:22,773 [INFO] [domestic] 11 rule(s), mode=LIVE
2026-07-15 10:01:22,773 [INFO] [KisBroker] 새 토큰 발급 중...
2026-07-15 10:01:23,721 [INFO] [KisDomesticLiveBroker] Mode: LIVE TRADING
2026-07-15 10:01:23,721 [INFO] === Running domestic engine ===
2026-07-15 10:01:23,721 [INFO] >>> Step 1: Portfolio & Price Fetch
2026-07-15 10:01:24,322 [INFO] Fetching real-time prices from Broker...
2026-07-15 10:01:27,418 [INFO] Portfolio: Cash=KRW 99,796, Value=KRW 31,696,831
2026-07-15 10:01:27,419 [INFO] >>> Step 2: Load Positions
2026-07-15 10:01:27,419 [INFO] Loaded 26 position lot(s)
2026-07-15 10:01:27,421 [INFO] >>> Step 2.5: Reconcile OK (수량 일치)
2026-07-15 10:01:27,421 [INFO] >>> Processing KODEX 반도체레버리지(494310)
2026-07-15 10:01:27,422 [INFO] [KODEX 반도체레버리지(494310)] Lv1: trailing 고점 갱신 -> KRW 117,005 (스톱가 KRW 111,155)
2026-07-15 10:01:27,422 [INFO]   [KODEX 반도체레버리지(494310)] 신호 없음 | Lv1 매수 KRW 86,745 -> 현재 KRW 117,005 (+34.88%) | 익절 +10.0% / 추매 -5.0%
2026-07-15 10:01:27,422 [INFO] >>> Processing 삼성증권(016360)
2026-07-15 10:01:27,422 [INFO]   [삼성증권(016360)] 신호 없음 | Lv1 매수 KRW 110,400 -> 현재 KRW 109,600 (-0.72%) | 익절 +10.0% / 추매 -5.0%
2026-07-15 10:01:27,423 [INFO] >>> Processing 메리츠금융지주(138040)
2026-07-15 10:01:27,423 [INFO]   [메리츠금융지주(138040)] 신호 없음 | Lv1 매수 KRW 109,100 -> 현재 KRW 115,450 (+5.82%) | 익절 +10.0% / 추매 -5.0%
2026-07-15 10:01:27,423 [INFO] >>> Processing KODEX 증권(102970)
2026-07-15 10:01:27,424 [INFO]   [KODEX 증권(102970)] 신호 없음 | Lv3 매수 KRW 22,400 -> 현재 KRW 21,695 (-3.15%) | 익절 +10.0% / 추매 -5.0%
2026-07-15 10:01:27,424 [INFO] >>> Processing 삼성전자(005930)
2026-07-15 10:01:27,424 [INFO]   [삼성전자(005930)] 신호 없음 | Lv5 매수 KRW 279,250 -> 현재 KRW 276,250 (-1.07%) | 익절 +10.0% / 추매 -5.0%
2026-07-15 10:01:27,424 [INFO] >>> Processing ACE 테슬라밸류체인액티브(457480)
2026-07-15 10:01:27,425 [INFO]   [ACE 테슬라밸류체인액티브(457480)] 신호 없음 | Lv2 매수 KRW 21,575 -> 현재 KRW 20,965 (-2.83%) | 익절 +10.0% / 추매 -5.0%
2026-07-15 10:01:27,425 [INFO] >>> Processing SOL 반도체전공정(475300)
2026-07-15 10:01:27,425 [INFO]   [SOL 반도체전공정(475300)] 신호 없음 | Lv3 매수 KRW 24,150 -> 현재 KRW 26,515 (+9.79%) | 익절 +10.0% / 추매 -5.0%
2026-07-15 10:01:27,426 [INFO] >>> Processing ACE 엔비디아밸류체인액티브(483320)
2026-07-15 10:01:27,426 [INFO] [ACE 엔비디아밸류체인액티브(483320)] 현금 부족: 보유 현금 KRW 99,796 < 매수 예정 금액 KRW 488,790 (18주) -> 매수 보류
2026-07-15 10:01:28,448 [INFO] >>> Processing 삼성전자우(005935)
2026-07-15 10:01:28,449 [INFO]   [삼성전자우(005935)] 신호 없음 | Lv4 매수 KRW 194,000 -> 현재 KRW 192,750 (-0.64%) | 익절 +10.0% / 추매 -5.0%
2026-07-15 10:01:28,449 [INFO] >>> Processing TIGER 지주회사(307520)
2026-07-15 10:01:28,449 [INFO] [TIGER 지주회사(307520)] 현금 부족: 보유 현금 KRW 99,796 < 매수 예정 금액 KRW 480,470 (23주) -> 매수 보류
2026-07-15 10:01:28,801 [INFO] >>> Processing 테스(095610)
2026-07-15 10:01:28,801 [INFO] [테스(095610)] 현금 부족: 보유 현금 KRW 99,796 < 현재가 KRW 229,000 (1주도 매수 불가) -> 매수 보류
2026-07-15 10:01:29,153 [INFO] >>> Step 6: Persist
2026-07-15 12:01:29,379 [INFO] === Initializing MagicSplit Bot (domestic) ===
2026-07-15 12:01:29,380 [INFO] Loaded 23 stock rule(s) from config_domestic.json
2026-07-15 12:01:29,380 [INFO] [domestic] 11 rule(s), mode=LIVE
2026-07-15 12:01:29,380 [INFO] [KisBroker] 캐시에서 토큰 로드 (API 호출 생략)
2026-07-15 12:01:29,380 [INFO] [KisDomesticLiveBroker] Mode: LIVE TRADING
2026-07-15 12:01:29,380 [INFO] === Running domestic engine ===
2026-07-15 12:01:29,380 [INFO] >>> Step 1: Portfolio & Price Fetch
2026-07-15 12:01:30,627 [INFO] Fetching real-time prices from Broker...
2026-07-15 12:01:33,259 [INFO] Portfolio: Cash=KRW 99,796, Value=KRW 31,854,976
2026-07-15 12:01:33,259 [INFO] >>> Step 2: Load Positions
2026-07-15 12:01:33,259 [INFO] Loaded 26 position lot(s)
2026-07-15 12:01:33,260 [INFO] >>> Step 2.5: Reconcile OK (수량 일치)
2026-07-15 12:01:33,260 [INFO] >>> Processing KODEX 반도체레버리지(494310)
2026-07-15 12:01:33,261 [INFO] [KODEX 반도체레버리지(494310)] Lv1: trailing 고점 갱신 -> KRW 117,650 (스톱가 KRW 111,768)
2026-07-15 12:01:33,261 [INFO]   [KODEX 반도체레버리지(494310)] 신호 없음 | Lv1 매수 KRW 86,745 -> 현재 KRW 117,650 (+35.63%) | 익절 +10.0% / 추매 -5.0%
2026-07-15 12:01:33,261 [INFO] >>> Processing 삼성증권(016360)
2026-07-15 12:01:33,262 [INFO]   [삼성증권(016360)] 신호 없음 | Lv1 매수 KRW 110,400 -> 현재 KRW 111,700 (+1.18%) | 익절 +10.0% / 추매 -5.0%
2026-07-15 12:01:33,262 [INFO] >>> Processing SOL 반도체전공정(475300)
2026-07-15 12:01:33,262 [INFO]   [SOL 반도체전공정(475300)] 신호 없음 | Lv3 매수 KRW 24,150 -> 현재 KRW 26,435 (+9.46%) | 익절 +10.0% / 추매 -5.0%
2026-07-15 12:01:33,262 [INFO] >>> Processing 삼성전자우(005935)
2026-07-15 12:01:33,263 [INFO]   [삼성전자우(005935)] 신호 없음 | Lv4 매수 KRW 194,000 -> 현재 KRW 194,300 (+0.15%) | 익절 +10.0% / 추매 -5.0%
2026-07-15 12:01:33,263 [INFO] >>> Processing 삼성전자(005930)
2026-07-15 12:01:33,263 [INFO]   [삼성전자(005930)] 신호 없음 | Lv5 매수 KRW 279,250 -> 현재 KRW 279,500 (+0.09%) | 익절 +10.0% / 추매 -5.0%
2026-07-15 12:01:33,264 [INFO] >>> Processing 메리츠금융지주(138040)
2026-07-15 12:01:33,264 [INFO]   [메리츠금융지주(138040)] 신호 없음 | Lv1 매수 KRW 109,100 -> 현재 KRW 117,600 (+7.79%) | 익절 +10.0% / 추매 -5.0%
2026-07-15 12:01:33,264 [INFO] >>> Processing ACE 엔비디아밸류체인액티브(483320)
2026-07-15 12:01:33,265 [INFO] [ACE 엔비디아밸류체인액티브(483320)] 현금 부족: 보유 현금 KRW 99,796 < 매수 예정 금액 KRW 491,400 (18주) -> 매수 보류
2026-07-15 12:01:33,784 [INFO] >>> Processing 테스(095610)
2026-07-15 12:01:33,784 [INFO] [테스(095610)] 현금 부족: 보유 현금 KRW 99,796 < 현재가 KRW 214,500 (1주도 매수 불가) -> 매수 보류
2026-07-15 12:01:34,251 [INFO] >>> Processing ACE 테슬라밸류체인액티브(457480)
2026-07-15 12:01:34,251 [INFO]   [ACE 테슬라밸류체인액티브(457480)] 신호 없음 | Lv2 매수 KRW 21,575 -> 현재 KRW 20,950 (-2.90%) | 익절 +10.0% / 추매 -5.0%
2026-07-15 12:01:34,252 [INFO] >>> Processing TIGER 지주회사(307520)
2026-07-15 12:01:34,252 [INFO] [TIGER 지주회사(307520)] 현금 부족: 보유 현금 KRW 99,796 < 매수 예정 금액 KRW 480,930 (23주) -> 매수 보류
2026-07-15 12:01:34,712 [INFO] >>> Processing KODEX 증권(102970)
2026-07-15 12:01:34,712 [INFO]   [KODEX 증권(102970)] 신호 없음 | Lv3 매수 KRW 22,400 -> 현재 KRW 21,965 (-1.94%) | 익절 +10.0% / 추매 -5.0%
2026-07-15 12:01:34,712 [INFO] >>> Step 6: Persist
2026-07-15 14:01:25,653 [INFO] === Initializing MagicSplit Bot (domestic) ===
2026-07-15 14:01:25,653 [INFO] Loaded 23 stock rule(s) from config_domestic.json
2026-07-15 14:01:25,653 [INFO] [domestic] 11 rule(s), mode=LIVE
2026-07-15 14:01:25,654 [INFO] [KisBroker] 캐시에서 토큰 로드 (API 호출 생략)
2026-07-15 14:01:25,654 [INFO] [KisDomesticLiveBroker] Mode: LIVE TRADING
2026-07-15 14:01:25,654 [INFO] === Running domestic engine ===
2026-07-15 14:01:25,654 [INFO] >>> Step 1: Portfolio & Price Fetch
2026-07-15 14:01:26,854 [WARNING] [KisBroker] 초당 거래건수 초과(EGW00201/429) 감지 — 0.5s 대기 후 재시도 (1/3)
2026-07-15 14:01:28,217 [INFO] Fetching real-time prices from Broker...
2026-07-15 14:01:31,453 [INFO] Portfolio: Cash=KRW 99,796, Value=KRW 32,189,026
2026-07-15 14:01:31,453 [INFO] >>> Step 2: Load Positions
2026-07-15 14:01:31,453 [INFO] Loaded 26 position lot(s)
2026-07-15 14:01:31,454 [INFO] >>> Step 2.5: Reconcile OK (수량 일치)
2026-07-15 14:01:31,454 [INFO] >>> Processing KODEX 반도체레버리지(494310)
2026-07-15 14:01:31,455 [INFO] [KODEX 반도체레버리지(494310)] Lv1: trailing 고점 갱신 -> KRW 119,825 (스톱가 KRW 113,834)
2026-07-15 14:01:31,455 [INFO]   [KODEX 반도체레버리지(494310)] 신호 없음 | Lv1 매수 KRW 86,745 -> 현재 KRW 119,825 (+38.13%) | 익절 +10.0% / 추매 -5.0%
2026-07-15 14:01:31,455 [INFO] >>> Processing 삼성증권(016360)
2026-07-15 14:01:31,455 [INFO]   [삼성증권(016360)] 신호 없음 | Lv1 매수 KRW 110,400 -> 현재 KRW 112,400 (+1.81%) | 익절 +10.0% / 추매 -5.0%
2026-07-15 14:01:31,456 [INFO] >>> Processing SOL 반도체전공정(475300)
2026-07-15 14:01:31,456 [INFO]   [SOL 반도체전공정(475300)] 신호 없음 | Lv3 매수 KRW 24,150 -> 현재 KRW 26,455 (+9.54%) | 익절 +10.0% / 추매 -5.0%
2026-07-15 14:01:31,456 [INFO] >>> Processing ACE 테슬라밸류체인액티브(457480)
2026-07-15 14:01:31,456 [INFO]   [ACE 테슬라밸류체인액티브(457480)] 신호 없음 | Lv2 매수 KRW 21,575 -> 현재 KRW 21,040 (-2.48%) | 익절 +10.0% / 추매 -5.0%
2026-07-15 14:01:31,457 [INFO] >>> Processing 삼성전자우(005935)
2026-07-15 14:01:31,457 [INFO]   [삼성전자우(005935)] 신호 없음 | Lv4 매수 KRW 194,000 -> 현재 KRW 196,500 (+1.29%) | 익절 +10.0% / 추매 -5.0%
2026-07-15 14:01:31,457 [INFO] >>> Processing ACE 엔비디아밸류체인액티브(483320)
2026-07-15 14:01:31,458 [INFO] [ACE 엔비디아밸류체인액티브(483320)] 현금 부족: 보유 현금 KRW 99,796 < 매수 예정 금액 KRW 496,530 (18주) -> 매수 보류
2026-07-15 14:01:31,732 [INFO] >>> Processing 삼성전자(005930)
2026-07-15 14:01:31,732 [INFO]   [삼성전자(005930)] 신호 없음 | Lv5 매수 KRW 279,250 -> 현재 KRW 283,250 (+1.43%) | 익절 +10.0% / 추매 -5.0%
2026-07-15 14:01:31,732 [INFO] >>> Processing 메리츠금융지주(138040)
2026-07-15 14:01:31,733 [INFO]   [메리츠금융지주(138040)] 신호 없음 | Lv1 매수 KRW 109,100 -> 현재 KRW 116,750 (+7.01%) | 익절 +10.0% / 추매 -5.0%
2026-07-15 14:01:31,733 [INFO] >>> Processing 테스(095610)
2026-07-15 14:01:31,733 [INFO] [테스(095610)] 현금 부족: 보유 현금 KRW 99,796 < 현재가 KRW 214,500 (1주도 매수 불가) -> 매수 보류
2026-07-15 14:01:31,967 [INFO] >>> Processing KODEX 증권(102970)
2026-07-15 14:01:31,968 [INFO]   [KODEX 증권(102970)] 신호 없음 | Lv3 매수 KRW 22,400 -> 현재 KRW 22,060 (-1.52%) | 익절 +10.0% / 추매 -5.0%
2026-07-15 14:01:31,968 [INFO] >>> Processing TIGER 지주회사(307520)
2026-07-15 14:01:31,968 [INFO] [TIGER 지주회사(307520)] 현금 부족: 보유 현금 KRW 99,796 < 매수 예정 금액 KRW 479,435 (23주) -> 매수 보류
2026-07-15 14:01:32,256 [INFO] >>> Step 6: Persist
