2026-06-23 10:00:57,153 [INFO] === Initializing MagicSplit Bot (domestic) ===
2026-06-23 10:00:57,153 [INFO] Loaded 20 stock rule(s) from config_domestic.json
2026-06-23 10:00:57,153 [INFO] [domestic] 14 rule(s), mode=LIVE
2026-06-23 10:00:57,153 [INFO] [KisBroker] 새 토큰 발급 중...
2026-06-23 10:00:58,172 [INFO] [KisDomesticLiveBroker] Mode: LIVE TRADING
2026-06-23 10:00:58,172 [INFO] === Running domestic engine ===
2026-06-23 10:00:58,172 [INFO] >>> Step 1: Portfolio & Price Fetch
2026-06-23 10:00:58,825 [INFO] Fetching real-time prices from Broker...
2026-06-23 10:01:03,058 [INFO] Portfolio: Cash=KRW 442,230, Value=KRW 31,710,120
2026-06-23 10:01:03,058 [INFO] >>> Step 2: Load Positions
2026-06-23 10:01:03,058 [INFO] Loaded 31 position lot(s)
2026-06-23 10:01:03,059 [INFO] >>> Step 2.5: Reconcile OK (수량 일치)
2026-06-23 10:01:03,060 [INFO] >>> Processing TIGER 지주회사(307520)
2026-06-23 10:01:03,060 [INFO] [TIGER 지주회사(307520)] 현금 부족: 보유 현금 KRW 442,230 < 매수 예정 금액 KRW 484,700 (20주) -> 매수 보류
2026-06-23 10:01:03,364 [INFO] >>> Processing 원익IPS(240810)
2026-06-23 10:01:03,364 [INFO]   [원익IPS(240810)] 신호 없음 | Lv1 매수 KRW 154,000 -> 현재 KRW 161,800 (+5.06%) | 익절 +10.0% / 추매 -5.0%
2026-06-23 10:01:03,365 [INFO] >>> Processing KODEX 미국S&P500필수소비재(453630)
2026-06-23 10:01:03,365 [INFO]   [KODEX 미국S&P500필수소비재(453630)] 신호 없음 | Lv1 매수 KRW 13,600 -> 현재 KRW 13,350 (-1.84%) | 익절 +10.0% / 추매 -5.0%
2026-06-23 10:01:03,365 [INFO] >>> Processing 삼성전자(005930)
2026-06-23 10:01:03,366 [INFO]   [삼성전자(005930)] 신호 없음 | Lv1 매수 KRW 356,750 -> 현재 KRW 342,500 (-3.99%) | 익절 +10.0% / 추매 -5.0%
2026-06-23 10:01:03,366 [INFO] >>> Processing 테스(095610)
2026-06-23 10:01:03,366 [INFO]   [테스(095610)] 신호 없음 | Lv1 매수 KRW 169,200 -> 현재 KRW 173,500 (+2.54%) | 익절 +10.0% / 추매 -5.0%
2026-06-23 10:01:03,366 [INFO] >>> Processing KODEX 미국S&P500금융(453650)
2026-06-23 10:01:03,367 [INFO]   [KODEX 미국S&P500금융(453650)] 신호 없음 | Lv1 매수 KRW 18,975 -> 현재 KRW 20,245 (+6.69%) | 익절 +10.0% / 추매 -5.0%
2026-06-23 10:01:03,367 [INFO] >>> Processing ACE 엔비디아밸류체인액티브(483320)
2026-06-23 10:01:03,367 [INFO]   [ACE 엔비디아밸류체인액티브(483320)] 신호 없음 | Lv1 매수 KRW 29,460 -> 현재 KRW 32,745 (+11.15%) | 익절 +10.0% / 추매 -5.0%
2026-06-23 10:01:03,368 [INFO] >>> Processing SOL 미국양자컴퓨팅TOP10(0023A0)
2026-06-23 10:01:03,368 [INFO]   [SOL 미국양자컴퓨팅TOP10(0023A0)] 신호 없음 | Lv2 매수 KRW 33,355 -> 현재 KRW 36,610 (+9.76%) | 익절 +10.0% / 추매 -5.0%
2026-06-23 10:01:03,368 [INFO] >>> Processing SOL 반도체전공정(475300)
2026-06-23 10:01:03,369 [INFO]   [SOL 반도체전공정(475300)] 신호 없음 | Lv2 매수 KRW 25,885 -> 현재 KRW 26,620 (+2.84%) | 익절 +10.0% / 추매 -5.0%
2026-06-23 10:01:03,369 [INFO] >>> Processing 메리츠금융지주(138040)
2026-06-23 10:01:03,369 [INFO]   [메리츠금융지주(138040)] 신호 없음 | Lv1 매수 KRW 109,100 -> 현재 KRW 109,000 (-0.09%) | 익절 +10.0% / 추매 -5.0%
2026-06-23 10:01:03,370 [INFO] >>> Processing KoAct 글로벌AI메모리반도체액티브(0174B0)
2026-06-23 10:01:03,370 [INFO]   [KoAct 글로벌AI메모리반도체액티브(0174B0)] 신호 없음 | Lv1 매수 KRW 18,935 -> 현재 KRW 20,980 (+10.80%) | 익절 +10.0% / 추매 -5.0%
2026-06-23 10:01:03,370 [INFO] >>> Processing 삼성전자우(005935)
2026-06-23 10:01:03,370 [INFO]   [삼성전자우(005935)] 신호 없음 | Lv3 매수 KRW 224,500 -> 현재 KRW 220,000 (-2.00%) | 익절 +10.0% / 추매 -5.0%
2026-06-23 10:01:03,371 [INFO] >>> Processing ACE 테슬라밸류체인액티브(457480)
2026-06-23 10:01:03,371 [INFO]   [ACE 테슬라밸류체인액티브(457480)] 신호 없음 | Lv1 매수 KRW 23,625 -> 현재 KRW 24,210 (+2.48%) | 익절 +10.0% / 추매 -5.0%
2026-06-23 10:01:03,371 [INFO] >>> Processing KODEX 증권(102970)
2026-06-23 10:01:03,371 [INFO]   [KODEX 증권(102970)] 신호 없음 | Lv3 매수 KRW 22,400 -> 현재 KRW 22,610 (+0.94%) | 익절 +10.0% / 추매 -5.0%
2026-06-23 10:01:03,372 [INFO] >>> Step 6: Persist
2026-06-23 12:00:59,307 [INFO] === Initializing MagicSplit Bot (domestic) ===
2026-06-23 12:00:59,308 [INFO] Loaded 20 stock rule(s) from config_domestic.json
2026-06-23 12:00:59,308 [INFO] [domestic] 14 rule(s), mode=LIVE
2026-06-23 12:00:59,308 [INFO] [KisBroker] 캐시에서 토큰 로드 (API 호출 생략)
2026-06-23 12:00:59,308 [INFO] [KisDomesticLiveBroker] Mode: LIVE TRADING
2026-06-23 12:00:59,308 [INFO] === Running domestic engine ===
2026-06-23 12:00:59,308 [INFO] >>> Step 1: Portfolio & Price Fetch
2026-06-23 12:01:00,518 [INFO] Fetching real-time prices from Broker...
2026-06-23 12:01:04,792 [INFO] Portfolio: Cash=KRW 442,230, Value=KRW 30,954,990
2026-06-23 12:01:04,793 [INFO] >>> Step 2: Load Positions
2026-06-23 12:01:04,793 [INFO] Loaded 31 position lot(s)
2026-06-23 12:01:04,794 [INFO] >>> Step 2.5: Reconcile OK (수량 일치)
2026-06-23 12:01:04,795 [INFO] >>> Processing 메리츠금융지주(138040)
2026-06-23 12:01:04,795 [INFO]   [메리츠금융지주(138040)] 신호 없음 | Lv1 매수 KRW 109,100 -> 현재 KRW 106,800 (-2.11%) | 익절 +10.0% / 추매 -5.0%
2026-06-23 12:01:04,795 [INFO] >>> Processing TIGER 지주회사(307520)
2026-06-23 12:01:04,795 [INFO] [TIGER 지주회사(307520)] 현금 부족: 보유 현금 KRW 442,230 < 매수 예정 금액 KRW 491,925 (21주) -> 매수 보류
2026-06-23 12:01:05,062 [INFO] >>> Processing SOL 미국양자컴퓨팅TOP10(0023A0)
2026-06-23 12:01:05,062 [INFO]   [SOL 미국양자컴퓨팅TOP10(0023A0)] 신호 없음 | Lv2 매수 KRW 33,355 -> 현재 KRW 35,875 (+7.56%) | 익절 +10.0% / 추매 -5.0%
2026-06-23 12:01:05,062 [INFO] >>> Processing KODEX 미국S&P500필수소비재(453630)
2026-06-23 12:01:05,063 [INFO]   [KODEX 미국S&P500필수소비재(453630)] 신호 없음 | Lv1 매수 KRW 13,600 -> 현재 KRW 13,325 (-2.02%) | 익절 +10.0% / 추매 -5.0%
2026-06-23 12:01:05,063 [INFO] >>> Processing ACE 테슬라밸류체인액티브(457480)
2026-06-23 12:01:05,063 [INFO]   [ACE 테슬라밸류체인액티브(457480)] 신호 없음 | Lv1 매수 KRW 23,625 -> 현재 KRW 23,785 (+0.68%) | 익절 +10.0% / 추매 -5.0%
2026-06-23 12:01:05,063 [INFO] >>> Processing KODEX 증권(102970)
2026-06-23 12:01:05,064 [INFO]   [KODEX 증권(102970)] 신호 없음 | Lv3 매수 KRW 22,400 -> 현재 KRW 21,995 (-1.81%) | 익절 +10.0% / 추매 -5.0%
2026-06-23 12:01:05,064 [INFO] >>> Processing KoAct 글로벌AI메모리반도체액티브(0174B0)
2026-06-23 12:01:05,064 [INFO]   [KoAct 글로벌AI메모리반도체액티브(0174B0)] 신호 없음 | Lv1 매수 KRW 18,935 -> 현재 KRW 20,495 (+8.24%) | 익절 +10.0% / 추매 -5.0%
2026-06-23 12:01:05,065 [INFO] >>> Processing KODEX 미국S&P500금융(453650)
2026-06-23 12:01:05,065 [INFO]   [KODEX 미국S&P500금융(453650)] 신호 없음 | Lv1 매수 KRW 18,975 -> 현재 KRW 20,045 (+5.64%) | 익절 +10.0% / 추매 -5.0%
2026-06-23 12:01:05,065 [INFO] >>> Processing ACE 엔비디아밸류체인액티브(483320)
2026-06-23 12:01:05,066 [INFO]   [ACE 엔비디아밸류체인액티브(483320)] 신호 없음 | Lv1 매수 KRW 29,460 -> 현재 KRW 32,575 (+10.57%) | 익절 +10.0% / 추매 -5.0%
2026-06-23 12:01:05,066 [INFO] >>> Processing 원익IPS(240810)
2026-06-23 12:01:05,067 [INFO]   [원익IPS(240810)] 신호 없음 | Lv1 매수 KRW 154,000 -> 현재 KRW 160,400 (+4.16%) | 익절 +10.0% / 추매 -5.0%
2026-06-23 12:01:05,067 [INFO] >>> Processing SOL 반도체전공정(475300)
2026-06-23 12:01:05,067 [INFO]   [SOL 반도체전공정(475300)] 신호 없음 | Lv2 매수 KRW 25,885 -> 현재 KRW 26,205 (+1.24%) | 익절 +10.0% / 추매 -5.0%
2026-06-23 12:01:05,067 [INFO] >>> Processing 삼성전자(005930)
2026-06-23 12:01:05,068 [INFO] [삼성전자(005930)] Lv1 매수가 KRW 356,750 대비 -5.5% -> 추가 매수 Lv2 1주 @KRW 337,250
2026-06-23 12:01:05,068 [INFO] Executing 1 order(s)...
2026-06-23 12:01:05,696 [INFO] [KisBroker] Available Cash for BUY: 442,230
2026-06-23 12:01:07,113 [INFO] [KisDomestic] Order Sent: BUY 삼성전자(005930) 1 @ 337000 (ODNO=0024163900)
2026-06-23 12:01:07,524 [INFO] [KisDomestic] Order FILLED: 삼성전자(005930) ODNO=0024163900 price=336250.0 qty=1 fee=50.43749999999999
2026-06-23 12:01:07,725 [INFO] [Position] New lot: lot_20260623_120107_005930_002 Lv2 삼성전자(005930) 1주 @KRW 336,250
2026-06-23 12:01:11,366 [INFO] >>> Processing 삼성전자우(005935)
2026-06-23 12:01:11,367 [INFO]   [삼성전자우(005935)] 신호 없음 | Lv3 매수 KRW 224,500 -> 현재 KRW 213,750 (-4.79%) | 익절 +10.0% / 추매 -5.0%
2026-06-23 12:01:11,367 [INFO] >>> Processing 테스(095610)
2026-06-23 12:01:11,367 [INFO]   [테스(095610)] 신호 없음 | Lv1 매수 KRW 169,200 -> 현재 KRW 167,100 (-1.24%) | 익절 +10.0% / 추매 -5.0%
2026-06-23 12:01:11,367 [INFO] >>> Step 6: Persist
