2026-07-09 10:01:24,413 [INFO] === Initializing MagicSplit Bot (domestic) ===
2026-07-09 10:01:24,413 [INFO] Loaded 22 stock rule(s) from config_domestic.json
2026-07-09 10:01:24,413 [INFO] [domestic] 14 rule(s), mode=LIVE
2026-07-09 10:01:24,413 [INFO] [KisBroker] 캐시에서 토큰 로드 (API 호출 생략)
2026-07-09 10:01:24,413 [INFO] [KisDomesticLiveBroker] Mode: LIVE TRADING
2026-07-09 10:01:24,413 [INFO] === Running domestic engine ===
2026-07-09 10:01:24,413 [INFO] >>> Step 1: Portfolio & Price Fetch
2026-07-09 10:01:25,256 [INFO] Fetching real-time prices from Broker...
2026-07-09 10:01:28,601 [INFO] Portfolio: Cash=KRW 2,388,022, Value=KRW 30,097,077
2026-07-09 10:01:28,601 [INFO] >>> Step 2: Load Positions
2026-07-09 10:01:28,602 [INFO] Loaded 30 position lot(s)
2026-07-09 10:01:28,603 [INFO] >>> Step 2.1: Detected 1 newly enabled ticker(s)
2026-07-09 10:01:28,606 [INFO] >>> Step 2.5: Reconcile OK (수량 일치)
2026-07-09 10:01:28,607 [INFO] >>> Processing 삼성증권(016360)
2026-07-09 10:01:28,607 [INFO] [삼성증권(016360)] 보유 lot 없음 -> 초기 매수 Lv1 9주 @KRW 110,500
2026-07-09 10:01:28,607 [INFO] Executing 1 order(s)...
2026-07-09 10:01:28,980 [INFO] [KisBroker] Available Cash for BUY: 2,388,022
2026-07-09 10:01:30,050 [INFO] [KisDomestic] Order Sent: BUY 삼성증권(016360) 9 @ 110400 (ODNO=0008394600)
2026-07-09 10:01:30,346 [INFO] [KisDomestic] Order FILLED: 삼성증권(016360) ODNO=0008394600 price=110400.0 qty=9 fee=149.04
2026-07-09 10:01:30,547 [INFO] [Position] New lot: lot_20260709_100130_016360_001 Lv1 삼성증권(016360) 9주 @KRW 110,400
2026-07-09 10:01:34,056 [INFO] >>> Processing 삼성에스디에스(018260)
2026-07-09 10:01:34,056 [INFO] [삼성에스디에스(018260)] 보유 lot 없음 -> 초기 매수 Lv1 5주 @KRW 194,200
2026-07-09 10:01:34,056 [INFO] Executing 1 order(s)...
2026-07-09 10:01:34,422 [INFO] [KisBroker] Available Cash for BUY: 1,394,292
2026-07-09 10:01:35,489 [INFO] [KisDomestic] Order Sent: BUY 삼성에스디에스(018260) 5 @ 193900 (ODNO=0008401400)
2026-07-09 10:01:35,771 [INFO] [KisDomestic] Order FILLED: 삼성에스디에스(018260) ODNO=0008401400 price=193900.0 qty=5 fee=145.42499999999998
2026-07-09 10:01:35,972 [INFO] [Position] New lot: lot_20260709_100135_018260_001 Lv1 삼성에스디에스(018260) 5주 @KRW 193,900
2026-07-09 10:01:39,338 [INFO] >>> Processing SOL 미국양자컴퓨팅TOP10(0023A0)
2026-07-09 10:01:39,339 [INFO] [SOL 미국양자컴퓨팅TOP10(0023A0)] 현금 부족: 보유 현금 KRW 424,662 < 매수 예정 금액 KRW 478,480 (16주) -> 매수 보류
2026-07-09 10:01:39,810 [INFO] >>> Processing 삼성전자(005930)
2026-07-09 10:01:39,811 [INFO]   [삼성전자(005930)] 신호 없음 | Lv5 매수 KRW 279,250 -> 현재 KRW 286,500 (+2.60%) | 익절 +10.0% / 추매 -5.0%
2026-07-09 10:01:39,811 [INFO] >>> Processing 삼성전자우(005935)
2026-07-09 10:01:39,811 [INFO] [삼성전자우(005935)] Lv3 매수가 KRW 224,500 대비 -13.6% -> 추가 매수 Lv4 2주 @KRW 193,900
2026-07-09 10:01:39,812 [INFO] Executing 1 order(s)...
2026-07-09 10:01:40,176 [INFO] [KisBroker] Available Cash for BUY: 424,662
2026-07-09 10:01:41,244 [INFO] [KisDomestic] Order Sent: BUY 삼성전자우(005935) 2 @ 194000 (ODNO=0008406800)
2026-07-09 10:01:41,529 [INFO] [KisDomestic] Order FILLED: 삼성전자우(005935) ODNO=0008406800 price=194000.0 qty=2 fee=58.199999999999996
2026-07-09 10:01:41,730 [INFO] [삼성전자우(005935)] 동적 재매수 기준 초기화 (매도가 KRW 202,625 -> 소비됨)
2026-07-09 10:01:41,730 [INFO] [Position] New lot: lot_20260709_100141_005935_004 Lv4 삼성전자우(005935) 2주 @KRW 194,000
2026-07-09 10:01:45,101 [INFO] >>> Processing 테스(095610)
2026-07-09 10:01:45,101 [INFO] [테스(095610)] 현금 부족: 보유 현금 KRW 36,612 < 현재가 KRW 144,200 (1주도 매수 불가) -> 매수 보류
2026-07-09 10:01:45,575 [INFO] >>> Processing TIGER 지주회사(307520)
2026-07-09 10:01:45,575 [INFO] [TIGER 지주회사(307520)] 현금 부족: 보유 현금 KRW 36,612 < 매수 예정 금액 KRW 490,705 (23주) -> 매수 보류
2026-07-09 10:01:46,015 [INFO] >>> Processing ACE 테슬라밸류체인액티브(457480)
2026-07-09 10:01:46,015 [INFO]   [ACE 테슬라밸류체인액티브(457480)] 신호 없음 | Lv2 매수 KRW 21,575 -> 현재 KRW 21,350 (-1.04%) | 익절 +10.0% / 추매 -5.0%
2026-07-09 10:01:46,016 [INFO] >>> Processing KODEX 증권(102970)
2026-07-09 10:01:46,016 [INFO]   [KODEX 증권(102970)] 신호 없음 | Lv3 매수 KRW 22,400 -> 현재 KRW 21,425 (-4.35%) | 익절 +10.0% / 추매 -5.0%
2026-07-09 10:01:46,016 [INFO] >>> Processing 원익IPS(240810)
2026-07-09 10:01:46,017 [INFO] [원익IPS(240810)] 현금 부족: 보유 현금 KRW 36,612 < 현재가 KRW 107,200 (1주도 매수 불가) -> 매수 보류
2026-07-09 10:01:46,474 [INFO] >>> Processing 메리츠금융지주(138040)
2026-07-09 10:01:46,474 [INFO]   [메리츠금융지주(138040)] 신호 없음 | Lv2 매수 KRW 102,000 -> 현재 KRW 113,100 (+10.88%) | 익절 +10.0% / 추매 -5.0%
2026-07-09 10:01:46,475 [INFO] >>> Processing ACE 엔비디아밸류체인액티브(483320)
2026-07-09 10:01:46,475 [INFO] [ACE 엔비디아밸류체인액티브(483320)] 현금 부족: 보유 현금 KRW 36,612 < 매수 예정 금액 KRW 498,330 (18주) -> 매수 보류
2026-07-09 10:01:46,943 [INFO] >>> Processing SOL 반도체전공정(475300)
2026-07-09 10:01:46,944 [INFO] [SOL 반도체전공정(475300)] 현금 부족: 보유 현금 KRW 36,612 < 매수 예정 금액 KRW 481,140 (22주) -> 매수 보류
2026-07-09 10:01:47,392 [INFO] >>> Processing KoAct 글로벌AI메모리반도체액티브(0174B0)
2026-07-09 10:01:47,392 [INFO] [KoAct 글로벌AI메모리반도체액티브(0174B0)] 현금 부족: 보유 현금 KRW 36,612 < 매수 예정 금액 KRW 495,450 (30주) -> 매수 보류
2026-07-09 10:01:47,845 [INFO] >>> Step 6: Persist
