2026-05-20 14:54:21,663 [INFO] === Initializing MagicSplit Bot (domestic) ===
2026-05-20 14:54:21,663 [INFO] Loaded 13 stock rule(s) from config_domestic.json
2026-05-20 14:54:21,663 [INFO] [domestic] 12 rule(s), mode=LIVE
2026-05-20 14:54:21,663 [INFO] [KisBroker] 새 토큰 발급 중...
2026-05-20 14:54:22,633 [INFO] [KisDomesticLiveBroker] Mode: LIVE TRADING
2026-05-20 14:54:22,633 [INFO] === Running domestic engine ===
2026-05-20 14:54:22,633 [INFO] >>> Step 1: Portfolio & Price Fetch
2026-05-20 14:54:23,038 [INFO] Fetching real-time prices from Broker...
2026-05-20 14:54:26,186 [INFO] Portfolio: Cash=KRW 20,555,841, Value=KRW 31,650,066
2026-05-20 14:54:26,186 [INFO] >>> Step 2: Load Positions
2026-05-20 14:54:26,187 [INFO] Loaded 12 position lot(s)
2026-05-20 14:54:26,187 [INFO] >>> Step 2.5: Reconcile OK (수량 일치)
2026-05-20 14:54:26,187 [INFO] >>> Processing 삼성전자(005930)
2026-05-20 14:54:26,188 [INFO]   [삼성전자(005930)] 신호 없음 | Lv1 매수 KRW 274,000 -> 현재 KRW 273,000 (-0.36%) | 익절 +10.0% / 추매 -5.0%
2026-05-20 14:54:26,188 [INFO] >>> Processing ACE 엔비디아밸류체인액티브(483320)
2026-05-20 14:54:26,188 [INFO]   [ACE 엔비디아밸류체인액티브(483320)] 신호 없음 | Lv1 매수 KRW 25,290 -> 현재 KRW 25,240 (-0.20%) | 익절 +10.0% / 추매 -5.0%
2026-05-20 14:54:26,189 [INFO] >>> Processing 현대차(005380)
2026-05-20 14:54:26,189 [INFO] [현대차(005380)] buy_amount(KRW 500,000) < 현재가(KRW 590,000) -> 1주도 매수 불가. buy_amount 상향 조정 필요
2026-05-20 14:54:26,673 [INFO] >>> Processing 미래에셋증권(006800)
2026-05-20 14:54:26,673 [INFO] [미래에셋증권(006800)] Lv1 매수가 KRW 66,400 대비 -8.0% -> 추가 매수 Lv2 8주 @KRW 61,100
2026-05-20 14:54:26,673 [INFO] Executing 1 order(s)...
2026-05-20 14:54:27,216 [INFO] [KisBroker] Available Cash for BUY: 20,555,841
2026-05-20 14:54:28,445 [INFO] [KisDomestic] Order Sent: BUY 미래에셋증권(006800) 8 @ 61200 (ODNO=0031791900)
2026-05-20 14:54:28,783 [INFO] [KisDomestic] Order FILLED: 미래에셋증권(006800) ODNO=0031791900 price=61200.0 qty=8 fee=73.44
2026-05-20 14:54:28,984 [INFO] [Position] New lot: lot_20260520_145428_006800_002 Lv2 미래에셋증권(006800) 8주 @KRW 61,200
2026-05-20 14:54:32,535 [INFO] >>> Processing KODEX 증권(102970)
2026-05-20 14:54:32,535 [INFO]   [KODEX 증권(102970)] 신호 없음 | Lv1 매수 KRW 26,355 -> 현재 KRW 25,135 (-4.63%) | 익절 +10.0% / 추매 -5.0%
2026-05-20 14:54:32,536 [INFO] >>> Processing TIGER 지주회사(307520)
2026-05-20 14:54:32,536 [INFO]   [TIGER 지주회사(307520)] 신호 없음 | Lv1 매수 KRW 24,265 -> 현재 KRW 23,390 (-3.61%) | 익절 +10.0% / 추매 -5.0%
2026-05-20 14:54:32,536 [INFO] >>> Processing 메리츠금융지주(138040)
2026-05-20 14:54:32,536 [INFO]   [메리츠금융지주(138040)] 신호 없음 | Lv1 매수 KRW 109,100 -> 현재 KRW 107,800 (-1.19%) | 익절 +10.0% / 추매 -5.0%
2026-05-20 14:54:32,537 [INFO] >>> Processing KODEX 미국S&P500에너지(합성)(218420)
2026-05-20 14:54:32,537 [INFO]   [KODEX 미국S&P500에너지(합성)(218420)] 신호 없음 | Lv1 매수 KRW 21,155 -> 현재 KRW 21,385 (+1.09%) | 익절 +10.0% / 추매 -5.0%
2026-05-20 14:54:32,537 [INFO] >>> Processing KODEX 미국S&P500금융(453650)
2026-05-20 14:54:32,538 [INFO]   [KODEX 미국S&P500금융(453650)] 신호 없음 | Lv1 매수 KRW 18,975 -> 현재 KRW 18,780 (-1.03%) | 익절 +10.0% / 추매 -5.0%
2026-05-20 14:54:32,538 [INFO] >>> Processing KODEX 미국S&P500필수소비재(453630)
2026-05-20 14:54:32,538 [INFO]   [KODEX 미국S&P500필수소비재(453630)] 신호 없음 | Lv1 매수 KRW 13,600 -> 현재 KRW 13,625 (+0.18%) | 익절 +10.0% / 추매 -5.0%
2026-05-20 14:54:32,538 [INFO] >>> Processing ACE 테슬라밸류체인액티브(457480)
2026-05-20 14:54:32,539 [INFO]   [ACE 테슬라밸류체인액티브(457480)] 신호 없음 | Lv1 매수 KRW 23,625 -> 현재 KRW 23,430 (-0.83%) | 익절 +10.0% / 추매 -5.0%
2026-05-20 14:54:32,539 [INFO] >>> Processing SOL 반도체전공정(475300)
2026-05-20 14:54:32,539 [INFO]   [SOL 반도체전공정(475300)] 신호 없음 | Lv1 매수 KRW 22,475 -> 현재 KRW 21,945 (-2.36%) | 익절 +10.0% / 추매 -5.0%
2026-05-20 14:54:32,539 [INFO] >>> Step 6: Persist
