2026-05-21 14:57:48,215 [INFO] === Initializing MagicSplit Bot (domestic) ===
2026-05-21 14:57:48,215 [INFO] Loaded 13 stock rule(s) from config_domestic.json
2026-05-21 14:57:48,215 [INFO] [domestic] 12 rule(s), mode=LIVE
2026-05-21 14:57:48,216 [INFO] [KisBroker] 새 토큰 발급 중...
2026-05-21 14:57:49,151 [INFO] [KisDomesticLiveBroker] Mode: LIVE TRADING
2026-05-21 14:57:49,152 [INFO] === Running domestic engine ===
2026-05-21 14:57:49,152 [INFO] >>> Step 1: Portfolio & Price Fetch
2026-05-21 14:57:49,775 [INFO] Fetching real-time prices from Broker...
2026-05-21 14:57:53,279 [INFO] Portfolio: Cash=KRW 20,066,181, Value=KRW 32,252,516
2026-05-21 14:57:53,279 [INFO] >>> Step 2: Load Positions
2026-05-21 14:57:53,280 [INFO] Loaded 13 position lot(s)
2026-05-21 14:57:53,280 [INFO] >>> Step 2.5: Reconcile OK (수량 일치)
2026-05-21 14:57:53,280 [INFO] >>> Processing 삼성전자(005930)
2026-05-21 14:57:53,281 [INFO]   [삼성전자(005930)] 신호 없음 | Lv1 매수 KRW 274,000 -> 현재 KRW 299,000 (+9.12%) | 익절 +10.0% / 추매 -5.0%
2026-05-21 14:57:53,281 [INFO] >>> Processing ACE 엔비디아밸류체인액티브(483320)
2026-05-21 14:57:53,281 [INFO]   [ACE 엔비디아밸류체인액티브(483320)] 신호 없음 | Lv1 매수 KRW 25,290 -> 현재 KRW 26,450 (+4.59%) | 익절 +10.0% / 추매 -5.0%
2026-05-21 14:57:53,281 [INFO] >>> Processing 현대차(005380)
2026-05-21 14:57:53,282 [INFO] [현대차(005380)] Lv1: 트레일링 스톱 활성화 (매도조건 +10% 도달, 현재가 KRW 667,500, 스톱가 KRW 634,125, 하락허용 5.0%)
2026-05-21 14:57:53,617 [INFO] >>> Processing 미래에셋증권(006800)
2026-05-21 14:57:53,617 [INFO]   [미래에셋증권(006800)] 신호 없음 | Lv2 매수 KRW 61,200 -> 현재 KRW 66,700 (+8.99%) | 익절 +10.0% / 추매 -5.0%
2026-05-21 14:57:53,617 [INFO] >>> Processing KODEX 증권(102970)
2026-05-21 14:57:53,618 [INFO]   [KODEX 증권(102970)] 신호 없음 | Lv1 매수 KRW 26,355 -> 현재 KRW 27,400 (+3.97%) | 익절 +10.0% / 추매 -5.0%
2026-05-21 14:57:53,618 [INFO] >>> Processing TIGER 지주회사(307520)
2026-05-21 14:57:53,618 [INFO]   [TIGER 지주회사(307520)] 신호 없음 | Lv1 매수 KRW 24,265 -> 현재 KRW 25,365 (+4.53%) | 익절 +10.0% / 추매 -5.0%
2026-05-21 14:57:53,619 [INFO] >>> Processing 메리츠금융지주(138040)
2026-05-21 14:57:53,619 [INFO]   [메리츠금융지주(138040)] 신호 없음 | Lv1 매수 KRW 109,100 -> 현재 KRW 109,300 (+0.18%) | 익절 +10.0% / 추매 -5.0%
2026-05-21 14:57:53,619 [INFO] >>> Processing KODEX 미국S&P500에너지(합성)(218420)
2026-05-21 14:57:53,619 [INFO]   [KODEX 미국S&P500에너지(합성)(218420)] 신호 없음 | Lv1 매수 KRW 21,155 -> 현재 KRW 20,795 (-1.70%) | 익절 +10.0% / 추매 -5.0%
2026-05-21 14:57:53,620 [INFO] >>> Processing KODEX 미국S&P500금융(453650)
2026-05-21 14:57:53,620 [INFO]   [KODEX 미국S&P500금융(453650)] 신호 없음 | Lv1 매수 KRW 18,975 -> 현재 KRW 18,940 (-0.18%) | 익절 +10.0% / 추매 -5.0%
2026-05-21 14:57:53,620 [INFO] >>> Processing KODEX 미국S&P500필수소비재(453630)
2026-05-21 14:57:53,621 [INFO]   [KODEX 미국S&P500필수소비재(453630)] 신호 없음 | Lv1 매수 KRW 13,600 -> 현재 KRW 13,485 (-0.85%) | 익절 +10.0% / 추매 -5.0%
2026-05-21 14:57:53,621 [INFO] >>> Processing ACE 테슬라밸류체인액티브(457480)
2026-05-21 14:57:53,621 [INFO]   [ACE 테슬라밸류체인액티브(457480)] 신호 없음 | Lv1 매수 KRW 23,625 -> 현재 KRW 24,365 (+3.13%) | 익절 +10.0% / 추매 -5.0%
2026-05-21 14:57:53,621 [INFO] >>> Processing SOL 반도체전공정(475300)
2026-05-21 14:57:53,622 [INFO]   [SOL 반도체전공정(475300)] 신호 없음 | Lv1 매수 KRW 22,475 -> 현재 KRW 23,835 (+6.05%) | 익절 +10.0% / 추매 -5.0%
2026-05-21 14:57:53,622 [INFO] >>> Step 6: Persist
