2026-06-17 10:01:02,476 [INFO] === Initializing MagicSplit Bot (domestic) ===
2026-06-17 10:01:02,476 [INFO] Loaded 18 stock rule(s) from config_domestic.json
2026-06-17 10:01:02,477 [INFO] [domestic] 17 rule(s), mode=LIVE
2026-06-17 10:01:02,477 [INFO] [KisBroker] 새 토큰 발급 중...
2026-06-17 10:01:03,346 [INFO] [KisDomesticLiveBroker] Mode: LIVE TRADING
2026-06-17 10:01:03,347 [INFO] === Running domestic engine ===
2026-06-17 10:01:03,347 [INFO] >>> Step 1: Portfolio & Price Fetch
2026-06-17 10:01:03,901 [INFO] Fetching real-time prices from Broker...
2026-06-17 10:01:09,064 [INFO] Portfolio: Cash=KRW 828,101, Value=KRW 30,066,371
2026-06-17 10:01:09,064 [INFO] >>> Step 2: Load Positions
2026-06-17 10:01:09,064 [INFO] Loaded 27 position lot(s)
2026-06-17 10:01:09,065 [INFO] >>> Step 2.5: Reconcile OK (수량 일치)
2026-06-17 10:01:09,066 [INFO] >>> Processing SOL 미국양자컴퓨팅TOP10(0023A0)
2026-06-17 10:01:09,066 [INFO]   [SOL 미국양자컴퓨팅TOP10(0023A0)] 신호 없음 | Lv2 매수 KRW 33,355 -> 현재 KRW 34,150 (+2.38%) | 익절 +10.0% / 추매 -5.0%
2026-06-17 10:01:09,066 [INFO] >>> Processing KODEX 증권(102970)
2026-06-17 10:01:09,067 [INFO]   [KODEX 증권(102970)] 신호 없음 | Lv2 매수 KRW 22,765 -> 현재 KRW 24,610 (+8.10%) | 익절 +10.0% / 추매 -5.0%
2026-06-17 10:01:09,067 [INFO] >>> Processing ACE 테슬라밸류체인액티브(457480)
2026-06-17 10:01:09,067 [INFO]   [ACE 테슬라밸류체인액티브(457480)] 신호 없음 | Lv1 매수 KRW 23,625 -> 현재 KRW 24,070 (+1.88%) | 익절 +10.0% / 추매 -5.0%
2026-06-17 10:01:09,068 [INFO] >>> Processing SOL 반도체전공정(475300)
2026-06-17 10:01:09,068 [INFO]   [SOL 반도체전공정(475300)] 신호 없음 | Lv1 매수 KRW 28,365 -> 현재 KRW 28,215 (-0.53%) | 익절 +10.0% / 추매 -5.0%
2026-06-17 10:01:09,068 [INFO] >>> Processing ACE 엔비디아밸류체인액티브(483320)
2026-06-17 10:01:09,069 [INFO]   [ACE 엔비디아밸류체인액티브(483320)] 신호 없음 | Lv1 매수 KRW 29,460 -> 현재 KRW 30,095 (+2.16%) | 익절 +10.0% / 추매 -5.0%
2026-06-17 10:01:09,069 [INFO] >>> Processing 테스(095610)
2026-06-17 10:01:09,069 [INFO] [테스(095610)] 현금 부족: 보유 현금 KRW 828,101 < 매수 예정 금액 KRW 867,000 (5주) -> 매수 보류
2026-06-17 10:01:09,699 [INFO] >>> Processing 미래에셋증권(006800)
2026-06-17 10:01:09,699 [INFO]   [미래에셋증권(006800)] 신호 없음 | Lv4 매수 KRW 51,000 -> 현재 KRW 50,500 (-0.98%) | 익절 +10.0% / 추매 -5.0%
2026-06-17 10:01:09,699 [INFO] >>> Processing KODEX 미국S&P500필수소비재(453630)
2026-06-17 10:01:09,699 [INFO]   [KODEX 미국S&P500필수소비재(453630)] 신호 없음 | Lv1 매수 KRW 13,600 -> 현재 KRW 13,615 (+0.11%) | 익절 +10.0% / 추매 -5.0%
2026-06-17 10:01:09,700 [INFO] >>> Processing TIGER 지주회사(307520)
2026-06-17 10:01:09,700 [INFO]   [TIGER 지주회사(307520)] 신호 없음 | Lv2 매수 KRW 23,050 -> 현재 KRW 25,375 (+10.09%) | 익절 +10.0% / 추매 -5.0%
2026-06-17 10:01:09,700 [INFO] >>> Processing 메리츠금융지주(138040)
2026-06-17 10:01:09,701 [INFO]   [메리츠금융지주(138040)] 신호 없음 | Lv2 매수 KRW 102,300 -> 현재 KRW 115,200 (+12.61%) | 익절 +10.0% / 추매 -5.0%
2026-06-17 10:01:09,701 [INFO] >>> Processing 삼성전자(005930)
2026-06-17 10:01:09,701 [INFO]   [삼성전자(005930)] 신호 없음 | Lv1 매수 KRW 303,000 -> 현재 KRW 333,500 (+10.07%) | 익절 +10.0% / 추매 -5.0%
2026-06-17 10:01:09,701 [INFO] >>> Processing NAVER(035420)
2026-06-17 10:01:09,702 [INFO] [NAVER(035420)] trailing 벌크 매도 발동: Lv1~Lv1 4주 (+5.7%)
2026-06-17 10:01:09,702 [INFO] Executing 1 order(s)...
2026-06-17 10:01:09,702 [INFO] [KisBroker] Processing 1 SELL orders...
2026-06-17 10:01:10,650 [INFO] [KisDomestic] Order Sent: SELL NAVER(035420) 4 @ 239500 (ODNO=0013787300)
2026-06-17 10:01:10,967 [INFO] [KisDomestic] Order FILLED: NAVER(035420) ODNO=0013787300 price=239500.0 qty=4 fee=143.7
2026-06-17 10:01:11,168 [INFO] [Position] Trailing 벌크 청산: NAVER(035420) 4주 소진 (잔여 0주), 실현손익 KRW 51,856
2026-06-17 10:01:14,703 [INFO] >>> Processing HANARO 글로벌금채굴기업(473640)
2026-06-17 10:01:14,703 [INFO]   [HANARO 글로벌금채굴기업(473640)] 신호 없음 | Lv2 매수 KRW 31,955 -> 현재 KRW 34,160 (+6.90%) | 익절 +10.0% / 추매 -5.0%
2026-06-17 10:01:14,703 [INFO] >>> Processing KODEX 미국S&P500에너지(합성)(218420)
2026-06-17 10:01:14,704 [INFO]   [KODEX 미국S&P500에너지(합성)(218420)] 신호 없음 | Lv2 매수 KRW 19,905 -> 현재 KRW 19,315 (-2.96%) | 익절 +10.0% / 추매 -5.0%
2026-06-17 10:01:14,704 [INFO] >>> Processing 현대차(005380)
2026-06-17 10:01:14,704 [INFO] [현대차(005380)] trailing 벌크 매도 발동: Lv3~Lv3 1주 (+4.3%)
2026-06-17 10:01:14,704 [INFO] Executing 1 order(s)...
2026-06-17 10:01:14,704 [INFO] [KisBroker] Processing 1 SELL orders...
2026-06-17 10:01:15,625 [INFO] [KisDomestic] Order Sent: SELL 현대차(005380) 1 @ 616000 (ODNO=0013794200)
2026-06-17 10:01:15,932 [INFO] [KisDomestic] Order FILLED: 현대차(005380) ODNO=0013794200 price=616500.0 qty=1 fee=92.475
2026-06-17 10:01:16,133 [INFO] [Position] Trailing 벌크 청산: 현대차(005380) 1주 소진 (잔여 3주), 실현손익 KRW 25,408
2026-06-17 10:01:19,538 [INFO] >>> Processing KoAct 글로벌AI메모리반도체액티브(0174B0)
2026-06-17 10:01:19,538 [INFO]   [KoAct 글로벌AI메모리반도체액티브(0174B0)] 신호 없음 | Lv1 매수 KRW 18,935 -> 현재 KRW 19,160 (+1.19%) | 익절 +10.0% / 추매 -5.0%
2026-06-17 10:01:19,538 [INFO] >>> Processing KODEX 미국S&P500금융(453650)
2026-06-17 10:01:19,539 [INFO]   [KODEX 미국S&P500금융(453650)] 신호 없음 | Lv1 매수 KRW 18,975 -> 현재 KRW 20,025 (+5.53%) | 익절 +10.0% / 추매 -5.0%
2026-06-17 10:01:19,539 [INFO] >>> Step 6: Persist
