2026-06-25 10:01:03,440 [INFO] === Initializing MagicSplit Bot (domestic) ===
2026-06-25 10:01:03,440 [INFO] Loaded 20 stock rule(s) from config_domestic.json
2026-06-25 10:01:03,440 [INFO] [domestic] 14 rule(s), mode=LIVE
2026-06-25 10:01:03,441 [INFO] [KisBroker] 새 토큰 발급 중...
2026-06-25 10:01:04,360 [INFO] [KisDomesticLiveBroker] Mode: LIVE TRADING
2026-06-25 10:01:04,360 [INFO] === Running domestic engine ===
2026-06-25 10:01:04,360 [INFO] >>> Step 1: Portfolio & Price Fetch
2026-06-25 10:01:04,900 [INFO] Fetching real-time prices from Broker...
2026-06-25 10:01:09,542 [INFO] Portfolio: Cash=KRW 357,546, Value=KRW 31,017,596
2026-06-25 10:01:09,542 [INFO] >>> Step 2: Load Positions
2026-06-25 10:01:09,542 [INFO] Loaded 35 position lot(s)
2026-06-25 10:01:09,544 [ERROR] >>> Step 2.5: 수량 불일치 4건 감지 — 해당 종목 매매 중단
[현대차(005380)] Qty Mismatch: broker=0, positions=2 (lots=1, levels=[1])
[삼성전자(005930)] Qty Mismatch: broker=15, positions=4 (lots=3, levels=[1, 2, 3])
[미래에셋증권(006800)] Qty Mismatch: broker=0, positions=49 (lots=5, levels=[1, 2, 3, 4, 5])
[NAVER(035420)] Qty Mismatch: broker=0, positions=6 (lots=2, levels=[1, 2])
실행 권장: scripts/reconcile_positions.py
2026-06-25 10:01:10,036 [WARNING] [삼성전자(005930)] 수량 불일치로 매매 중단. scripts/reconcile_positions.py 로 보정 후 재실행.
2026-06-25 10:01:10,037 [INFO] >>> Processing KODEX 미국S&P500금융(453650)
2026-06-25 10:01:10,037 [INFO]   [KODEX 미국S&P500금융(453650)] 신호 없음 | Lv1 매수 KRW 18,975 -> 현재 KRW 20,450 (+7.77%) | 익절 +10.0% / 추매 -5.0%
2026-06-25 10:01:10,037 [INFO] >>> Processing 삼성전자우(005935)
2026-06-25 10:01:10,037 [INFO]   [삼성전자우(005935)] 신호 없음 | Lv4 매수 KRW 210,000 -> 현재 KRW 229,000 (+9.05%) | 익절 +10.0% / 추매 -5.0%
2026-06-25 10:01:10,038 [INFO] >>> Processing ACE 엔비디아밸류체인액티브(483320)
2026-06-25 10:01:10,038 [INFO] [ACE 엔비디아밸류체인액티브(483320)] 현금 부족: 보유 현금 KRW 357,546 < 매수 예정 금액 KRW 991,690 (31주) -> 매수 보류
2026-06-25 10:01:10,501 [INFO] >>> Processing ACE 테슬라밸류체인액티브(457480)
2026-06-25 10:01:10,502 [INFO]   [ACE 테슬라밸류체인액티브(457480)] 신호 없음 | Lv1 매수 KRW 23,625 -> 현재 KRW 23,280 (-1.46%) | 익절 +10.0% / 추매 -5.0%
2026-06-25 10:01:10,502 [INFO] >>> Processing KODEX 미국S&P500필수소비재(453630)
2026-06-25 10:01:10,502 [INFO]   [KODEX 미국S&P500필수소비재(453630)] 신호 없음 | Lv1 매수 KRW 13,600 -> 현재 KRW 13,900 (+2.21%) | 익절 +10.0% / 추매 -5.0%
2026-06-25 10:01:10,502 [INFO] >>> Processing 메리츠금융지주(138040)
2026-06-25 10:01:10,503 [INFO]   [메리츠금융지주(138040)] 신호 없음 | Lv2 매수 KRW 102,000 -> 현재 KRW 102,700 (+0.69%) | 익절 +10.0% / 추매 -5.0%
2026-06-25 10:01:10,503 [INFO] >>> Processing 원익IPS(240810)
2026-06-25 10:01:10,504 [INFO]   [원익IPS(240810)] 신호 없음 | Lv1 매수 KRW 154,000 -> 현재 KRW 149,900 (-2.66%) | 익절 +10.0% / 추매 -5.0%
2026-06-25 10:01:10,504 [INFO] >>> Processing TIGER 지주회사(307520)
2026-06-25 10:01:10,504 [INFO]   [TIGER 지주회사(307520)] 신호 없음 | Lv2 매수 KRW 23,055 -> 현재 KRW 24,050 (+4.32%) | 익절 +10.0% / 추매 -5.0%
2026-06-25 10:01:10,505 [INFO] >>> Processing SOL 미국양자컴퓨팅TOP10(0023A0)
2026-06-25 10:01:10,505 [INFO]   [SOL 미국양자컴퓨팅TOP10(0023A0)] 신호 없음 | Lv2 매수 KRW 33,355 -> 현재 KRW 34,280 (+2.77%) | 익절 +10.0% / 추매 -5.0%
2026-06-25 10:01:10,505 [INFO] >>> Processing 테스(095610)
2026-06-25 10:01:10,505 [INFO]   [테스(095610)] 신호 없음 | Lv2 매수 KRW 157,400 -> 현재 KRW 170,700 (+8.45%) | 익절 +10.0% / 추매 -5.0%
2026-06-25 10:01:10,506 [INFO] >>> Processing SOL 반도체전공정(475300)
2026-06-25 10:01:10,506 [INFO]   [SOL 반도체전공정(475300)] 신호 없음 | Lv2 매수 KRW 25,885 -> 현재 KRW 25,120 (-2.96%) | 익절 +10.0% / 추매 -5.0%
2026-06-25 10:01:10,506 [INFO] >>> Processing KODEX 증권(102970)
2026-06-25 10:01:10,507 [INFO]   [KODEX 증권(102970)] 신호 없음 | Lv3 매수 KRW 22,400 -> 현재 KRW 22,275 (-0.56%) | 익절 +10.0% / 추매 -5.0%
2026-06-25 10:01:10,507 [INFO] >>> Processing KoAct 글로벌AI메모리반도체액티브(0174B0)
2026-06-25 10:01:10,507 [INFO] [KoAct 글로벌AI메모리반도체액티브(0174B0)] 현금 부족: 보유 현금 KRW 357,546 < 매수 예정 금액 KRW 987,120 (48주) -> 매수 보류
2026-06-25 10:01:10,977 [INFO] >>> Step 6: Persist
