2026-06-30 00:01:12,635 [INFO] === Initializing MagicSplit Bot (overseas) ===
2026-06-30 00:01:12,635 [INFO] Loaded 21 stock rule(s) from config_overseas.json
2026-06-30 00:01:12,635 [INFO] [overseas] 15 rule(s), mode=LIVE
2026-06-30 00:01:12,635 [INFO] [KisBroker] 캐시에서 토큰 로드 (API 호출 생략)
2026-06-30 00:01:12,635 [INFO] [KisOverseasLiveBroker] Mode: LIVE TRADING
2026-06-30 00:01:12,635 [INFO] === Running overseas engine ===
2026-06-30 00:01:12,635 [INFO] >>> Step 1: Portfolio & Price Fetch
2026-06-30 00:01:14,602 [INFO] Fetching real-time prices from Broker...
2026-06-30 00:01:19,680 [INFO] Portfolio: Cash=USD 108.11, Value=USD 12,483.72
2026-06-30 00:01:19,680 [INFO] >>> Step 2: Load Positions
2026-06-30 00:01:19,680 [INFO] Loaded 27 position lot(s)
2026-06-30 00:01:19,681 [INFO] >>> Step 2.5: Reconcile OK (수량 일치)
2026-06-30 00:01:19,682 [INFO] >>> Processing SCHWAB US DIVIDEND EQUITY(SCHD)
2026-06-30 00:01:19,682 [INFO]   [SCHWAB US DIVIDEND EQUITY(SCHD)] 신호 없음 | Lv1 매수 USD 31.74 -> 현재 USD 31.95 (+0.66%) | 익절 +10.0% / 추매 -5.0%
2026-06-30 00:01:19,682 [INFO] >>> Processing 듀크 에너지(DUK)
2026-06-30 00:01:19,683 [INFO]   [듀크 에너지(DUK)] 신호 없음 | Lv1 매수 USD 124.92 -> 현재 USD 127.88 (+2.37%) | 익절 +10.0% / 추매 -5.0%
2026-06-30 00:01:19,683 [INFO] >>> Processing 테슬라(TSLA)
2026-06-30 00:01:19,683 [INFO]   [테슬라(TSLA)] 신호 없음 | Lv4 매수 USD 389.00 -> 현재 USD 397.28 (+2.13%) | 익절 +10.0% / 추매 -5.0%
2026-06-30 00:01:19,683 [INFO] >>> Processing 알파벳 A(GOOGL)
2026-06-30 00:01:19,684 [INFO]   [알파벳 A(GOOGL)] 신호 없음 | Lv3 매수 USD 345.13 -> 현재 USD 350.56 (+1.57%) | 익절 +10.0% / 추매 -5.0%
2026-06-30 00:01:19,684 [INFO] >>> Processing 펩시코(PEP)
2026-06-30 00:01:19,684 [INFO]   [펩시코(PEP)] 신호 없음 | Lv2 매수 USD 142.33 -> 현재 USD 139.56 (-1.94%) | 익절 +10.0% / 추매 -5.0%
2026-06-30 00:01:19,685 [INFO] >>> Processing 브로드컴(AVGO)
2026-06-30 00:01:19,685 [INFO]   [브로드컴(AVGO)] 신호 없음 | Lv1 매수 USD 382.60 -> 현재 USD 370.21 (-3.24%) | 익절 +10.0% / 추매 -5.0%
2026-06-30 00:01:19,685 [INFO] >>> Processing ISHARES GLOBAL CLEAN ENERGY(ICLN)
2026-06-30 00:01:19,686 [INFO]   [ISHARES GLOBAL CLEAN ENERGY(ICLN)] 신호 없음 | Lv3 매수 USD 19.75 -> 현재 USD 19.56 (-0.96%) | 익절 +10.0% / 추매 -5.0%
2026-06-30 00:01:19,686 [INFO] >>> Processing 리얼티 인컴(O)
2026-06-30 00:01:19,686 [INFO]   [리얼티 인컴(O)] 신호 없음 | Lv1 매수 USD 62.37 -> 현재 USD 62.38 (+0.02%) | 익절 +10.0% / 추매 -5.0%
2026-06-30 00:01:19,687 [INFO] >>> Processing 코닝(GLW)
2026-06-30 00:01:19,687 [INFO] [코닝(GLW)] 현금 부족: 보유 현금 USD 108.11 < 현재가 USD 233.30 (1주도 매수 불가) -> 매수 보류
2026-06-30 00:01:20,504 [INFO] >>> Processing 델 테크놀로지스(DELL)
2026-06-30 00:01:20,505 [INFO]   [델 테크놀로지스(DELL)] 신호 없음 | Lv2 매수 USD 409.90 -> 현재 USD 395.75 (-3.45%) | 익절 +10.0% / 추매 -5.0%
2026-06-30 00:01:20,505 [INFO] >>> Processing 루멘텀 홀딩스(LITE)
2026-06-30 00:01:20,505 [INFO] [루멘텀 홀딩스(LITE)] buy_amount(USD 500.00) < 현재가(USD 795.00) -> 1주도 매수 불가. buy_amount 상향 조정 필요
2026-06-30 00:01:20,980 [INFO] >>> Processing ARK INNOVATION(ARKK)
2026-06-30 00:01:20,980 [INFO]   [ARK INNOVATION(ARKK)] 신호 없음 | Lv2 매수 USD 75.28 -> 현재 USD 79.71 (+5.88%) | 익절 +10.0% / 추매 -5.0%
2026-06-30 00:01:20,981 [INFO] >>> Processing 애플(AAPL)
2026-06-30 00:01:20,981 [INFO]   [애플(AAPL)] 신호 없음 | Lv1 매수 USD 291.90 -> 현재 USD 282.01 (-3.39%) | 익절 +10.0% / 추매 -5.0%
2026-06-30 00:01:20,981 [INFO] >>> Processing 에이알엠 홀딩스(ADR)(ARM)
2026-06-30 00:01:20,982 [INFO]   [에이알엠 홀딩스(ADR)(ARM)] 신호 없음 | Lv4 매수 USD 333.12 -> 현재 USD 326.82 (-1.89%) | 익절 +10.0% / 추매 -5.0%
2026-06-30 00:01:20,982 [INFO] >>> Processing 프록터 앤드 갬블(PG)
2026-06-30 00:01:20,982 [INFO]   [프록터 앤드 갬블(PG)] 신호 없음 | Lv1 매수 USD 142.81 -> 현재 USD 147.71 (+3.43%) | 익절 +10.0% / 추매 -5.0%
2026-06-30 00:01:20,982 [INFO] >>> Step 6: Persist
