2026-05-21 02:47:08,823 [INFO] === Initializing MagicSplit Bot (overseas) ===
2026-05-21 02:47:08,823 [INFO] Loaded 14 stock rule(s) from config_overseas.json
2026-05-21 02:47:08,823 [INFO] [overseas] 12 rule(s), mode=LIVE
2026-05-21 02:47:08,823 [INFO] [KisBroker] 캐시에서 토큰 로드 (API 호출 생략)
2026-05-21 02:47:08,824 [INFO] [KisOverseasLiveBroker] Mode: LIVE TRADING
2026-05-21 02:47:08,824 [INFO] === Running overseas engine ===
2026-05-21 02:47:08,824 [INFO] >>> Step 1: Portfolio & Price Fetch
2026-05-21 02:47:11,010 [INFO] Fetching real-time prices from Broker...
2026-05-21 02:47:15,491 [INFO] Portfolio: Cash=USD 218.50, Value=USD 7,370.77
2026-05-21 02:47:15,491 [INFO] >>> Step 2: Load Positions
2026-05-21 02:47:15,491 [INFO] Loaded 16 position lot(s)
2026-05-21 02:47:15,492 [INFO] >>> Step 2.5: Reconcile OK (수량 일치)
2026-05-21 02:47:15,492 [INFO] >>> Processing 애플(AAPL)
2026-05-21 02:47:15,492 [INFO]   [애플(AAPL)] 신호 없음 | Lv1 매수 USD 291.90 -> 현재 USD 301.37 (+3.24%) | 익절 +10.0% / 추매 -5.0%
2026-05-21 02:47:15,493 [INFO] >>> Processing 리얼티 인컴(O)
2026-05-21 02:47:15,493 [INFO]   [리얼티 인컴(O)] 신호 없음 | Lv1 매수 USD 62.37 -> 현재 USD 62.01 (-0.59%) | 익절 +10.0% / 추매 -5.0%
2026-05-21 02:47:15,493 [INFO] >>> Processing 프록터 앤드 갬블(PG)
2026-05-21 02:47:15,494 [INFO]   [프록터 앤드 갬블(PG)] 신호 없음 | Lv1 매수 USD 142.81 -> 현재 USD 142.98 (+0.12%) | 익절 +10.0% / 추매 -5.0%
2026-05-21 02:47:15,494 [INFO] >>> Processing 펩시코(PEP)
2026-05-21 02:47:15,494 [INFO]   [펩시코(PEP)] 신호 없음 | Lv1 매수 USD 150.05 -> 현재 USD 149.46 (-0.39%) | 익절 +10.0% / 추매 -5.0%
2026-05-21 02:47:15,494 [INFO] >>> Processing 듀크 에너지(DUK)
2026-05-21 02:47:15,495 [INFO]   [듀크 에너지(DUK)] 신호 없음 | Lv1 매수 USD 124.92 -> 현재 USD 124.56 (-0.29%) | 익절 +10.0% / 추매 -5.0%
2026-05-21 02:47:15,495 [INFO] >>> Processing ARK INNOVATION(ARKK)
2026-05-21 02:47:15,495 [INFO]   [ARK INNOVATION(ARKK)] 신호 없음 | Lv2 매수 USD 75.28 -> 현재 USD 75.78 (+0.67%) | 익절 +10.0% / 추매 -5.0%
2026-05-21 02:47:15,495 [INFO] >>> Processing SCHWAB US DIVIDEND EQUITY(SCHD)
2026-05-21 02:47:15,496 [INFO]   [SCHWAB US DIVIDEND EQUITY(SCHD)] 신호 없음 | Lv1 매수 USD 31.74 -> 현재 USD 32.09 (+1.12%) | 익절 +10.0% / 추매 -5.0%
2026-05-21 02:47:15,496 [INFO] >>> Processing ISHARES GLOBAL CLEAN ENERGY(ICLN)
2026-05-21 02:47:15,496 [INFO]   [ISHARES GLOBAL CLEAN ENERGY(ICLN)] 신호 없음 | Lv1 매수 USD 22.01 -> 현재 USD 21.53 (-2.18%) | 익절 +10.0% / 추매 -5.0%
2026-05-21 02:47:15,496 [INFO] >>> Processing 알파벳 A(GOOGL)
2026-05-21 02:47:15,497 [INFO]   [알파벳 A(GOOGL)] 신호 없음 | Lv1 매수 USD 393.85 -> 현재 USD 384.81 (-2.30%) | 익절 +10.0% / 추매 -5.0%
2026-05-21 02:47:15,497 [INFO] >>> Processing 브로드컴(AVGO)
2026-05-21 02:47:15,497 [INFO]   [브로드컴(AVGO)] 신호 없음 | Lv1 매수 USD 429.80 -> 현재 USD 417.72 (-2.81%) | 익절 +10.0% / 추매 -5.0%
2026-05-21 02:47:15,498 [INFO] >>> Processing 테슬라(TSLA)
2026-05-21 02:47:15,498 [INFO]   [테슬라(TSLA)] 신호 없음 | Lv3 매수 USD 409.90 -> 현재 USD 414.14 (+1.03%) | 익절 +10.0% / 추매 -5.0%
2026-05-21 02:47:15,498 [INFO] >>> Processing 코닝(GLW)
2026-05-21 02:47:15,498 [INFO]   [코닝(GLW)] 신호 없음 | Lv2 매수 USD 177.85 -> 현재 USD 178.31 (+0.26%) | 익절 +10.0% / 추매 -5.0%
2026-05-21 02:47:15,498 [INFO] >>> Step 6: Persist
