2026-07-03 00:01:13,291 [INFO] === Initializing MagicSplit Bot (overseas) ===
2026-07-03 00:01:13,292 [INFO] Loaded 21 stock rule(s) from config_overseas.json
2026-07-03 00:01:13,292 [INFO] [overseas] 15 rule(s), mode=LIVE
2026-07-03 00:01:13,292 [INFO] [KisBroker] 캐시에서 토큰 로드 (API 호출 생략)
2026-07-03 00:01:13,292 [INFO] [KisOverseasLiveBroker] Mode: LIVE TRADING
2026-07-03 00:01:13,292 [INFO] === Running overseas engine ===
2026-07-03 00:01:13,292 [INFO] >>> Step 1: Portfolio & Price Fetch
2026-07-03 00:01:15,454 [INFO] Fetching real-time prices from Broker...
2026-07-03 00:01:21,118 [INFO] Portfolio: Cash=USD 119.92, Value=USD 12,635.82
2026-07-03 00:01:21,118 [INFO] >>> Step 2: Load Positions
2026-07-03 00:01:21,119 [INFO] Loaded 27 position lot(s)
2026-07-03 00:01:21,120 [INFO] >>> Step 2.5: Reconcile OK (수량 일치)
2026-07-03 00:01:21,120 [INFO] >>> Processing 브로드컴(AVGO)
2026-07-03 00:01:21,120 [INFO]   [브로드컴(AVGO)] 신호 없음 | Lv1 매수 USD 382.60 -> 현재 USD 368.08 (-3.79%) | 익절 +10.0% / 추매 -5.0%
2026-07-03 00:01:21,121 [INFO] >>> Processing SCHWAB US DIVIDEND EQUITY(SCHD)
2026-07-03 00:01:21,121 [INFO]   [SCHWAB US DIVIDEND EQUITY(SCHD)] 신호 없음 | Lv1 매수 USD 31.74 -> 현재 USD 32.23 (+1.56%) | 익절 +10.0% / 추매 -5.0%
2026-07-03 00:01:21,121 [INFO] >>> Processing ISHARES GLOBAL CLEAN ENERGY(ICLN)
2026-07-03 00:01:21,122 [INFO]   [ISHARES GLOBAL CLEAN ENERGY(ICLN)] 신호 없음 | Lv3 매수 USD 19.75 -> 현재 USD 19.93 (+0.91%) | 익절 +10.0% / 추매 -5.0%
2026-07-03 00:01:21,122 [INFO] >>> Processing 코닝(GLW)
2026-07-03 00:01:21,122 [INFO] [코닝(GLW)] 현금 부족: 보유 현금 USD 119.92 < 현재가 USD 207.68 (1주도 매수 불가) -> 매수 보류
2026-07-03 00:01:21,525 [INFO] >>> Processing 알파벳 A(GOOGL)
2026-07-03 00:01:21,525 [INFO]   [알파벳 A(GOOGL)] 신호 없음 | Lv3 매수 USD 345.13 -> 현재 USD 360.48 (+4.45%) | 익절 +10.0% / 추매 -5.0%
2026-07-03 00:01:21,525 [INFO] >>> Processing 듀크 에너지(DUK)
2026-07-03 00:01:21,526 [INFO]   [듀크 에너지(DUK)] 신호 없음 | Lv1 매수 USD 124.92 -> 현재 USD 127.25 (+1.87%) | 익절 +10.0% / 추매 -5.0%
2026-07-03 00:01:21,526 [INFO] >>> Processing 프록터 앤드 갬블(PG)
2026-07-03 00:01:21,526 [INFO]   [프록터 앤드 갬블(PG)] 신호 없음 | Lv1 매수 USD 142.81 -> 현재 USD 149.78 (+4.88%) | 익절 +10.0% / 추매 -5.0%
2026-07-03 00:01:21,527 [INFO] >>> Processing 리얼티 인컴(O)
2026-07-03 00:01:21,527 [INFO]   [리얼티 인컴(O)] 신호 없음 | Lv1 매수 USD 62.37 -> 현재 USD 63.23 (+1.37%) | 익절 +10.0% / 추매 -5.0%
2026-07-03 00:01:21,527 [INFO] >>> Processing 에이알엠 홀딩스(ADR)(ARM)
2026-07-03 00:01:21,527 [INFO]   [에이알엠 홀딩스(ADR)(ARM)] 신호 없음 | Lv4 매수 USD 333.12 -> 현재 USD 328.71 (-1.32%) | 익절 +10.0% / 추매 -5.0%
2026-07-03 00:01:21,528 [INFO] >>> Processing 펩시코(PEP)
2026-07-03 00:01:21,528 [INFO]   [펩시코(PEP)] 신호 없음 | Lv2 매수 USD 142.33 -> 현재 USD 143.86 (+1.07%) | 익절 +10.0% / 추매 -5.0%
2026-07-03 00:01:21,528 [INFO] >>> Processing 테슬라(TSLA)
2026-07-03 00:01:21,528 [INFO]   [테슬라(TSLA)] 신호 없음 | Lv4 매수 USD 389.00 -> 현재 USD 397.67 (+2.23%) | 익절 +10.0% / 추매 -5.0%
2026-07-03 00:01:21,529 [INFO] >>> Processing 델 테크놀로지스(DELL)
2026-07-03 00:01:21,529 [INFO]   [델 테크놀로지스(DELL)] 신호 없음 | Lv2 매수 USD 409.90 -> 현재 USD 402.73 (-1.75%) | 익절 +10.0% / 추매 -5.0%
2026-07-03 00:01:21,529 [INFO] >>> Processing ARK INNOVATION(ARKK)
2026-07-03 00:01:21,530 [INFO]   [ARK INNOVATION(ARKK)] 신호 없음 | Lv2 매수 USD 75.28 -> 현재 USD 82.15 (+9.13%) | 익절 +10.0% / 추매 -5.0%
2026-07-03 00:01:21,530 [INFO] >>> Processing 루멘텀 홀딩스(LITE)
2026-07-03 00:01:21,530 [INFO] [루멘텀 홀딩스(LITE)] buy_amount(USD 500.00) < 현재가(USD 756.74) -> 1주도 매수 불가. buy_amount 상향 조정 필요
2026-07-03 00:01:21,831 [INFO] >>> Processing 애플(AAPL)
2026-07-03 00:01:21,831 [INFO]   [애플(AAPL)] 신호 없음 | Lv1 매수 USD 291.90 -> 현재 USD 307.37 (+5.30%) | 익절 +10.0% / 추매 -5.0%
2026-07-03 00:01:21,831 [INFO] >>> Step 6: Persist
2026-07-03 02:01:15,332 [INFO] === Initializing MagicSplit Bot (overseas) ===
2026-07-03 02:01:15,333 [INFO] Loaded 21 stock rule(s) from config_overseas.json
2026-07-03 02:01:15,333 [INFO] [overseas] 15 rule(s), mode=LIVE
2026-07-03 02:01:15,333 [INFO] [KisBroker] 캐시에서 토큰 로드 (API 호출 생략)
2026-07-03 02:01:15,333 [INFO] [KisOverseasLiveBroker] Mode: LIVE TRADING
2026-07-03 02:01:15,333 [INFO] === Running overseas engine ===
2026-07-03 02:01:15,333 [INFO] >>> Step 1: Portfolio & Price Fetch
2026-07-03 02:01:17,643 [INFO] Fetching real-time prices from Broker...
2026-07-03 02:01:23,723 [INFO] Portfolio: Cash=USD 119.92, Value=USD 12,393.26
2026-07-03 02:01:23,723 [INFO] >>> Step 2: Load Positions
2026-07-03 02:01:23,723 [INFO] Loaded 27 position lot(s)
2026-07-03 02:01:23,724 [INFO] >>> Step 2.5: Reconcile OK (수량 일치)
2026-07-03 02:01:23,725 [INFO] >>> Processing 알파벳 A(GOOGL)
2026-07-03 02:01:23,725 [INFO]   [알파벳 A(GOOGL)] 신호 없음 | Lv3 매수 USD 345.13 -> 현재 USD 353.82 (+2.52%) | 익절 +10.0% / 추매 -5.0%
2026-07-03 02:01:23,725 [INFO] >>> Processing 브로드컴(AVGO)
2026-07-03 02:01:23,726 [INFO] [브로드컴(AVGO)] 현금 부족: 보유 현금 USD 119.92 < 현재가 USD 358.20 (1주도 매수 불가) -> 매수 보류
2026-07-03 02:01:24,095 [INFO] >>> Processing 애플(AAPL)
2026-07-03 02:01:24,095 [INFO]   [애플(AAPL)] 신호 없음 | Lv1 매수 USD 291.90 -> 현재 USD 307.85 (+5.46%) | 익절 +10.0% / 추매 -5.0%
2026-07-03 02:01:24,096 [INFO] >>> Processing 듀크 에너지(DUK)
2026-07-03 02:01:24,096 [INFO]   [듀크 에너지(DUK)] 신호 없음 | Lv1 매수 USD 124.92 -> 현재 USD 128.10 (+2.55%) | 익절 +10.0% / 추매 -5.0%
2026-07-03 02:01:24,096 [INFO] >>> Processing 테슬라(TSLA)
2026-07-03 02:01:24,097 [INFO]   [테슬라(TSLA)] 신호 없음 | Lv4 매수 USD 389.00 -> 현재 USD 390.23 (+0.32%) | 익절 +10.0% / 추매 -5.0%
2026-07-03 02:01:24,097 [INFO] >>> Processing ARK INNOVATION(ARKK)
2026-07-03 02:01:24,097 [INFO]   [ARK INNOVATION(ARKK)] 신호 없음 | Lv2 매수 USD 75.28 -> 현재 USD 80.70 (+7.20%) | 익절 +10.0% / 추매 -5.0%
2026-07-03 02:01:24,098 [INFO] >>> Processing 델 테크놀로지스(DELL)
2026-07-03 02:01:24,098 [INFO]   [델 테크놀로지스(DELL)] 신호 없음 | Lv2 매수 USD 409.90 -> 현재 USD 391.85 (-4.40%) | 익절 +10.0% / 추매 -5.0%
2026-07-03 02:01:24,098 [INFO] >>> Processing 루멘텀 홀딩스(LITE)
2026-07-03 02:01:24,098 [INFO] [루멘텀 홀딩스(LITE)] buy_amount(USD 500.00) < 현재가(USD 726.65) -> 1주도 매수 불가. buy_amount 상향 조정 필요
2026-07-03 02:01:24,367 [INFO] >>> Processing SCHWAB US DIVIDEND EQUITY(SCHD)
2026-07-03 02:01:24,367 [INFO]   [SCHWAB US DIVIDEND EQUITY(SCHD)] 신호 없음 | Lv1 매수 USD 31.74 -> 현재 USD 32.18 (+1.38%) | 익절 +10.0% / 추매 -5.0%
2026-07-03 02:01:24,368 [INFO] >>> Processing 코닝(GLW)
2026-07-03 02:01:24,368 [INFO] [코닝(GLW)] 현금 부족: 보유 현금 USD 119.92 < 현재가 USD 195.80 (1주도 매수 불가) -> 매수 보류
2026-07-03 02:01:24,609 [INFO] >>> Processing 펩시코(PEP)
2026-07-03 02:01:24,609 [INFO]   [펩시코(PEP)] 신호 없음 | Lv2 매수 USD 142.33 -> 현재 USD 144.00 (+1.17%) | 익절 +10.0% / 추매 -5.0%
2026-07-03 02:01:24,609 [INFO] >>> Processing 프록터 앤드 갬블(PG)
2026-07-03 02:01:24,610 [INFO]   [프록터 앤드 갬블(PG)] 신호 없음 | Lv1 매수 USD 142.81 -> 현재 USD 151.18 (+5.86%) | 익절 +10.0% / 추매 -5.0%
2026-07-03 02:01:24,610 [INFO] >>> Processing 에이알엠 홀딩스(ADR)(ARM)
2026-07-03 02:01:24,610 [INFO] [에이알엠 홀딩스(ADR)(ARM)] 현금 부족: 보유 현금 USD 119.92 < 현재가 USD 314.47 (1주도 매수 불가) -> 매수 보류
2026-07-03 02:01:24,843 [INFO] >>> Processing ISHARES GLOBAL CLEAN ENERGY(ICLN)
2026-07-03 02:01:24,844 [INFO]   [ISHARES GLOBAL CLEAN ENERGY(ICLN)] 신호 없음 | Lv3 매수 USD 19.75 -> 현재 USD 19.48 (-1.34%) | 익절 +10.0% / 추매 -5.0%
2026-07-03 02:01:24,844 [INFO] >>> Processing 리얼티 인컴(O)
2026-07-03 02:01:24,844 [INFO]   [리얼티 인컴(O)] 신호 없음 | Lv1 매수 USD 62.37 -> 현재 USD 63.40 (+1.65%) | 익절 +10.0% / 추매 -5.0%
2026-07-03 02:01:24,844 [INFO] >>> Step 6: Persist
2026-07-03 04:01:20,395 [INFO] === Initializing MagicSplit Bot (overseas) ===
2026-07-03 04:01:20,396 [INFO] Loaded 21 stock rule(s) from config_overseas.json
2026-07-03 04:01:20,396 [INFO] [overseas] 15 rule(s), mode=LIVE
2026-07-03 04:01:20,396 [INFO] [KisBroker] 캐시에서 토큰 로드 (API 호출 생략)
2026-07-03 04:01:20,396 [INFO] [KisOverseasLiveBroker] Mode: LIVE TRADING
2026-07-03 04:01:20,396 [INFO] === Running overseas engine ===
2026-07-03 04:01:20,396 [INFO] >>> Step 1: Portfolio & Price Fetch
2026-07-03 04:01:23,196 [INFO] Fetching real-time prices from Broker...
2026-07-03 04:01:28,759 [INFO] Portfolio: Cash=USD 119.92, Value=USD 12,406.39
2026-07-03 04:01:28,759 [INFO] >>> Step 2: Load Positions
2026-07-03 04:01:28,760 [INFO] Loaded 27 position lot(s)
2026-07-03 04:01:28,760 [INFO] >>> Step 2.5: Reconcile OK (수량 일치)
2026-07-03 04:01:28,761 [INFO] >>> Processing 루멘텀 홀딩스(LITE)
2026-07-03 04:01:28,761 [INFO] [루멘텀 홀딩스(LITE)] buy_amount(USD 500.00) < 현재가(USD 720.21) -> 1주도 매수 불가. buy_amount 상향 조정 필요
2026-07-03 04:01:29,089 [INFO] >>> Processing 알파벳 A(GOOGL)
2026-07-03 04:01:29,090 [INFO]   [알파벳 A(GOOGL)] 신호 없음 | Lv3 매수 USD 345.13 -> 현재 USD 358.45 (+3.86%) | 익절 +10.0% / 추매 -5.0%
2026-07-03 04:01:29,090 [INFO] >>> Processing 애플(AAPL)
2026-07-03 04:01:29,090 [INFO]   [애플(AAPL)] 신호 없음 | Lv1 매수 USD 291.90 -> 현재 USD 307.95 (+5.50%) | 익절 +10.0% / 추매 -5.0%
2026-07-03 04:01:29,091 [INFO] >>> Processing 테슬라(TSLA)
2026-07-03 04:01:29,091 [INFO]   [테슬라(TSLA)] 신호 없음 | Lv4 매수 USD 389.00 -> 현재 USD 391.38 (+0.61%) | 익절 +10.0% / 추매 -5.0%
2026-07-03 04:01:29,091 [INFO] >>> Processing 리얼티 인컴(O)
2026-07-03 04:01:29,091 [INFO]   [리얼티 인컴(O)] 신호 없음 | Lv1 매수 USD 62.37 -> 현재 USD 63.60 (+1.98%) | 익절 +10.0% / 추매 -5.0%
2026-07-03 04:01:29,092 [INFO] >>> Processing SCHWAB US DIVIDEND EQUITY(SCHD)
2026-07-03 04:01:29,092 [INFO]   [SCHWAB US DIVIDEND EQUITY(SCHD)] 신호 없음 | Lv1 매수 USD 31.74 -> 현재 USD 32.19 (+1.40%) | 익절 +10.0% / 추매 -5.0%
2026-07-03 04:01:29,092 [INFO] >>> Processing 프록터 앤드 갬블(PG)
2026-07-03 04:01:29,093 [INFO]   [프록터 앤드 갬블(PG)] 신호 없음 | Lv1 매수 USD 142.81 -> 현재 USD 151.13 (+5.83%) | 익절 +10.0% / 추매 -5.0%
2026-07-03 04:01:29,093 [INFO] >>> Processing 델 테크놀로지스(DELL)
2026-07-03 04:01:29,093 [INFO]   [델 테크놀로지스(DELL)] 신호 없음 | Lv2 매수 USD 409.90 -> 현재 USD 390.76 (-4.67%) | 익절 +10.0% / 추매 -5.0%
2026-07-03 04:01:29,093 [INFO] >>> Processing 코닝(GLW)
2026-07-03 04:01:29,094 [INFO] [코닝(GLW)] 현금 부족: 보유 현금 USD 119.92 < 현재가 USD 195.72 (1주도 매수 불가) -> 매수 보류
2026-07-03 04:01:29,387 [INFO] >>> Processing 펩시코(PEP)
2026-07-03 04:01:29,387 [INFO]   [펩시코(PEP)] 신호 없음 | Lv2 매수 USD 142.33 -> 현재 USD 144.00 (+1.17%) | 익절 +10.0% / 추매 -5.0%
2026-07-03 04:01:29,388 [INFO] >>> Processing ISHARES GLOBAL CLEAN ENERGY(ICLN)
2026-07-03 04:01:29,388 [INFO]   [ISHARES GLOBAL CLEAN ENERGY(ICLN)] 신호 없음 | Lv3 매수 USD 19.75 -> 현재 USD 19.55 (-0.99%) | 익절 +10.0% / 추매 -5.0%
2026-07-03 04:01:29,388 [INFO] >>> Processing 브로드컴(AVGO)
2026-07-03 04:01:29,388 [INFO] [브로드컴(AVGO)] 현금 부족: 보유 현금 USD 119.92 < 현재가 USD 358.58 (1주도 매수 불가) -> 매수 보류
2026-07-03 04:01:29,716 [INFO] >>> Processing 듀크 에너지(DUK)
2026-07-03 04:01:29,716 [INFO]   [듀크 에너지(DUK)] 신호 없음 | Lv1 매수 USD 124.92 -> 현재 USD 128.54 (+2.90%) | 익절 +10.0% / 추매 -5.0%
2026-07-03 04:01:29,717 [INFO] >>> Processing ARK INNOVATION(ARKK)
2026-07-03 04:01:29,717 [INFO]   [ARK INNOVATION(ARKK)] 신호 없음 | Lv2 매수 USD 75.28 -> 현재 USD 81.08 (+7.70%) | 익절 +10.0% / 추매 -5.0%
2026-07-03 04:01:29,717 [INFO] >>> Processing 에이알엠 홀딩스(ADR)(ARM)
2026-07-03 04:01:29,717 [INFO] [에이알엠 홀딩스(ADR)(ARM)] 현금 부족: 보유 현금 USD 119.92 < 현재가 USD 312.61 (1주도 매수 불가) -> 매수 보류
2026-07-03 04:01:30,030 [INFO] >>> Step 6: Persist
