2026-07-14 00:01:30,311 [INFO] === Initializing MagicSplit Bot (overseas) ===
2026-07-14 00:01:30,311 [INFO] Loaded 22 stock rule(s) from config_overseas.json
2026-07-14 00:01:30,311 [INFO] [overseas] 11 rule(s), mode=LIVE
2026-07-14 00:01:30,311 [INFO] [KisBroker] 캐시에서 토큰 로드 (API 호출 생략)
2026-07-14 00:01:30,311 [INFO] [KisOverseasLiveBroker] Mode: LIVE TRADING
2026-07-14 00:01:30,312 [INFO] === Running overseas engine ===
2026-07-14 00:01:30,312 [INFO] >>> Step 1: Portfolio & Price Fetch
2026-07-14 00:01:32,876 [INFO] Fetching real-time prices from Broker...
2026-07-14 00:01:36,575 [INFO] Portfolio: Cash=USD 5,497.06, Value=USD 19,011.79
2026-07-14 00:01:36,576 [INFO] >>> Step 2: Load Positions
2026-07-14 00:01:36,576 [INFO] Loaded 24 position lot(s)
2026-07-14 00:01:36,577 [INFO] >>> Step 2.5: Reconcile OK (수량 일치)
2026-07-14 00:01:36,577 [INFO] >>> Processing ARK INNOVATION(ARKK)
2026-07-14 00:01:36,578 [INFO]   [ARK INNOVATION(ARKK)] 신호 없음 | Lv1 매수 USD 79.92 -> 현재 USD 79.46 (-0.58%) | 익절 +10.0% / 추매 -5.0%
2026-07-14 00:01:36,578 [INFO] >>> Processing SCHWAB US DIVIDEND EQUITY(SCHD)
2026-07-14 00:01:36,578 [INFO]   [SCHWAB US DIVIDEND EQUITY(SCHD)] 신호 없음 | Lv1 매수 USD 31.74 -> 현재 USD 32.55 (+2.57%) | 익절 +10.0% / 추매 -5.0%
2026-07-14 00:01:36,578 [INFO] >>> Processing 애플(AAPL)
2026-07-14 00:01:36,579 [INFO]   [애플(AAPL)] 신호 없음 | Lv1 매수 USD 291.90 -> 현재 USD 318.97 (+9.27%) | 익절 +10.0% / 추매 -5.0%
2026-07-14 00:01:36,579 [INFO] >>> Processing ISHARES GLOBAL CLEAN ENERGY(ICLN)
2026-07-14 00:01:36,579 [INFO]   [ISHARES GLOBAL CLEAN ENERGY(ICLN)] 신호 없음 | Lv3 매수 USD 19.75 -> 현재 USD 18.89 (-4.35%) | 익절 +10.0% / 추매 -5.0%
2026-07-14 00:01:36,580 [INFO] >>> Processing 델 테크놀로지스(DELL)
2026-07-14 00:01:36,580 [INFO]   [델 테크놀로지스(DELL)] 신호 없음 | Lv2 매수 USD 409.90 -> 현재 USD 433.55 (+5.77%) | 익절 +10.0% / 추매 -5.0%
2026-07-14 00:01:36,580 [INFO] >>> Processing 브로드컴(AVGO)
2026-07-14 00:01:36,580 [INFO]   [브로드컴(AVGO)] 신호 없음 | Lv2 매수 USD 363.20 -> 현재 USD 392.20 (+7.98%) | 익절 +10.0% / 추매 -5.0%
2026-07-14 00:01:36,581 [INFO] >>> Processing 알파벳 A(GOOGL)
2026-07-14 00:01:36,581 [INFO]   [알파벳 A(GOOGL)] 신호 없음 | Lv3 매수 USD 345.13 -> 현재 USD 355.73 (+3.07%) | 익절 +10.0% / 추매 -5.0%
2026-07-14 00:01:36,581 [INFO] >>> Processing 펩시코(PEP)
2026-07-14 00:01:36,581 [INFO]   [펩시코(PEP)] 신호 없음 | Lv2 매수 USD 142.33 -> 현재 USD 139.04 (-2.31%) | 익절 +10.0% / 추매 -5.0%
2026-07-14 00:01:36,582 [INFO] >>> Processing 카메코(CCJ)
2026-07-14 00:01:36,582 [INFO]   [카메코(CCJ)] 신호 없음 | Lv1 매수 USD 94.06 -> 현재 USD 92.84 (-1.30%) | 익절 +10.0% / 추매 -5.0%
2026-07-14 00:01:36,582 [INFO] >>> Processing 루멘텀 홀딩스(LITE)
2026-07-14 00:01:36,584 [INFO] [루멘텀 홀딩스(LITE)] buy_amount(USD 500.00) < 현재가(USD 799.96) -> 1주도 매수 불가. buy_amount 상향 조정 필요
2026-07-14 00:01:37,097 [INFO] >>> Processing 테슬라(TSLA)
2026-07-14 00:01:37,097 [INFO]   [테슬라(TSLA)] 신호 없음 | Lv4 매수 USD 389.00 -> 현재 USD 398.17 (+2.36%) | 익절 +10.0% / 추매 -5.0%
2026-07-14 00:01:37,097 [INFO] >>> Step 6: Persist
