2026-05-22 02:25:11,951 [INFO] === Initializing MagicSplit Bot (overseas) ===
2026-05-22 02:25:11,951 [INFO] Loaded 14 stock rule(s) from config_overseas.json
2026-05-22 02:25:11,951 [INFO] [overseas] 12 rule(s), mode=LIVE
2026-05-22 02:25:11,951 [INFO] [KisBroker] 캐시에서 토큰 로드 (API 호출 생략)
2026-05-22 02:25:11,951 [INFO] [KisOverseasLiveBroker] Mode: LIVE TRADING
2026-05-22 02:25:11,951 [INFO] === Running overseas engine ===
2026-05-22 02:25:11,951 [INFO] >>> Step 1: Portfolio & Price Fetch
2026-05-22 02:25:13,826 [INFO] Fetching real-time prices from Broker...
2026-05-22 02:25:17,934 [INFO] Portfolio: Cash=USD 218.50, Value=USD 7,489.48
2026-05-22 02:25:17,934 [INFO] >>> Step 2: Load Positions
2026-05-22 02:25:17,934 [INFO] Loaded 16 position lot(s)
2026-05-22 02:25:17,935 [INFO] >>> Step 2.5: Reconcile OK (수량 일치)
2026-05-22 02:25:17,935 [INFO] >>> Processing 애플(AAPL)
2026-05-22 02:25:17,936 [INFO]   [애플(AAPL)] 신호 없음 | Lv1 매수 USD 291.90 -> 현재 USD 304.43 (+4.29%) | 익절 +10.0% / 추매 -5.0%
2026-05-22 02:25:17,936 [INFO] >>> Processing 리얼티 인컴(O)
2026-05-22 02:25:17,936 [INFO]   [리얼티 인컴(O)] 신호 없음 | Lv1 매수 USD 62.37 -> 현재 USD 62.05 (-0.52%) | 익절 +10.0% / 추매 -5.0%
2026-05-22 02:25:17,936 [INFO] >>> Processing 프록터 앤드 갬블(PG)
2026-05-22 02:25:17,937 [INFO]   [프록터 앤드 갬블(PG)] 신호 없음 | Lv1 매수 USD 142.81 -> 현재 USD 143.00 (+0.13%) | 익절 +10.0% / 추매 -5.0%
2026-05-22 02:25:17,937 [INFO] >>> Processing 펩시코(PEP)
2026-05-22 02:25:17,937 [INFO]   [펩시코(PEP)] 신호 없음 | Lv1 매수 USD 150.05 -> 현재 USD 148.35 (-1.13%) | 익절 +10.0% / 추매 -5.0%
2026-05-22 02:25:17,937 [INFO] >>> Processing 듀크 에너지(DUK)
2026-05-22 02:25:17,938 [INFO]   [듀크 에너지(DUK)] 신호 없음 | Lv1 매수 USD 124.92 -> 현재 USD 124.41 (-0.41%) | 익절 +10.0% / 추매 -5.0%
2026-05-22 02:25:17,938 [INFO] >>> Processing ARK INNOVATION(ARKK)
2026-05-22 02:25:17,938 [INFO]   [ARK INNOVATION(ARKK)] 신호 없음 | Lv2 매수 USD 75.28 -> 현재 USD 76.34 (+1.41%) | 익절 +10.0% / 추매 -5.0%
2026-05-22 02:25:17,938 [INFO] >>> Processing SCHWAB US DIVIDEND EQUITY(SCHD)
2026-05-22 02:25:17,939 [INFO]   [SCHWAB US DIVIDEND EQUITY(SCHD)] 신호 없음 | Lv1 매수 USD 31.74 -> 현재 USD 32.15 (+1.31%) | 익절 +10.0% / 추매 -5.0%
2026-05-22 02:25:17,939 [INFO] >>> Processing ISHARES GLOBAL CLEAN ENERGY(ICLN)
2026-05-22 02:25:17,939 [INFO]   [ISHARES GLOBAL CLEAN ENERGY(ICLN)] 신호 없음 | Lv1 매수 USD 22.01 -> 현재 USD 22.29 (+1.27%) | 익절 +10.0% / 추매 -5.0%
2026-05-22 02:25:17,939 [INFO] >>> Processing 알파벳 A(GOOGL)
2026-05-22 02:25:17,940 [INFO]   [알파벳 A(GOOGL)] 신호 없음 | Lv1 매수 USD 393.85 -> 현재 USD 389.98 (-0.98%) | 익절 +10.0% / 추매 -5.0%
2026-05-22 02:25:17,940 [INFO] >>> Processing 브로드컴(AVGO)
2026-05-22 02:25:17,940 [INFO]   [브로드컴(AVGO)] 신호 없음 | Lv1 매수 USD 429.80 -> 현재 USD 413.94 (-3.69%) | 익절 +10.0% / 추매 -5.0%
2026-05-22 02:25:17,940 [INFO] >>> Processing 테슬라(TSLA)
2026-05-22 02:25:17,941 [INFO]   [테슬라(TSLA)] 신호 없음 | Lv3 매수 USD 409.90 -> 현재 USD 421.50 (+2.83%) | 익절 +10.0% / 추매 -5.0%
2026-05-22 02:25:17,941 [INFO] >>> Processing 코닝(GLW)
2026-05-22 02:25:17,941 [INFO]   [코닝(GLW)] 신호 없음 | Lv2 매수 USD 177.85 -> 현재 USD 190.22 (+6.96%) | 익절 +10.0% / 추매 -5.0%
2026-05-22 02:25:17,941 [INFO] >>> Step 6: Persist
