2026-06-25 00:01:01,821 [INFO] === Initializing MagicSplit Bot (overseas) ===
2026-06-25 00:01:01,821 [INFO] Loaded 21 stock rule(s) from config_overseas.json
2026-06-25 00:01:01,821 [INFO] [overseas] 15 rule(s), mode=LIVE
2026-06-25 00:01:01,821 [INFO] [KisBroker] 캐시에서 토큰 로드 (API 호출 생략)
2026-06-25 00:01:01,821 [INFO] [KisOverseasLiveBroker] Mode: LIVE TRADING
2026-06-25 00:01:01,821 [INFO] === Running overseas engine ===
2026-06-25 00:01:01,822 [INFO] >>> Step 1: Portfolio & Price Fetch
2026-06-25 00:01:04,197 [INFO] Fetching real-time prices from Broker...
2026-06-25 00:01:10,027 [INFO] Portfolio: Cash=USD 73.61, Value=USD 12,868.29
2026-06-25 00:01:10,027 [INFO] >>> Step 2: Load Positions
2026-06-25 00:01:10,028 [INFO] Loaded 26 position lot(s)
2026-06-25 00:01:10,029 [INFO] >>> Step 2.5: Reconcile OK (수량 일치)
2026-06-25 00:01:10,029 [INFO] >>> Processing 알파벳 A(GOOGL)
2026-06-25 00:01:10,029 [INFO]   [알파벳 A(GOOGL)] 신호 없음 | Lv3 매수 USD 345.13 -> 현재 USD 353.00 (+2.28%) | 익절 +10.0% / 추매 -5.0%
2026-06-25 00:01:10,030 [INFO] >>> Processing 에이알엠 홀딩스(ADR)(ARM)
2026-06-25 00:01:10,030 [INFO]   [에이알엠 홀딩스(ADR)(ARM)] 신호 없음 | Lv3 매수 USD 369.91 -> 현재 USD 360.23 (-2.62%) | 익절 +10.0% / 추매 -5.0%
2026-06-25 00:01:10,030 [INFO] >>> Processing ISHARES GLOBAL CLEAN ENERGY(ICLN)
2026-06-25 00:01:10,030 [INFO]   [ISHARES GLOBAL CLEAN ENERGY(ICLN)] 신호 없음 | Lv2 매수 USD 20.86 -> 현재 USD 20.84 (-0.10%) | 익절 +10.0% / 추매 -5.0%
2026-06-25 00:01:10,031 [INFO] >>> Processing 코닝(GLW)
2026-06-25 00:01:10,031 [INFO]   [코닝(GLW)] 신호 없음 | Lv1 매수 USD 202.75 -> 현재 USD 216.33 (+6.70%) | 익절 +10.0% / 추매 -5.0%
2026-06-25 00:01:10,031 [INFO] >>> Processing 델 테크놀로지스(DELL)
2026-06-25 00:01:10,032 [INFO]   [델 테크놀로지스(DELL)] 신호 없음 | Lv2 매수 USD 409.90 -> 현재 USD 436.79 (+6.56%) | 익절 +10.0% / 추매 -5.0%
2026-06-25 00:01:10,032 [INFO] >>> Processing 리얼티 인컴(O)
2026-06-25 00:01:10,032 [INFO]   [리얼티 인컴(O)] 신호 없음 | Lv1 매수 USD 62.37 -> 현재 USD 61.53 (-1.35%) | 익절 +10.0% / 추매 -5.0%
2026-06-25 00:01:10,032 [INFO] >>> Processing 펩시코(PEP)
2026-06-25 00:01:10,033 [INFO]   [펩시코(PEP)] 신호 없음 | Lv2 매수 USD 142.33 -> 현재 USD 143.04 (+0.50%) | 익절 +10.0% / 추매 -5.0%
2026-06-25 00:01:10,033 [INFO] >>> Processing SCHWAB US DIVIDEND EQUITY(SCHD)
2026-06-25 00:01:10,033 [INFO]   [SCHWAB US DIVIDEND EQUITY(SCHD)] 신호 없음 | Lv1 매수 USD 31.74 -> 현재 USD 31.73 (-0.05%) | 익절 +10.0% / 추매 -5.0%
2026-06-25 00:01:10,033 [INFO] >>> Processing 애플(AAPL)
2026-06-25 00:01:10,034 [INFO]   [애플(AAPL)] 신호 없음 | Lv1 매수 USD 291.90 -> 현재 USD 297.00 (+1.75%) | 익절 +10.0% / 추매 -5.0%
2026-06-25 00:01:10,034 [INFO] >>> Processing 듀크 에너지(DUK)
2026-06-25 00:01:10,034 [INFO]   [듀크 에너지(DUK)] 신호 없음 | Lv1 매수 USD 124.92 -> 현재 USD 125.27 (+0.28%) | 익절 +10.0% / 추매 -5.0%
2026-06-25 00:01:10,034 [INFO] >>> Processing 루멘텀 홀딩스(LITE)
2026-06-25 00:01:10,035 [INFO] [루멘텀 홀딩스(LITE)] buy_amount(USD 500.00) < 현재가(USD 860.49) -> 1주도 매수 불가. buy_amount 상향 조정 필요
2026-06-25 00:01:10,396 [INFO] >>> Processing ARK INNOVATION(ARKK)
2026-06-25 00:01:10,396 [INFO]   [ARK INNOVATION(ARKK)] 신호 없음 | Lv2 매수 USD 75.28 -> 현재 USD 78.00 (+3.62%) | 익절 +10.0% / 추매 -5.0%
2026-06-25 00:01:10,396 [INFO] >>> Processing 브로드컴(AVGO)
2026-06-25 00:01:10,397 [INFO]   [브로드컴(AVGO)] 신호 없음 | Lv1 매수 USD 382.60 -> 현재 USD 385.32 (+0.71%) | 익절 +10.0% / 추매 -5.0%
2026-06-25 00:01:10,397 [INFO] >>> Processing 프록터 앤드 갬블(PG)
2026-06-25 00:01:10,397 [INFO]   [프록터 앤드 갬블(PG)] 신호 없음 | Lv1 매수 USD 142.81 -> 현재 USD 152.59 (+6.85%) | 익절 +10.0% / 추매 -5.0%
2026-06-25 00:01:10,398 [INFO] >>> Processing 테슬라(TSLA)
2026-06-25 00:01:10,398 [INFO]   [테슬라(TSLA)] 신호 없음 | Lv4 매수 USD 389.00 -> 현재 USD 382.96 (-1.55%) | 익절 +10.0% / 추매 -5.0%
2026-06-25 00:01:10,398 [INFO] >>> Step 6: Persist
2026-06-25 02:01:06,270 [INFO] === Initializing MagicSplit Bot (overseas) ===
2026-06-25 02:01:06,270 [INFO] Loaded 21 stock rule(s) from config_overseas.json
2026-06-25 02:01:06,270 [INFO] [overseas] 15 rule(s), mode=LIVE
2026-06-25 02:01:06,271 [INFO] [KisBroker] 캐시에서 토큰 로드 (API 호출 생략)
2026-06-25 02:01:06,271 [INFO] [KisOverseasLiveBroker] Mode: LIVE TRADING
2026-06-25 02:01:06,271 [INFO] === Running overseas engine ===
2026-06-25 02:01:06,271 [INFO] >>> Step 1: Portfolio & Price Fetch
2026-06-25 02:01:08,539 [INFO] Fetching real-time prices from Broker...
2026-06-25 02:01:14,005 [INFO] Portfolio: Cash=USD 73.61, Value=USD 12,730.06
2026-06-25 02:01:14,005 [INFO] >>> Step 2: Load Positions
2026-06-25 02:01:14,005 [INFO] Loaded 26 position lot(s)
2026-06-25 02:01:14,006 [INFO] >>> Step 2.5: Reconcile OK (수량 일치)
2026-06-25 02:01:14,007 [INFO] >>> Processing 코닝(GLW)
2026-06-25 02:01:14,007 [INFO]   [코닝(GLW)] 신호 없음 | Lv1 매수 USD 202.75 -> 현재 USD 209.88 (+3.51%) | 익절 +10.0% / 추매 -5.0%
2026-06-25 02:01:14,007 [INFO] >>> Processing 펩시코(PEP)
2026-06-25 02:01:14,008 [INFO]   [펩시코(PEP)] 신호 없음 | Lv2 매수 USD 142.33 -> 현재 USD 142.62 (+0.20%) | 익절 +10.0% / 추매 -5.0%
2026-06-25 02:01:14,008 [INFO] >>> Processing 델 테크놀로지스(DELL)
2026-06-25 02:01:14,008 [INFO]   [델 테크놀로지스(DELL)] 신호 없음 | Lv2 매수 USD 409.90 -> 현재 USD 431.45 (+5.26%) | 익절 +10.0% / 추매 -5.0%
2026-06-25 02:01:14,009 [INFO] >>> Processing 프록터 앤드 갬블(PG)
2026-06-25 02:01:14,009 [INFO]   [프록터 앤드 갬블(PG)] 신호 없음 | Lv1 매수 USD 142.81 -> 현재 USD 152.75 (+6.96%) | 익절 +10.0% / 추매 -5.0%
2026-06-25 02:01:14,009 [INFO] >>> Processing 에이알엠 홀딩스(ADR)(ARM)
2026-06-25 02:01:14,010 [INFO]   [에이알엠 홀딩스(ADR)(ARM)] 신호 없음 | Lv3 매수 USD 369.91 -> 현재 USD 352.92 (-4.59%) | 익절 +10.0% / 추매 -5.0%
2026-06-25 02:01:14,010 [INFO] >>> Processing ARK INNOVATION(ARKK)
2026-06-25 02:01:14,010 [INFO]   [ARK INNOVATION(ARKK)] 신호 없음 | Lv2 매수 USD 75.28 -> 현재 USD 77.51 (+2.96%) | 익절 +10.0% / 추매 -5.0%
2026-06-25 02:01:14,010 [INFO] >>> Processing 루멘텀 홀딩스(LITE)
2026-06-25 02:01:14,011 [INFO] [루멘텀 홀딩스(LITE)] buy_amount(USD 500.00) < 현재가(USD 840.92) -> 1주도 매수 불가. buy_amount 상향 조정 필요
2026-06-25 02:01:14,465 [INFO] >>> Processing 알파벳 A(GOOGL)
2026-06-25 02:01:14,465 [INFO]   [알파벳 A(GOOGL)] 신호 없음 | Lv3 매수 USD 345.13 -> 현재 USD 349.69 (+1.32%) | 익절 +10.0% / 추매 -5.0%
2026-06-25 02:01:14,466 [INFO] >>> Processing 리얼티 인컴(O)
2026-06-25 02:01:14,466 [INFO]   [리얼티 인컴(O)] 신호 없음 | Lv1 매수 USD 62.37 -> 현재 USD 61.83 (-0.87%) | 익절 +10.0% / 추매 -5.0%
2026-06-25 02:01:14,466 [INFO] >>> Processing 애플(AAPL)
2026-06-25 02:01:14,466 [INFO]   [애플(AAPL)] 신호 없음 | Lv1 매수 USD 291.90 -> 현재 USD 297.26 (+1.84%) | 익절 +10.0% / 추매 -5.0%
2026-06-25 02:01:14,467 [INFO] >>> Processing SCHWAB US DIVIDEND EQUITY(SCHD)
2026-06-25 02:01:14,467 [INFO]   [SCHWAB US DIVIDEND EQUITY(SCHD)] 신호 없음 | Lv1 매수 USD 31.74 -> 현재 USD 31.72 (-0.06%) | 익절 +10.0% / 추매 -5.0%
2026-06-25 02:01:14,467 [INFO] >>> Processing ISHARES GLOBAL CLEAN ENERGY(ICLN)
2026-06-25 02:01:14,467 [INFO]   [ISHARES GLOBAL CLEAN ENERGY(ICLN)] 신호 없음 | Lv2 매수 USD 20.86 -> 현재 USD 20.60 (-1.25%) | 익절 +10.0% / 추매 -5.0%
2026-06-25 02:01:14,468 [INFO] >>> Processing 테슬라(TSLA)
2026-06-25 02:01:14,468 [INFO]   [테슬라(TSLA)] 신호 없음 | Lv4 매수 USD 389.00 -> 현재 USD 378.73 (-2.64%) | 익절 +10.0% / 추매 -5.0%
2026-06-25 02:01:14,468 [INFO] >>> Processing 듀크 에너지(DUK)
2026-06-25 02:01:14,469 [INFO]   [듀크 에너지(DUK)] 신호 없음 | Lv1 매수 USD 124.92 -> 현재 USD 124.81 (-0.09%) | 익절 +10.0% / 추매 -5.0%
2026-06-25 02:01:14,469 [INFO] >>> Processing 브로드컴(AVGO)
2026-06-25 02:01:14,469 [INFO]   [브로드컴(AVGO)] 신호 없음 | Lv1 매수 USD 382.60 -> 현재 USD 383.99 (+0.36%) | 익절 +10.0% / 추매 -5.0%
2026-06-25 02:01:14,469 [INFO] >>> Step 6: Persist
