2026-06-27 00:00:58,339 [INFO] === Initializing MagicSplit Bot (overseas) ===
2026-06-27 00:00:58,339 [INFO] Loaded 21 stock rule(s) from config_overseas.json
2026-06-27 00:00:58,339 [INFO] [overseas] 15 rule(s), mode=LIVE
2026-06-27 00:00:58,340 [INFO] [KisBroker] 캐시에서 토큰 로드 (API 호출 생략)
2026-06-27 00:00:58,340 [INFO] [KisOverseasLiveBroker] Mode: LIVE TRADING
2026-06-27 00:00:58,340 [INFO] === Running overseas engine ===
2026-06-27 00:00:58,340 [INFO] >>> Step 1: Portfolio & Price Fetch
2026-06-27 00:01:08,549 [ERROR] [KisBroker] Margin Check Error: HTTPSConnectionPool(host='openapi.koreainvestment.com', port=9443): Max retries exceeded with url: /uapi/overseas-stock/v1/trading/foreign-margin?CANO=73297247&ACNT_PRDT_CD=01 (Caused by ConnectTimeoutError(<HTTPSConnection(host='openapi.koreainvestment.com', port=9443) at 0x7f8dbd5b8310>, 'Connection to openapi.koreainvestment.com timed out. (connect timeout=10.0)'))
2026-06-27 00:01:18,775 [ERROR] [KisBroker] Error getting portfolio (NASD): HTTPSConnectionPool(host='openapi.koreainvestment.com', port=9443): Max retries exceeded with url: /uapi/overseas-stock/v1/trading/inquire-balance?CANO=73297247&ACNT_PRDT_CD=01&OVRS_EXCG_CD=NASD&TR_CRCY_CD=USD&CTX_AREA_FK200=&CTX_AREA_NK200= (Caused by ConnectTimeoutError(<HTTPSConnection(host='openapi.koreainvestment.com', port=9443) at 0x7f8dbd5ba230>, 'Connection to openapi.koreainvestment.com timed out. (connect timeout=10.0)'))
2026-06-27 00:01:29,005 [ERROR] [KisBroker] Error getting portfolio (NYSE): HTTPSConnectionPool(host='openapi.koreainvestment.com', port=9443): Max retries exceeded with url: /uapi/overseas-stock/v1/trading/inquire-balance?CANO=73297247&ACNT_PRDT_CD=01&OVRS_EXCG_CD=NYSE&TR_CRCY_CD=USD&CTX_AREA_FK200=&CTX_AREA_NK200= (Caused by ConnectTimeoutError(<HTTPSConnection(host='openapi.koreainvestment.com', port=9443) at 0x7f8dbd5b9fc0>, 'Connection to openapi.koreainvestment.com timed out. (connect timeout=10.0)'))
2026-06-27 00:01:39,359 [ERROR] [KisBroker] Error getting portfolio (AMEX): HTTPSConnectionPool(host='openapi.koreainvestment.com', port=9443): Max retries exceeded with url: /uapi/overseas-stock/v1/trading/inquire-balance?CANO=73297247&ACNT_PRDT_CD=01&OVRS_EXCG_CD=AMEX&TR_CRCY_CD=USD&CTX_AREA_FK200=&CTX_AREA_NK200= (Caused by ConnectTimeoutError(<HTTPSConnection(host='openapi.koreainvestment.com', port=9443) at 0x7f8dbd5b9f60>, 'Connection to openapi.koreainvestment.com timed out. (connect timeout=10.0)'))
2026-06-27 00:01:39,360 [ERROR] 사이클 초기화 실패: 모든 거래소(NASD/NYSE/AMEX) 잔고 조회 실패(현금 조회 오류) — 사이클을 중단합니다.
2026-06-27 00:01:39,634 [ERROR] >>> Step 6: 포트폴리오, 포지션 조회 실패로 저장 생략. 수동 데이터 복구 필요
2026-06-27 02:00:59,751 [INFO] === Initializing MagicSplit Bot (overseas) ===
2026-06-27 02:00:59,751 [INFO] Loaded 21 stock rule(s) from config_overseas.json
2026-06-27 02:00:59,751 [INFO] [overseas] 15 rule(s), mode=LIVE
2026-06-27 02:00:59,751 [INFO] [KisBroker] 캐시에서 토큰 로드 (API 호출 생략)
2026-06-27 02:00:59,751 [INFO] [KisOverseasLiveBroker] Mode: LIVE TRADING
2026-06-27 02:00:59,752 [INFO] === Running overseas engine ===
2026-06-27 02:00:59,752 [INFO] >>> Step 1: Portfolio & Price Fetch
2026-06-27 02:01:01,679 [INFO] Fetching real-time prices from Broker...
2026-06-27 02:01:06,940 [INFO] Portfolio: Cash=USD 73.61, Value=USD 12,453.49
2026-06-27 02:01:06,940 [INFO] >>> Step 2: Load Positions
2026-06-27 02:01:06,940 [INFO] Loaded 26 position lot(s)
2026-06-27 02:01:06,941 [INFO] >>> Step 2.5: Reconcile OK (수량 일치)
2026-06-27 02:01:06,942 [INFO] >>> Processing 테슬라(TSLA)
2026-06-27 02:01:06,942 [INFO]   [테슬라(TSLA)] 신호 없음 | Lv4 매수 USD 389.00 -> 현재 USD 385.76 (-0.83%) | 익절 +10.0% / 추매 -5.0%
2026-06-27 02:01:06,942 [INFO] >>> Processing 알파벳 A(GOOGL)
2026-06-27 02:01:06,943 [INFO]   [알파벳 A(GOOGL)] 신호 없음 | Lv3 매수 USD 345.13 -> 현재 USD 342.03 (-0.90%) | 익절 +10.0% / 추매 -5.0%
2026-06-27 02:01:06,943 [INFO] >>> Processing 리얼티 인컴(O)
2026-06-27 02:01:06,943 [INFO]   [리얼티 인컴(O)] 신호 없음 | Lv1 매수 USD 62.37 -> 현재 USD 62.88 (+0.82%) | 익절 +10.0% / 추매 -5.0%
2026-06-27 02:01:06,943 [INFO] >>> Processing 프록터 앤드 갬블(PG)
2026-06-27 02:01:06,944 [INFO]   [프록터 앤드 갬블(PG)] 신호 없음 | Lv1 매수 USD 142.81 -> 현재 USD 149.15 (+4.44%) | 익절 +10.0% / 추매 -5.0%
2026-06-27 02:01:06,944 [INFO] >>> Processing 듀크 에너지(DUK)
2026-06-27 02:01:06,944 [INFO]   [듀크 에너지(DUK)] 신호 없음 | Lv1 매수 USD 124.92 -> 현재 USD 128.08 (+2.53%) | 익절 +10.0% / 추매 -5.0%
2026-06-27 02:01:06,945 [INFO] >>> Processing 코닝(GLW)
2026-06-27 02:01:06,945 [INFO] [코닝(GLW)] trailing 벌크 매도 발동: Lv1~Lv1 4주 (+6.4%)
2026-06-27 02:01:06,945 [INFO] Executing 1 order(s)...
2026-06-27 02:01:06,945 [INFO] [KisBroker] Processing 1 SELL orders...
2026-06-27 02:01:07,869 [INFO] [KisBroker] Order Sent: SELL 코닝(GLW) 4 @ 215.62 (ODNO=0031842296)
2026-06-27 02:01:10,333 [INFO] [KisBroker] Order FILLED: 코닝(GLW) ODNO=0031842296 price=215.62 qty=4 fee=0.0
2026-06-27 02:01:10,534 [INFO] [Position] Trailing 벌크 청산: 코닝(GLW) 4주 소진 (잔여 0주), 실현손익 USD 51.48
2026-06-27 02:01:14,956 [INFO] >>> Processing 에이알엠 홀딩스(ADR)(ARM)
2026-06-27 02:01:14,957 [INFO] [에이알엠 홀딩스(ADR)(ARM)] Lv3 매수가 USD 369.91 대비 -10.0% -> 추가 매수 Lv4 1주 @USD 332.99
2026-06-27 02:01:14,957 [INFO] Executing 1 order(s)...
2026-06-27 02:01:16,379 [INFO] [KisBroker] Available Cash for BUY: 927
2026-06-27 02:01:17,537 [INFO] [KisBroker] Order Sent: BUY 에이알엠 홀딩스(ADR)(ARM) 1 @ 333.12 (ODNO=0031842354)
2026-06-27 02:01:19,999 [INFO] [KisBroker] Order FILLED: 에이알엠 홀딩스(ADR)(ARM) ODNO=0031842354 price=333.12 qty=1 fee=0.0
2026-06-27 02:01:20,200 [INFO] [Position] New lot: lot_20260627_020120_ARM_004 Lv4 에이알엠 홀딩스(ADR)(ARM) 1주 @USD 333.12
2026-06-27 02:01:24,634 [INFO] >>> Processing 델 테크놀로지스(DELL)
2026-06-27 02:01:24,634 [INFO]   [델 테크놀로지스(DELL)] 신호 없음 | Lv2 매수 USD 409.90 -> 현재 USD 389.49 (-4.98%) | 익절 +10.0% / 추매 -5.0%
2026-06-27 02:01:24,635 [INFO] >>> Processing ISHARES GLOBAL CLEAN ENERGY(ICLN)
2026-06-27 02:01:24,635 [INFO] [ISHARES GLOBAL CLEAN ENERGY(ICLN)] Lv2 매수가 USD 20.86 대비 -5.3% -> 추가 매수 Lv3 25주 @USD 19.75
2026-06-27 02:01:24,635 [INFO] Executing 1 order(s)...
2026-06-27 02:01:26,067 [INFO] [KisBroker] Available Cash for BUY: 594
2026-06-27 02:01:27,268 [INFO] [KisBroker] Order Sent: BUY ISHARES GLOBAL CLEAN ENERGY(ICLN) 25 @ 19.75 (ODNO=0031842402)
2026-06-27 02:01:29,729 [INFO] [KisBroker] Order FILLED: ISHARES GLOBAL CLEAN ENERGY(ICLN) ODNO=0031842402 price=19.75 qty=25 fee=0.0
2026-06-27 02:01:29,930 [INFO] [Position] New lot: lot_20260627_020129_ICLN_003 Lv3 ISHARES GLOBAL CLEAN ENERGY(ICLN) 25주 @USD 19.75
2026-06-27 02:01:34,366 [INFO] >>> Processing 펩시코(PEP)
2026-06-27 02:01:34,367 [INFO]   [펩시코(PEP)] 신호 없음 | Lv2 매수 USD 142.33 -> 현재 USD 141.35 (-0.69%) | 익절 +10.0% / 추매 -5.0%
2026-06-27 02:01:34,367 [INFO] >>> Processing ARK INNOVATION(ARKK)
2026-06-27 02:01:34,367 [INFO]   [ARK INNOVATION(ARKK)] 신호 없음 | Lv2 매수 USD 75.28 -> 현재 USD 78.43 (+4.18%) | 익절 +10.0% / 추매 -5.0%
2026-06-27 02:01:34,367 [INFO] >>> Processing 애플(AAPL)
2026-06-27 02:01:34,368 [INFO]   [애플(AAPL)] 신호 없음 | Lv1 매수 USD 291.90 -> 현재 USD 278.89 (-4.46%) | 익절 +10.0% / 추매 -5.0%
2026-06-27 02:01:34,368 [INFO] >>> Processing 루멘텀 홀딩스(LITE)
2026-06-27 02:01:34,368 [INFO] [루멘텀 홀딩스(LITE)] buy_amount(USD 500.00) < 현재가(USD 808.45) -> 1주도 매수 불가. buy_amount 상향 조정 필요
2026-06-27 02:01:35,029 [INFO] >>> Processing SCHWAB US DIVIDEND EQUITY(SCHD)
2026-06-27 02:01:35,029 [INFO]   [SCHWAB US DIVIDEND EQUITY(SCHD)] 신호 없음 | Lv1 매수 USD 31.74 -> 현재 USD 32.15 (+1.29%) | 익절 +10.0% / 추매 -5.0%
2026-06-27 02:01:35,029 [INFO] >>> Processing 브로드컴(AVGO)
2026-06-27 02:01:35,030 [INFO]   [브로드컴(AVGO)] 신호 없음 | Lv1 매수 USD 382.60 -> 현재 USD 372.33 (-2.68%) | 익절 +10.0% / 추매 -5.0%
2026-06-27 02:01:35,030 [INFO] >>> Step 6: Persist
2026-06-27 04:00:57,802 [INFO] === Initializing MagicSplit Bot (overseas) ===
2026-06-27 04:00:57,802 [INFO] Loaded 21 stock rule(s) from config_overseas.json
2026-06-27 04:00:57,802 [INFO] [overseas] 15 rule(s), mode=LIVE
2026-06-27 04:00:57,802 [INFO] [KisBroker] 캐시에서 토큰 로드 (API 호출 생략)
2026-06-27 04:00:57,802 [INFO] [KisOverseasLiveBroker] Mode: LIVE TRADING
2026-06-27 04:00:57,803 [INFO] === Running overseas engine ===
2026-06-27 04:00:57,803 [INFO] >>> Step 1: Portfolio & Price Fetch
2026-06-27 04:01:00,271 [INFO] Fetching real-time prices from Broker...
2026-06-27 04:01:06,146 [INFO] Portfolio: Cash=USD 100.44, Value=USD 12,353.40
2026-06-27 04:01:06,146 [INFO] >>> Step 2: Load Positions
2026-06-27 04:01:06,147 [INFO] Loaded 27 position lot(s)
2026-06-27 04:01:06,148 [INFO] >>> Step 2.5: Reconcile OK (수량 일치)
2026-06-27 04:01:06,148 [INFO] >>> Processing 루멘텀 홀딩스(LITE)
2026-06-27 04:01:06,149 [INFO] [루멘텀 홀딩스(LITE)] buy_amount(USD 500.00) < 현재가(USD 798.96) -> 1주도 매수 불가. buy_amount 상향 조정 필요
2026-06-27 04:01:06,417 [INFO] >>> Processing 프록터 앤드 갬블(PG)
2026-06-27 04:01:06,417 [INFO]   [프록터 앤드 갬블(PG)] 신호 없음 | Lv1 매수 USD 142.81 -> 현재 USD 149.07 (+4.38%) | 익절 +10.0% / 추매 -5.0%
2026-06-27 04:01:06,417 [INFO] >>> Processing 알파벳 A(GOOGL)
2026-06-27 04:01:06,418 [INFO]   [알파벳 A(GOOGL)] 신호 없음 | Lv3 매수 USD 345.13 -> 현재 USD 342.19 (-0.85%) | 익절 +10.0% / 추매 -5.0%
2026-06-27 04:01:06,418 [INFO] >>> Processing 에이알엠 홀딩스(ADR)(ARM)
2026-06-27 04:01:06,418 [INFO]   [에이알엠 홀딩스(ADR)(ARM)] 신호 없음 | Lv4 매수 USD 333.12 -> 현재 USD 327.70 (-1.63%) | 익절 +10.0% / 추매 -5.0%
2026-06-27 04:01:06,419 [INFO] >>> Processing ISHARES GLOBAL CLEAN ENERGY(ICLN)
2026-06-27 04:01:06,419 [INFO]   [ISHARES GLOBAL CLEAN ENERGY(ICLN)] 신호 없음 | Lv3 매수 USD 19.75 -> 현재 USD 19.59 (-0.78%) | 익절 +10.0% / 추매 -5.0%
2026-06-27 04:01:06,419 [INFO] >>> Processing 애플(AAPL)
2026-06-27 04:01:06,420 [INFO]   [애플(AAPL)] 신호 없음 | Lv1 매수 USD 291.90 -> 현재 USD 280.86 (-3.78%) | 익절 +10.0% / 추매 -5.0%
2026-06-27 04:01:06,420 [INFO] >>> Processing SCHWAB US DIVIDEND EQUITY(SCHD)
2026-06-27 04:01:06,420 [INFO]   [SCHWAB US DIVIDEND EQUITY(SCHD)] 신호 없음 | Lv1 매수 USD 31.74 -> 현재 USD 32.04 (+0.95%) | 익절 +10.0% / 추매 -5.0%
2026-06-27 04:01:06,421 [INFO] >>> Processing 브로드컴(AVGO)
2026-06-27 04:01:06,421 [INFO]   [브로드컴(AVGO)] 신호 없음 | Lv1 매수 USD 382.60 -> 현재 USD 366.89 (-4.11%) | 익절 +10.0% / 추매 -5.0%
2026-06-27 04:01:06,421 [INFO] >>> Processing 리얼티 인컴(O)
2026-06-27 04:01:06,422 [INFO]   [리얼티 인컴(O)] 신호 없음 | Lv1 매수 USD 62.37 -> 현재 USD 63.22 (+1.35%) | 익절 +10.0% / 추매 -5.0%
2026-06-27 04:01:06,422 [INFO] >>> Processing 펩시코(PEP)
2026-06-27 04:01:06,422 [INFO]   [펩시코(PEP)] 신호 없음 | Lv2 매수 USD 142.33 -> 현재 USD 141.38 (-0.67%) | 익절 +10.0% / 추매 -5.0%
2026-06-27 04:01:06,422 [INFO] >>> Processing 델 테크놀로지스(DELL)
2026-06-27 04:01:06,423 [INFO] [델 테크놀로지스(DELL)] 현금 부족: 보유 현금 USD 100.44 < 현재가 USD 387.39 (1주도 매수 불가) -> 매수 보류
2026-06-27 04:01:06,681 [INFO] >>> Processing ARK INNOVATION(ARKK)
2026-06-27 04:01:06,681 [INFO]   [ARK INNOVATION(ARKK)] 신호 없음 | Lv2 매수 USD 75.28 -> 현재 USD 77.24 (+2.60%) | 익절 +10.0% / 추매 -5.0%
2026-06-27 04:01:06,681 [INFO] >>> Processing 듀크 에너지(DUK)
2026-06-27 04:01:06,682 [INFO]   [듀크 에너지(DUK)] 신호 없음 | Lv1 매수 USD 124.92 -> 현재 USD 128.23 (+2.65%) | 익절 +10.0% / 추매 -5.0%
2026-06-27 04:01:06,682 [INFO] >>> Processing 코닝(GLW)
2026-06-27 04:01:06,682 [INFO] [코닝(GLW)] 현금 부족: 보유 현금 USD 100.44 < 현재가 USD 216.36 (1주도 매수 불가) -> 매수 보류
2026-06-27 04:01:06,891 [INFO] >>> Processing 테슬라(TSLA)
2026-06-27 04:01:06,891 [INFO]   [테슬라(TSLA)] 신호 없음 | Lv4 매수 USD 389.00 -> 현재 USD 379.72 (-2.39%) | 익절 +10.0% / 추매 -5.0%
2026-06-27 04:01:06,891 [INFO] >>> Step 6: Persist
