2026-07-02 00:01:14,587 [INFO] === Initializing MagicSplit Bot (overseas) ===
2026-07-02 00:01:14,587 [INFO] Loaded 21 stock rule(s) from config_overseas.json
2026-07-02 00:01:14,587 [INFO] [overseas] 15 rule(s), mode=LIVE
2026-07-02 00:01:14,587 [INFO] [KisBroker] 캐시에서 토큰 로드 (API 호출 생략)
2026-07-02 00:01:14,587 [INFO] [KisOverseasLiveBroker] Mode: LIVE TRADING
2026-07-02 00:01:14,587 [INFO] === Running overseas engine ===
2026-07-02 00:01:14,587 [INFO] >>> Step 1: Portfolio & Price Fetch
2026-07-02 00:01:16,574 [INFO] Fetching real-time prices from Broker...
2026-07-02 00:01:21,631 [INFO] Portfolio: Cash=USD 119.92, Value=USD 12,858.57
2026-07-02 00:01:21,631 [INFO] >>> Step 2: Load Positions
2026-07-02 00:01:21,632 [INFO] Loaded 27 position lot(s)
2026-07-02 00:01:21,633 [INFO] >>> Step 2.5: Reconcile OK (수량 일치)
2026-07-02 00:01:21,633 [INFO] >>> Processing 애플(AAPL)
2026-07-02 00:01:21,633 [INFO]   [애플(AAPL)] 신호 없음 | Lv1 매수 USD 291.90 -> 현재 USD 294.76 (+0.98%) | 익절 +10.0% / 추매 -5.0%
2026-07-02 00:01:21,634 [INFO] >>> Processing 프록터 앤드 갬블(PG)
2026-07-02 00:01:21,634 [INFO]   [프록터 앤드 갬블(PG)] 신호 없음 | Lv1 매수 USD 142.81 -> 현재 USD 146.76 (+2.77%) | 익절 +10.0% / 추매 -5.0%
2026-07-02 00:01:21,634 [INFO] >>> Processing ISHARES GLOBAL CLEAN ENERGY(ICLN)
2026-07-02 00:01:21,634 [INFO]   [ISHARES GLOBAL CLEAN ENERGY(ICLN)] 신호 없음 | Lv3 매수 USD 19.75 -> 현재 USD 20.27 (+2.63%) | 익절 +10.0% / 추매 -5.0%
2026-07-02 00:01:21,635 [INFO] >>> Processing 알파벳 A(GOOGL)
2026-07-02 00:01:21,635 [INFO]   [알파벳 A(GOOGL)] 신호 없음 | Lv3 매수 USD 345.13 -> 현재 USD 360.79 (+4.54%) | 익절 +10.0% / 추매 -5.0%
2026-07-02 00:01:21,635 [INFO] >>> Processing 리얼티 인컴(O)
2026-07-02 00:01:21,636 [INFO]   [리얼티 인컴(O)] 신호 없음 | Lv1 매수 USD 62.37 -> 현재 USD 62.12 (-0.40%) | 익절 +10.0% / 추매 -5.0%
2026-07-02 00:01:21,636 [INFO] >>> Processing 펩시코(PEP)
2026-07-02 00:01:21,636 [INFO]   [펩시코(PEP)] 신호 없음 | Lv2 매수 USD 142.33 -> 현재 USD 139.98 (-1.65%) | 익절 +10.0% / 추매 -5.0%
2026-07-02 00:01:21,637 [INFO] >>> Processing SCHWAB US DIVIDEND EQUITY(SCHD)
2026-07-02 00:01:21,637 [INFO]   [SCHWAB US DIVIDEND EQUITY(SCHD)] 신호 없음 | Lv1 매수 USD 31.74 -> 현재 USD 31.92 (+0.57%) | 익절 +10.0% / 추매 -5.0%
2026-07-02 00:01:21,637 [INFO] >>> Processing 델 테크놀로지스(DELL)
2026-07-02 00:01:21,637 [INFO]   [델 테크놀로지스(DELL)] 신호 없음 | Lv2 매수 USD 409.90 -> 현재 USD 425.36 (+3.77%) | 익절 +10.0% / 추매 -5.0%
2026-07-02 00:01:21,638 [INFO] >>> Processing 코닝(GLW)
2026-07-02 00:01:21,638 [INFO] [코닝(GLW)] 현금 부족: 보유 현금 USD 119.92 < 현재가 USD 222.91 (1주도 매수 불가) -> 매수 보류
2026-07-02 00:01:22,279 [INFO] >>> Processing 루멘텀 홀딩스(LITE)
2026-07-02 00:01:22,279 [INFO] [루멘텀 홀딩스(LITE)] buy_amount(USD 500.00) < 현재가(USD 795.76) -> 1주도 매수 불가. buy_amount 상향 조정 필요
2026-07-02 00:01:22,756 [INFO] >>> Processing 테슬라(TSLA)
2026-07-02 00:01:22,757 [INFO]   [테슬라(TSLA)] 신호 없음 | Lv4 매수 USD 389.00 -> 현재 USD 426.40 (+9.62%) | 익절 +10.0% / 추매 -5.0%
2026-07-02 00:01:22,757 [INFO] >>> Processing 듀크 에너지(DUK)
2026-07-02 00:01:22,757 [INFO]   [듀크 에너지(DUK)] 신호 없음 | Lv1 매수 USD 124.92 -> 현재 USD 125.71 (+0.63%) | 익절 +10.0% / 추매 -5.0%
2026-07-02 00:01:22,758 [INFO] >>> Processing 에이알엠 홀딩스(ADR)(ARM)
2026-07-02 00:01:22,758 [INFO]   [에이알엠 홀딩스(ADR)(ARM)] 신호 없음 | Lv4 매수 USD 333.12 -> 현재 USD 335.93 (+0.84%) | 익절 +10.0% / 추매 -5.0%
2026-07-02 00:01:22,758 [INFO] >>> Processing ARK INNOVATION(ARKK)
2026-07-02 00:01:22,758 [INFO]   [ARK INNOVATION(ARKK)] 신호 없음 | Lv2 매수 USD 75.28 -> 현재 USD 82.07 (+9.02%) | 익절 +10.0% / 추매 -5.0%
2026-07-02 00:01:22,759 [INFO] >>> Processing 브로드컴(AVGO)
2026-07-02 00:01:22,759 [INFO]   [브로드컴(AVGO)] 신호 없음 | Lv1 매수 USD 382.60 -> 현재 USD 370.96 (-3.04%) | 익절 +10.0% / 추매 -5.0%
2026-07-02 00:01:22,759 [INFO] >>> Step 6: Persist
2026-07-02 02:01:07,165 [INFO] === Initializing MagicSplit Bot (overseas) ===
2026-07-02 02:01:07,165 [INFO] Loaded 21 stock rule(s) from config_overseas.json
2026-07-02 02:01:07,165 [INFO] [overseas] 15 rule(s), mode=LIVE
2026-07-02 02:01:07,165 [INFO] [KisBroker] 캐시에서 토큰 로드 (API 호출 생략)
2026-07-02 02:01:07,165 [INFO] [KisOverseasLiveBroker] Mode: LIVE TRADING
2026-07-02 02:01:07,165 [INFO] === Running overseas engine ===
2026-07-02 02:01:07,165 [INFO] >>> Step 1: Portfolio & Price Fetch
2026-07-02 02:01:08,051 [ERROR] [KisBroker] Margin Check Error: ('Connection aborted.', RemoteDisconnected('Remote end closed connection without response'))
2026-07-02 02:01:08,857 [ERROR] [KisBroker] Error getting portfolio (NASD): ('Connection aborted.', RemoteDisconnected('Remote end closed connection without response'))
2026-07-02 02:01:09,691 [ERROR] [KisBroker] Error getting portfolio (NYSE): ('Connection aborted.', RemoteDisconnected('Remote end closed connection without response'))
2026-07-02 02:01:10,523 [ERROR] [KisBroker] Error getting portfolio (AMEX): ('Connection aborted.', RemoteDisconnected('Remote end closed connection without response'))
2026-07-02 02:01:10,523 [ERROR] 사이클 초기화 실패: 모든 거래소(NASD/NYSE/AMEX) 잔고 조회 실패(현금 조회 오류) — 사이클을 중단합니다.
2026-07-02 02:01:10,691 [ERROR] >>> Step 6: 포트폴리오, 포지션 조회 실패로 저장 생략. 수동 데이터 복구 필요
2026-07-02 04:01:05,392 [INFO] === Initializing MagicSplit Bot (overseas) ===
2026-07-02 04:01:05,392 [INFO] Loaded 21 stock rule(s) from config_overseas.json
2026-07-02 04:01:05,392 [INFO] [overseas] 15 rule(s), mode=LIVE
2026-07-02 04:01:05,392 [INFO] [KisBroker] 캐시에서 토큰 로드 (API 호출 생략)
2026-07-02 04:01:05,392 [INFO] [KisOverseasLiveBroker] Mode: LIVE TRADING
2026-07-02 04:01:05,392 [INFO] === Running overseas engine ===
2026-07-02 04:01:05,393 [INFO] >>> Step 1: Portfolio & Price Fetch
2026-07-02 04:01:07,671 [INFO] Fetching real-time prices from Broker...
2026-07-02 04:01:13,520 [INFO] Portfolio: Cash=USD 119.92, Value=USD 12,863.80
2026-07-02 04:01:13,520 [INFO] >>> Step 2: Load Positions
2026-07-02 04:01:13,520 [INFO] Loaded 27 position lot(s)
2026-07-02 04:01:13,521 [INFO] >>> Step 2.5: Reconcile OK (수량 일치)
2026-07-02 04:01:13,522 [INFO] >>> Processing ARK INNOVATION(ARKK)
2026-07-02 04:01:13,522 [INFO]   [ARK INNOVATION(ARKK)] 신호 없음 | Lv2 매수 USD 75.28 -> 현재 USD 81.81 (+8.68%) | 익절 +10.0% / 추매 -5.0%
2026-07-02 04:01:13,522 [INFO] >>> Processing 알파벳 A(GOOGL)
2026-07-02 04:01:13,523 [INFO]   [알파벳 A(GOOGL)] 신호 없음 | Lv3 매수 USD 345.13 -> 현재 USD 360.05 (+4.32%) | 익절 +10.0% / 추매 -5.0%
2026-07-02 04:01:13,523 [INFO] >>> Processing 애플(AAPL)
2026-07-02 04:01:13,523 [INFO]   [애플(AAPL)] 신호 없음 | Lv1 매수 USD 291.90 -> 현재 USD 294.81 (+1.00%) | 익절 +10.0% / 추매 -5.0%
2026-07-02 04:01:13,523 [INFO] >>> Processing 듀크 에너지(DUK)
2026-07-02 04:01:13,524 [INFO]   [듀크 에너지(DUK)] 신호 없음 | Lv1 매수 USD 124.92 -> 현재 USD 125.84 (+0.74%) | 익절 +10.0% / 추매 -5.0%
2026-07-02 04:01:13,524 [INFO] >>> Processing 코닝(GLW)
2026-07-02 04:01:13,524 [INFO] [코닝(GLW)] 현금 부족: 보유 현금 USD 119.92 < 현재가 USD 219.97 (1주도 매수 불가) -> 매수 보류
2026-07-02 04:01:13,774 [INFO] >>> Processing 에이알엠 홀딩스(ADR)(ARM)
2026-07-02 04:01:13,774 [INFO]   [에이알엠 홀딩스(ADR)(ARM)] 신호 없음 | Lv4 매수 USD 333.12 -> 현재 USD 339.64 (+1.96%) | 익절 +10.0% / 추매 -5.0%
2026-07-02 04:01:13,775 [INFO] >>> Processing 델 테크놀로지스(DELL)
2026-07-02 04:01:13,775 [INFO]   [델 테크놀로지스(DELL)] 신호 없음 | Lv2 매수 USD 409.90 -> 현재 USD 421.52 (+2.83%) | 익절 +10.0% / 추매 -5.0%
2026-07-02 04:01:13,775 [INFO] >>> Processing 브로드컴(AVGO)
2026-07-02 04:01:13,776 [INFO]   [브로드컴(AVGO)] 신호 없음 | Lv1 매수 USD 382.60 -> 현재 USD 370.36 (-3.20%) | 익절 +10.0% / 추매 -5.0%
2026-07-02 04:01:13,776 [INFO] >>> Processing SCHWAB US DIVIDEND EQUITY(SCHD)
2026-07-02 04:01:13,776 [INFO]   [SCHWAB US DIVIDEND EQUITY(SCHD)] 신호 없음 | Lv1 매수 USD 31.74 -> 현재 USD 31.88 (+0.44%) | 익절 +10.0% / 추매 -5.0%
2026-07-02 04:01:13,776 [INFO] >>> Processing 리얼티 인컴(O)
2026-07-02 04:01:13,777 [INFO]   [리얼티 인컴(O)] 신호 없음 | Lv1 매수 USD 62.37 -> 현재 USD 62.31 (-0.10%) | 익절 +10.0% / 추매 -5.0%
2026-07-02 04:01:13,777 [INFO] >>> Processing 루멘텀 홀딩스(LITE)
2026-07-02 04:01:13,777 [INFO] [루멘텀 홀딩스(LITE)] buy_amount(USD 500.00) < 현재가(USD 797.25) -> 1주도 매수 불가. buy_amount 상향 조정 필요
2026-07-02 04:01:14,047 [INFO] >>> Processing 프록터 앤드 갬블(PG)
2026-07-02 04:01:14,048 [INFO]   [프록터 앤드 갬블(PG)] 신호 없음 | Lv1 매수 USD 142.81 -> 현재 USD 146.50 (+2.59%) | 익절 +10.0% / 추매 -5.0%
2026-07-02 04:01:14,048 [INFO] >>> Processing 펩시코(PEP)
2026-07-02 04:01:14,048 [INFO]   [펩시코(PEP)] 신호 없음 | Lv2 매수 USD 142.33 -> 현재 USD 141.13 (-0.84%) | 익절 +10.0% / 추매 -5.0%
2026-07-02 04:01:14,049 [INFO] >>> Processing 테슬라(TSLA)
2026-07-02 04:01:14,049 [INFO]   [테슬라(TSLA)] 신호 없음 | Lv4 매수 USD 389.00 -> 현재 USD 425.38 (+9.35%) | 익절 +10.0% / 추매 -5.0%
2026-07-02 04:01:14,049 [INFO] >>> Processing ISHARES GLOBAL CLEAN ENERGY(ICLN)
2026-07-02 04:01:14,050 [INFO]   [ISHARES GLOBAL CLEAN ENERGY(ICLN)] 신호 없음 | Lv3 매수 USD 19.75 -> 현재 USD 20.27 (+2.61%) | 익절 +10.0% / 추매 -5.0%
2026-07-02 04:01:14,050 [INFO] >>> Step 6: Persist
