2026-06-13 00:01:00,021 [INFO] === Initializing MagicSplit Bot (overseas) ===
2026-06-13 00:01:00,021 [INFO] Loaded 19 stock rule(s) from config_overseas.json
2026-06-13 00:01:00,021 [INFO] [overseas] 16 rule(s), mode=LIVE
2026-06-13 00:01:00,022 [INFO] [KisBroker] 캐시에서 토큰 로드 (API 호출 생략)
2026-06-13 00:01:00,022 [INFO] [KisOverseasLiveBroker] Mode: LIVE TRADING
2026-06-13 00:01:00,022 [INFO] === Running overseas engine ===
2026-06-13 00:01:00,022 [INFO] >>> Step 1: Portfolio & Price Fetch
2026-06-13 00:01:02,295 [INFO] Fetching real-time prices from Broker...
2026-06-13 00:01:08,686 [INFO] Portfolio: Cash=USD 34.10, Value=USD 11,957.92
2026-06-13 00:01:08,686 [INFO] >>> Step 2: Load Positions
2026-06-13 00:01:08,687 [INFO] Loaded 21 position lot(s)
2026-06-13 00:01:08,688 [INFO] >>> Step 2.5: Reconcile OK (수량 일치)
2026-06-13 00:01:08,688 [INFO] >>> Processing 애플(AAPL)
2026-06-13 00:01:08,688 [INFO]   [애플(AAPL)] 신호 없음 | Lv1 매수 USD 291.90 -> 현재 USD 291.90 (+0.00%) | 익절 +10.0% / 추매 -5.0%
2026-06-13 00:01:08,689 [INFO] >>> Processing 리얼티 인컴(O)
2026-06-13 00:01:08,689 [INFO]   [리얼티 인컴(O)] 신호 없음 | Lv1 매수 USD 62.37 -> 현재 USD 62.79 (+0.67%) | 익절 +10.0% / 추매 -5.0%
2026-06-13 00:01:08,689 [INFO] >>> Processing 프록터 앤드 갬블(PG)
2026-06-13 00:01:08,689 [INFO]   [프록터 앤드 갬블(PG)] 신호 없음 | Lv1 매수 USD 142.81 -> 현재 USD 149.71 (+4.83%) | 익절 +10.0% / 추매 -5.0%
2026-06-13 00:01:08,690 [INFO] >>> Processing 펩시코(PEP)
2026-06-13 00:01:08,690 [INFO]   [펩시코(PEP)] 신호 없음 | Lv2 매수 USD 142.33 -> 현재 USD 143.84 (+1.06%) | 익절 +10.0% / 추매 -5.0%
2026-06-13 00:01:08,690 [INFO] >>> Processing 듀크 에너지(DUK)
2026-06-13 00:01:08,691 [INFO]   [듀크 에너지(DUK)] 신호 없음 | Lv1 매수 USD 124.92 -> 현재 USD 124.77 (-0.12%) | 익절 +10.0% / 추매 -5.0%
2026-06-13 00:01:08,691 [INFO] >>> Processing ARK INNOVATION(ARKK)
2026-06-13 00:01:08,691 [INFO]   [ARK INNOVATION(ARKK)] 신호 없음 | Lv2 매수 USD 75.28 -> 현재 USD 75.91 (+0.84%) | 익절 +10.0% / 추매 -5.0%
2026-06-13 00:01:08,692 [INFO] >>> Processing SCHWAB US DIVIDEND EQUITY(SCHD)
2026-06-13 00:01:08,692 [INFO]   [SCHWAB US DIVIDEND EQUITY(SCHD)] 신호 없음 | Lv1 매수 USD 31.74 -> 현재 USD 32.89 (+3.62%) | 익절 +10.0% / 추매 -5.0%
2026-06-13 00:01:08,692 [INFO] >>> Processing ISHARES GLOBAL CLEAN ENERGY(ICLN)
2026-06-13 00:01:08,693 [INFO]   [ISHARES GLOBAL CLEAN ENERGY(ICLN)] 신호 없음 | Lv1 매수 USD 22.01 -> 현재 USD 21.01 (-4.54%) | 익절 +10.0% / 추매 -5.0%
2026-06-13 00:01:08,693 [INFO] >>> Processing 알파벳 A(GOOGL)
2026-06-13 00:01:08,693 [INFO]   [알파벳 A(GOOGL)] 신호 없음 | Lv2 매수 USD 369.66 -> 현재 USD 363.34 (-1.71%) | 익절 +10.0% / 추매 -5.0%
2026-06-13 00:01:08,693 [INFO] >>> Processing 브로드컴(AVGO)
2026-06-13 00:01:08,694 [INFO] [브로드컴(AVGO)] 현금 부족: 보유 현금 USD 34.10 < 현재가 USD 381.50 (1주도 매수 불가) -> 매수 보류
2026-06-13 00:01:08,970 [INFO] >>> Processing 테슬라(TSLA)
2026-06-13 00:01:08,971 [INFO]   [테슬라(TSLA)] 신호 없음 | Lv3 매수 USD 409.90 -> 현재 USD 398.09 (-2.88%) | 익절 +10.0% / 추매 -5.0%
2026-06-13 00:01:08,971 [INFO] >>> Processing 코닝(GLW)
2026-06-13 00:01:08,971 [INFO]   [코닝(GLW)] 신호 없음 | Lv2 매수 USD 184.60 -> 현재 USD 180.46 (-2.24%) | 익절 +10.0% / 추매 -5.0%
2026-06-13 00:01:08,972 [INFO] >>> Processing IBM
2026-06-13 00:01:08,972 [INFO]   [IBM] 신호 없음 | Lv1 매수 USD 283.55 -> 현재 USD 273.49 (-3.55%) | 익절 +10.0% / 추매 -5.0%
2026-06-13 00:01:08,972 [INFO] >>> Processing 포엣 테크놀로지스(POET)
2026-06-13 00:01:08,973 [INFO]   [포엣 테크놀로지스(POET)] 신호 없음 | Lv2 매수 USD 12.34 -> 현재 USD 12.57 (+1.86%) | 익절 +10.0% / 추매 -5.0%
2026-06-13 00:01:08,973 [INFO] >>> Processing 루멘텀 홀딩스(LITE)
2026-06-13 00:01:08,973 [INFO] [루멘텀 홀딩스(LITE)] 현금 부족: 보유 현금 USD 34.10 < 현재가 USD 916.00 (1주도 매수 불가) -> 매수 보류
2026-06-13 00:01:09,399 [INFO] >>> Processing 팔란티어 테크(PLTR)
2026-06-13 00:01:09,400 [INFO] [팔란티어 테크(PLTR)] 현금 부족: 보유 현금 USD 34.10 < 현재가 USD 129.61 (1주도 매수 불가) -> 매수 보류
2026-06-13 00:01:09,610 [INFO] >>> Step 6: Persist
2026-06-13 02:01:00,199 [INFO] === Initializing MagicSplit Bot (overseas) ===
2026-06-13 02:01:00,199 [INFO] Loaded 19 stock rule(s) from config_overseas.json
2026-06-13 02:01:00,199 [INFO] [overseas] 16 rule(s), mode=LIVE
2026-06-13 02:01:00,199 [INFO] [KisBroker] 캐시에서 토큰 로드 (API 호출 생략)
2026-06-13 02:01:00,199 [INFO] [KisOverseasLiveBroker] Mode: LIVE TRADING
2026-06-13 02:01:00,199 [INFO] === Running overseas engine ===
2026-06-13 02:01:00,199 [INFO] >>> Step 1: Portfolio & Price Fetch
2026-06-13 02:01:02,131 [INFO] Fetching real-time prices from Broker...
2026-06-13 02:01:07,526 [INFO] Portfolio: Cash=USD 34.10, Value=USD 11,883.14
2026-06-13 02:01:07,526 [INFO] >>> Step 2: Load Positions
2026-06-13 02:01:07,526 [INFO] Loaded 21 position lot(s)
2026-06-13 02:01:07,527 [INFO] >>> Step 2.5: Reconcile OK (수량 일치)
2026-06-13 02:01:07,528 [INFO] >>> Processing 애플(AAPL)
2026-06-13 02:01:07,528 [INFO]   [애플(AAPL)] 신호 없음 | Lv1 매수 USD 291.90 -> 현재 USD 291.19 (-0.24%) | 익절 +10.0% / 추매 -5.0%
2026-06-13 02:01:07,528 [INFO] >>> Processing 리얼티 인컴(O)
2026-06-13 02:01:07,529 [INFO]   [리얼티 인컴(O)] 신호 없음 | Lv1 매수 USD 62.37 -> 현재 USD 62.27 (-0.16%) | 익절 +10.0% / 추매 -5.0%
2026-06-13 02:01:07,529 [INFO] >>> Processing 프록터 앤드 갬블(PG)
2026-06-13 02:01:07,529 [INFO]   [프록터 앤드 갬블(PG)] 신호 없음 | Lv1 매수 USD 142.81 -> 현재 USD 149.20 (+4.48%) | 익절 +10.0% / 추매 -5.0%
2026-06-13 02:01:07,530 [INFO] >>> Processing 펩시코(PEP)
2026-06-13 02:01:07,530 [INFO]   [펩시코(PEP)] 신호 없음 | Lv2 매수 USD 142.33 -> 현재 USD 143.20 (+0.61%) | 익절 +10.0% / 추매 -5.0%
2026-06-13 02:01:07,530 [INFO] >>> Processing 듀크 에너지(DUK)
2026-06-13 02:01:07,530 [INFO]   [듀크 에너지(DUK)] 신호 없음 | Lv1 매수 USD 124.92 -> 현재 USD 124.39 (-0.43%) | 익절 +10.0% / 추매 -5.0%
2026-06-13 02:01:07,531 [INFO] >>> Processing ARK INNOVATION(ARKK)
2026-06-13 02:01:07,531 [INFO]   [ARK INNOVATION(ARKK)] 신호 없음 | Lv2 매수 USD 75.28 -> 현재 USD 75.48 (+0.27%) | 익절 +10.0% / 추매 -5.0%
2026-06-13 02:01:07,531 [INFO] >>> Processing SCHWAB US DIVIDEND EQUITY(SCHD)
2026-06-13 02:01:07,532 [INFO]   [SCHWAB US DIVIDEND EQUITY(SCHD)] 신호 없음 | Lv1 매수 USD 31.74 -> 현재 USD 32.83 (+3.44%) | 익절 +10.0% / 추매 -5.0%
2026-06-13 02:01:07,532 [INFO] >>> Processing ISHARES GLOBAL CLEAN ENERGY(ICLN)
2026-06-13 02:01:07,532 [INFO]   [ISHARES GLOBAL CLEAN ENERGY(ICLN)] 신호 없음 | Lv1 매수 USD 22.01 -> 현재 USD 20.95 (-4.82%) | 익절 +10.0% / 추매 -5.0%
2026-06-13 02:01:07,533 [INFO] >>> Processing 알파벳 A(GOOGL)
2026-06-13 02:01:07,533 [INFO]   [알파벳 A(GOOGL)] 신호 없음 | Lv2 매수 USD 369.66 -> 현재 USD 361.91 (-2.10%) | 익절 +10.0% / 추매 -5.0%
2026-06-13 02:01:07,533 [INFO] >>> Processing 브로드컴(AVGO)
2026-06-13 02:01:07,534 [INFO] [브로드컴(AVGO)] 현금 부족: 보유 현금 USD 34.10 < 현재가 USD 381.44 (1주도 매수 불가) -> 매수 보류
2026-06-13 02:01:08,003 [INFO] >>> Processing 테슬라(TSLA)
2026-06-13 02:01:08,003 [INFO]   [테슬라(TSLA)] 신호 없음 | Lv3 매수 USD 409.90 -> 현재 USD 399.20 (-2.61%) | 익절 +10.0% / 추매 -5.0%
2026-06-13 02:01:08,003 [INFO] >>> Processing 코닝(GLW)
2026-06-13 02:01:08,004 [INFO]   [코닝(GLW)] 신호 없음 | Lv2 매수 USD 184.60 -> 현재 USD 179.31 (-2.87%) | 익절 +10.0% / 추매 -5.0%
2026-06-13 02:01:08,004 [INFO] >>> Processing IBM
2026-06-13 02:01:08,004 [INFO]   [IBM] 신호 없음 | Lv1 매수 USD 283.55 -> 현재 USD 272.82 (-3.78%) | 익절 +10.0% / 추매 -5.0%
2026-06-13 02:01:08,005 [INFO] >>> Processing 포엣 테크놀로지스(POET)
2026-06-13 02:01:08,005 [INFO]   [포엣 테크놀로지스(POET)] 신호 없음 | Lv2 매수 USD 12.34 -> 현재 USD 12.38 (+0.28%) | 익절 +10.0% / 추매 -5.0%
2026-06-13 02:01:08,005 [INFO] >>> Processing 루멘텀 홀딩스(LITE)
2026-06-13 02:01:08,006 [INFO] [루멘텀 홀딩스(LITE)] 현금 부족: 보유 현금 USD 34.10 < 현재가 USD 923.23 (1주도 매수 불가) -> 매수 보류
2026-06-13 02:01:08,470 [INFO] >>> Processing 팔란티어 테크(PLTR)
2026-06-13 02:01:08,470 [INFO] [팔란티어 테크(PLTR)] 현금 부족: 보유 현금 USD 34.10 < 현재가 USD 128.10 (1주도 매수 불가) -> 매수 보류
2026-06-13 02:01:08,888 [INFO] >>> Step 6: Persist
2026-06-13 04:00:57,936 [INFO] === Initializing MagicSplit Bot (overseas) ===
2026-06-13 04:00:57,937 [INFO] Loaded 19 stock rule(s) from config_overseas.json
2026-06-13 04:00:57,937 [INFO] [overseas] 16 rule(s), mode=LIVE
2026-06-13 04:00:57,937 [INFO] [KisBroker] 캐시에서 토큰 로드 (API 호출 생략)
2026-06-13 04:00:57,937 [INFO] [KisOverseasLiveBroker] Mode: LIVE TRADING
2026-06-13 04:00:57,937 [INFO] === Running overseas engine ===
2026-06-13 04:00:57,937 [INFO] >>> Step 1: Portfolio & Price Fetch
2026-06-13 04:01:00,132 [INFO] Fetching real-time prices from Broker...
2026-06-13 04:01:06,439 [INFO] Portfolio: Cash=USD 34.10, Value=USD 11,898.65
2026-06-13 04:01:06,439 [INFO] >>> Step 2: Load Positions
2026-06-13 04:01:06,440 [INFO] Loaded 21 position lot(s)
2026-06-13 04:01:06,441 [INFO] >>> Step 2.5: Reconcile OK (수량 일치)
2026-06-13 04:01:06,441 [INFO] >>> Processing 애플(AAPL)
2026-06-13 04:01:06,441 [INFO]   [애플(AAPL)] 신호 없음 | Lv1 매수 USD 291.90 -> 현재 USD 290.53 (-0.47%) | 익절 +10.0% / 추매 -5.0%
2026-06-13 04:01:06,442 [INFO] >>> Processing 리얼티 인컴(O)
2026-06-13 04:01:06,442 [INFO]   [리얼티 인컴(O)] 신호 없음 | Lv1 매수 USD 62.37 -> 현재 USD 62.69 (+0.51%) | 익절 +10.0% / 추매 -5.0%
2026-06-13 04:01:06,442 [INFO] >>> Processing 프록터 앤드 갬블(PG)
2026-06-13 04:01:06,443 [INFO]   [프록터 앤드 갬블(PG)] 신호 없음 | Lv1 매수 USD 142.81 -> 현재 USD 149.57 (+4.73%) | 익절 +10.0% / 추매 -5.0%
2026-06-13 04:01:06,443 [INFO] >>> Processing 펩시코(PEP)
2026-06-13 04:01:06,443 [INFO]   [펩시코(PEP)] 신호 없음 | Lv2 매수 USD 142.33 -> 현재 USD 144.01 (+1.18%) | 익절 +10.0% / 추매 -5.0%
2026-06-13 04:01:06,444 [INFO] >>> Processing 듀크 에너지(DUK)
2026-06-13 04:01:06,444 [INFO]   [듀크 에너지(DUK)] 신호 없음 | Lv1 매수 USD 124.92 -> 현재 USD 124.99 (+0.06%) | 익절 +10.0% / 추매 -5.0%
2026-06-13 04:01:06,444 [INFO] >>> Processing ARK INNOVATION(ARKK)
2026-06-13 04:01:06,444 [INFO]   [ARK INNOVATION(ARKK)] 신호 없음 | Lv2 매수 USD 75.28 -> 현재 USD 75.26 (-0.03%) | 익절 +10.0% / 추매 -5.0%
2026-06-13 04:01:06,445 [INFO] >>> Processing SCHWAB US DIVIDEND EQUITY(SCHD)
2026-06-13 04:01:06,445 [INFO]   [SCHWAB US DIVIDEND EQUITY(SCHD)] 신호 없음 | Lv1 매수 USD 31.74 -> 현재 USD 32.80 (+3.32%) | 익절 +10.0% / 추매 -5.0%
2026-06-13 04:01:06,445 [INFO] >>> Processing ISHARES GLOBAL CLEAN ENERGY(ICLN)
2026-06-13 04:01:06,446 [INFO] [ISHARES GLOBAL CLEAN ENERGY(ICLN)] 현금 부족: 보유 현금 USD 34.10 < 매수 예정 금액 USD 480.82 (23주) -> 매수 보류
2026-06-13 04:01:06,743 [INFO] >>> Processing 알파벳 A(GOOGL)
2026-06-13 04:01:06,743 [INFO]   [알파벳 A(GOOGL)] 신호 없음 | Lv2 매수 USD 369.66 -> 현재 USD 360.86 (-2.38%) | 익절 +10.0% / 추매 -5.0%
2026-06-13 04:01:06,744 [INFO] >>> Processing 브로드컴(AVGO)
2026-06-13 04:01:06,744 [INFO] [브로드컴(AVGO)] 현금 부족: 보유 현금 USD 34.10 < 현재가 USD 381.12 (1주도 매수 불가) -> 매수 보류
2026-06-13 04:01:07,078 [INFO] >>> Processing 테슬라(TSLA)
2026-06-13 04:01:07,078 [INFO]   [테슬라(TSLA)] 신호 없음 | Lv3 매수 USD 409.90 -> 현재 USD 401.78 (-1.98%) | 익절 +10.0% / 추매 -5.0%
2026-06-13 04:01:07,078 [INFO] >>> Processing 코닝(GLW)
2026-06-13 04:01:07,079 [INFO]   [코닝(GLW)] 신호 없음 | Lv2 매수 USD 184.60 -> 현재 USD 179.90 (-2.55%) | 익절 +10.0% / 추매 -5.0%
2026-06-13 04:01:07,079 [INFO] >>> Processing IBM
2026-06-13 04:01:07,079 [INFO]   [IBM] 신호 없음 | Lv1 매수 USD 283.55 -> 현재 USD 271.07 (-4.40%) | 익절 +10.0% / 추매 -5.0%
2026-06-13 04:01:07,080 [INFO] >>> Processing 포엣 테크놀로지스(POET)
2026-06-13 04:01:07,080 [INFO]   [포엣 테크놀로지스(POET)] 신호 없음 | Lv2 매수 USD 12.34 -> 현재 USD 12.48 (+1.18%) | 익절 +10.0% / 추매 -5.0%
2026-06-13 04:01:07,080 [INFO] >>> Processing 루멘텀 홀딩스(LITE)
2026-06-13 04:01:07,081 [INFO] [루멘텀 홀딩스(LITE)] 현금 부족: 보유 현금 USD 34.10 < 현재가 USD 924.20 (1주도 매수 불가) -> 매수 보류
2026-06-13 04:01:07,349 [INFO] >>> Processing 팔란티어 테크(PLTR)
2026-06-13 04:01:07,349 [INFO] [팔란티어 테크(PLTR)] 현금 부족: 보유 현금 USD 34.10 < 현재가 USD 127.73 (1주도 매수 불가) -> 매수 보류
2026-06-13 04:01:07,565 [INFO] >>> Step 6: Persist
