2026-06-05 02:36:50,104 [INFO] === Initializing MagicSplit Bot (overseas) ===
2026-06-05 02:36:50,104 [INFO] Loaded 19 stock rule(s) from config_overseas.json
2026-06-05 02:36:50,104 [INFO] [overseas] 16 rule(s), mode=LIVE
2026-06-05 02:36:50,104 [INFO] [KisBroker] 캐시에서 토큰 로드 (API 호출 생략)
2026-06-05 02:36:50,104 [INFO] [KisOverseasLiveBroker] Mode: LIVE TRADING
2026-06-05 02:36:50,104 [INFO] === Running overseas engine ===
2026-06-05 02:36:50,104 [INFO] >>> Step 1: Portfolio & Price Fetch
2026-06-05 02:36:52,259 [INFO] Fetching real-time prices from Broker...
2026-06-05 02:36:58,362 [INFO] Portfolio: Cash=USD 563.85, Value=USD 12,737.43
2026-06-05 02:36:58,362 [INFO] >>> Step 2: Load Positions
2026-06-05 02:36:58,363 [INFO] Loaded 20 position lot(s)
2026-06-05 02:36:58,364 [INFO] >>> Step 2.5: Reconcile OK (수량 일치)
2026-06-05 02:36:58,364 [INFO] >>> Processing 애플(AAPL)
2026-06-05 02:36:58,364 [INFO]   [애플(AAPL)] 신호 없음 | Lv1 매수 USD 291.90 -> 현재 USD 311.67 (+6.77%) | 익절 +10.0% / 추매 -5.0%
2026-06-05 02:36:58,365 [INFO] >>> Processing 리얼티 인컴(O)
2026-06-05 02:36:58,365 [INFO]   [리얼티 인컴(O)] 신호 없음 | Lv1 매수 USD 62.37 -> 현재 USD 59.64 (-4.38%) | 익절 +10.0% / 추매 -5.0%
2026-06-05 02:36:58,365 [INFO] >>> Processing 프록터 앤드 갬블(PG)
2026-06-05 02:36:58,365 [INFO]   [프록터 앤드 갬블(PG)] 신호 없음 | Lv1 매수 USD 142.81 -> 현재 USD 140.50 (-1.62%) | 익절 +10.0% / 추매 -5.0%
2026-06-05 02:36:58,366 [INFO] >>> Processing 펩시코(PEP)
2026-06-05 02:36:58,366 [INFO] [펩시코(PEP)] Lv1 매수가 USD 150.05 대비 -5.2% -> 추가 매수 Lv2 3주 @USD 142.31
2026-06-05 02:36:58,366 [INFO] Executing 1 order(s)...
2026-06-05 02:36:59,931 [INFO] [KisBroker] Available Cash for BUY: 564
2026-06-05 02:37:01,459 [INFO] [KisBroker] Order Sent: BUY 펩시코(PEP) 3 @ 142.33 (ODNO=0031813762)
2026-06-05 02:37:04,012 [INFO] [KisBroker] Order FILLED: 펩시코(PEP) ODNO=0031813762 price=142.33 qty=3 fee=0.0
2026-06-05 02:37:04,213 [INFO] [Position] New lot: lot_20260605_023704_PEP_002 Lv2 펩시코(PEP) 3주 @USD 142.33
2026-06-05 02:37:08,792 [INFO] >>> Processing 듀크 에너지(DUK)
2026-06-05 02:37:08,792 [INFO]   [듀크 에너지(DUK)] 신호 없음 | Lv1 매수 USD 124.92 -> 현재 USD 121.31 (-2.89%) | 익절 +10.0% / 추매 -5.0%
2026-06-05 02:37:08,792 [INFO] >>> Processing ARK INNOVATION(ARKK)
2026-06-05 02:37:08,793 [INFO]   [ARK INNOVATION(ARKK)] 신호 없음 | Lv2 매수 USD 75.28 -> 현재 USD 79.91 (+6.15%) | 익절 +10.0% / 추매 -5.0%
2026-06-05 02:37:08,793 [INFO] >>> Processing SCHWAB US DIVIDEND EQUITY(SCHD)
2026-06-05 02:37:08,793 [INFO]   [SCHWAB US DIVIDEND EQUITY(SCHD)] 신호 없음 | Lv1 매수 USD 31.74 -> 현재 USD 32.55 (+2.56%) | 익절 +10.0% / 추매 -5.0%
2026-06-05 02:37:08,794 [INFO] >>> Processing ISHARES GLOBAL CLEAN ENERGY(ICLN)
2026-06-05 02:37:08,794 [INFO]   [ISHARES GLOBAL CLEAN ENERGY(ICLN)] 신호 없음 | Lv1 매수 USD 22.01 -> 현재 USD 23.15 (+5.18%) | 익절 +10.0% / 추매 -5.0%
2026-06-05 02:37:08,794 [INFO] >>> Processing 알파벳 A(GOOGL)
2026-06-05 02:37:08,794 [INFO] [알파벳 A(GOOGL)] 현금 부족: 보유 현금 USD 136.87 < 현재가 USD 371.85 (1주도 매수 불가) -> 매수 보류
2026-06-05 02:37:09,140 [INFO] >>> Processing 브로드컴(AVGO)
2026-06-05 02:37:09,140 [INFO] [브로드컴(AVGO)] trailing 벌크 매도 발동: Lv1~Lv1 1주 (-1.7%)
2026-06-05 02:37:09,141 [INFO] Executing 1 order(s)...
2026-06-05 02:37:09,141 [INFO] [KisBroker] Processing 1 SELL orders...
2026-06-05 02:37:10,286 [INFO] [KisBroker] Order Sent: SELL 브로드컴(AVGO) 1 @ 422.5 (ODNO=0031813790)
2026-06-05 02:37:40,876 [WARNING] [KisBroker] Order NOT confirmed within 30s: 브로드컴(AVGO) ODNO=0031813790 — 취소 시도 후 재폴링·체결조회
2026-06-05 02:37:41,745 [INFO] [KisBroker] Order Cancelled: 브로드컴(AVGO) ODNO=0031813790
2026-06-05 02:37:43,618 [INFO] [KisBroker] Timeout outcome: 브로드컴(AVGO) ODNO=0031813790 REJECTED qty=0/1 detail=cancelled_no_fill
2026-06-05 02:37:43,819 [WARNING] [Position] Skip: 브로드컴(AVGO) SELL rejected
2026-06-05 02:37:48,556 [INFO] >>> Processing 테슬라(TSLA)
2026-06-05 02:37:48,556 [INFO]   [테슬라(TSLA)] 신호 없음 | Lv3 매수 USD 409.90 -> 현재 USD 419.38 (+2.31%) | 익절 +10.0% / 추매 -5.0%
2026-06-05 02:37:48,556 [INFO] >>> Processing 코닝(GLW)
2026-06-05 02:37:48,557 [INFO]   [코닝(GLW)] 신호 없음 | Lv2 매수 USD 184.60 -> 현재 USD 198.41 (+7.48%) | 익절 +10.0% / 추매 -5.0%
2026-06-05 02:37:48,557 [INFO] >>> Processing IBM
2026-06-05 02:37:48,557 [INFO] [IBM] 현금 부족: 보유 현금 USD 136.87 < 현재가 USD 302.11 (1주도 매수 불가) -> 매수 보류
2026-06-05 02:37:48,866 [INFO] >>> Processing 포엣 테크놀로지스(POET)
2026-06-05 02:37:48,867 [INFO]   [포엣 테크놀로지스(POET)] 신호 없음 | Lv1 매수 USD 15.42 -> 현재 USD 14.72 (-4.51%) | 익절 +10.0% / 추매 -5.0%
2026-06-05 02:37:48,867 [INFO] >>> Processing 루멘텀 홀딩스(LITE)
2026-06-05 02:37:48,867 [INFO] [루멘텀 홀딩스(LITE)] 현금 부족: 보유 현금 USD 136.87 < 현재가 USD 942.81 (1주도 매수 불가) -> 매수 보류
2026-06-05 02:37:49,176 [INFO] >>> Processing 팔란티어 테크(PLTR)
2026-06-05 02:37:49,177 [INFO]   [팔란티어 테크(PLTR)] 신호 없음 | Lv1 매수 USD 147.91 -> 현재 USD 140.95 (-4.71%) | 익절 +10.0% / 추매 -5.0%
2026-06-05 02:37:49,177 [INFO] >>> Step 6: Persist
