2026-06-02 04:48:17,764 [INFO] === Initializing MagicSplit Bot (overseas) ===
2026-06-02 04:48:17,764 [INFO] Loaded 19 stock rule(s) from config_overseas.json
2026-06-02 04:48:17,764 [INFO] [overseas] 17 rule(s), mode=LIVE
2026-06-02 04:48:17,765 [INFO] [KisBroker] 캐시에서 토큰 로드 (API 호출 생략)
2026-06-02 04:48:17,765 [INFO] [KisOverseasLiveBroker] Mode: LIVE TRADING
2026-06-02 04:48:17,765 [INFO] === Running overseas engine ===
2026-06-02 04:48:17,765 [INFO] >>> Step 1: Portfolio & Price Fetch
2026-06-02 04:48:19,950 [INFO] Fetching real-time prices from Broker...
2026-06-02 04:48:26,746 [INFO] Portfolio: Cash=USD 185.46, Value=USD 13,125.23
2026-06-02 04:48:26,746 [INFO] >>> Step 2: Load Positions
2026-06-02 04:48:26,746 [INFO] Loaded 20 position lot(s)
2026-06-02 04:48:26,747 [INFO] >>> Step 2.5: Reconcile OK (수량 일치)
2026-06-02 04:48:26,748 [INFO] >>> Processing 애플(AAPL)
2026-06-02 04:48:26,748 [INFO]   [애플(AAPL)] 신호 없음 | Lv1 매수 USD 291.90 -> 현재 USD 307.73 (+5.42%) | 익절 +10.0% / 추매 -5.0%
2026-06-02 04:48:26,748 [INFO] >>> Processing 리얼티 인컴(O)
2026-06-02 04:48:26,749 [INFO]   [리얼티 인컴(O)] 신호 없음 | Lv1 매수 USD 62.37 -> 현재 USD 59.81 (-4.10%) | 익절 +10.0% / 추매 -5.0%
2026-06-02 04:48:26,749 [INFO] >>> Processing 프록터 앤드 갬블(PG)
2026-06-02 04:48:26,749 [INFO]   [프록터 앤드 갬블(PG)] 신호 없음 | Lv1 매수 USD 142.81 -> 현재 USD 140.06 (-1.93%) | 익절 +10.0% / 추매 -5.0%
2026-06-02 04:48:26,749 [INFO] >>> Processing 펩시코(PEP)
2026-06-02 04:48:26,750 [INFO] [펩시코(PEP)] 현금 부족: 보유 현금 USD 185.46 < 매수 예정 금액 USD 424.95 (3주) -> 매수 보류
2026-06-02 04:48:27,000 [INFO] >>> Processing 듀크 에너지(DUK)
2026-06-02 04:48:27,001 [INFO]   [듀크 에너지(DUK)] 신호 없음 | Lv1 매수 USD 124.92 -> 현재 USD 120.14 (-3.83%) | 익절 +10.0% / 추매 -5.0%
2026-06-02 04:48:27,001 [INFO] >>> Processing ARK INNOVATION(ARKK)
2026-06-02 04:48:27,001 [INFO]   [ARK INNOVATION(ARKK)] 신호 없음 | Lv2 매수 USD 75.28 -> 현재 USD 81.44 (+8.19%) | 익절 +10.0% / 추매 -5.0%
2026-06-02 04:48:27,002 [INFO] >>> Processing SCHWAB US DIVIDEND EQUITY(SCHD)
2026-06-02 04:48:27,002 [INFO]   [SCHWAB US DIVIDEND EQUITY(SCHD)] 신호 없음 | Lv1 매수 USD 31.74 -> 현재 USD 32.19 (+1.43%) | 익절 +10.0% / 추매 -5.0%
2026-06-02 04:48:27,002 [INFO] >>> Processing ISHARES GLOBAL CLEAN ENERGY(ICLN)
2026-06-02 04:48:27,003 [INFO]   [ISHARES GLOBAL CLEAN ENERGY(ICLN)] 신호 없음 | Lv1 매수 USD 22.01 -> 현재 USD 23.08 (+4.86%) | 익절 +10.0% / 추매 -5.0%
2026-06-02 04:48:27,003 [INFO] >>> Processing 알파벳 A(GOOGL)
2026-06-02 04:48:27,003 [INFO]   [알파벳 A(GOOGL)] 신호 없음 | Lv1 매수 USD 393.85 -> 현재 USD 377.83 (-4.07%) | 익절 +10.0% / 추매 -5.0%
2026-06-02 04:48:27,003 [INFO] >>> Processing 브로드컴(AVGO)
2026-06-02 04:48:27,004 [INFO]   [브로드컴(AVGO)] 신호 없음 | Lv1 매수 USD 429.80 -> 현재 USD 457.12 (+6.36%) | 익절 +10.0% / 추매 -5.0%
2026-06-02 04:48:27,004 [INFO] >>> Processing 테슬라(TSLA)
2026-06-02 04:48:27,004 [INFO]   [테슬라(TSLA)] 신호 없음 | Lv3 매수 USD 409.90 -> 현재 USD 416.60 (+1.64%) | 익절 +10.0% / 추매 -5.0%
2026-06-02 04:48:27,004 [INFO] >>> Processing 코닝(GLW)
2026-06-02 04:48:27,005 [INFO]   [코닝(GLW)] 신호 없음 | Lv2 매수 USD 184.60 -> 현재 USD 176.00 (-4.66%) | 익절 +10.0% / 추매 -5.0%
2026-06-02 04:48:27,005 [INFO] >>> Processing IBM
2026-06-02 04:48:27,005 [INFO] [IBM] Lv1: trailing 활성화 (매수가 대비 +16.2%, 스톱가 USD 304.07)
2026-06-02 04:48:27,227 [INFO] >>> Processing 포엣 테크놀로지스(POET)
2026-06-02 04:48:27,227 [INFO] [포엣 테크놀로지스(POET)] 현금 부족: 보유 현금 USD 185.46 < 매수 예정 금액 USD 996.49 (71주) -> 매수 보류
2026-06-02 04:48:27,464 [INFO] >>> Processing 루멘텀 홀딩스(LITE)
2026-06-02 04:48:27,465 [INFO] [루멘텀 홀딩스(LITE)] buy_amount(USD 500.00) < 현재가(USD 901.21) -> 1주도 매수 불가. buy_amount 상향 조정 필요
2026-06-02 04:48:27,695 [INFO] >>> Processing 리게티 컴퓨팅(RGTI)
2026-06-02 04:48:27,696 [INFO]   [리게티 컴퓨팅(RGTI)] 신호 없음 | Lv1 매수 USD 26.58 -> 현재 USD 25.93 (-2.45%) | 익절 +10.0% / 추매 -5.0%
2026-06-02 04:48:27,696 [INFO] >>> Processing 팔란티어 테크(PLTR)
2026-06-02 04:48:27,696 [INFO]   [팔란티어 테크(PLTR)] 신호 없음 | Lv1 매수 USD 147.91 -> 현재 USD 161.01 (+8.86%) | 익절 +10.0% / 추매 -5.0%
2026-06-02 04:48:27,696 [INFO] >>> Step 6: Persist
