2026-07-11 00:01:21,073 [INFO] === Initializing MagicSplit Bot (overseas) ===
2026-07-11 00:01:21,074 [INFO] Loaded 22 stock rule(s) from config_overseas.json
2026-07-11 00:01:21,074 [INFO] [overseas] 11 rule(s), mode=LIVE
2026-07-11 00:01:21,074 [INFO] [KisBroker] 캐시에서 토큰 로드 (API 호출 생략)
2026-07-11 00:01:21,074 [INFO] [KisOverseasLiveBroker] Mode: LIVE TRADING
2026-07-11 00:01:21,074 [INFO] === Running overseas engine ===
2026-07-11 00:01:21,074 [INFO] >>> Step 1: Portfolio & Price Fetch
2026-07-11 00:01:23,652 [INFO] Fetching real-time prices from Broker...
2026-07-11 00:01:27,950 [INFO] Portfolio: Cash=USD 5,497.06, Value=USD 19,036.29
2026-07-11 00:01:27,950 [INFO] >>> Step 2: Load Positions
2026-07-11 00:01:27,950 [INFO] Loaded 24 position lot(s)
2026-07-11 00:01:27,951 [INFO] >>> Step 2.5: Reconcile OK (수량 일치)
2026-07-11 00:01:27,952 [INFO] >>> Processing ISHARES GLOBAL CLEAN ENERGY(ICLN)
2026-07-11 00:01:27,952 [INFO]   [ISHARES GLOBAL CLEAN ENERGY(ICLN)] 신호 없음 | Lv3 매수 USD 19.75 -> 현재 USD 19.08 (-3.39%) | 익절 +10.0% / 추매 -5.0%
2026-07-11 00:01:27,952 [INFO] >>> Processing 루멘텀 홀딩스(LITE)
2026-07-11 00:01:27,953 [INFO] [루멘텀 홀딩스(LITE)] buy_amount(USD 500.00) < 현재가(USD 767.49) -> 1주도 매수 불가. buy_amount 상향 조정 필요
2026-07-11 00:01:28,237 [INFO] >>> Processing 테슬라(TSLA)
2026-07-11 00:01:28,238 [INFO]   [테슬라(TSLA)] 신호 없음 | Lv4 매수 USD 389.00 -> 현재 USD 406.53 (+4.51%) | 익절 +10.0% / 추매 -5.0%
2026-07-11 00:01:28,238 [INFO] >>> Processing 카메코(CCJ)
2026-07-11 00:01:28,238 [INFO]   [카메코(CCJ)] 신호 없음 | Lv1 매수 USD 94.06 -> 현재 USD 95.67 (+1.71%) | 익절 +10.0% / 추매 -5.0%
2026-07-11 00:01:28,239 [INFO] >>> Processing 브로드컴(AVGO)
2026-07-11 00:01:28,239 [INFO]   [브로드컴(AVGO)] 신호 없음 | Lv2 매수 USD 363.20 -> 현재 USD 398.32 (+9.67%) | 익절 +10.0% / 추매 -5.0%
2026-07-11 00:01:28,239 [INFO] >>> Processing 펩시코(PEP)
2026-07-11 00:01:28,240 [INFO]   [펩시코(PEP)] 신호 없음 | Lv2 매수 USD 142.33 -> 현재 USD 137.24 (-3.58%) | 익절 +10.0% / 추매 -5.0%
2026-07-11 00:01:28,240 [INFO] >>> Processing 알파벳 A(GOOGL)
2026-07-11 00:01:28,240 [INFO]   [알파벳 A(GOOGL)] 신호 없음 | Lv3 매수 USD 345.13 -> 현재 USD 353.31 (+2.37%) | 익절 +10.0% / 추매 -5.0%
2026-07-11 00:01:28,241 [INFO] >>> Processing ARK INNOVATION(ARKK)
2026-07-11 00:01:28,241 [INFO]   [ARK INNOVATION(ARKK)] 신호 없음 | Lv1 매수 USD 79.92 -> 현재 USD 79.84 (-0.10%) | 익절 +10.0% / 추매 -5.0%
2026-07-11 00:01:28,241 [INFO] >>> Processing 델 테크놀로지스(DELL)
2026-07-11 00:01:28,242 [INFO]   [델 테크놀로지스(DELL)] 신호 없음 | Lv2 매수 USD 409.90 -> 현재 USD 440.20 (+7.39%) | 익절 +10.0% / 추매 -5.0%
2026-07-11 00:01:28,242 [INFO] >>> Processing SCHWAB US DIVIDEND EQUITY(SCHD)
2026-07-11 00:01:28,242 [INFO]   [SCHWAB US DIVIDEND EQUITY(SCHD)] 신호 없음 | Lv1 매수 USD 31.74 -> 현재 USD 32.41 (+2.10%) | 익절 +10.0% / 추매 -5.0%
2026-07-11 00:01:28,243 [INFO] >>> Processing 애플(AAPL)
2026-07-11 00:01:28,243 [INFO]   [애플(AAPL)] 신호 없음 | Lv1 매수 USD 291.90 -> 현재 USD 313.92 (+7.54%) | 익절 +10.0% / 추매 -5.0%
2026-07-11 00:01:28,243 [INFO] >>> Step 6: Persist
