2026-07-10 00:01:19,777 [INFO] === Initializing MagicSplit Bot (overseas) ===
2026-07-10 00:01:19,777 [INFO] Loaded 22 stock rule(s) from config_overseas.json
2026-07-10 00:01:19,777 [INFO] [overseas] 12 rule(s), mode=LIVE
2026-07-10 00:01:19,778 [INFO] [KisBroker] 캐시에서 토큰 로드 (API 호출 생략)
2026-07-10 00:01:19,778 [INFO] [KisOverseasLiveBroker] Mode: LIVE TRADING
2026-07-10 00:01:19,778 [INFO] === Running overseas engine ===
2026-07-10 00:01:19,778 [INFO] >>> Step 1: Portfolio & Price Fetch
2026-07-10 00:01:23,404 [INFO] Fetching real-time prices from Broker...
2026-07-10 00:01:28,099 [INFO] Portfolio: Cash=USD 5,489.23, Value=USD 19,243.33
2026-07-10 00:01:28,099 [INFO] >>> Step 2: Load Positions
2026-07-10 00:01:28,100 [INFO] Loaded 24 position lot(s)
2026-07-10 00:01:28,101 [INFO] >>> Step 2.5: Reconcile OK (수량 일치)
2026-07-10 00:01:28,101 [INFO] >>> Processing SCHWAB US DIVIDEND EQUITY(SCHD)
2026-07-10 00:01:28,101 [INFO]   [SCHWAB US DIVIDEND EQUITY(SCHD)] 신호 없음 | Lv1 매수 USD 31.74 -> 현재 USD 32.30 (+1.78%) | 익절 +10.0% / 추매 -5.0%
2026-07-10 00:01:28,102 [INFO] >>> Processing 델 테크놀로지스(DELL)
2026-07-10 00:01:28,102 [INFO] [델 테크놀로지스(DELL)] Lv2: trailing 활성화 (매수가 대비 +10.5%, 스톱가 USD 430.25)
2026-07-10 00:01:28,366 [INFO] >>> Processing 카메코(CCJ)
2026-07-10 00:01:28,366 [INFO]   [카메코(CCJ)] 신호 없음 | Lv1 매수 USD 94.06 -> 현재 USD 96.17 (+2.24%) | 익절 +10.0% / 추매 -5.0%
2026-07-10 00:01:28,367 [INFO] >>> Processing 루멘텀 홀딩스(LITE)
2026-07-10 00:01:28,367 [INFO] [루멘텀 홀딩스(LITE)] buy_amount(USD 500.00) < 현재가(USD 789.57) -> 1주도 매수 불가. buy_amount 상향 조정 필요
2026-07-10 00:01:28,618 [INFO] >>> Processing 테슬라(TSLA)
2026-07-10 00:01:28,618 [INFO]   [테슬라(TSLA)] 신호 없음 | Lv4 매수 USD 389.00 -> 현재 USD 395.99 (+1.80%) | 익절 +10.0% / 추매 -5.0%
2026-07-10 00:01:28,619 [INFO] >>> Processing 브로드컴(AVGO)
2026-07-10 00:01:28,619 [INFO]   [브로드컴(AVGO)] 신호 없음 | Lv2 매수 USD 363.20 -> 현재 USD 393.38 (+8.31%) | 익절 +10.0% / 추매 -5.0%
2026-07-10 00:01:28,619 [INFO] >>> Processing ISHARES GLOBAL CLEAN ENERGY(ICLN)
2026-07-10 00:01:28,619 [INFO]   [ISHARES GLOBAL CLEAN ENERGY(ICLN)] 신호 없음 | Lv3 매수 USD 19.75 -> 현재 USD 19.43 (-1.62%) | 익절 +10.0% / 추매 -5.0%
2026-07-10 00:01:28,620 [INFO] >>> Processing 코닝(GLW)
2026-07-10 00:01:28,620 [INFO]   [코닝(GLW)] 신호 없음 | Lv3 매수 USD 196.60 -> 현재 USD 197.28 (+0.35%) | 익절 +10.0% / 추매 -5.0%
2026-07-10 00:01:28,620 [INFO] >>> Processing 애플(AAPL)
2026-07-10 00:01:28,621 [INFO]   [애플(AAPL)] 신호 없음 | Lv1 매수 USD 291.90 -> 현재 USD 311.66 (+6.77%) | 익절 +10.0% / 추매 -5.0%
2026-07-10 00:01:28,621 [INFO] >>> Processing 알파벳 A(GOOGL)
2026-07-10 00:01:28,621 [INFO]   [알파벳 A(GOOGL)] 신호 없음 | Lv3 매수 USD 345.13 -> 현재 USD 353.07 (+2.30%) | 익절 +10.0% / 추매 -5.0%
2026-07-10 00:01:28,621 [INFO] >>> Processing 펩시코(PEP)
2026-07-10 00:01:28,622 [INFO]   [펩시코(PEP)] 신호 없음 | Lv2 매수 USD 142.33 -> 현재 USD 136.88 (-3.83%) | 익절 +10.0% / 추매 -5.0%
2026-07-10 00:01:28,622 [INFO] >>> Processing ARK INNOVATION(ARKK)
2026-07-10 00:01:28,622 [INFO]   [ARK INNOVATION(ARKK)] 신호 없음 | Lv1 매수 USD 79.92 -> 현재 USD 81.58 (+2.08%) | 익절 +10.0% / 추매 -5.0%
2026-07-10 00:01:28,622 [INFO] >>> Step 6: Persist
2026-07-10 02:01:17,971 [INFO] === Initializing MagicSplit Bot (overseas) ===
2026-07-10 02:01:17,971 [INFO] Loaded 22 stock rule(s) from config_overseas.json
2026-07-10 02:01:17,971 [INFO] [overseas] 12 rule(s), mode=LIVE
2026-07-10 02:01:17,972 [INFO] [KisBroker] 캐시에서 토큰 로드 (API 호출 생략)
2026-07-10 02:01:17,972 [INFO] [KisOverseasLiveBroker] Mode: LIVE TRADING
2026-07-10 02:01:17,972 [INFO] === Running overseas engine ===
2026-07-10 02:01:17,972 [INFO] >>> Step 1: Portfolio & Price Fetch
2026-07-10 02:01:20,837 [INFO] Fetching real-time prices from Broker...
2026-07-10 02:01:25,510 [INFO] Portfolio: Cash=USD 5,489.23, Value=USD 19,310.64
2026-07-10 02:01:25,510 [INFO] >>> Step 2: Load Positions
2026-07-10 02:01:25,510 [INFO] Loaded 24 position lot(s)
2026-07-10 02:01:25,511 [INFO] >>> Step 2.5: Reconcile OK (수량 일치)
2026-07-10 02:01:25,512 [INFO] >>> Processing 루멘텀 홀딩스(LITE)
2026-07-10 02:01:25,512 [INFO] [루멘텀 홀딩스(LITE)] buy_amount(USD 500.00) < 현재가(USD 788.01) -> 1주도 매수 불가. buy_amount 상향 조정 필요
2026-07-10 02:01:25,794 [INFO] >>> Processing 펩시코(PEP)
2026-07-10 02:01:25,795 [INFO]   [펩시코(PEP)] 신호 없음 | Lv2 매수 USD 142.33 -> 현재 USD 137.87 (-3.13%) | 익절 +10.0% / 추매 -5.0%
2026-07-10 02:01:25,795 [INFO] >>> Processing ARK INNOVATION(ARKK)
2026-07-10 02:01:25,795 [INFO]   [ARK INNOVATION(ARKK)] 신호 없음 | Lv1 매수 USD 79.92 -> 현재 USD 81.60 (+2.10%) | 익절 +10.0% / 추매 -5.0%
2026-07-10 02:01:25,796 [INFO] >>> Processing SCHWAB US DIVIDEND EQUITY(SCHD)
2026-07-10 02:01:25,796 [INFO]   [SCHWAB US DIVIDEND EQUITY(SCHD)] 신호 없음 | Lv1 매수 USD 31.74 -> 현재 USD 32.30 (+1.75%) | 익절 +10.0% / 추매 -5.0%
2026-07-10 02:01:25,796 [INFO] >>> Processing 브로드컴(AVGO)
2026-07-10 02:01:25,797 [INFO] [브로드컴(AVGO)] Lv2: trailing 활성화 (매수가 대비 +11.0%, 스톱가 USD 382.83)
2026-07-10 02:01:26,006 [INFO] >>> Processing ISHARES GLOBAL CLEAN ENERGY(ICLN)
2026-07-10 02:01:26,007 [INFO]   [ISHARES GLOBAL CLEAN ENERGY(ICLN)] 신호 없음 | Lv3 매수 USD 19.75 -> 현재 USD 19.34 (-2.05%) | 익절 +10.0% / 추매 -5.0%
2026-07-10 02:01:26,007 [INFO] >>> Processing 애플(AAPL)
2026-07-10 02:01:26,007 [INFO]   [애플(AAPL)] 신호 없음 | Lv1 매수 USD 291.90 -> 현재 USD 314.97 (+7.90%) | 익절 +10.0% / 추매 -5.0%
2026-07-10 02:01:26,008 [INFO] >>> Processing 델 테크놀로지스(DELL)
2026-07-10 02:01:26,008 [INFO]   [델 테크놀로지스(DELL)] 신호 없음 | Lv2 매수 USD 409.90 -> 현재 USD 451.36 (+10.11%) | 익절 +10.0% / 추매 -5.0%
2026-07-10 02:01:26,008 [INFO] >>> Processing 카메코(CCJ)
2026-07-10 02:01:26,008 [INFO]   [카메코(CCJ)] 신호 없음 | Lv1 매수 USD 94.06 -> 현재 USD 96.46 (+2.55%) | 익절 +10.0% / 추매 -5.0%
2026-07-10 02:01:26,009 [INFO] >>> Processing 코닝(GLW)
2026-07-10 02:01:26,009 [INFO]   [코닝(GLW)] 신호 없음 | Lv3 매수 USD 196.60 -> 현재 USD 197.48 (+0.45%) | 익절 +10.0% / 추매 -5.0%
2026-07-10 02:01:26,009 [INFO] >>> Processing 테슬라(TSLA)
2026-07-10 02:01:26,010 [INFO]   [테슬라(TSLA)] 신호 없음 | Lv4 매수 USD 389.00 -> 현재 USD 402.82 (+3.55%) | 익절 +10.0% / 추매 -5.0%
2026-07-10 02:01:26,010 [INFO] >>> Processing 알파벳 A(GOOGL)
2026-07-10 02:01:26,010 [INFO]   [알파벳 A(GOOGL)] 신호 없음 | Lv3 매수 USD 345.13 -> 현재 USD 355.67 (+3.05%) | 익절 +10.0% / 추매 -5.0%
2026-07-10 02:01:26,010 [INFO] >>> Step 6: Persist
