2026-05-30 02:57:32,237 [INFO] === Initializing MagicSplit Bot (overseas) ===
2026-05-30 02:57:32,237 [INFO] Loaded 19 stock rule(s) from config_overseas.json
2026-05-30 02:57:32,237 [INFO] [overseas] 17 rule(s), mode=LIVE
2026-05-30 02:57:32,237 [INFO] [KisBroker] 새 토큰 발급 중...
2026-05-30 02:57:33,171 [INFO] [KisOverseasLiveBroker] Mode: LIVE TRADING
2026-05-30 02:57:33,171 [INFO] === Running overseas engine ===
2026-05-30 02:57:33,171 [INFO] >>> Step 1: Portfolio & Price Fetch
2026-05-30 02:57:34,531 [INFO] Fetching real-time prices from Broker...
2026-05-30 02:57:40,288 [INFO] Portfolio: Cash=USD 162.74, Value=USD 12,924.37
2026-05-30 02:57:40,288 [INFO] >>> Step 2: Load Positions
2026-05-30 02:57:40,289 [INFO] Loaded 20 position lot(s)
2026-05-30 02:57:40,290 [INFO] >>> Step 2.5: Reconcile OK (수량 일치)
2026-05-30 02:57:40,290 [INFO] >>> Processing 애플(AAPL)
2026-05-30 02:57:40,291 [INFO]   [애플(AAPL)] 신호 없음 | Lv1 매수 USD 291.90 -> 현재 USD 309.66 (+6.08%) | 익절 +10.0% / 추매 -5.0%
2026-05-30 02:57:40,291 [INFO] >>> Processing 리얼티 인컴(O)
2026-05-30 02:57:40,291 [INFO]   [리얼티 인컴(O)] 신호 없음 | Lv1 매수 USD 62.37 -> 현재 USD 61.05 (-2.11%) | 익절 +10.0% / 추매 -5.0%
2026-05-30 02:57:40,291 [INFO] >>> Processing 프록터 앤드 갬블(PG)
2026-05-30 02:57:40,292 [INFO]   [프록터 앤드 갬블(PG)] 신호 없음 | Lv1 매수 USD 142.81 -> 현재 USD 144.41 (+1.12%) | 익절 +10.0% / 추매 -5.0%
2026-05-30 02:57:40,292 [INFO] >>> Processing 펩시코(PEP)
2026-05-30 02:57:40,292 [INFO]   [펩시코(PEP)] 신호 없음 | Lv1 매수 USD 150.05 -> 현재 USD 145.37 (-3.12%) | 익절 +10.0% / 추매 -5.0%
2026-05-30 02:57:40,293 [INFO] >>> Processing 듀크 에너지(DUK)
2026-05-30 02:57:40,293 [INFO]   [듀크 에너지(DUK)] 신호 없음 | Lv1 매수 USD 124.92 -> 현재 USD 122.94 (-1.59%) | 익절 +10.0% / 추매 -5.0%
2026-05-30 02:57:40,293 [INFO] >>> Processing ARK INNOVATION(ARKK)
2026-05-30 02:57:40,293 [INFO]   [ARK INNOVATION(ARKK)] 신호 없음 | Lv2 매수 USD 75.28 -> 현재 USD 81.82 (+8.69%) | 익절 +10.0% / 추매 -5.0%
2026-05-30 02:57:40,294 [INFO] >>> Processing SCHWAB US DIVIDEND EQUITY(SCHD)
2026-05-30 02:57:40,294 [INFO]   [SCHWAB US DIVIDEND EQUITY(SCHD)] 신호 없음 | Lv1 매수 USD 31.74 -> 현재 USD 32.56 (+2.60%) | 익절 +10.0% / 추매 -5.0%
2026-05-30 02:57:40,294 [INFO] >>> Processing ISHARES GLOBAL CLEAN ENERGY(ICLN)
2026-05-30 02:57:40,294 [INFO]   [ISHARES GLOBAL CLEAN ENERGY(ICLN)] 신호 없음 | Lv1 매수 USD 22.01 -> 현재 USD 23.27 (+5.70%) | 익절 +10.0% / 추매 -5.0%
2026-05-30 02:57:40,295 [INFO] >>> Processing 알파벳 A(GOOGL)
2026-05-30 02:57:40,295 [INFO]   [알파벳 A(GOOGL)] 신호 없음 | Lv1 매수 USD 393.85 -> 현재 USD 382.21 (-2.96%) | 익절 +10.0% / 추매 -5.0%
2026-05-30 02:57:40,295 [INFO] >>> Processing 브로드컴(AVGO)
2026-05-30 02:57:40,295 [INFO]   [브로드컴(AVGO)] 신호 없음 | Lv1 매수 USD 429.80 -> 현재 USD 435.20 (+1.26%) | 익절 +10.0% / 추매 -5.0%
2026-05-30 02:57:40,296 [INFO] >>> Processing 테슬라(TSLA)
2026-05-30 02:57:40,296 [INFO]   [테슬라(TSLA)] 신호 없음 | Lv3 매수 USD 409.90 -> 현재 USD 437.50 (+6.73%) | 익절 +10.0% / 추매 -5.0%
2026-05-30 02:57:40,296 [INFO] >>> Processing 코닝(GLW)
2026-05-30 02:57:40,296 [INFO]   [코닝(GLW)] 신호 없음 | Lv2 매수 USD 184.60 -> 현재 USD 176.50 (-4.39%) | 익절 +10.0% / 추매 -5.0%
2026-05-30 02:57:40,297 [INFO] >>> Processing IBM
2026-05-30 02:57:40,297 [INFO]   [IBM] 신호 없음 | Lv1 매수 USD 275.38 -> 현재 USD 289.32 (+5.06%) | 익절 +10.0% / 추매 -5.0%
2026-05-30 02:57:40,297 [INFO] >>> Processing 포엣 테크놀로지스(POET)
2026-05-30 02:57:40,298 [INFO] [포엣 테크놀로지스(POET)] 현금 부족: 보유 현금 USD 162.74 < 매수 예정 금액 USD 998.35 (82주) -> 매수 보류
2026-05-30 02:57:40,802 [INFO] >>> Processing 루멘텀 홀딩스(LITE)
2026-05-30 02:57:40,802 [INFO] [루멘텀 홀딩스(LITE)] buy_amount(USD 500.00) < 현재가(USD 829.39) -> 1주도 매수 불가. buy_amount 상향 조정 필요
2026-05-30 02:57:42,224 [INFO] >>> Processing 리게티 컴퓨팅(RGTI)
2026-05-30 02:57:42,224 [INFO] [리게티 컴퓨팅(RGTI)] 현금 부족: 보유 현금 USD 162.74 < 매수 예정 금액 USD 477.85 (19주) -> 매수 보류
2026-05-30 02:57:42,804 [INFO] >>> Processing 팔란티어 테크(PLTR)
2026-05-30 02:57:42,805 [INFO]   [팔란티어 테크(PLTR)] 신호 없음 | Lv1 매수 USD 147.91 -> 현재 USD 155.75 (+5.30%) | 익절 +10.0% / 추매 -5.0%
2026-05-30 02:57:42,805 [INFO] >>> Step 6: Persist
