2026-05-23 01:59:51,716 [INFO] === Initializing MagicSplit Bot (overseas) ===
2026-05-23 01:59:51,716 [INFO] Loaded 14 stock rule(s) from config_overseas.json
2026-05-23 01:59:51,716 [INFO] [overseas] 12 rule(s), mode=LIVE
2026-05-23 01:59:51,716 [INFO] [KisBroker] 새 토큰 발급 중...
2026-05-23 01:59:53,168 [INFO] [KisOverseasLiveBroker] Mode: LIVE TRADING
2026-05-23 01:59:53,168 [INFO] === Running overseas engine ===
2026-05-23 01:59:53,168 [INFO] >>> Step 1: Portfolio & Price Fetch
2026-05-23 01:59:54,586 [INFO] Fetching real-time prices from Broker...
2026-05-23 01:59:58,821 [INFO] Portfolio: Cash=USD 218.50, Value=USD 7,568.08
2026-05-23 01:59:58,821 [INFO] >>> Step 2: Load Positions
2026-05-23 01:59:58,822 [INFO] Loaded 16 position lot(s)
2026-05-23 01:59:58,822 [INFO] >>> Step 2.5: Reconcile OK (수량 일치)
2026-05-23 01:59:58,822 [INFO] >>> Processing 애플(AAPL)
2026-05-23 01:59:58,823 [INFO]   [애플(AAPL)] 신호 없음 | Lv1 매수 USD 291.90 -> 현재 USD 309.00 (+5.86%) | 익절 +10.0% / 추매 -5.0%
2026-05-23 01:59:58,823 [INFO] >>> Processing 리얼티 인컴(O)
2026-05-23 01:59:58,823 [INFO]   [리얼티 인컴(O)] 신호 없음 | Lv1 매수 USD 62.37 -> 현재 USD 62.03 (-0.54%) | 익절 +10.0% / 추매 -5.0%
2026-05-23 01:59:58,824 [INFO] >>> Processing 프록터 앤드 갬블(PG)
2026-05-23 01:59:58,824 [INFO]   [프록터 앤드 갬블(PG)] 신호 없음 | Lv1 매수 USD 142.81 -> 현재 USD 144.18 (+0.96%) | 익절 +10.0% / 추매 -5.0%
2026-05-23 01:59:58,824 [INFO] >>> Processing 펩시코(PEP)
2026-05-23 01:59:58,825 [INFO]   [펩시코(PEP)] 신호 없음 | Lv1 매수 USD 150.05 -> 현재 USD 149.77 (-0.19%) | 익절 +10.0% / 추매 -5.0%
2026-05-23 01:59:58,825 [INFO] >>> Processing 듀크 에너지(DUK)
2026-05-23 01:59:58,825 [INFO]   [듀크 에너지(DUK)] 신호 없음 | Lv1 매수 USD 124.92 -> 현재 USD 125.46 (+0.43%) | 익절 +10.0% / 추매 -5.0%
2026-05-23 01:59:58,825 [INFO] >>> Processing ARK INNOVATION(ARKK)
2026-05-23 01:59:58,826 [INFO]   [ARK INNOVATION(ARKK)] 신호 없음 | Lv2 매수 USD 75.28 -> 현재 USD 77.12 (+2.44%) | 익절 +10.0% / 추매 -5.0%
2026-05-23 01:59:58,826 [INFO] >>> Processing SCHWAB US DIVIDEND EQUITY(SCHD)
2026-05-23 01:59:58,826 [INFO]   [SCHWAB US DIVIDEND EQUITY(SCHD)] 신호 없음 | Lv1 매수 USD 31.74 -> 현재 USD 32.80 (+3.34%) | 익절 +10.0% / 추매 -5.0%
2026-05-23 01:59:58,827 [INFO] >>> Processing ISHARES GLOBAL CLEAN ENERGY(ICLN)
2026-05-23 01:59:58,827 [INFO]   [ISHARES GLOBAL CLEAN ENERGY(ICLN)] 신호 없음 | Lv1 매수 USD 22.01 -> 현재 USD 22.45 (+2.00%) | 익절 +10.0% / 추매 -5.0%
2026-05-23 01:59:58,827 [INFO] >>> Processing 알파벳 A(GOOGL)
2026-05-23 01:59:58,827 [INFO]   [알파벳 A(GOOGL)] 신호 없음 | Lv1 매수 USD 393.85 -> 현재 USD 385.92 (-2.01%) | 익절 +10.0% / 추매 -5.0%
2026-05-23 01:59:58,828 [INFO] >>> Processing 브로드컴(AVGO)
2026-05-23 01:59:58,828 [INFO]   [브로드컴(AVGO)] 신호 없음 | Lv1 매수 USD 429.80 -> 현재 USD 413.64 (-3.76%) | 익절 +10.0% / 추매 -5.0%
2026-05-23 01:59:58,828 [INFO] >>> Processing 테슬라(TSLA)
2026-05-23 01:59:58,829 [INFO]   [테슬라(TSLA)] 신호 없음 | Lv3 매수 USD 409.90 -> 현재 USD 427.43 (+4.28%) | 익절 +10.0% / 추매 -5.0%
2026-05-23 01:59:58,829 [INFO] >>> Processing 코닝(GLW)
2026-05-23 01:59:58,829 [INFO]   [코닝(GLW)] 신호 없음 | Lv2 매수 USD 177.85 -> 현재 USD 194.57 (+9.40%) | 익절 +10.0% / 추매 -5.0%
2026-05-23 01:59:58,829 [INFO] >>> Step 6: Persist
