2026-07-24 00:01:11,788 [INFO] === Initializing MagicSplit Bot (overseas) ===
2026-07-24 00:01:11,789 [INFO] Loaded 22 stock rule(s) from config_overseas.json
2026-07-24 00:01:11,789 [INFO] [overseas] 10 rule(s), mode=LIVE
2026-07-24 00:01:11,789 [INFO] [KisBroker] 캐시에서 토큰 로드 (API 호출 생략)
2026-07-24 00:01:11,789 [INFO] [KisOverseasLiveBroker] Mode: LIVE TRADING
2026-07-24 00:01:11,791 [INFO] [MarketData] 레짐 필터 활성 종목 10개 -> YFinanceMarketDataProvider 주입 (window 260봉)
2026-07-24 00:01:11,791 [INFO] === Running overseas engine ===
2026-07-24 00:01:11,792 [INFO] >>> Step 1: Portfolio & Price Fetch
2026-07-24 00:01:15,387 [INFO] Fetching real-time prices from Broker...
2026-07-24 00:01:19,066 [INFO] Portfolio: Cash=USD 1,857.96, Value=USD 17,740.54
2026-07-24 00:01:19,066 [INFO] >>> Step 2: Load Positions
2026-07-24 00:01:19,066 [INFO] Loaded 27 position lot(s)
2026-07-24 00:01:19,068 [ERROR] >>> Step 2.5: 수량 불일치 2건 감지 — 해당 종목 매매 중단
[델 테크놀로지스(DELL)] Qty Mismatch: broker=4, positions=3 (lots=2, levels=[1, 2])
[펩시코(PEP)] Qty Mismatch: broker=9, positions=6 (lots=2, levels=[1, 2])
실행 권장: scripts/reconcile_positions.py
2026-07-24 00:01:19,468 [INFO] >>> Processing 카메코(CCJ)
2026-07-24 00:01:21,481 [INFO] [MarketData] 배치 다운로드 완료: 10/10종목
2026-07-24 00:01:21,483 [INFO]   [카메코(CCJ)] 신호 없음 | Lv2 매수 USD 87.52 -> 현재 USD 89.04 (+1.74%) | 익절 +10.0% / 추매 -5.0%
2026-07-24 00:01:21,484 [WARNING] [펩시코(PEP)] 수량 불일치로 매매 중단. scripts/reconcile_positions.py 로 보정 후 재실행.
2026-07-24 00:01:21,484 [INFO] >>> Processing 테슬라(TSLA)
2026-07-24 00:01:21,486 [INFO] [테슬라(TSLA)] 하단 채널선 이탈 감지 (1/2일, 현재가 USD 323.27 < 이탈선 USD 349.82) -> 확정 대기
2026-07-24 00:01:21,487 [INFO] [테슬라(TSLA)] Lv4 매수가 USD 389.00 대비 -16.9% -> 추가 매수 Lv5 1주 @USD 323.27
2026-07-24 00:01:21,487 [INFO] Executing 1 order(s)...
2026-07-24 00:01:23,467 [INFO] [KisBroker] Available Cash for BUY: 1,858
2026-07-24 00:01:24,731 [INFO] [KisBroker] Order Sent: BUY 테슬라(TSLA) 1 @ 323.27 (ODNO=0031152706)
2026-07-24 00:01:27,242 [INFO] [KisBroker] Order FILLED: 테슬라(TSLA) ODNO=0031152706 price=323.27 qty=1 fee=0.0
2026-07-24 00:01:27,443 [INFO] [Position] New lot: lot_20260724_000127_TSLA_005 Lv5 테슬라(TSLA) 1주 @USD 323.27
2026-07-24 00:01:32,425 [WARNING] [델 테크놀로지스(DELL)] 수량 불일치로 매매 중단. scripts/reconcile_positions.py 로 보정 후 재실행.
2026-07-24 00:01:32,425 [INFO] >>> Processing 애플(AAPL)
2026-07-24 00:01:32,428 [INFO]   [애플(AAPL)] 신호 없음 | Lv1 매수 USD 291.90 -> 현재 USD 321.52 (+10.15%) | 익절 +10.0% / 추매 -5.0%
2026-07-24 00:01:32,429 [INFO] >>> Processing ARK INNOVATION(ARKK)
2026-07-24 00:01:32,431 [INFO] [ARK INNOVATION(ARKK)] 하단 채널선 이탈 감지 (1/2일, 현재가 USD 73.70 < 이탈선 USD 74.19) -> 확정 대기
2026-07-24 00:01:32,431 [INFO]   [ARK INNOVATION(ARKK)] 신호 없음 | Lv2 매수 USD 74.82 -> 현재 USD 73.70 (-1.49%) | 익절 +10.0% / 추매 -5.0%
2026-07-24 00:01:32,432 [INFO] >>> Processing ISHARES GLOBAL CLEAN ENERGY(ICLN)
2026-07-24 00:01:32,434 [INFO]   [ISHARES GLOBAL CLEAN ENERGY(ICLN)] 신호 없음 | Lv4 매수 USD 18.75 -> 현재 USD 18.36 (-2.05%) | 익절 +10.0% / 추매 -5.0%
2026-07-24 00:01:32,434 [INFO] >>> Processing 브로드컴(AVGO)
2026-07-24 00:01:32,436 [INFO]   [브로드컴(AVGO)] 신호 없음 | Lv1 매수 USD 382.60 -> 현재 USD 389.64 (+1.84%) | 익절 +10.0% / 추매 -5.0%
2026-07-24 00:01:32,437 [INFO] >>> Processing SCHWAB US DIVIDEND EQUITY(SCHD)
2026-07-24 00:01:32,439 [INFO]   [SCHWAB US DIVIDEND EQUITY(SCHD)] 신호 없음 | Lv1 매수 USD 31.74 -> 현재 USD 32.91 (+3.67%) | 익절 +10.0% / 추매 -5.0%
2026-07-24 00:01:32,439 [INFO] >>> Processing 알파벳 A(GOOGL)
2026-07-24 00:01:32,442 [INFO] [알파벳 A(GOOGL)] 하단 채널선 이탈 감지 (1/2일, 현재가 USD 317.00 < 이탈선 USD 319.85) -> 확정 대기
2026-07-24 00:01:32,442 [INFO] [알파벳 A(GOOGL)] Lv3 매수가 USD 345.13 대비 -8.2% -> 추가 매수 Lv4 1주 @USD 317.00
2026-07-24 00:01:32,442 [INFO] Executing 1 order(s)...
2026-07-24 00:01:34,407 [INFO] [KisBroker] Available Cash for BUY: 1,535
2026-07-24 00:01:35,674 [INFO] [KisBroker] Order Sent: BUY 알파벳 A(GOOGL) 1 @ 317.05 (ODNO=0031152835)
2026-07-24 00:01:38,184 [INFO] [KisBroker] Order FILLED: 알파벳 A(GOOGL) ODNO=0031152835 price=317.05 qty=1 fee=0.0
2026-07-24 00:01:38,385 [INFO] [Position] New lot: lot_20260724_000138_GOOGL_004 Lv4 알파벳 A(GOOGL) 1주 @USD 317.05
2026-07-24 00:01:43,407 [INFO] >>> Step 6: Persist
2026-07-24 02:00:59,887 [INFO] === Initializing MagicSplit Bot (overseas) ===
2026-07-24 02:00:59,887 [INFO] Loaded 22 stock rule(s) from config_overseas.json
2026-07-24 02:00:59,887 [INFO] [overseas] 10 rule(s), mode=LIVE
2026-07-24 02:00:59,888 [INFO] [KisBroker] 캐시에서 토큰 로드 (API 호출 생략)
2026-07-24 02:00:59,888 [INFO] [KisOverseasLiveBroker] Mode: LIVE TRADING
2026-07-24 02:00:59,890 [INFO] [MarketData] 레짐 필터 활성 종목 10개 -> YFinanceMarketDataProvider 주입 (window 260봉)
2026-07-24 02:00:59,890 [INFO] === Running overseas engine ===
2026-07-24 02:00:59,890 [INFO] >>> Step 1: Portfolio & Price Fetch
2026-07-24 02:01:03,017 [INFO] Fetching real-time prices from Broker...
2026-07-24 02:01:07,056 [INFO] Portfolio: Cash=USD 1,217.75, Value=USD 17,816.83
2026-07-24 02:01:07,056 [INFO] >>> Step 2: Load Positions
2026-07-24 02:01:07,056 [INFO] Loaded 29 position lot(s)
2026-07-24 02:01:07,059 [ERROR] >>> Step 2.5: 수량 불일치 2건 감지 — 해당 종목 매매 중단
[델 테크놀로지스(DELL)] Qty Mismatch: broker=4, positions=3 (lots=2, levels=[1, 2])
[펩시코(PEP)] Qty Mismatch: broker=9, positions=6 (lots=2, levels=[1, 2])
실행 권장: scripts/reconcile_positions.py
2026-07-24 02:01:07,395 [INFO] >>> Processing 알파벳 A(GOOGL)
2026-07-24 02:01:08,644 [INFO] [MarketData] 배치 다운로드 완료: 10/10종목
2026-07-24 02:01:08,647 [INFO] [알파벳 A(GOOGL)] DOWNTREND 2봉 확정 - 매수 차단
2026-07-24 02:01:08,647 [INFO] [알파벳 A(GOOGL)] 채널 기울기 하락 전환 확정 (-9.21%/63봉) -> 이탈 청산 진행
2026-07-24 02:01:08,648 [INFO] [알파벳 A(GOOGL)] 추세 이탈 -> 분할 청산 2주/4주 (50%) 즉시 매도, 잔량 2주 추종 데드라인 (기준가 USD 319.57, 청산선 USD 309.99, 평단 USD 356.42, 채널하단 USD 320.20)
2026-07-24 02:01:08,648 [INFO] Executing 1 order(s)...
2026-07-24 02:01:08,648 [INFO] [KisBroker] Processing 1 SELL orders...
2026-07-24 02:01:09,874 [INFO] [KisBroker] Order Sent: SELL 알파벳 A(GOOGL) 2 @ 319.51 (ODNO=0031201581)
2026-07-24 02:01:12,487 [INFO] [KisBroker] Order FILLED: 알파벳 A(GOOGL) ODNO=0031201581 price=319.51 qty=2 fee=0.0
2026-07-24 02:01:12,689 [INFO] [Position] 분할 청산: 알파벳 A(GOOGL) 2주 소진 (잔여 2주), 실현손익 USD -23.16
2026-07-24 02:01:12,689 [INFO] [알파벳 A(GOOGL)] 추종 데드라인(Trailing Lock) 상태 활성화 (기준가 USD 319.51, 하락 허용치 3.0%)
2026-07-24 02:01:18,005 [INFO] >>> Processing 카메코(CCJ)
2026-07-24 02:01:18,009 [INFO] [카메코(CCJ)] DOWNTREND 2봉 확정 - 매수 차단
2026-07-24 02:01:18,009 [INFO] [카메코(CCJ)] 채널 기울기 하락 전환 확정 (-26.39%/63봉) -> 이탈 청산 진행
2026-07-24 02:01:18,009 [INFO] [카메코(CCJ)] 추세 이탈 -> 분할 청산 8주/15주 (50%) 즉시 매도, 잔량 7주 추종 데드라인 (기준가 USD 90.30, 청산선 USD 87.59, 평단 USD 91.88, 채널하단 USD 82.21)
2026-07-24 02:01:18,009 [INFO] Executing 1 order(s)...
2026-07-24 02:01:18,010 [INFO] [KisBroker] Processing 1 SELL orders...
2026-07-24 02:01:19,235 [INFO] [KisBroker] Order Sent: SELL 카메코(CCJ) 8 @ 90.24 (ODNO=0031201634)
2026-07-24 02:01:21,850 [INFO] [KisBroker] Order FILLED: 카메코(CCJ) ODNO=0031201634 price=90.24 qty=8 fee=0.0
2026-07-24 02:01:22,051 [INFO] [Position] 분할 청산: 카메코(CCJ) 8주 소진 (잔여 7주), 실현손익 USD 2.14
2026-07-24 02:01:22,051 [INFO] [카메코(CCJ)] 추종 데드라인(Trailing Lock) 상태 활성화 (기준가 USD 90.24, 하락 허용치 3.0%)
2026-07-24 02:01:27,353 [INFO] >>> Processing 브로드컴(AVGO)
2026-07-24 02:01:27,356 [INFO] [브로드컴(AVGO)] DOWNTREND 2봉 확정 - 매수 차단
2026-07-24 02:01:27,357 [INFO] [브로드컴(AVGO)] 채널 기울기 하락 전환 확정 (-12.78%/63봉) -> 이탈 청산 진행
2026-07-24 02:01:27,357 [INFO] [브로드컴(AVGO)] 추세 이탈 -> 분할 청산 1주/2주 (50%) 즉시 매도, 잔량 1주 추종 데드라인 (기준가 USD 391.14, 청산선 USD 379.41, 평단 USD 382.60, 채널하단 USD 340.87)
2026-07-24 02:01:27,357 [INFO] Executing 1 order(s)...
2026-07-24 02:01:27,357 [INFO] [KisBroker] Processing 1 SELL orders...
2026-07-24 02:01:28,495 [INFO] [KisBroker] Order Sent: SELL 브로드컴(AVGO) 1 @ 391.08 (ODNO=0031201668)
2026-07-24 02:01:31,111 [INFO] [KisBroker] Order FILLED: 브로드컴(AVGO) ODNO=0031201668 price=391.08 qty=1 fee=0.0
2026-07-24 02:01:31,312 [INFO] [Position] 분할 청산: 브로드컴(AVGO) 1주 소진 (잔여 1주), 실현손익 USD 8.48
2026-07-24 02:01:31,313 [INFO] [브로드컴(AVGO)] 추종 데드라인(Trailing Lock) 상태 활성화 (기준가 USD 391.08, 하락 허용치 3.0%)
2026-07-24 02:01:36,591 [INFO] >>> Processing ISHARES GLOBAL CLEAN ENERGY(ICLN)
2026-07-24 02:01:36,594 [INFO] [ISHARES GLOBAL CLEAN ENERGY(ICLN)] DOWNTREND 2봉 확정 - 매수 차단
2026-07-24 02:01:36,595 [INFO] [ISHARES GLOBAL CLEAN ENERGY(ICLN)] 채널 기울기 하락 전환 확정 (-12.70%/63봉) -> 이탈 청산 진행
2026-07-24 02:01:36,595 [INFO] [ISHARES GLOBAL CLEAN ENERGY(ICLN)] 추세 이탈 -> 분할 청산 48주/96주 (50%) 즉시 매도, 잔량 48주 추종 데드라인 (기준가 USD 18.42, 청산선 USD 17.87, 평단 USD 20.26, 채널하단 USD 17.28)
2026-07-24 02:01:36,595 [INFO] Executing 1 order(s)...
2026-07-24 02:01:36,595 [INFO] [KisBroker] Processing 1 SELL orders...
2026-07-24 02:01:37,743 [INFO] [KisBroker] Order Sent: SELL ISHARES GLOBAL CLEAN ENERGY(ICLN) 48 @ 18.42 (ODNO=0031201703)
2026-07-24 02:01:40,356 [INFO] [KisBroker] Order FILLED: ISHARES GLOBAL CLEAN ENERGY(ICLN) ODNO=0031201703 price=18.42 qty=48 fee=0.0
2026-07-24 02:01:40,557 [INFO] [Position] 분할 청산: ISHARES GLOBAL CLEAN ENERGY(ICLN) 48주 소진 (잔여 48주), 실현손익 USD -37.84
2026-07-24 02:01:40,558 [INFO] [ISHARES GLOBAL CLEAN ENERGY(ICLN)] 추종 데드라인(Trailing Lock) 상태 활성화 (기준가 USD 18.42, 하락 허용치 3.0%)
2026-07-24 02:01:45,811 [INFO] >>> Processing ARK INNOVATION(ARKK)
2026-07-24 02:01:45,814 [INFO] [ARK INNOVATION(ARKK)] 하단 채널선 이탈 감지 (1/2일, 현재가 USD 74.09 < 이탈선 USD 74.24) -> 확정 대기
2026-07-24 02:01:45,815 [INFO]   [ARK INNOVATION(ARKK)] 신호 없음 | Lv2 매수 USD 74.82 -> 현재 USD 74.09 (-0.98%) | 익절 +10.0% / 추매 -5.0%
2026-07-24 02:01:45,815 [WARNING] [델 테크놀로지스(DELL)] 수량 불일치로 매매 중단. scripts/reconcile_positions.py 로 보정 후 재실행.
2026-07-24 02:01:45,815 [INFO] >>> Processing 테슬라(TSLA)
2026-07-24 02:01:45,817 [INFO] [테슬라(TSLA)] 하단 채널선 이탈 감지 (1/2일, 현재가 USD 322.52 < 이탈선 USD 349.73) -> 확정 대기
2026-07-24 02:01:45,818 [INFO]   [테슬라(TSLA)] 신호 없음 | Lv5 매수 USD 323.27 -> 현재 USD 322.52 (-0.23%) | 익절 +10.0% / 추매 -5.0%
2026-07-24 02:01:45,818 [INFO] >>> Processing SCHWAB US DIVIDEND EQUITY(SCHD)
2026-07-24 02:01:45,820 [INFO]   [SCHWAB US DIVIDEND EQUITY(SCHD)] 신호 없음 | Lv1 매수 USD 31.74 -> 현재 USD 32.77 (+3.23%) | 익절 +10.0% / 추매 -5.0%
2026-07-24 02:01:45,821 [INFO] >>> Processing 애플(AAPL)
2026-07-24 02:01:45,823 [INFO] [애플(AAPL)] 강한 상승 추세 진입 확정! (회귀 채널 기울기 +13.96% 밴드 상향 돌파, 2봉 연속)
2026-07-24 02:01:45,825 [INFO]   [애플(AAPL)] 📈 상승 레짐 유지 | Lv1 매수 USD 291.90 -> 현재 USD 320.88 (+9.93%) | 채널하단(이탈선) USD 296.38 | 20EMA(눌림) USD 316.04 (이격 +1.53%) | adds 0/3
2026-07-24 02:01:45,825 [WARNING] [펩시코(PEP)] 수량 불일치로 매매 중단. scripts/reconcile_positions.py 로 보정 후 재실행.
2026-07-24 02:01:45,825 [INFO] >>> Step 6: Persist
2026-07-24 04:01:02,471 [INFO] === Initializing MagicSplit Bot (overseas) ===
2026-07-24 04:01:02,471 [INFO] Loaded 22 stock rule(s) from config_overseas.json
2026-07-24 04:01:02,471 [INFO] [overseas] 10 rule(s), mode=LIVE
2026-07-24 04:01:02,471 [INFO] [KisBroker] 캐시에서 토큰 로드 (API 호출 생략)
2026-07-24 04:01:02,471 [INFO] [KisOverseasLiveBroker] Mode: LIVE TRADING
2026-07-24 04:01:02,473 [INFO] [MarketData] 레짐 필터 활성 종목 10개 -> YFinanceMarketDataProvider 주입 (window 260봉)
2026-07-24 04:01:02,473 [INFO] === Running overseas engine ===
2026-07-24 04:01:02,473 [INFO] >>> Step 1: Portfolio & Price Fetch
2026-07-24 04:01:05,081 [INFO] Fetching real-time prices from Broker...
2026-07-24 04:01:08,449 [INFO] Portfolio: Cash=USD 3,825.47, Value=USD 17,693.32
2026-07-24 04:01:08,449 [INFO] >>> Step 2: Load Positions
2026-07-24 04:01:08,449 [INFO] Loaded 25 position lot(s)
2026-07-24 04:01:08,451 [ERROR] >>> Step 2.5: 수량 불일치 2건 감지 — 해당 종목 매매 중단
[델 테크놀로지스(DELL)] Qty Mismatch: broker=4, positions=3 (lots=2, levels=[1, 2])
[펩시코(PEP)] Qty Mismatch: broker=9, positions=6 (lots=2, levels=[1, 2])
실행 권장: scripts/reconcile_positions.py
2026-07-24 04:01:08,956 [WARNING] [델 테크놀로지스(DELL)] 수량 불일치로 매매 중단. scripts/reconcile_positions.py 로 보정 후 재실행.
2026-07-24 04:01:08,956 [INFO] >>> Processing 테슬라(TSLA)
2026-07-24 04:01:10,447 [INFO] [MarketData] 배치 다운로드 완료: 10/10종목
2026-07-24 04:01:10,450 [INFO] [테슬라(TSLA)] 하단 채널선 이탈 감지 (1/2일, 현재가 USD 321.68 < 이탈선 USD 349.52) -> 확정 대기
2026-07-24 04:01:10,451 [INFO]   [테슬라(TSLA)] 신호 없음 | Lv5 매수 USD 323.27 -> 현재 USD 321.68 (-0.49%) | 익절 +10.0% / 추매 -5.0%
2026-07-24 04:01:10,451 [INFO] >>> Processing SCHWAB US DIVIDEND EQUITY(SCHD)
2026-07-24 04:01:10,453 [INFO]   [SCHWAB US DIVIDEND EQUITY(SCHD)] 신호 없음 | Lv1 매수 USD 31.74 -> 현재 USD 32.76 (+3.21%) | 익절 +10.0% / 추매 -5.0%
2026-07-24 04:01:10,454 [INFO] >>> Processing 알파벳 A(GOOGL)
2026-07-24 04:01:10,456 [INFO] [알파벳 A(GOOGL)] 추종 데드라인 추적 중 (현재가 USD 318.96, 기준가 USD 319.51, 대비 -0.2%, 청산선 USD 309.92)
2026-07-24 04:01:10,457 [INFO]   [알파벳 A(GOOGL)] 신호 없음 | Lv2 매수 USD 369.66 -> 현재 USD 318.96 (-13.72%) | 익절 +10.0% / 추매 -5.0%
2026-07-24 04:01:10,457 [WARNING] [펩시코(PEP)] 수량 불일치로 매매 중단. scripts/reconcile_positions.py 로 보정 후 재실행.
2026-07-24 04:01:10,457 [INFO] >>> Processing ARK INNOVATION(ARKK)
2026-07-24 04:01:10,460 [INFO] [ARK INNOVATION(ARKK)] 하단 채널선 이탈 감지 (1/2일, 현재가 USD 73.91 < 이탈선 USD 74.21) -> 확정 대기
2026-07-24 04:01:10,460 [INFO]   [ARK INNOVATION(ARKK)] 신호 없음 | Lv2 매수 USD 74.82 -> 현재 USD 73.91 (-1.22%) | 익절 +10.0% / 추매 -5.0%
2026-07-24 04:01:10,460 [INFO] >>> Processing 카메코(CCJ)
2026-07-24 04:01:10,463 [INFO] [카메코(CCJ)] ✅ 추종 데드라인 해제! 가격 USD 89.27이 이탈 기준선 위로 회복 -> 상승 레짐 복귀 (잔량 7주 보유 유지)
2026-07-24 04:01:10,463 [INFO]   [카메코(CCJ)] 신호 없음 | Lv1 매수 USD 94.06 -> 현재 USD 89.27 (-5.09%) | 익절 +10.0% / 추매 -5.0%
2026-07-24 04:01:10,463 [INFO] >>> Processing ISHARES GLOBAL CLEAN ENERGY(ICLN)
2026-07-24 04:01:10,466 [INFO] [ISHARES GLOBAL CLEAN ENERGY(ICLN)] ✅ 추종 데드라인 해제! 가격 USD 18.36이 이탈 기준선 위로 회복 -> 상승 레짐 복귀 (잔량 48주 보유 유지)
2026-07-24 04:01:10,467 [INFO]   [ISHARES GLOBAL CLEAN ENERGY(ICLN)] 신호 없음 | Lv3 매수 USD 19.75 -> 현재 USD 18.36 (-7.06%) | 익절 +10.0% / 추매 -5.0%
2026-07-24 04:01:10,467 [INFO] >>> Processing 브로드컴(AVGO)
2026-07-24 04:01:10,469 [INFO] [브로드컴(AVGO)] ✅ 추종 데드라인 해제! 가격 USD 389.88이 이탈 기준선 위로 회복 -> 상승 레짐 복귀 (잔량 1주 보유 유지)
2026-07-24 04:01:10,470 [INFO]   [브로드컴(AVGO)] 신호 없음 | Lv1 매수 USD 382.60 -> 현재 USD 389.88 (+1.90%) | 익절 +10.0% / 추매 -5.0%
2026-07-24 04:01:10,470 [INFO] >>> Processing 애플(AAPL)
2026-07-24 04:01:10,474 [INFO]   [애플(AAPL)] 📈 상승 레짐 유지 | Lv1 매수 USD 291.90 -> 현재 USD 320.90 (+9.94%) | 채널하단(이탈선) USD 296.39 | 20EMA(눌림) USD 316.05 (이격 +1.53%) | adds 0/3
2026-07-24 04:01:10,474 [INFO] >>> Step 6: Persist
2026-07-24 13:01:45,488 [INFO] === Initializing MagicSplit Bot (overseas) ===
2026-07-24 13:01:45,488 [INFO] Loaded 22 stock rule(s) from config_overseas.json
2026-07-24 13:01:45,488 [INFO] [overseas] 10 rule(s), mode=LIVE
2026-07-24 13:01:45,489 [INFO] [KisBroker] 캐시에서 토큰 로드 (API 호출 생략)
2026-07-24 13:01:45,489 [INFO] [KisOverseasLiveBroker] Mode: LIVE TRADING
2026-07-24 13:01:45,491 [INFO] [MarketData] 레짐 필터 활성 종목 10개 -> YFinanceMarketDataProvider 주입 (window 260봉)
2026-07-24 13:01:45,491 [INFO] === Running overseas engine ===
2026-07-24 13:01:45,491 [INFO] >>> Step 1: Portfolio & Price Fetch
2026-07-24 13:01:48,327 [INFO] Fetching real-time prices from Broker...
2026-07-24 13:01:52,092 [INFO] Portfolio: Cash=USD 3,838.47, Value=USD 17,690.63
2026-07-24 13:01:52,092 [INFO] >>> Step 2: Load Positions
2026-07-24 13:01:52,092 [INFO] Loaded 27 position lot(s)
2026-07-24 13:01:52,093 [INFO] >>> Step 2.5: Reconcile OK (수량 일치)
2026-07-24 13:01:52,094 [INFO] >>> Processing 알파벳 A(GOOGL)
2026-07-24 13:01:53,321 [INFO] [MarketData] 배치 다운로드 완료: 10/10종목
2026-07-24 13:01:53,324 [INFO] [알파벳 A(GOOGL)] 추종 데드라인 추적 중 (현재가 USD 317.69, 기준가 USD 319.51, 대비 -0.6%, 청산선 USD 309.92)
2026-07-24 13:01:53,324 [INFO]   [알파벳 A(GOOGL)] 신호 없음 | Lv2 매수 USD 369.66 -> 현재 USD 317.69 (-14.06%) | 익절 +10.0% / 추매 -5.0%
2026-07-24 13:01:53,324 [INFO] >>> Processing 펩시코(PEP)
2026-07-24 13:01:53,327 [INFO]   [펩시코(PEP)] 신호 없음 | Lv3 매수 USD 134.46 -> 현재 USD 134.95 (+0.36%) | 익절 +10.0% / 추매 -5.0%
2026-07-24 13:01:53,327 [INFO] >>> Processing 테슬라(TSLA)
2026-07-24 13:01:53,329 [INFO] [테슬라(TSLA)] 하단 채널선 이탈 감지 (1/2일, 현재가 USD 319.69 < 이탈선 USD 349.14) -> 확정 대기
2026-07-24 13:01:53,329 [INFO]   [테슬라(TSLA)] 신호 없음 | Lv5 매수 USD 323.27 -> 현재 USD 319.69 (-1.11%) | 익절 +10.0% / 추매 -5.0%
2026-07-24 13:01:53,330 [INFO] >>> Processing 애플(AAPL)
2026-07-24 13:01:53,334 [INFO]   [애플(AAPL)] 📈 상승 레짐 유지 | Lv1 매수 USD 291.90 -> 현재 USD 321.66 (+10.20%) | 채널하단(이탈선) USD 296.43 | 20EMA(눌림) USD 316.13 (이격 +1.75%) | adds 0/3
2026-07-24 13:01:53,334 [INFO] >>> Processing ARK INNOVATION(ARKK)
2026-07-24 13:01:53,336 [INFO] [ARK INNOVATION(ARKK)] 하단 채널선 이탈 감지 (1/2일, 현재가 USD 73.83 < 이탈선 USD 74.20) -> 확정 대기
2026-07-24 13:01:53,337 [INFO]   [ARK INNOVATION(ARKK)] 신호 없음 | Lv2 매수 USD 74.82 -> 현재 USD 73.83 (-1.32%) | 익절 +10.0% / 추매 -5.0%
2026-07-24 13:01:53,337 [INFO] >>> Processing 카메코(CCJ)
2026-07-24 13:01:53,339 [INFO] [카메코(CCJ)] 채널 기울기 하락 전환 확정 (-26.46%/63봉) -> 이탈 청산 진행
2026-07-24 13:01:53,339 [INFO] [카메코(CCJ)] 추세 이탈 -> 분할 청산 4주/7주 (50%) 즉시 매도, 잔량 3주 추종 데드라인 (기준가 USD 89.33, 청산선 USD 86.65, 평단 USD 94.06, 채널하단 USD 82.15)
2026-07-24 13:01:53,339 [INFO] Executing 1 order(s)...
2026-07-24 13:01:53,340 [INFO] [KisBroker] Processing 1 SELL orders...
2026-07-24 13:01:53,618 [WARNING] [KisBroker] 호가 조회 실패 — 카메코(CCJ) 현재가 기반 주문 진행
2026-07-24 13:01:54,357 [ERROR] [KisBroker] Order Failed: 장운영시간이 아닙니다.(단,주간거래시간이면 전용화면 주문가능, 주문시간 외 불가)
2026-07-24 13:01:54,747 [INFO] >>> Processing ISHARES GLOBAL CLEAN ENERGY(ICLN)
2026-07-24 13:01:54,751 [INFO] [ISHARES GLOBAL CLEAN ENERGY(ICLN)] 채널 기울기 하락 전환 확정 (-12.73%/63봉) -> 이탈 청산 진행
2026-07-24 13:01:54,751 [INFO] [ISHARES GLOBAL CLEAN ENERGY(ICLN)] 추세 이탈 -> 분할 청산 24주/48주 (50%) 즉시 매도, 잔량 24주 추종 데드라인 (기준가 USD 18.37, 청산선 USD 17.82, 평단 USD 21.32, 채널하단 USD 17.27)
2026-07-24 13:01:54,751 [INFO] Executing 1 order(s)...
2026-07-24 13:01:54,751 [INFO] [KisBroker] Processing 1 SELL orders...
2026-07-24 13:01:55,026 [WARNING] [KisBroker] 호가 조회 실패 — ISHARES GLOBAL CLEAN ENERGY(ICLN) 현재가 기반 주문 진행
2026-07-24 13:01:55,785 [ERROR] [KisBroker] Order Failed: 장운영시간이 아닙니다.(단,주간거래시간이면 전용화면 주문가능, 주문시간 외 불가)
2026-07-24 13:01:56,132 [INFO] >>> Processing SCHWAB US DIVIDEND EQUITY(SCHD)
2026-07-24 13:01:56,135 [INFO]   [SCHWAB US DIVIDEND EQUITY(SCHD)] 신호 없음 | Lv1 매수 USD 31.74 -> 현재 USD 32.80 (+3.34%) | 익절 +10.0% / 추매 -5.0%
2026-07-24 13:01:56,135 [INFO] >>> Processing 델 테크놀로지스(DELL)
2026-07-24 13:01:56,138 [INFO] [델 테크놀로지스(DELL)] Lv3: trailing 활성화 (매수가 대비 +13.8%, 스톱가 USD 417.37)
2026-07-24 13:01:56,486 [INFO] >>> Processing 브로드컴(AVGO)
2026-07-24 13:01:56,490 [INFO] [브로드컴(AVGO)] 채널 기울기 하락 전환 확정 (-12.76%/63봉) -> 이탈 청산 진행
2026-07-24 13:01:56,490 [INFO] [브로드컴(AVGO)] 추세 이탈 -> 수량 부족으로 전량 청산(Bulk) 1주 (평단 USD 382.60, 현재가 USD 392.47)
2026-07-24 13:01:56,490 [INFO] Executing 1 order(s)...
2026-07-24 13:01:56,490 [INFO] [KisBroker] Processing 1 SELL orders...
2026-07-24 13:01:56,769 [WARNING] [KisBroker] 호가 조회 실패 — 브로드컴(AVGO) 현재가 기반 주문 진행
2026-07-24 13:01:57,518 [ERROR] [KisBroker] Order Failed: 장운영시간이 아닙니다.(단,주간거래시간이면 전용화면 주문가능, 주문시간 외 불가)
2026-07-24 13:01:57,895 [INFO] >>> Step 6: Persist
2026-07-24 23:46:20,305 [INFO] === Manual Trade CLI (overseas) [3건]: CCJ:sell, ICLN:sell_all, SCHD:sell_all ===
2026-07-24 23:46:20,306 [INFO] [KisBroker] 캐시에서 토큰 로드 (API 호출 생략)
2026-07-24 23:46:20,306 [INFO] [KisOverseasLiveBroker] Mode: LIVE TRADING
2026-07-24 23:46:20,306 [INFO] === Manual Trade: 카메코(CCJ) SELL ===
2026-07-24 23:46:20,306 [INFO] >>> Step 1: Portfolio & Price Fetch
2026-07-24 23:46:23,077 [INFO] Fetching real-time prices from Broker...
2026-07-24 23:46:26,491 [INFO] Portfolio: Cash=USD 3,838.47, Value=USD 17,291.09
2026-07-24 23:46:26,491 [INFO] >>> Step 2: Load Positions
2026-07-24 23:46:26,492 [INFO] Loaded 27 position lot(s)
2026-07-24 23:46:26,492 [INFO] 매도 수량 자동 도출: Lv1 lot 7주 전량
2026-07-24 23:46:26,492 [INFO] [카메코(CCJ)] 수동 신호 생성: SELL Lv1 7주 @USD 86.94
2026-07-24 23:46:26,492 [INFO] Executing 1 order(s)...
2026-07-24 23:46:26,492 [INFO] [KisBroker] Processing 1 SELL orders...
2026-07-24 23:46:27,409 [INFO] [KisBroker] Order Sent: SELL 카메코(CCJ) 7 @ 86.86 (ODNO=0031444104)
2026-07-24 23:46:29,837 [INFO] [KisBroker] Order FILLED: 카메코(CCJ) ODNO=0031444104 price=86.86 qty=7 fee=0.0
2026-07-24 23:46:30,038 [INFO] [Position] Remove lot: lot_20260708_000149_CCJ_001 Lv1 (7주 전량 매도)
2026-07-24 23:46:34,635 [INFO] >>> Step 6: Persist
2026-07-24 23:46:35,222 [INFO] === Manual Trade: ISHARES GLOBAL CLEAN ENERGY(ICLN) SELL ===
2026-07-24 23:46:35,222 [INFO] >>> Step 1: Portfolio & Price Fetch
2026-07-24 23:46:36,826 [INFO] Fetching real-time prices from Broker...
2026-07-24 23:46:40,244 [INFO] Portfolio: Cash=USD 4,440.16, Value=USD 17,285.52
2026-07-24 23:46:40,244 [INFO] >>> Step 2: Load Positions
2026-07-24 23:46:40,244 [INFO] Loaded 26 position lot(s)
2026-07-24 23:46:40,245 [INFO] 일괄매도 수량 도출: 3개 lot 합산 48주 전량
2026-07-24 23:46:40,245 [INFO] [ISHARES GLOBAL CLEAN ENERGY(ICLN)] 수동 신호 생성: SELL Lv3 48주 @USD 17.86
2026-07-24 23:46:40,245 [INFO] Executing 1 order(s)...
2026-07-24 23:46:40,245 [INFO] [KisBroker] Processing 1 SELL orders...
2026-07-24 23:46:41,214 [INFO] [KisBroker] Order Sent: SELL ISHARES GLOBAL CLEAN ENERGY(ICLN) 48 @ 17.86 (ODNO=0031444228)
2026-07-24 23:46:43,641 [INFO] [KisBroker] Order FILLED: ISHARES GLOBAL CLEAN ENERGY(ICLN) ODNO=0031444228 price=17.86 qty=48 fee=0.0
2026-07-24 23:46:43,842 [INFO] [Position] Bulk 청산: ISHARES GLOBAL CLEAN ENERGY(ICLN) 48주 소진 (잔여 0주), 실현손익 USD -165.97
2026-07-24 23:46:48,432 [INFO] >>> Step 6: Persist
2026-07-24 23:46:48,984 [INFO] === Manual Trade: SCHWAB US DIVIDEND EQUITY(SCHD) SELL ===
2026-07-24 23:46:48,985 [INFO] >>> Step 1: Portfolio & Price Fetch
2026-07-24 23:46:50,578 [INFO] Fetching real-time prices from Broker...
2026-07-24 23:46:53,982 [INFO] Portfolio: Cash=USD 5,288.07, Value=USD 17,277.18
2026-07-24 23:46:53,983 [INFO] >>> Step 2: Load Positions
2026-07-24 23:46:53,983 [INFO] Loaded 23 position lot(s)
2026-07-24 23:46:53,983 [INFO] 일괄매도 수량 도출: 1개 lot 합산 15주 전량
2026-07-24 23:46:53,983 [INFO] [SCHWAB US DIVIDEND EQUITY(SCHD)] 수동 신호 생성: SELL Lv1 15주 @USD 33.19
2026-07-24 23:46:53,983 [INFO] Executing 1 order(s)...
2026-07-24 23:46:53,983 [INFO] [KisBroker] Processing 1 SELL orders...
2026-07-24 23:46:54,956 [INFO] [KisBroker] Order Sent: SELL SCHWAB US DIVIDEND EQUITY(SCHD) 15 @ 33.18 (ODNO=0031444346)
2026-07-24 23:46:57,386 [INFO] [KisBroker] Order FILLED: SCHWAB US DIVIDEND EQUITY(SCHD) ODNO=0031444346 price=33.18 qty=15 fee=0.0
2026-07-24 23:46:57,587 [INFO] [Position] Bulk 청산: SCHWAB US DIVIDEND EQUITY(SCHD) 15주 소진 (잔여 0주), 실현손익 USD 21.60
2026-07-24 23:47:02,181 [INFO] >>> Step 6: Persist
2026-07-24 23:47:02,725 [INFO] === Manual Trade 완료: 체결 3건 [CCJ SELL, ICLN SELL_ALL, SCHD SELL_ALL], 실패 0건 ===
