2026-06-17 00:01:16,781 [INFO] === Initializing MagicSplit Bot (overseas) ===
2026-06-17 00:01:16,781 [INFO] Loaded 20 stock rule(s) from config_overseas.json
2026-06-17 00:01:16,781 [INFO] [overseas] 15 rule(s), mode=LIVE
2026-06-17 00:01:16,782 [INFO] [KisBroker] 캐시에서 토큰 로드 (API 호출 생략)
2026-06-17 00:01:16,782 [INFO] [KisOverseasLiveBroker] Mode: LIVE TRADING
2026-06-17 00:01:16,782 [INFO] === Running overseas engine ===
2026-06-17 00:01:16,782 [INFO] >>> Step 1: Portfolio & Price Fetch
2026-06-17 00:01:18,643 [INFO] Fetching real-time prices from Broker...
2026-06-17 00:01:23,940 [INFO] Portfolio: Cash=USD 4,660.36, Value=USD 13,040.20
2026-06-17 00:01:23,941 [INFO] >>> Step 2: Load Positions
2026-06-17 00:01:23,941 [INFO] Loaded 18 position lot(s)
2026-06-17 00:01:23,942 [INFO] >>> Step 2.1: Detected 1 newly enabled ticker(s)
2026-06-17 00:01:23,943 [INFO] >>> Step 2.5: Reconcile OK (수량 일치)
2026-06-17 00:01:23,944 [INFO] >>> Processing ISHARES GLOBAL CLEAN ENERGY(ICLN)
2026-06-17 00:01:23,944 [INFO]   [ISHARES GLOBAL CLEAN ENERGY(ICLN)] 신호 없음 | Lv1 매수 USD 22.01 -> 현재 USD 20.98 (-4.66%) | 익절 +10.0% / 추매 -5.0%
2026-06-17 00:01:23,944 [INFO] >>> Processing 프록터 앤드 갬블(PG)
2026-06-17 00:01:23,945 [INFO]   [프록터 앤드 갬블(PG)] 신호 없음 | Lv1 매수 USD 142.81 -> 현재 USD 152.12 (+6.52%) | 익절 +10.0% / 추매 -5.0%
2026-06-17 00:01:23,945 [INFO] >>> Processing IBM
2026-06-17 00:01:23,945 [INFO]   [IBM] 신호 없음 | Lv1 매수 USD 283.55 -> 현재 USD 269.65 (-4.90%) | 익절 +10.0% / 추매 -5.0%
2026-06-17 00:01:23,945 [INFO] >>> Processing ARK INNOVATION(ARKK)
2026-06-17 00:01:23,946 [INFO]   [ARK INNOVATION(ARKK)] 신호 없음 | Lv2 매수 USD 75.28 -> 현재 USD 79.02 (+4.97%) | 익절 +10.0% / 추매 -5.0%
2026-06-17 00:01:23,946 [INFO] >>> Processing 리얼티 인컴(O)
2026-06-17 00:01:23,946 [INFO]   [리얼티 인컴(O)] 신호 없음 | Lv1 매수 USD 62.37 -> 현재 USD 62.13 (-0.38%) | 익절 +10.0% / 추매 -5.0%
2026-06-17 00:01:23,946 [INFO] >>> Processing 브로드컴(AVGO)
2026-06-17 00:01:23,947 [INFO] [브로드컴(AVGO)] 보유 lot 없음 -> 초기 매수 Lv1 2주 @USD 382.50
2026-06-17 00:01:23,947 [INFO] Executing 1 order(s)...
2026-06-17 00:01:25,368 [INFO] [KisBroker] Available Cash for BUY: 4,660
2026-06-17 00:01:26,571 [INFO] [KisBroker] Order Sent: BUY 브로드컴(AVGO) 2 @ 382.6 (ODNO=0030755258)
2026-06-17 00:01:29,034 [INFO] [KisBroker] Order FILLED: 브로드컴(AVGO) ODNO=0030755258 price=382.6 qty=2 fee=0.0
2026-06-17 00:01:29,235 [INFO] [브로드컴(AVGO)] 동적 재매수 기준 초기화 (매도가 USD 394.08 -> 소비됨)
2026-06-17 00:01:29,235 [INFO] [Position] New lot: lot_20260617_000129_AVGO_001 Lv1 브로드컴(AVGO) 2주 @USD 382.60
2026-06-17 00:01:33,659 [INFO] >>> Processing 펩시코(PEP)
2026-06-17 00:01:33,659 [INFO]   [펩시코(PEP)] 신호 없음 | Lv2 매수 USD 142.33 -> 현재 USD 145.96 (+2.55%) | 익절 +10.0% / 추매 -5.0%
2026-06-17 00:01:33,660 [INFO] >>> Processing 코닝(GLW)
2026-06-17 00:01:33,660 [INFO]   [코닝(GLW)] 신호 없음 | Lv2 매수 USD 184.60 -> 현재 USD 177.58 (-3.80%) | 익절 +10.0% / 추매 -5.0%
2026-06-17 00:01:33,660 [INFO] >>> Processing 애플(AAPL)
2026-06-17 00:01:33,660 [INFO]   [애플(AAPL)] 신호 없음 | Lv1 매수 USD 291.90 -> 현재 USD 297.73 (+2.00%) | 익절 +10.0% / 추매 -5.0%
2026-06-17 00:01:33,661 [INFO] >>> Processing 듀크 에너지(DUK)
2026-06-17 00:01:33,661 [INFO]   [듀크 에너지(DUK)] 신호 없음 | Lv1 매수 USD 124.92 -> 현재 USD 126.56 (+1.31%) | 익절 +10.0% / 추매 -5.0%
2026-06-17 00:01:33,661 [INFO] >>> Processing 루멘텀 홀딩스(LITE)
2026-06-17 00:01:33,661 [INFO] [루멘텀 홀딩스(LITE)] 보유 lot 없음 -> 초기 매수 Lv1 1주 @USD 873.88
2026-06-17 00:01:33,661 [INFO] Executing 1 order(s)...
2026-06-17 00:01:35,113 [INFO] [KisBroker] Available Cash for BUY: 3,895
2026-06-17 00:01:36,307 [INFO] [KisBroker] Order Sent: BUY 루멘텀 홀딩스(LITE) 1 @ 875.53 (ODNO=0030755389)
2026-06-17 00:01:38,761 [INFO] [KisBroker] Order FILLED: 루멘텀 홀딩스(LITE) ODNO=0030755389 price=875.53 qty=1 fee=0.0
2026-06-17 00:01:38,963 [INFO] [루멘텀 홀딩스(LITE)] 동적 재매수 기준 초기화 (매도가 USD 935.05 -> 소비됨)
2026-06-17 00:01:38,963 [INFO] [Position] New lot: lot_20260617_000138_LITE_001 Lv1 루멘텀 홀딩스(LITE) 1주 @USD 875.53
2026-06-17 00:01:43,414 [INFO] >>> Processing 테슬라(TSLA)
2026-06-17 00:01:43,415 [INFO]   [테슬라(TSLA)] 신호 없음 | Lv3 매수 USD 409.90 -> 현재 USD 408.60 (-0.32%) | 익절 +10.0% / 추매 -5.0%
2026-06-17 00:01:43,415 [INFO] >>> Processing 알파벳 A(GOOGL)
2026-06-17 00:01:43,416 [INFO]   [알파벳 A(GOOGL)] 신호 없음 | Lv2 매수 USD 369.66 -> 현재 USD 374.54 (+1.32%) | 익절 +10.0% / 추매 -5.0%
2026-06-17 00:01:43,416 [INFO] >>> Processing 에이알엠 홀딩스(ADR)(ARM)
2026-06-17 00:01:43,416 [INFO] [에이알엠 홀딩스(ADR)(ARM)] 보유 lot 없음 -> 초기 매수 Lv1 2주 @USD 398.96
2026-06-17 00:01:43,416 [INFO] Executing 1 order(s)...
2026-06-17 00:01:44,848 [INFO] [KisBroker] Available Cash for BUY: 3,020
2026-06-17 00:01:46,028 [INFO] [KisBroker] Order Sent: BUY 에이알엠 홀딩스(ADR)(ARM) 2 @ 400.22 (ODNO=0030755521)
2026-06-17 00:01:48,481 [INFO] [KisBroker] Order FILLED: 에이알엠 홀딩스(ADR)(ARM) ODNO=0030755521 price=400.22 qty=2 fee=0.0
2026-06-17 00:01:48,682 [INFO] [Position] New lot: lot_20260617_000148_ARM_001 Lv1 에이알엠 홀딩스(ADR)(ARM) 2주 @USD 400.22
2026-06-17 00:01:53,108 [INFO] >>> Processing SCHWAB US DIVIDEND EQUITY(SCHD)
2026-06-17 00:01:53,108 [INFO]   [SCHWAB US DIVIDEND EQUITY(SCHD)] 신호 없음 | Lv1 매수 USD 31.74 -> 현재 USD 32.66 (+2.88%) | 익절 +10.0% / 추매 -5.0%
2026-06-17 00:01:53,109 [INFO] >>> Step 6: Persist
2026-06-17 02:01:05,157 [INFO] === Initializing MagicSplit Bot (overseas) ===
2026-06-17 02:01:05,157 [INFO] Loaded 20 stock rule(s) from config_overseas.json
2026-06-17 02:01:05,157 [INFO] [overseas] 15 rule(s), mode=LIVE
2026-06-17 02:01:05,157 [INFO] [KisBroker] 캐시에서 토큰 로드 (API 호출 생략)
2026-06-17 02:01:05,158 [INFO] [KisOverseasLiveBroker] Mode: LIVE TRADING
2026-06-17 02:01:05,158 [INFO] === Running overseas engine ===
2026-06-17 02:01:05,158 [INFO] >>> Step 1: Portfolio & Price Fetch
2026-06-17 02:01:05,928 [ERROR] [KisBroker] Margin Check Error: ('Connection aborted.', RemoteDisconnected('Remote end closed connection without response'))
2026-06-17 02:01:06,712 [ERROR] [KisBroker] Error getting portfolio (NASD): ('Connection aborted.', RemoteDisconnected('Remote end closed connection without response'))
2026-06-17 02:01:07,470 [ERROR] [KisBroker] Error getting portfolio (NYSE): ('Connection aborted.', RemoteDisconnected('Remote end closed connection without response'))
2026-06-17 02:01:08,258 [ERROR] [KisBroker] Error getting portfolio (AMEX): ('Connection aborted.', RemoteDisconnected('Remote end closed connection without response'))
2026-06-17 02:01:08,258 [ERROR] 사이클 초기화 실패: 모든 거래소(NASD/NYSE/AMEX) 잔고 조회 실패(현금 조회 오류) — 사이클을 중단합니다.
2026-06-17 02:01:08,526 [ERROR] >>> Step 6: 포트폴리오, 포지션 조회 실패로 저장 생략. 수동 데이터 복구 필요
2026-06-17 04:01:06,676 [INFO] === Initializing MagicSplit Bot (overseas) ===
2026-06-17 04:01:06,676 [INFO] Loaded 20 stock rule(s) from config_overseas.json
2026-06-17 04:01:06,676 [INFO] [overseas] 15 rule(s), mode=LIVE
2026-06-17 04:01:06,676 [INFO] [KisBroker] 캐시에서 토큰 로드 (API 호출 생략)
2026-06-17 04:01:06,676 [INFO] [KisOverseasLiveBroker] Mode: LIVE TRADING
2026-06-17 04:01:06,676 [INFO] === Running overseas engine ===
2026-06-17 04:01:06,676 [INFO] >>> Step 1: Portfolio & Price Fetch
2026-06-17 04:01:09,051 [INFO] Fetching real-time prices from Broker...
2026-06-17 04:01:14,847 [INFO] Portfolio: Cash=USD 2,220.00, Value=USD 13,063.48
2026-06-17 04:01:14,847 [INFO] >>> Step 2: Load Positions
2026-06-17 04:01:14,848 [INFO] Loaded 21 position lot(s)
2026-06-17 04:01:14,849 [INFO] >>> Step 2.5: Reconcile OK (수량 일치)
2026-06-17 04:01:14,849 [INFO] >>> Processing 테슬라(TSLA)
2026-06-17 04:01:14,849 [INFO]   [테슬라(TSLA)] 신호 없음 | Lv3 매수 USD 409.90 -> 현재 USD 405.05 (-1.18%) | 익절 +10.0% / 추매 -5.0%
2026-06-17 04:01:14,850 [INFO] >>> Processing 애플(AAPL)
2026-06-17 04:01:14,850 [INFO]   [애플(AAPL)] 신호 없음 | Lv1 매수 USD 291.90 -> 현재 USD 299.08 (+2.46%) | 익절 +10.0% / 추매 -5.0%
2026-06-17 04:01:14,850 [INFO] >>> Processing 브로드컴(AVGO)
2026-06-17 04:01:14,850 [INFO]   [브로드컴(AVGO)] 신호 없음 | Lv1 매수 USD 382.60 -> 현재 USD 380.60 (-0.52%) | 익절 +10.0% / 추매 -5.0%
2026-06-17 04:01:14,851 [INFO] >>> Processing 루멘텀 홀딩스(LITE)
2026-06-17 04:01:14,851 [INFO] [루멘텀 홀딩스(LITE)] buy_amount(USD 500.00) < 현재가(USD 878.10) -> 1주도 매수 불가. buy_amount 상향 조정 필요
2026-06-17 04:01:15,127 [INFO] >>> Processing 코닝(GLW)
2026-06-17 04:01:15,127 [INFO]   [코닝(GLW)] 신호 없음 | Lv2 매수 USD 184.60 -> 현재 USD 178.27 (-3.43%) | 익절 +10.0% / 추매 -5.0%
2026-06-17 04:01:15,128 [INFO] >>> Processing 알파벳 A(GOOGL)
2026-06-17 04:01:15,128 [INFO]   [알파벳 A(GOOGL)] 신호 없음 | Lv2 매수 USD 369.66 -> 현재 USD 373.36 (+1.00%) | 익절 +10.0% / 추매 -5.0%
2026-06-17 04:01:15,128 [INFO] >>> Processing 리얼티 인컴(O)
2026-06-17 04:01:15,129 [INFO]   [리얼티 인컴(O)] 신호 없음 | Lv1 매수 USD 62.37 -> 현재 USD 61.85 (-0.83%) | 익절 +10.0% / 추매 -5.0%
2026-06-17 04:01:15,129 [INFO] >>> Processing ISHARES GLOBAL CLEAN ENERGY(ICLN)
2026-06-17 04:01:15,129 [INFO]   [ISHARES GLOBAL CLEAN ENERGY(ICLN)] 신호 없음 | Lv1 매수 USD 22.01 -> 현재 USD 20.95 (-4.84%) | 익절 +10.0% / 추매 -5.0%
2026-06-17 04:01:15,129 [INFO] >>> Processing ARK INNOVATION(ARKK)
2026-06-17 04:01:15,130 [INFO]   [ARK INNOVATION(ARKK)] 신호 없음 | Lv2 매수 USD 75.28 -> 현재 USD 79.70 (+5.87%) | 익절 +10.0% / 추매 -5.0%
2026-06-17 04:01:15,130 [INFO] >>> Processing SCHWAB US DIVIDEND EQUITY(SCHD)
2026-06-17 04:01:15,130 [INFO]   [SCHWAB US DIVIDEND EQUITY(SCHD)] 신호 없음 | Lv1 매수 USD 31.74 -> 현재 USD 32.53 (+2.50%) | 익절 +10.0% / 추매 -5.0%
2026-06-17 04:01:15,130 [INFO] >>> Processing 듀크 에너지(DUK)
2026-06-17 04:01:15,130 [INFO]   [듀크 에너지(DUK)] 신호 없음 | Lv1 매수 USD 124.92 -> 현재 USD 125.61 (+0.55%) | 익절 +10.0% / 추매 -5.0%
2026-06-17 04:01:15,131 [INFO] >>> Processing 펩시코(PEP)
2026-06-17 04:01:15,131 [INFO]   [펩시코(PEP)] 신호 없음 | Lv2 매수 USD 142.33 -> 현재 USD 146.16 (+2.69%) | 익절 +10.0% / 추매 -5.0%
2026-06-17 04:01:15,131 [INFO] >>> Processing 프록터 앤드 갬블(PG)
2026-06-17 04:01:15,131 [INFO]   [프록터 앤드 갬블(PG)] 신호 없음 | Lv1 매수 USD 142.81 -> 현재 USD 152.20 (+6.58%) | 익절 +10.0% / 추매 -5.0%
2026-06-17 04:01:15,132 [INFO] >>> Processing 에이알엠 홀딩스(ADR)(ARM)
2026-06-17 04:01:15,132 [INFO]   [에이알엠 홀딩스(ADR)(ARM)] 신호 없음 | Lv1 매수 USD 400.22 -> 현재 USD 411.60 (+2.84%) | 익절 +10.0% / 추매 -5.0%
2026-06-17 04:01:15,132 [INFO] >>> Processing IBM
2026-06-17 04:01:15,133 [INFO]   [IBM] 신호 없음 | Lv1 매수 USD 283.55 -> 현재 USD 271.48 (-4.26%) | 익절 +10.0% / 추매 -5.0%
2026-06-17 04:01:15,133 [INFO] >>> Step 6: Persist
