2026-06-12 02:57:59,489 [INFO] === Initializing MagicSplit Bot (overseas) ===
2026-06-12 02:57:59,489 [INFO] Loaded 19 stock rule(s) from config_overseas.json
2026-06-12 02:57:59,489 [INFO] [overseas] 16 rule(s), mode=LIVE
2026-06-12 02:57:59,489 [INFO] [KisBroker] 캐시에서 토큰 로드 (API 호출 생략)
2026-06-12 02:57:59,490 [INFO] [KisOverseasLiveBroker] Mode: LIVE TRADING
2026-06-12 02:57:59,490 [INFO] === Running overseas engine ===
2026-06-12 02:57:59,490 [INFO] >>> Step 1: Portfolio & Price Fetch
2026-06-12 02:58:01,428 [INFO] Fetching real-time prices from Broker...
2026-06-12 02:58:06,823 [INFO] Portfolio: Cash=USD 33.74, Value=USD 11,718.21
2026-06-12 02:58:06,823 [INFO] >>> Step 2: Load Positions
2026-06-12 02:58:06,824 [INFO] Loaded 21 position lot(s)
2026-06-12 02:58:06,825 [INFO] >>> Step 2.5: Reconcile OK (수량 일치)
2026-06-12 02:58:06,825 [INFO] >>> Processing 애플(AAPL)
2026-06-12 02:58:06,825 [INFO]   [애플(AAPL)] 신호 없음 | Lv1 매수 USD 291.90 -> 현재 USD 295.67 (+1.29%) | 익절 +10.0% / 추매 -5.0%
2026-06-12 02:58:06,826 [INFO] >>> Processing 리얼티 인컴(O)
2026-06-12 02:58:06,826 [INFO]   [리얼티 인컴(O)] 신호 없음 | Lv1 매수 USD 62.37 -> 현재 USD 62.48 (+0.17%) | 익절 +10.0% / 추매 -5.0%
2026-06-12 02:58:06,826 [INFO] >>> Processing 프록터 앤드 갬블(PG)
2026-06-12 02:58:06,827 [INFO]   [프록터 앤드 갬블(PG)] 신호 없음 | Lv1 매수 USD 142.81 -> 현재 USD 149.19 (+4.47%) | 익절 +10.0% / 추매 -5.0%
2026-06-12 02:58:06,827 [INFO] >>> Processing 펩시코(PEP)
2026-06-12 02:58:06,827 [INFO]   [펩시코(PEP)] 신호 없음 | Lv2 매수 USD 142.33 -> 현재 USD 144.95 (+1.84%) | 익절 +10.0% / 추매 -5.0%
2026-06-12 02:58:06,828 [INFO] >>> Processing 듀크 에너지(DUK)
2026-06-12 02:58:06,828 [INFO]   [듀크 에너지(DUK)] 신호 없음 | Lv1 매수 USD 124.92 -> 현재 USD 125.13 (+0.17%) | 익절 +10.0% / 추매 -5.0%
2026-06-12 02:58:06,828 [INFO] >>> Processing ARK INNOVATION(ARKK)
2026-06-12 02:58:06,828 [INFO]   [ARK INNOVATION(ARKK)] 신호 없음 | Lv2 매수 USD 75.28 -> 현재 USD 74.62 (-0.88%) | 익절 +10.0% / 추매 -5.0%
2026-06-12 02:58:06,829 [INFO] >>> Processing SCHWAB US DIVIDEND EQUITY(SCHD)
2026-06-12 02:58:06,829 [INFO]   [SCHWAB US DIVIDEND EQUITY(SCHD)] 신호 없음 | Lv1 매수 USD 31.74 -> 현재 USD 32.62 (+2.76%) | 익절 +10.0% / 추매 -5.0%
2026-06-12 02:58:06,829 [INFO] >>> Processing ISHARES GLOBAL CLEAN ENERGY(ICLN)
2026-06-12 02:58:06,830 [INFO] [ISHARES GLOBAL CLEAN ENERGY(ICLN)] 현금 부족: 보유 현금 USD 33.74 < 매수 예정 금액 USD 492.24 (24주) -> 매수 보류
2026-06-12 02:58:07,313 [INFO] >>> Processing 알파벳 A(GOOGL)
2026-06-12 02:58:07,313 [INFO]   [알파벳 A(GOOGL)] 신호 없음 | Lv2 매수 USD 369.66 -> 현재 USD 352.15 (-4.74%) | 익절 +10.0% / 추매 -5.0%
2026-06-12 02:58:07,314 [INFO] >>> Processing 브로드컴(AVGO)
2026-06-12 02:58:07,314 [INFO] [브로드컴(AVGO)] 현금 부족: 보유 현금 USD 33.74 < 현재가 USD 384.10 (1주도 매수 불가) -> 매수 보류
2026-06-12 02:58:07,751 [INFO] >>> Processing 테슬라(TSLA)
2026-06-12 02:58:07,751 [INFO]   [테슬라(TSLA)] 신호 없음 | Lv3 매수 USD 409.90 -> 현재 USD 392.59 (-4.22%) | 익절 +10.0% / 추매 -5.0%
2026-06-12 02:58:07,752 [INFO] >>> Processing 코닝(GLW)
2026-06-12 02:58:07,752 [INFO] [코닝(GLW)] 현금 부족: 보유 현금 USD 33.74 < 현재가 USD 173.52 (1주도 매수 불가) -> 매수 보류
2026-06-12 02:58:08,198 [INFO] >>> Processing IBM
2026-06-12 02:58:08,198 [INFO]   [IBM] 신호 없음 | Lv1 매수 USD 283.55 -> 현재 USD 275.75 (-2.75%) | 익절 +10.0% / 추매 -5.0%
2026-06-12 02:58:08,199 [INFO] >>> Processing 포엣 테크놀로지스(POET)
2026-06-12 02:58:08,199 [INFO] [포엣 테크놀로지스(POET)] 현금 부족: 보유 현금 USD 33.74 < 매수 예정 금액 USD 495.00 (45주) -> 매수 보류
2026-06-12 02:58:08,641 [INFO] >>> Processing 루멘텀 홀딩스(LITE)
2026-06-12 02:58:08,641 [INFO] [루멘텀 홀딩스(LITE)] 현금 부족: 보유 현금 USD 33.74 < 현재가 USD 877.17 (1주도 매수 불가) -> 매수 보류
2026-06-12 02:58:09,069 [INFO] >>> Processing 팔란티어 테크(PLTR)
2026-06-12 02:58:09,070 [INFO] [팔란티어 테크(PLTR)] 현금 부족: 보유 현금 USD 33.74 < 현재가 USD 130.66 (1주도 매수 불가) -> 매수 보류
2026-06-12 02:58:09,520 [INFO] >>> Step 6: Persist
