2026-05-16 01:30:27,220 [INFO] === Initializing MagicSplit Bot (overseas) ===
2026-05-16 01:30:27,220 [INFO] Loaded 14 stock rule(s) from config_overseas.json
2026-05-16 01:30:27,220 [INFO] [overseas] 12 rule(s), mode=LIVE
2026-05-16 01:30:27,221 [INFO] [KisBroker] 새 토큰 발급 중...
2026-05-16 01:30:28,252 [INFO] [KisOverseasLiveBroker] Mode: LIVE TRADING
2026-05-16 01:30:28,252 [INFO] === Running overseas engine ===
2026-05-16 01:30:28,252 [INFO] >>> Step 1: Portfolio & Price Fetch
2026-05-16 01:30:29,657 [INFO] Fetching real-time prices from Broker...
2026-05-16 01:30:33,816 [INFO] Portfolio: Cash=USD 1,423.12, Value=USD 7,438.94
2026-05-16 01:30:33,816 [INFO] >>> Step 2: Load Positions
2026-05-16 01:30:33,817 [INFO] Loaded 13 position lot(s)
2026-05-16 01:30:33,817 [INFO] >>> Step 2.5: Reconcile OK (수량 일치)
2026-05-16 01:30:33,817 [INFO] >>> Processing 애플(AAPL)
2026-05-16 01:30:33,818 [INFO]   [애플(AAPL)] 신호 없음 | Lv1 매수 USD 291.90 -> 현재 USD 301.63 (+3.33%) | 익절 +10.0% / 추매 -5.0%
2026-05-16 01:30:33,818 [INFO] >>> Processing 리얼티 인컴(O)
2026-05-16 01:30:33,818 [INFO]   [리얼티 인컴(O)] 신호 없음 | Lv1 매수 USD 62.37 -> 현재 USD 61.46 (-1.46%) | 익절 +10.0% / 추매 -5.0%
2026-05-16 01:30:33,818 [INFO] >>> Processing 프록터 앤드 갬블(PG)
2026-05-16 01:30:33,818 [INFO]   [프록터 앤드 갬블(PG)] 신호 없음 | Lv1 매수 USD 142.81 -> 현재 USD 141.88 (-0.65%) | 익절 +10.0% / 추매 -5.0%
2026-05-16 01:30:33,819 [INFO] >>> Processing 펩시코(PEP)
2026-05-16 01:30:33,819 [INFO]   [펩시코(PEP)] 신호 없음 | Lv1 매수 USD 150.05 -> 현재 USD 149.35 (-0.47%) | 익절 +10.0% / 추매 -5.0%
2026-05-16 01:30:33,819 [INFO] >>> Processing 듀크 에너지(DUK)
2026-05-16 01:30:33,819 [INFO]   [듀크 에너지(DUK)] 신호 없음 | Lv1 매수 USD 124.92 -> 현재 USD 121.38 (-2.83%) | 익절 +10.0% / 추매 -5.0%
2026-05-16 01:30:33,819 [INFO] >>> Processing ARK INNOVATION(ARKK)
2026-05-16 01:30:33,820 [INFO] [ARK INNOVATION(ARKK)] Lv1 매수가 USD 79.92 대비 -5.8% -> 추가 매수 Lv2 6주 @USD 75.28
2026-05-16 01:30:33,820 [INFO] Executing 1 order(s)...
2026-05-16 01:30:35,216 [INFO] [KisBroker] Available Cash for BUY: 1,423
2026-05-16 01:30:36,360 [INFO] [KisBroker] Order Sent: BUY ARK INNOVATION(ARKK) 6 @ 75.28 (ODNO=0032079895)
2026-05-16 01:30:38,805 [INFO] [KisBroker] Order FILLED: ARK INNOVATION(ARKK) ODNO=0032079895 price=75.28 qty=6 fee=0.0
2026-05-16 01:30:39,006 [INFO] [Position] New lot: lot_20260516_013039_ARKK_002 Lv2 ARK INNOVATION(ARKK) 6주 @USD 75.28
2026-05-16 01:30:43,550 [INFO] >>> Processing SCHWAB US DIVIDEND EQUITY(SCHD)
2026-05-16 01:30:43,551 [INFO]   [SCHWAB US DIVIDEND EQUITY(SCHD)] 신호 없음 | Lv1 매수 USD 31.74 -> 현재 USD 31.69 (-0.16%) | 익절 +10.0% / 추매 -5.0%
2026-05-16 01:30:43,551 [INFO] >>> Processing ISHARES GLOBAL CLEAN ENERGY(ICLN)
2026-05-16 01:30:43,551 [INFO]   [ISHARES GLOBAL CLEAN ENERGY(ICLN)] 신호 없음 | Lv1 매수 USD 22.01 -> 현재 USD 21.66 (-1.59%) | 익절 +10.0% / 추매 -5.0%
2026-05-16 01:30:43,552 [INFO] >>> Processing 알파벳 A(GOOGL)
2026-05-16 01:30:43,552 [INFO]   [알파벳 A(GOOGL)] 신호 없음 | Lv1 매수 USD 393.85 -> 현재 USD 396.96 (+0.79%) | 익절 +10.0% / 추매 -5.0%
2026-05-16 01:30:43,552 [INFO] >>> Processing 브로드컴(AVGO)
2026-05-16 01:30:43,552 [INFO]   [브로드컴(AVGO)] 신호 없음 | Lv1 매수 USD 429.80 -> 현재 USD 429.07 (-0.17%) | 익절 +10.0% / 추매 -5.0%
2026-05-16 01:30:43,553 [INFO] >>> Processing 테슬라(TSLA)
2026-05-16 01:30:43,553 [INFO]   [테슬라(TSLA)] 신호 없음 | Lv2 매수 USD 435.49 -> 현재 USD 424.59 (-2.50%) | 익절 +10.0% / 추매 -5.0%
2026-05-16 01:30:43,553 [INFO] >>> Processing 코닝(GLW)
2026-05-16 01:30:43,554 [INFO]   [코닝(GLW)] 신호 없음 | Lv1 매수 USD 202.75 -> 현재 USD 196.04 (-3.31%) | 익절 +10.0% / 추매 -5.0%
2026-05-16 01:30:43,554 [INFO] >>> Step 6: Persist
