2026-06-09 02:40:35,979 [INFO] === Initializing MagicSplit Bot (overseas) ===
2026-06-09 02:40:35,980 [INFO] Loaded 19 stock rule(s) from config_overseas.json
2026-06-09 02:40:35,980 [INFO] [overseas] 16 rule(s), mode=LIVE
2026-06-09 02:40:35,980 [INFO] [KisBroker] 새 토큰 발급 중...
2026-06-09 02:40:36,865 [INFO] [KisOverseasLiveBroker] Mode: LIVE TRADING
2026-06-09 02:40:36,865 [INFO] === Running overseas engine ===
2026-06-09 02:40:36,865 [INFO] >>> Step 1: Portfolio & Price Fetch
2026-06-09 02:40:38,413 [INFO] Fetching real-time prices from Broker...
2026-06-09 02:40:44,475 [INFO] Portfolio: Cash=USD 33.74, Value=USD 12,102.24
2026-06-09 02:40:44,475 [INFO] >>> Step 2: Load Positions
2026-06-09 02:40:44,476 [INFO] Loaded 21 position lot(s)
2026-06-09 02:40:44,476 [INFO] >>> Step 2.5: Reconcile OK (수량 일치)
2026-06-09 02:40:44,477 [INFO] >>> Processing 애플(AAPL)
2026-06-09 02:40:44,477 [INFO]   [애플(AAPL)] 신호 없음 | Lv1 매수 USD 291.90 -> 현재 USD 312.56 (+7.08%) | 익절 +10.0% / 추매 -5.0%
2026-06-09 02:40:44,477 [INFO] >>> Processing 리얼티 인컴(O)
2026-06-09 02:40:44,477 [INFO]   [리얼티 인컴(O)] 신호 없음 | Lv1 매수 USD 62.37 -> 현재 USD 59.90 (-3.96%) | 익절 +10.0% / 추매 -5.0%
2026-06-09 02:40:44,478 [INFO] >>> Processing 프록터 앤드 갬블(PG)
2026-06-09 02:40:44,478 [INFO]   [프록터 앤드 갬블(PG)] 신호 없음 | Lv1 매수 USD 142.81 -> 현재 USD 145.28 (+1.73%) | 익절 +10.0% / 추매 -5.0%
2026-06-09 02:40:44,478 [INFO] >>> Processing 펩시코(PEP)
2026-06-09 02:40:44,479 [INFO]   [펩시코(PEP)] 신호 없음 | Lv2 매수 USD 142.33 -> 현재 USD 140.38 (-1.37%) | 익절 +10.0% / 추매 -5.0%
2026-06-09 02:40:44,480 [INFO] >>> Processing 듀크 에너지(DUK)
2026-06-09 02:40:44,481 [INFO]   [듀크 에너지(DUK)] 신호 없음 | Lv1 매수 USD 124.92 -> 현재 USD 122.14 (-2.23%) | 익절 +10.0% / 추매 -5.0%
2026-06-09 02:40:44,481 [INFO] >>> Processing ARK INNOVATION(ARKK)
2026-06-09 02:40:44,481 [INFO]   [ARK INNOVATION(ARKK)] 신호 없음 | Lv2 매수 USD 75.28 -> 현재 USD 75.77 (+0.65%) | 익절 +10.0% / 추매 -5.0%
2026-06-09 02:40:44,482 [INFO] >>> Processing SCHWAB US DIVIDEND EQUITY(SCHD)
2026-06-09 02:40:44,482 [INFO]   [SCHWAB US DIVIDEND EQUITY(SCHD)] 신호 없음 | Lv1 매수 USD 31.74 -> 현재 USD 32.30 (+1.78%) | 익절 +10.0% / 추매 -5.0%
2026-06-09 02:40:44,482 [INFO] >>> Processing ISHARES GLOBAL CLEAN ENERGY(ICLN)
2026-06-09 02:40:44,482 [INFO]   [ISHARES GLOBAL CLEAN ENERGY(ICLN)] 신호 없음 | Lv1 매수 USD 22.01 -> 현재 USD 21.14 (-3.98%) | 익절 +10.0% / 추매 -5.0%
2026-06-09 02:40:44,482 [INFO] >>> Processing 알파벳 A(GOOGL)
2026-06-09 02:40:44,483 [INFO]   [알파벳 A(GOOGL)] 신호 없음 | Lv2 매수 USD 369.66 -> 현재 USD 364.45 (-1.41%) | 익절 +10.0% / 추매 -5.0%
2026-06-09 02:40:44,483 [INFO] >>> Processing 브로드컴(AVGO)
2026-06-09 02:40:44,483 [INFO] [브로드컴(AVGO)] 현금 부족: 보유 현금 USD 33.74 < 현재가 USD 393.56 (1주도 매수 불가) -> 매수 보류
2026-06-09 02:40:44,819 [INFO] >>> Processing 테슬라(TSLA)
2026-06-09 02:40:44,819 [INFO]   [테슬라(TSLA)] 신호 없음 | Lv3 매수 USD 409.90 -> 현재 USD 409.73 (-0.04%) | 익절 +10.0% / 추매 -5.0%
2026-06-09 02:40:44,820 [INFO] >>> Processing 코닝(GLW)
2026-06-09 02:40:44,820 [INFO]   [코닝(GLW)] 신호 없음 | Lv2 매수 USD 184.60 -> 현재 USD 187.66 (+1.66%) | 익절 +10.0% / 추매 -5.0%
2026-06-09 02:40:44,820 [INFO] >>> Processing IBM
2026-06-09 02:40:44,820 [INFO]   [IBM] 신호 없음 | Lv1 매수 USD 283.55 -> 현재 USD 280.23 (-1.17%) | 익절 +10.0% / 추매 -5.0%
2026-06-09 02:40:44,821 [INFO] >>> Processing 포엣 테크놀로지스(POET)
2026-06-09 02:40:44,821 [INFO]   [포엣 테크놀로지스(POET)] 신호 없음 | Lv2 매수 USD 12.34 -> 현재 USD 12.50 (+1.26%) | 익절 +10.0% / 추매 -5.0%
2026-06-09 02:40:44,821 [INFO] >>> Processing 루멘텀 홀딩스(LITE)
2026-06-09 02:40:44,821 [INFO] [루멘텀 홀딩스(LITE)] 현금 부족: 보유 현금 USD 33.74 < 현재가 USD 888.61 (1주도 매수 불가) -> 매수 보류
2026-06-09 02:40:45,165 [INFO] >>> Processing 팔란티어 테크(PLTR)
2026-06-09 02:40:45,165 [INFO] [팔란티어 테크(PLTR)] 현금 부족: 보유 현금 USD 33.74 < 현재가 USD 135.53 (1주도 매수 불가) -> 매수 보류
2026-06-09 02:40:45,479 [INFO] >>> Step 6: Persist
