2026-05-29 02:53:57,588 [INFO] === Initializing MagicSplit Bot (overseas) ===
2026-05-29 02:53:57,588 [INFO] Loaded 18 stock rule(s) from config_overseas.json
2026-05-29 02:53:57,588 [INFO] [overseas] 16 rule(s), mode=LIVE
2026-05-29 02:53:57,588 [INFO] [KisBroker] 새 토큰 발급 중...
2026-05-29 02:53:58,733 [INFO] [KisOverseasLiveBroker] Mode: LIVE TRADING
2026-05-29 02:53:58,733 [INFO] === Running overseas engine ===
2026-05-29 02:53:58,733 [INFO] >>> Step 1: Portfolio & Price Fetch
2026-05-29 02:54:00,277 [INFO] Fetching real-time prices from Broker...
2026-05-29 02:54:06,269 [INFO] Portfolio: Cash=USD 218.50, Value=USD 7,631.29
2026-05-29 02:54:06,269 [INFO] >>> Step 2: Load Positions
2026-05-29 02:54:06,270 [INFO] Loaded 16 position lot(s)
2026-05-29 02:54:06,270 [INFO] >>> Step 2.5: Reconcile OK (수량 일치)
2026-05-29 02:54:06,271 [INFO] >>> Processing 애플(AAPL)
2026-05-29 02:54:06,271 [INFO]   [애플(AAPL)] 신호 없음 | Lv1 매수 USD 291.90 -> 현재 USD 310.13 (+6.25%) | 익절 +10.0% / 추매 -5.0%
2026-05-29 02:54:06,272 [INFO] >>> Processing 리얼티 인컴(O)
2026-05-29 02:54:06,272 [INFO]   [리얼티 인컴(O)] 신호 없음 | Lv1 매수 USD 62.37 -> 현재 USD 62.01 (-0.58%) | 익절 +10.0% / 추매 -5.0%
2026-05-29 02:54:06,272 [INFO] >>> Processing 프록터 앤드 갬블(PG)
2026-05-29 02:54:06,273 [INFO]   [프록터 앤드 갬블(PG)] 신호 없음 | Lv1 매수 USD 142.81 -> 현재 USD 146.34 (+2.47%) | 익절 +10.0% / 추매 -5.0%
2026-05-29 02:54:06,273 [INFO] >>> Processing 펩시코(PEP)
2026-05-29 02:54:06,273 [INFO]   [펩시코(PEP)] 신호 없음 | Lv1 매수 USD 150.05 -> 현재 USD 145.99 (-2.71%) | 익절 +10.0% / 추매 -5.0%
2026-05-29 02:54:06,273 [INFO] >>> Processing 듀크 에너지(DUK)
2026-05-29 02:54:06,274 [INFO]   [듀크 에너지(DUK)] 신호 없음 | Lv1 매수 USD 124.92 -> 현재 USD 124.32 (-0.48%) | 익절 +10.0% / 추매 -5.0%
2026-05-29 02:54:06,274 [INFO] >>> Processing ARK INNOVATION(ARKK)
2026-05-29 02:54:06,274 [INFO]   [ARK INNOVATION(ARKK)] 신호 없음 | Lv2 매수 USD 75.28 -> 현재 USD 80.71 (+7.21%) | 익절 +10.0% / 추매 -5.0%
2026-05-29 02:54:06,275 [INFO] >>> Processing SCHWAB US DIVIDEND EQUITY(SCHD)
2026-05-29 02:54:06,275 [INFO]   [SCHWAB US DIVIDEND EQUITY(SCHD)] 신호 없음 | Lv1 매수 USD 31.74 -> 현재 USD 32.62 (+2.79%) | 익절 +10.0% / 추매 -5.0%
2026-05-29 02:54:06,275 [INFO] >>> Processing ISHARES GLOBAL CLEAN ENERGY(ICLN)
2026-05-29 02:54:06,276 [INFO]   [ISHARES GLOBAL CLEAN ENERGY(ICLN)] 신호 없음 | Lv1 매수 USD 22.01 -> 현재 USD 23.63 (+7.36%) | 익절 +10.0% / 추매 -5.0%
2026-05-29 02:54:06,276 [INFO] >>> Processing 알파벳 A(GOOGL)
2026-05-29 02:54:06,276 [INFO]   [알파벳 A(GOOGL)] 신호 없음 | Lv1 매수 USD 393.85 -> 현재 USD 390.26 (-0.91%) | 익절 +10.0% / 추매 -5.0%
2026-05-29 02:54:06,276 [INFO] >>> Processing 브로드컴(AVGO)
2026-05-29 02:54:06,277 [INFO]   [브로드컴(AVGO)] 신호 없음 | Lv1 매수 USD 429.80 -> 현재 USD 428.51 (-0.30%) | 익절 +10.0% / 추매 -5.0%
2026-05-29 02:54:06,277 [INFO] >>> Processing 테슬라(TSLA)
2026-05-29 02:54:06,277 [INFO]   [테슬라(TSLA)] 신호 없음 | Lv3 매수 USD 409.90 -> 현재 USD 442.11 (+7.86%) | 익절 +10.0% / 추매 -5.0%
2026-05-29 02:54:06,278 [INFO] >>> Processing 코닝(GLW)
2026-05-29 02:54:06,278 [INFO] [코닝(GLW)] Lv2: 트레일링 추적 중 (현재가 USD 184.91, 고점 USD 198.48, 고점대비 -6.8%, 스톱가 USD 188.56)
2026-05-29 02:54:06,278 [INFO] [코닝(GLW)] Lv2: 트레일링 스톱 매도 (매수가 USD 177.85 -> 고점 USD 198.48 -> 현재가 USD 184.91, 고점대비 -6.8%, 수익률 +4.0%)
2026-05-29 02:54:06,278 [INFO] Executing 1 order(s)...
2026-05-29 02:54:06,279 [INFO] [KisBroker] Processing 1 SELL orders...
2026-05-29 02:54:07,304 [INFO] [KisBroker] Order Sent: SELL 코닝(GLW) 2 @ 184.84 (ODNO=0031381434)
2026-05-29 02:54:09,836 [INFO] [KisBroker] Order FILLED: 코닝(GLW) ODNO=0031381434 price=184.84 qty=2 fee=0.0
2026-05-29 02:54:10,037 [INFO] [Position] Remove lot: lot_20260519_022227_GLW_002 Lv2 (2주 전량 매도)
2026-05-29 02:54:14,579 [INFO] >>> Processing IBM
2026-05-29 02:54:14,580 [INFO] [IBM] 현금 부족: 보유 현금 USD 584.13 < 매수 예정 금액 USD 786.48 (3주) -> 매수 보류
2026-05-29 02:54:14,945 [INFO] >>> Processing 포엣 테크놀로지스(POET)
2026-05-29 02:54:14,946 [INFO] [포엣 테크놀로지스(POET)] 현금 부족: 보유 현금 USD 584.13 < 매수 예정 금액 USD 999.40 (76주) -> 매수 보류
2026-05-29 02:54:15,286 [INFO] >>> Processing 루멘텀 홀딩스(LITE)
2026-05-29 02:54:15,286 [INFO] [루멘텀 홀딩스(LITE)] 현금 부족: 보유 현금 USD 584.13 < 현재가 USD 871.50 (1주도 매수 불가) -> 매수 보류
2026-05-29 02:54:15,592 [INFO] >>> Processing 리게티 컴퓨팅(RGTI)
2026-05-29 02:54:15,592 [INFO] [리게티 컴퓨팅(RGTI)] 현금 부족: 보유 현금 USD 584.13 < 매수 예정 금액 USD 998.83 (38주) -> 매수 보류
2026-05-29 02:54:15,933 [INFO] >>> Step 6: Persist
