2026-05-15 01:54:50,324 [INFO] === Initializing MagicSplit Bot (overseas) ===
2026-05-15 01:54:50,324 [INFO] Loaded 14 stock rule(s) from config_overseas.json
2026-05-15 01:54:50,324 [INFO] [overseas] 12 rule(s), mode=LIVE
2026-05-15 01:54:50,324 [INFO] [KisBroker] 캐시에서 토큰 로드 (API 호출 생략)
2026-05-15 01:54:50,324 [INFO] [KisOverseasLiveBroker] Mode: LIVE TRADING
2026-05-15 01:54:50,325 [INFO] === Running overseas engine ===
2026-05-15 01:54:50,325 [INFO] >>> Step 1: Portfolio & Price Fetch
2026-05-15 01:54:52,204 [INFO] Fetching real-time prices from Broker...
2026-05-15 01:54:56,256 [INFO] Portfolio: Cash=USD 1,423.12, Value=USD 7,584.00
2026-05-15 01:54:56,256 [INFO] >>> Step 2: Load Positions
2026-05-15 01:54:56,257 [INFO] Loaded 13 position lot(s)
2026-05-15 01:54:56,257 [INFO] >>> Step 2.5: Reconcile OK (수량 일치)
2026-05-15 01:54:56,257 [INFO] >>> Processing 애플(AAPL)
2026-05-15 01:54:56,258 [INFO]   [애플(AAPL)] 신호 없음 | Lv1 매수 USD 291.90 -> 현재 USD 297.64 (+1.97%) | 익절 +10.0% / 추매 -5.0%
2026-05-15 01:54:56,258 [INFO] >>> Processing 리얼티 인컴(O)
2026-05-15 01:54:56,258 [INFO]   [리얼티 인컴(O)] 신호 없음 | Lv1 매수 USD 62.37 -> 현재 USD 61.77 (-0.95%) | 익절 +10.0% / 추매 -5.0%
2026-05-15 01:54:56,259 [INFO] >>> Processing 프록터 앤드 갬블(PG)
2026-05-15 01:54:56,259 [INFO]   [프록터 앤드 갬블(PG)] 신호 없음 | Lv1 매수 USD 142.81 -> 현재 USD 143.33 (+0.36%) | 익절 +10.0% / 추매 -5.0%
2026-05-15 01:54:56,259 [INFO] >>> Processing 펩시코(PEP)
2026-05-15 01:54:56,260 [INFO]   [펩시코(PEP)] 신호 없음 | Lv1 매수 USD 150.05 -> 현재 USD 149.18 (-0.58%) | 익절 +10.0% / 추매 -5.0%
2026-05-15 01:54:56,260 [INFO] >>> Processing 듀크 에너지(DUK)
2026-05-15 01:54:56,260 [INFO]   [듀크 에너지(DUK)] 신호 없음 | Lv1 매수 USD 124.92 -> 현재 USD 123.63 (-1.03%) | 익절 +10.0% / 추매 -5.0%
2026-05-15 01:54:56,261 [INFO] >>> Processing ARK INNOVATION(ARKK)
2026-05-15 01:54:56,261 [INFO]   [ARK INNOVATION(ARKK)] 신호 없음 | Lv1 매수 USD 79.92 -> 현재 USD 78.57 (-1.69%) | 익절 +10.0% / 추매 -5.0%
2026-05-15 01:54:56,261 [INFO] >>> Processing SCHWAB US DIVIDEND EQUITY(SCHD)
2026-05-15 01:54:56,262 [INFO]   [SCHWAB US DIVIDEND EQUITY(SCHD)] 신호 없음 | Lv1 매수 USD 31.74 -> 현재 USD 31.84 (+0.32%) | 익절 +10.0% / 추매 -5.0%
2026-05-15 01:54:56,262 [INFO] >>> Processing ISHARES GLOBAL CLEAN ENERGY(ICLN)
2026-05-15 01:54:56,262 [INFO]   [ISHARES GLOBAL CLEAN ENERGY(ICLN)] 신호 없음 | Lv1 매수 USD 22.01 -> 현재 USD 22.04 (+0.11%) | 익절 +10.0% / 추매 -5.0%
2026-05-15 01:54:56,262 [INFO] >>> Processing 알파벳 A(GOOGL)
2026-05-15 01:54:56,263 [INFO]   [알파벳 A(GOOGL)] 신호 없음 | Lv1 매수 USD 393.85 -> 현재 USD 400.38 (+1.66%) | 익절 +10.0% / 추매 -5.0%
2026-05-15 01:54:56,263 [INFO] >>> Processing 브로드컴(AVGO)
2026-05-15 01:54:56,263 [INFO]   [브로드컴(AVGO)] 신호 없음 | Lv1 매수 USD 429.80 -> 현재 USD 433.32 (+0.82%) | 익절 +10.0% / 추매 -5.0%
2026-05-15 01:54:56,264 [INFO] >>> Processing 테슬라(TSLA)
2026-05-15 01:54:56,264 [INFO]   [테슬라(TSLA)] 신호 없음 | Lv2 매수 USD 435.49 -> 현재 USD 446.77 (+2.59%) | 익절 +10.0% / 추매 -5.0%
2026-05-15 01:54:56,264 [INFO] >>> Processing 코닝(GLW)
2026-05-15 01:54:56,265 [INFO]   [코닝(GLW)] 신호 없음 | Lv1 매수 USD 202.75 -> 현재 USD 208.99 (+3.08%) | 익절 +10.0% / 추매 -5.0%
2026-05-15 01:54:56,265 [INFO] >>> Step 6: Persist
