2026-07-01 00:01:06,949 [INFO] === Initializing MagicSplit Bot (overseas) ===
2026-07-01 00:01:06,949 [INFO] Loaded 21 stock rule(s) from config_overseas.json
2026-07-01 00:01:06,949 [INFO] [overseas] 15 rule(s), mode=LIVE
2026-07-01 00:01:06,950 [INFO] [KisBroker] 캐시에서 토큰 로드 (API 호출 생략)
2026-07-01 00:01:06,950 [INFO] [KisOverseasLiveBroker] Mode: LIVE TRADING
2026-07-01 00:01:06,950 [INFO] === Running overseas engine ===
2026-07-01 00:01:06,950 [INFO] >>> Step 1: Portfolio & Price Fetch
2026-07-01 00:01:17,188 [ERROR] [KisBroker] Margin Check Error: HTTPSConnectionPool(host='openapi.koreainvestment.com', port=9443): Max retries exceeded with url: /uapi/overseas-stock/v1/trading/foreign-margin?CANO=73297247&ACNT_PRDT_CD=01 (Caused by ConnectTimeoutError(<HTTPSConnection(host='openapi.koreainvestment.com', port=9443) at 0x7f0c301f3d30>, 'Connection to openapi.koreainvestment.com timed out. (connect timeout=10.0)'))
2026-07-01 00:01:27,429 [ERROR] [KisBroker] Error getting portfolio (NASD): HTTPSConnectionPool(host='openapi.koreainvestment.com', port=9443): Max retries exceeded with url: /uapi/overseas-stock/v1/trading/inquire-balance?CANO=73297247&ACNT_PRDT_CD=01&OVRS_EXCG_CD=NASD&TR_CRCY_CD=USD&CTX_AREA_FK200=&CTX_AREA_NK200= (Caused by ConnectTimeoutError(<HTTPSConnection(host='openapi.koreainvestment.com', port=9443) at 0x7f0c301f1de0>, 'Connection to openapi.koreainvestment.com timed out. (connect timeout=10.0)'))
2026-07-01 00:01:37,773 [ERROR] [KisBroker] Error getting portfolio (NYSE): HTTPSConnectionPool(host='openapi.koreainvestment.com', port=9443): Max retries exceeded with url: /uapi/overseas-stock/v1/trading/inquire-balance?CANO=73297247&ACNT_PRDT_CD=01&OVRS_EXCG_CD=NYSE&TR_CRCY_CD=USD&CTX_AREA_FK200=&CTX_AREA_NK200= (Caused by ConnectTimeoutError(<HTTPSConnection(host='openapi.koreainvestment.com', port=9443) at 0x7f0c301f2050>, 'Connection to openapi.koreainvestment.com timed out. (connect timeout=10.0)'))
2026-07-01 00:01:48,005 [ERROR] [KisBroker] Error getting portfolio (AMEX): HTTPSConnectionPool(host='openapi.koreainvestment.com', port=9443): Max retries exceeded with url: /uapi/overseas-stock/v1/trading/inquire-balance?CANO=73297247&ACNT_PRDT_CD=01&OVRS_EXCG_CD=AMEX&TR_CRCY_CD=USD&CTX_AREA_FK200=&CTX_AREA_NK200= (Caused by ConnectTimeoutError(<HTTPSConnection(host='openapi.koreainvestment.com', port=9443) at 0x7f0c301f2380>, 'Connection to openapi.koreainvestment.com timed out. (connect timeout=10.0)'))
2026-07-01 00:01:48,005 [ERROR] 사이클 초기화 실패: 모든 거래소(NASD/NYSE/AMEX) 잔고 조회 실패(현금 조회 오류) — 사이클을 중단합니다.
2026-07-01 00:01:48,295 [ERROR] >>> Step 6: 포트폴리오, 포지션 조회 실패로 저장 생략. 수동 데이터 복구 필요
2026-07-01 02:01:09,402 [INFO] === Initializing MagicSplit Bot (overseas) ===
2026-07-01 02:01:09,402 [INFO] Loaded 21 stock rule(s) from config_overseas.json
2026-07-01 02:01:09,402 [INFO] [overseas] 15 rule(s), mode=LIVE
2026-07-01 02:01:09,403 [INFO] [KisBroker] 캐시에서 토큰 로드 (API 호출 생략)
2026-07-01 02:01:09,403 [INFO] [KisOverseasLiveBroker] Mode: LIVE TRADING
2026-07-01 02:01:09,403 [INFO] === Running overseas engine ===
2026-07-01 02:01:09,403 [INFO] >>> Step 1: Portfolio & Price Fetch
2026-07-01 02:01:11,744 [INFO] Fetching real-time prices from Broker...
2026-07-01 02:01:17,614 [INFO] Portfolio: Cash=USD 112.42, Value=USD 12,958.14
2026-07-01 02:01:17,614 [INFO] >>> Step 2: Load Positions
2026-07-01 02:01:17,615 [INFO] Loaded 27 position lot(s)
2026-07-01 02:01:17,616 [INFO] >>> Step 2.5: Reconcile OK (수량 일치)
2026-07-01 02:01:17,616 [INFO] >>> Processing SCHWAB US DIVIDEND EQUITY(SCHD)
2026-07-01 02:01:17,616 [INFO]   [SCHWAB US DIVIDEND EQUITY(SCHD)] 신호 없음 | Lv1 매수 USD 31.74 -> 현재 USD 31.77 (+0.11%) | 익절 +10.0% / 추매 -5.0%
2026-07-01 02:01:17,617 [INFO] >>> Processing 프록터 앤드 갬블(PG)
2026-07-01 02:01:17,617 [INFO]   [프록터 앤드 갬블(PG)] 신호 없음 | Lv1 매수 USD 142.81 -> 현재 USD 146.10 (+2.31%) | 익절 +10.0% / 추매 -5.0%
2026-07-01 02:01:17,617 [INFO] >>> Processing 에이알엠 홀딩스(ADR)(ARM)
2026-07-01 02:01:17,618 [INFO]   [에이알엠 홀딩스(ADR)(ARM)] 신호 없음 | Lv4 매수 USD 333.12 -> 현재 USD 358.67 (+7.67%) | 익절 +10.0% / 추매 -5.0%
2026-07-01 02:01:17,618 [INFO] >>> Processing 애플(AAPL)
2026-07-01 02:01:17,618 [INFO]   [애플(AAPL)] 신호 없음 | Lv1 매수 USD 291.90 -> 현재 USD 289.27 (-0.90%) | 익절 +10.0% / 추매 -5.0%
2026-07-01 02:01:17,618 [INFO] >>> Processing ISHARES GLOBAL CLEAN ENERGY(ICLN)
2026-07-01 02:01:17,619 [INFO]   [ISHARES GLOBAL CLEAN ENERGY(ICLN)] 신호 없음 | Lv3 매수 USD 19.75 -> 현재 USD 20.54 (+3.97%) | 익절 +10.0% / 추매 -5.0%
2026-07-01 02:01:17,619 [INFO] >>> Processing 브로드컴(AVGO)
2026-07-01 02:01:17,619 [INFO]   [브로드컴(AVGO)] 신호 없음 | Lv1 매수 USD 382.60 -> 현재 USD 375.37 (-1.89%) | 익절 +10.0% / 추매 -5.0%
2026-07-01 02:01:17,619 [INFO] >>> Processing 루멘텀 홀딩스(LITE)
2026-07-01 02:01:17,620 [INFO] [루멘텀 홀딩스(LITE)] buy_amount(USD 500.00) < 현재가(USD 846.61) -> 1주도 매수 불가. buy_amount 상향 조정 필요
2026-07-01 02:01:17,962 [INFO] >>> Processing ARK INNOVATION(ARKK)
2026-07-01 02:01:17,962 [INFO]   [ARK INNOVATION(ARKK)] 신호 없음 | Lv2 매수 USD 75.28 -> 현재 USD 80.70 (+7.20%) | 익절 +10.0% / 추매 -5.0%
2026-07-01 02:01:17,962 [INFO] >>> Processing 리얼티 인컴(O)
2026-07-01 02:01:17,963 [INFO]   [리얼티 인컴(O)] 신호 없음 | Lv1 매수 USD 62.37 -> 현재 USD 62.69 (+0.51%) | 익절 +10.0% / 추매 -5.0%
2026-07-01 02:01:17,963 [INFO] >>> Processing 듀크 에너지(DUK)
2026-07-01 02:01:17,963 [INFO]   [듀크 에너지(DUK)] 신호 없음 | Lv1 매수 USD 124.92 -> 현재 USD 127.66 (+2.19%) | 익절 +10.0% / 추매 -5.0%
2026-07-01 02:01:17,963 [INFO] >>> Processing 델 테크놀로지스(DELL)
2026-07-01 02:01:17,964 [INFO]   [델 테크놀로지스(DELL)] 신호 없음 | Lv2 매수 USD 409.90 -> 현재 USD 423.19 (+3.24%) | 익절 +10.0% / 추매 -5.0%
2026-07-01 02:01:17,964 [INFO] >>> Processing 알파벳 A(GOOGL)
2026-07-01 02:01:17,964 [INFO]   [알파벳 A(GOOGL)] 신호 없음 | Lv3 매수 USD 345.13 -> 현재 USD 357.56 (+3.60%) | 익절 +10.0% / 추매 -5.0%
2026-07-01 02:01:17,965 [INFO] >>> Processing 테슬라(TSLA)
2026-07-01 02:01:17,965 [INFO]   [테슬라(TSLA)] 신호 없음 | Lv4 매수 USD 389.00 -> 현재 USD 417.81 (+7.41%) | 익절 +10.0% / 추매 -5.0%
2026-07-01 02:01:17,965 [INFO] >>> Processing 펩시코(PEP)
2026-07-01 02:01:17,965 [INFO]   [펩시코(PEP)] 신호 없음 | Lv2 매수 USD 142.33 -> 현재 USD 136.56 (-4.05%) | 익절 +10.0% / 추매 -5.0%
2026-07-01 02:01:17,966 [INFO] >>> Processing 코닝(GLW)
2026-07-01 02:01:17,966 [INFO] [코닝(GLW)] 현금 부족: 보유 현금 USD 112.42 < 현재가 USD 252.73 (1주도 매수 불가) -> 매수 보류
2026-07-01 02:01:18,179 [INFO] >>> Step 6: Persist
