2026-06-06 02:05:47,753 [INFO] === Initializing MagicSplit Bot (overseas) ===
2026-06-06 02:05:47,753 [INFO] Loaded 19 stock rule(s) from config_overseas.json
2026-06-06 02:05:47,753 [INFO] [overseas] 16 rule(s), mode=LIVE
2026-06-06 02:05:47,754 [INFO] [KisBroker] 캐시에서 토큰 로드 (API 호출 생략)
2026-06-06 02:05:47,754 [INFO] [KisOverseasLiveBroker] Mode: LIVE TRADING
2026-06-06 02:05:47,754 [INFO] === Running overseas engine ===
2026-06-06 02:05:47,754 [INFO] >>> Step 1: Portfolio & Price Fetch
2026-06-06 02:05:49,657 [INFO] Fetching real-time prices from Broker...
2026-06-06 02:05:55,108 [INFO] Portfolio: Cash=USD 1,330.33, Value=USD 12,084.28
2026-06-06 02:05:55,108 [INFO] >>> Step 2: Load Positions
2026-06-06 02:05:55,108 [INFO] Loaded 19 position lot(s)
2026-06-06 02:05:55,109 [INFO] >>> Step 2.5: Reconcile OK (수량 일치)
2026-06-06 02:05:55,109 [INFO] >>> Processing 애플(AAPL)
2026-06-06 02:05:55,110 [INFO]   [애플(AAPL)] 신호 없음 | Lv1 매수 USD 291.90 -> 현재 USD 309.82 (+6.14%) | 익절 +10.0% / 추매 -5.0%
2026-06-06 02:05:55,110 [INFO] >>> Processing 리얼티 인컴(O)
2026-06-06 02:05:55,110 [INFO]   [리얼티 인컴(O)] 신호 없음 | Lv1 매수 USD 62.37 -> 현재 USD 61.05 (-2.11%) | 익절 +10.0% / 추매 -5.0%
2026-06-06 02:05:55,110 [INFO] >>> Processing 프록터 앤드 갬블(PG)
2026-06-06 02:05:55,111 [INFO]   [프록터 앤드 갬블(PG)] 신호 없음 | Lv1 매수 USD 142.81 -> 현재 USD 146.50 (+2.58%) | 익절 +10.0% / 추매 -5.0%
2026-06-06 02:05:55,111 [INFO] >>> Processing 펩시코(PEP)
2026-06-06 02:05:55,111 [INFO]   [펩시코(PEP)] 신호 없음 | Lv2 매수 USD 142.33 -> 현재 USD 143.59 (+0.89%) | 익절 +10.0% / 추매 -5.0%
2026-06-06 02:05:55,111 [INFO] >>> Processing 듀크 에너지(DUK)
2026-06-06 02:05:55,112 [INFO]   [듀크 에너지(DUK)] 신호 없음 | Lv1 매수 USD 124.92 -> 현재 USD 124.17 (-0.60%) | 익절 +10.0% / 추매 -5.0%
2026-06-06 02:05:55,112 [INFO] >>> Processing ARK INNOVATION(ARKK)
2026-06-06 02:05:55,112 [INFO]   [ARK INNOVATION(ARKK)] 신호 없음 | Lv2 매수 USD 75.28 -> 현재 USD 75.13 (-0.20%) | 익절 +10.0% / 추매 -5.0%
2026-06-06 02:05:55,112 [INFO] >>> Processing SCHWAB US DIVIDEND EQUITY(SCHD)
2026-06-06 02:05:55,113 [INFO]   [SCHWAB US DIVIDEND EQUITY(SCHD)] 신호 없음 | Lv1 매수 USD 31.74 -> 현재 USD 32.43 (+2.18%) | 익절 +10.0% / 추매 -5.0%
2026-06-06 02:05:55,113 [INFO] >>> Processing ISHARES GLOBAL CLEAN ENERGY(ICLN)
2026-06-06 02:05:55,113 [INFO]   [ISHARES GLOBAL CLEAN ENERGY(ICLN)] 신호 없음 | Lv1 매수 USD 22.01 -> 현재 USD 21.51 (-2.27%) | 익절 +10.0% / 추매 -5.0%
2026-06-06 02:05:55,113 [INFO] >>> Processing 알파벳 A(GOOGL)
2026-06-06 02:05:55,114 [INFO] [알파벳 A(GOOGL)] Lv1 매수가 USD 393.85 대비 -6.1% -> 추가 매수 Lv2 1주 @USD 369.72
2026-06-06 02:05:55,114 [INFO] Executing 1 order(s)...
2026-06-06 02:05:56,473 [INFO] [KisBroker] Available Cash for BUY: 1,330
2026-06-06 02:05:57,655 [INFO] [KisBroker] Order Sent: BUY 알파벳 A(GOOGL) 1 @ 369.66 (ODNO=0032228680)
2026-06-06 02:06:00,080 [INFO] [KisBroker] Order FILLED: 알파벳 A(GOOGL) ODNO=0032228680 price=369.66 qty=1 fee=0.0
2026-06-06 02:06:00,281 [INFO] [Position] New lot: lot_20260606_020600_GOOGL_002 Lv2 알파벳 A(GOOGL) 1주 @USD 369.66
2026-06-06 02:06:04,645 [INFO] >>> Processing 브로드컴(AVGO)
2026-06-06 02:06:04,646 [INFO] [브로드컴(AVGO)] trailing 벌크 매도 발동: Lv1~Lv1 1주 (-8.3%)
2026-06-06 02:06:04,646 [INFO] Executing 1 order(s)...
2026-06-06 02:06:04,646 [INFO] [KisBroker] Processing 1 SELL orders...
2026-06-06 02:06:05,499 [INFO] [KisBroker] Order Sent: SELL 브로드컴(AVGO) 1 @ 394.08 (ODNO=0032228737)
2026-06-06 02:06:07,927 [INFO] [KisBroker] Order FILLED: 브로드컴(AVGO) ODNO=0032228737 price=394.08 qty=1 fee=0.0
2026-06-06 02:06:08,128 [INFO] [Position] Trailing 벌크 청산: 브로드컴(AVGO) 1주 소진 (잔여 0주), 실현손익 USD -35.72
2026-06-06 02:06:12,500 [INFO] >>> Processing 테슬라(TSLA)
2026-06-06 02:06:12,500 [INFO]   [테슬라(TSLA)] 신호 없음 | Lv3 매수 USD 409.90 -> 현재 USD 396.87 (-3.18%) | 익절 +10.0% / 추매 -5.0%
2026-06-06 02:06:12,501 [INFO] >>> Processing 코닝(GLW)
2026-06-06 02:06:12,501 [INFO]   [코닝(GLW)] 신호 없음 | Lv2 매수 USD 184.60 -> 현재 USD 179.46 (-2.78%) | 익절 +10.0% / 추매 -5.0%
2026-06-06 02:06:12,501 [INFO] >>> Processing IBM
2026-06-06 02:06:12,502 [INFO] [IBM] 보유 lot 없음 -> 초기 매수 Lv1 3주 @USD 283.48
2026-06-06 02:06:12,502 [INFO] Executing 1 order(s)...
2026-06-06 02:06:13,867 [INFO] [KisBroker] Available Cash for BUY: 1,350
2026-06-06 02:06:14,973 [INFO] [KisBroker] Order Sent: BUY IBM 3 @ 283.55 (ODNO=0032228806)
2026-06-06 02:06:17,397 [INFO] [KisBroker] Order FILLED: IBM ODNO=0032228806 price=283.55 qty=3 fee=0.0
2026-06-06 02:06:17,598 [INFO] [IBM] 동적 재매수 기준 초기화 (매도가 USD 308.15 -> 소비됨)
2026-06-06 02:06:17,598 [INFO] [Position] New lot: lot_20260606_020617_IBM_001 Lv1 IBM 3주 @USD 283.55
2026-06-06 02:06:21,965 [INFO] >>> Processing 포엣 테크놀로지스(POET)
2026-06-06 02:06:21,965 [INFO] [포엣 테크놀로지스(POET)] Lv1 매수가 USD 15.42 대비 -20.0% -> 추가 매수 Lv2 40주 @USD 12.34
2026-06-06 02:06:21,965 [INFO] Executing 1 order(s)...
2026-06-06 02:06:23,328 [INFO] [KisBroker] Available Cash for BUY: 500
2026-06-06 02:06:23,568 [WARNING] Qty Adjusted: 포엣 테크놀로지스(POET) 40 -> 39
2026-06-06 02:06:24,464 [INFO] [KisBroker] Order Sent: BUY 포엣 테크놀로지스(POET) 39 @ 12.34 (ODNO=0032228879)
2026-06-06 02:06:26,889 [INFO] [KisBroker] Order FILLED: 포엣 테크놀로지스(POET) ODNO=0032228879 price=12.34 qty=39 fee=0.0
2026-06-06 02:06:27,090 [INFO] [Position] New lot: lot_20260606_020627_POET_002 Lv2 포엣 테크놀로지스(POET) 39주 @USD 12.34
2026-06-06 02:06:31,456 [INFO] >>> Processing 루멘텀 홀딩스(LITE)
2026-06-06 02:06:31,456 [INFO] [루멘텀 홀딩스(LITE)] 현금 부족: 보유 현금 USD 19.25 < 현재가 USD 882.19 (1주도 매수 불가) -> 매수 보류
2026-06-06 02:06:32,069 [INFO] >>> Processing 팔란티어 테크(PLTR)
2026-06-06 02:06:32,069 [INFO] [팔란티어 테크(PLTR)] 현금 부족: 보유 현금 USD 19.25 < 현재가 USD 137.26 (1주도 매수 불가) -> 매수 보류
2026-06-06 02:06:32,628 [INFO] >>> Step 6: Persist
