2026-07-21 00:31:06,750 [INFO] === Initializing MagicSplit Bot (crypto) ===
2026-07-21 00:31:06,751 [INFO] Loaded 3 stock rule(s) from config_crypto.json
2026-07-21 00:31:06,751 [INFO] [crypto] 1 rule(s), mode=LIVE
2026-07-21 00:31:06,752 [INFO] === Running crypto engine ===
2026-07-21 00:31:06,752 [INFO] >>> Step 1: Portfolio & Price Fetch
2026-07-21 00:31:07,034 [WARNING] [Upbit] 상폐/KRW미상장 보유 제외 (3건): ['KRW-APENFT', 'KRW-ETHF', 'KRW-ETHW']
2026-07-21 00:31:07,128 [INFO] Fetching real-time prices from Broker...
2026-07-21 00:31:07,237 [INFO] Portfolio: Cash=KRW 81,738, Value=KRW 17,453,858
2026-07-21 00:31:07,238 [INFO] >>> Step 2: Load Positions
2026-07-21 00:31:07,239 [INFO] Loaded 4 position lot(s)
2026-07-21 00:31:07,241 [INFO] >>> Step 2.5: Reconcile OK (수량 일치)
2026-07-21 00:31:07,242 [INFO] >>> Processing KRW-USDT
2026-07-21 00:31:07,243 [INFO]   [KRW-USDT] 신호 없음 | Lv2 매수 KRW 1,461 -> 현재 KRW 1,461 (+0.00%) | 익절 +2.0% / 추매 -1.0%
2026-07-21 00:31:07,243 [INFO] >>> Step 6: Persist
2026-07-21 01:31:06,826 [INFO] === Initializing MagicSplit Bot (crypto) ===
2026-07-21 01:31:06,826 [INFO] Loaded 3 stock rule(s) from config_crypto.json
2026-07-21 01:31:06,826 [INFO] [crypto] 1 rule(s), mode=LIVE
2026-07-21 01:31:06,828 [INFO] === Running crypto engine ===
2026-07-21 01:31:06,828 [INFO] >>> Step 1: Portfolio & Price Fetch
2026-07-21 01:31:07,124 [WARNING] [Upbit] 상폐/KRW미상장 보유 제외 (3건): ['KRW-APENFT', 'KRW-ETHF', 'KRW-ETHW']
2026-07-21 01:31:07,237 [INFO] Fetching real-time prices from Broker...
2026-07-21 01:31:07,346 [INFO] Portfolio: Cash=KRW 81,738, Value=KRW 17,492,848
2026-07-21 01:31:07,346 [INFO] >>> Step 2: Load Positions
2026-07-21 01:31:07,348 [INFO] Loaded 4 position lot(s)
2026-07-21 01:31:07,351 [INFO] >>> Step 2.5: Reconcile OK (수량 일치)
2026-07-21 01:31:07,352 [INFO] >>> Processing KRW-USDT
2026-07-21 01:31:07,353 [INFO]   [KRW-USDT] 신호 없음 | Lv2 매수 KRW 1,461 -> 현재 KRW 1,460 (-0.07%) | 익절 +2.0% / 추매 -1.0%
2026-07-21 01:31:07,354 [INFO] >>> Step 6: Persist
2026-07-21 02:30:59,918 [INFO] === Initializing MagicSplit Bot (crypto) ===
2026-07-21 02:30:59,918 [INFO] Loaded 3 stock rule(s) from config_crypto.json
2026-07-21 02:30:59,918 [INFO] [crypto] 1 rule(s), mode=LIVE
2026-07-21 02:30:59,919 [INFO] === Running crypto engine ===
2026-07-21 02:30:59,919 [INFO] >>> Step 1: Portfolio & Price Fetch
2026-07-21 02:31:00,145 [WARNING] [Upbit] 상폐/KRW미상장 보유 제외 (3건): ['KRW-APENFT', 'KRW-ETHF', 'KRW-ETHW']
2026-07-21 02:31:00,254 [INFO] Fetching real-time prices from Broker...
2026-07-21 02:31:00,355 [INFO] Portfolio: Cash=KRW 81,738, Value=KRW 17,509,705
2026-07-21 02:31:00,355 [INFO] >>> Step 2: Load Positions
2026-07-21 02:31:00,356 [INFO] Loaded 4 position lot(s)
2026-07-21 02:31:00,357 [INFO] >>> Step 2.5: Reconcile OK (수량 일치)
2026-07-21 02:31:00,358 [INFO] >>> Processing KRW-USDT
2026-07-21 02:31:00,359 [INFO]   [KRW-USDT] 신호 없음 | Lv2 매수 KRW 1,461 -> 현재 KRW 1,462 (+0.07%) | 익절 +2.0% / 추매 -1.0%
2026-07-21 02:31:00,359 [INFO] >>> Step 6: Persist
2026-07-21 03:31:03,821 [INFO] === Initializing MagicSplit Bot (crypto) ===
2026-07-21 03:31:03,821 [INFO] Loaded 3 stock rule(s) from config_crypto.json
2026-07-21 03:31:03,821 [INFO] [crypto] 1 rule(s), mode=LIVE
2026-07-21 03:31:03,822 [INFO] === Running crypto engine ===
2026-07-21 03:31:03,822 [INFO] >>> Step 1: Portfolio & Price Fetch
2026-07-21 03:31:04,100 [WARNING] [Upbit] 상폐/KRW미상장 보유 제외 (3건): ['KRW-APENFT', 'KRW-ETHF', 'KRW-ETHW']
2026-07-21 03:31:04,216 [INFO] Fetching real-time prices from Broker...
2026-07-21 03:31:04,320 [INFO] Portfolio: Cash=KRW 81,738, Value=KRW 17,471,872
2026-07-21 03:31:04,320 [INFO] >>> Step 2: Load Positions
2026-07-21 03:31:04,321 [INFO] Loaded 4 position lot(s)
2026-07-21 03:31:04,322 [INFO] >>> Step 2.5: Reconcile OK (수량 일치)
2026-07-21 03:31:04,323 [INFO] >>> Processing KRW-USDT
2026-07-21 03:31:04,324 [INFO]   [KRW-USDT] 신호 없음 | Lv2 매수 KRW 1,461 -> 현재 KRW 1,462 (+0.07%) | 익절 +2.0% / 추매 -1.0%
2026-07-21 03:31:04,324 [INFO] >>> Step 6: Persist
2026-07-21 04:31:07,851 [INFO] === Initializing MagicSplit Bot (crypto) ===
2026-07-21 04:31:07,852 [INFO] Loaded 3 stock rule(s) from config_crypto.json
2026-07-21 04:31:07,852 [INFO] [crypto] 1 rule(s), mode=LIVE
2026-07-21 04:31:07,853 [INFO] === Running crypto engine ===
2026-07-21 04:31:07,853 [INFO] >>> Step 1: Portfolio & Price Fetch
2026-07-21 04:31:08,129 [WARNING] [Upbit] 상폐/KRW미상장 보유 제외 (3건): ['KRW-APENFT', 'KRW-ETHF', 'KRW-ETHW']
2026-07-21 04:31:08,238 [INFO] Fetching real-time prices from Broker...
2026-07-21 04:31:08,341 [INFO] Portfolio: Cash=KRW 81,738, Value=KRW 17,534,111
2026-07-21 04:31:08,341 [INFO] >>> Step 2: Load Positions
2026-07-21 04:31:08,343 [INFO] Loaded 4 position lot(s)
2026-07-21 04:31:08,345 [INFO] >>> Step 2.5: Reconcile OK (수량 일치)
2026-07-21 04:31:08,346 [INFO] >>> Processing KRW-USDT
2026-07-21 04:31:08,347 [INFO]   [KRW-USDT] 신호 없음 | Lv2 매수 KRW 1,461 -> 현재 KRW 1,459 (-0.14%) | 익절 +2.0% / 추매 -1.0%
2026-07-21 04:31:08,347 [INFO] >>> Step 6: Persist
2026-07-21 05:31:05,007 [INFO] === Initializing MagicSplit Bot (crypto) ===
2026-07-21 05:31:05,008 [INFO] Loaded 3 stock rule(s) from config_crypto.json
2026-07-21 05:31:05,008 [INFO] [crypto] 1 rule(s), mode=LIVE
2026-07-21 05:31:05,009 [INFO] === Running crypto engine ===
2026-07-21 05:31:05,009 [INFO] >>> Step 1: Portfolio & Price Fetch
2026-07-21 05:31:05,264 [WARNING] [Upbit] 상폐/KRW미상장 보유 제외 (3건): ['KRW-APENFT', 'KRW-ETHF', 'KRW-ETHW']
2026-07-21 05:31:05,363 [INFO] Fetching real-time prices from Broker...
2026-07-21 05:31:05,468 [INFO] Portfolio: Cash=KRW 81,738, Value=KRW 17,525,904
2026-07-21 05:31:05,469 [INFO] >>> Step 2: Load Positions
2026-07-21 05:31:05,469 [INFO] Loaded 4 position lot(s)
2026-07-21 05:31:05,472 [INFO] >>> Step 2.5: Reconcile OK (수량 일치)
2026-07-21 05:31:05,473 [INFO] >>> Processing KRW-USDT
2026-07-21 05:31:05,474 [INFO]   [KRW-USDT] 신호 없음 | Lv2 매수 KRW 1,461 -> 현재 KRW 1,459 (-0.14%) | 익절 +2.0% / 추매 -1.0%
2026-07-21 05:31:05,474 [INFO] >>> Step 6: Persist
2026-07-21 06:31:02,328 [INFO] === Initializing MagicSplit Bot (crypto) ===
2026-07-21 06:31:02,328 [INFO] Loaded 3 stock rule(s) from config_crypto.json
2026-07-21 06:31:02,328 [INFO] [crypto] 1 rule(s), mode=LIVE
2026-07-21 06:31:02,329 [INFO] === Running crypto engine ===
2026-07-21 06:31:02,329 [INFO] >>> Step 1: Portfolio & Price Fetch
2026-07-21 06:31:02,562 [WARNING] [Upbit] 상폐/KRW미상장 보유 제외 (3건): ['KRW-APENFT', 'KRW-ETHF', 'KRW-ETHW']
2026-07-21 06:31:02,665 [INFO] Fetching real-time prices from Broker...
2026-07-21 06:31:02,768 [INFO] Portfolio: Cash=KRW 81,738, Value=KRW 17,540,976
2026-07-21 06:31:02,768 [INFO] >>> Step 2: Load Positions
2026-07-21 06:31:02,769 [INFO] Loaded 4 position lot(s)
2026-07-21 06:31:02,770 [INFO] >>> Step 2.5: Reconcile OK (수량 일치)
2026-07-21 06:31:02,771 [INFO] >>> Processing KRW-USDT
2026-07-21 06:31:02,772 [INFO]   [KRW-USDT] 신호 없음 | Lv2 매수 KRW 1,461 -> 현재 KRW 1,458 (-0.21%) | 익절 +2.0% / 추매 -1.0%
2026-07-21 06:31:02,772 [INFO] >>> Step 6: Persist
2026-07-21 07:31:09,916 [INFO] === Initializing MagicSplit Bot (crypto) ===
2026-07-21 07:31:09,916 [INFO] Loaded 3 stock rule(s) from config_crypto.json
2026-07-21 07:31:09,917 [INFO] [crypto] 1 rule(s), mode=LIVE
2026-07-21 07:31:09,917 [INFO] === Running crypto engine ===
2026-07-21 07:31:09,918 [INFO] >>> Step 1: Portfolio & Price Fetch
2026-07-21 07:31:10,202 [WARNING] [Upbit] 상폐/KRW미상장 보유 제외 (3건): ['KRW-APENFT', 'KRW-ETHF', 'KRW-ETHW']
2026-07-21 07:31:10,314 [INFO] Fetching real-time prices from Broker...
2026-07-21 07:31:10,421 [INFO] Portfolio: Cash=KRW 81,738, Value=KRW 17,589,806
2026-07-21 07:31:10,421 [INFO] >>> Step 2: Load Positions
2026-07-21 07:31:10,423 [INFO] Loaded 4 position lot(s)
2026-07-21 07:31:10,426 [INFO] >>> Step 2.5: Reconcile OK (수량 일치)
2026-07-21 07:31:10,428 [INFO] >>> Processing KRW-USDT
2026-07-21 07:31:10,429 [INFO]   [KRW-USDT] 신호 없음 | Lv2 매수 KRW 1,461 -> 현재 KRW 1,457 (-0.27%) | 익절 +2.0% / 추매 -1.0%
2026-07-21 07:31:10,429 [INFO] >>> Step 6: Persist
2026-07-21 08:31:00,291 [INFO] === Initializing MagicSplit Bot (crypto) ===
2026-07-21 08:31:00,291 [INFO] Loaded 3 stock rule(s) from config_crypto.json
2026-07-21 08:31:00,292 [INFO] [crypto] 1 rule(s), mode=LIVE
2026-07-21 08:31:00,293 [INFO] === Running crypto engine ===
2026-07-21 08:31:00,293 [INFO] >>> Step 1: Portfolio & Price Fetch
2026-07-21 08:31:00,471 [WARNING] [Upbit] 상폐/KRW미상장 보유 제외 (3건): ['KRW-APENFT', 'KRW-ETHF', 'KRW-ETHW']
2026-07-21 08:31:00,581 [INFO] Fetching real-time prices from Broker...
2026-07-21 08:31:00,688 [INFO] Portfolio: Cash=KRW 81,738, Value=KRW 17,611,632
2026-07-21 08:31:00,689 [INFO] >>> Step 2: Load Positions
2026-07-21 08:31:00,689 [INFO] Loaded 4 position lot(s)
2026-07-21 08:31:00,690 [INFO] >>> Step 2.5: Reconcile OK (수량 일치)
2026-07-21 08:31:00,691 [INFO] >>> Processing KRW-USDT
2026-07-21 08:31:00,692 [INFO]   [KRW-USDT] 신호 없음 | Lv2 매수 KRW 1,461 -> 현재 KRW 1,457 (-0.27%) | 익절 +2.0% / 추매 -1.0%
2026-07-21 08:31:00,692 [INFO] >>> Step 6: Persist
2026-07-21 09:31:03,500 [INFO] === Initializing MagicSplit Bot (crypto) ===
2026-07-21 09:31:03,500 [INFO] Loaded 3 stock rule(s) from config_crypto.json
2026-07-21 09:31:03,500 [INFO] [crypto] 1 rule(s), mode=LIVE
2026-07-21 09:31:03,501 [INFO] === Running crypto engine ===
2026-07-21 09:31:03,501 [INFO] >>> Step 1: Portfolio & Price Fetch
2026-07-21 09:31:03,762 [WARNING] [Upbit] 상폐/KRW미상장 보유 제외 (3건): ['KRW-APENFT', 'KRW-ETHF', 'KRW-ETHW']
2026-07-21 09:31:03,871 [INFO] Fetching real-time prices from Broker...
2026-07-21 09:31:03,995 [INFO] Portfolio: Cash=KRW 81,738, Value=KRW 17,700,082
2026-07-21 09:31:03,995 [INFO] >>> Step 2: Load Positions
2026-07-21 09:31:03,996 [INFO] Loaded 4 position lot(s)
2026-07-21 09:31:03,998 [INFO] >>> Step 2.5: Reconcile OK (수량 일치)
2026-07-21 09:31:04,000 [INFO] >>> Processing KRW-USDT
2026-07-21 09:31:04,000 [INFO]   [KRW-USDT] 신호 없음 | Lv2 매수 KRW 1,461 -> 현재 KRW 1,459 (-0.14%) | 익절 +2.0% / 추매 -1.0%
2026-07-21 09:31:04,000 [INFO] >>> Step 6: Persist
