2026-07-19 00:01:02,809 [INFO] === Initializing MagicSplit Bot (crypto) ===
2026-07-19 00:01:02,810 [INFO] Loaded 3 stock rule(s) from config_crypto.json
2026-07-19 00:01:02,810 [INFO] [crypto] 1 rule(s), mode=LIVE
2026-07-19 00:01:02,811 [INFO] === Running crypto engine ===
2026-07-19 00:01:02,811 [INFO] >>> Step 1: Portfolio & Price Fetch
2026-07-19 00:01:03,026 [WARNING] [Upbit] 상폐/KRW미상장 보유 제외 (3건): ['KRW-APENFT', 'KRW-ETHF', 'KRW-ETHW']
2026-07-19 00:01:03,130 [INFO] Fetching real-time prices from Broker...
2026-07-19 00:01:03,234 [INFO] Portfolio: Cash=KRW 91,743, Value=KRW 17,431,316
2026-07-19 00:01:03,234 [INFO] >>> Step 2: Load Positions
2026-07-19 00:01:03,234 [INFO] Loaded 2 position lot(s)
2026-07-19 00:01:03,236 [ERROR] >>> Step 2.5: 수량 불일치 1건 감지 — 해당 종목 매매 중단
[KRW-BTC] Qty Mismatch: broker=0.13703789, positions=0.00010781 (lots=1, levels=[1])
실행 권장: scripts/reconcile_positions.py
2026-07-19 00:01:04,287 [INFO] >>> Processing KRW-USDT
2026-07-19 00:01:04,287 [INFO]   [KRW-USDT] 신호 없음 | Lv1 매수 KRW 1,476 -> 현재 KRW 1,474 (-0.14%) | 익절 +2.0% / 추매 -1.0%
2026-07-19 00:01:04,287 [INFO] >>> Step 6: Persist
2026-07-19 01:01:15,458 [INFO] === Initializing MagicSplit Bot (crypto) ===
2026-07-19 01:01:15,458 [INFO] Loaded 3 stock rule(s) from config_crypto.json
2026-07-19 01:01:15,458 [INFO] [crypto] 1 rule(s), mode=LIVE
2026-07-19 01:01:15,459 [INFO] === Running crypto engine ===
2026-07-19 01:01:15,459 [INFO] >>> Step 1: Portfolio & Price Fetch
2026-07-19 01:01:15,796 [WARNING] [Upbit] 상폐/KRW미상장 보유 제외 (3건): ['KRW-APENFT', 'KRW-ETHF', 'KRW-ETHW']
2026-07-19 01:01:15,907 [INFO] Fetching real-time prices from Broker...
2026-07-19 01:01:16,011 [INFO] Portfolio: Cash=KRW 91,743, Value=KRW 17,439,601
2026-07-19 01:01:16,011 [INFO] >>> Step 2: Load Positions
2026-07-19 01:01:16,013 [INFO] Loaded 2 position lot(s)
2026-07-19 01:01:16,016 [ERROR] >>> Step 2.5: 수량 불일치 1건 감지 — 해당 종목 매매 중단
[KRW-BTC] Qty Mismatch: broker=0.13703789, positions=0.00010781 (lots=1, levels=[1])
실행 권장: scripts/reconcile_positions.py
2026-07-19 01:01:16,924 [INFO] >>> Processing KRW-USDT
2026-07-19 01:01:16,925 [INFO]   [KRW-USDT] 신호 없음 | Lv1 매수 KRW 1,476 -> 현재 KRW 1,474 (-0.14%) | 익절 +2.0% / 추매 -1.0%
2026-07-19 01:01:16,925 [INFO] >>> Step 6: Persist
