2026-07-23 00:31:00,899 [INFO] === Initializing MagicSplit Bot (crypto) ===
2026-07-23 00:31:00,900 [INFO] Loaded 3 stock rule(s) from config_crypto.json
2026-07-23 00:31:00,900 [INFO] [crypto] 1 rule(s), mode=LIVE
2026-07-23 00:31:00,901 [INFO] === Running crypto engine ===
2026-07-23 00:31:00,901 [INFO] >>> Step 1: Portfolio & Price Fetch
2026-07-23 00:31:01,211 [WARNING] [Upbit] 상폐/KRW미상장 보유 제외 (3건): ['KRW-APENFT', 'KRW-ETHF', 'KRW-ETHW']
2026-07-23 00:31:01,307 [INFO] Fetching real-time prices from Broker...
2026-07-23 00:31:01,417 [INFO] Portfolio: Cash=KRW 81,738, Value=KRW 17,665,617
2026-07-23 00:31:01,418 [INFO] >>> Step 2: Load Positions
2026-07-23 00:31:01,418 [INFO] Loaded 4 position lot(s)
2026-07-23 00:31:01,421 [INFO] >>> Step 2.5: Reconcile OK (수량 일치)
2026-07-23 00:31:01,422 [INFO] >>> Processing KRW-USDT
2026-07-23 00:31:01,423 [INFO]   [KRW-USDT] 신호 없음 | Lv2 매수 KRW 1,461 -> 현재 KRW 1,461 (+0.00%) | 익절 +2.0% / 추매 -1.0%
2026-07-23 00:31:01,423 [INFO] >>> Step 6: Persist
2026-07-23 01:31:03,596 [INFO] === Initializing MagicSplit Bot (crypto) ===
2026-07-23 01:31:03,597 [INFO] Loaded 3 stock rule(s) from config_crypto.json
2026-07-23 01:31:03,597 [INFO] [crypto] 1 rule(s), mode=LIVE
2026-07-23 01:31:03,598 [INFO] === Running crypto engine ===
2026-07-23 01:31:03,598 [INFO] >>> Step 1: Portfolio & Price Fetch
2026-07-23 01:31:03,890 [WARNING] [Upbit] 상폐/KRW미상장 보유 제외 (3건): ['KRW-APENFT', 'KRW-ETHF', 'KRW-ETHW']
2026-07-23 01:31:04,003 [INFO] Fetching real-time prices from Broker...
2026-07-23 01:31:04,106 [INFO] Portfolio: Cash=KRW 81,738, Value=KRW 17,730,057
2026-07-23 01:31:04,106 [INFO] >>> Step 2: Load Positions
2026-07-23 01:31:04,108 [INFO] Loaded 4 position lot(s)
2026-07-23 01:31:04,110 [INFO] >>> Step 2.5: Reconcile OK (수량 일치)
2026-07-23 01:31:04,112 [INFO] >>> Processing KRW-USDT
2026-07-23 01:31:04,113 [INFO]   [KRW-USDT] 신호 없음 | Lv2 매수 KRW 1,461 -> 현재 KRW 1,461 (+0.00%) | 익절 +2.0% / 추매 -1.0%
2026-07-23 01:31:04,113 [INFO] >>> Step 6: Persist
2026-07-23 02:31:04,227 [INFO] === Initializing MagicSplit Bot (crypto) ===
2026-07-23 02:31:04,227 [INFO] Loaded 3 stock rule(s) from config_crypto.json
2026-07-23 02:31:04,227 [INFO] [crypto] 1 rule(s), mode=LIVE
2026-07-23 02:31:04,228 [INFO] === Running crypto engine ===
2026-07-23 02:31:04,228 [INFO] >>> Step 1: Portfolio & Price Fetch
2026-07-23 02:31:04,602 [WARNING] [Upbit] 상폐/KRW미상장 보유 제외 (3건): ['KRW-APENFT', 'KRW-ETHF', 'KRW-ETHW']
2026-07-23 02:31:04,710 [INFO] Fetching real-time prices from Broker...
2026-07-23 02:31:04,813 [INFO] Portfolio: Cash=KRW 81,738, Value=KRW 17,623,829
2026-07-23 02:31:04,813 [INFO] >>> Step 2: Load Positions
2026-07-23 02:31:04,814 [INFO] Loaded 4 position lot(s)
2026-07-23 02:31:04,816 [INFO] >>> Step 2.5: Reconcile OK (수량 일치)
2026-07-23 02:31:04,818 [INFO] >>> Processing KRW-USDT
2026-07-23 02:31:04,819 [INFO]   [KRW-USDT] 신호 없음 | Lv2 매수 KRW 1,461 -> 현재 KRW 1,457 (-0.27%) | 익절 +2.0% / 추매 -1.0%
2026-07-23 02:31:04,819 [INFO] >>> Step 6: Persist
2026-07-23 03:31:02,404 [INFO] === Initializing MagicSplit Bot (crypto) ===
2026-07-23 03:31:02,405 [INFO] Loaded 3 stock rule(s) from config_crypto.json
2026-07-23 03:31:02,405 [INFO] [crypto] 1 rule(s), mode=LIVE
2026-07-23 03:31:02,406 [INFO] === Running crypto engine ===
2026-07-23 03:31:02,406 [INFO] >>> Step 1: Portfolio & Price Fetch
2026-07-23 03:31:02,634 [WARNING] [Upbit] 상폐/KRW미상장 보유 제외 (3건): ['KRW-APENFT', 'KRW-ETHF', 'KRW-ETHW']
2026-07-23 03:31:02,733 [INFO] Fetching real-time prices from Broker...
2026-07-23 03:31:02,851 [INFO] Portfolio: Cash=KRW 81,738, Value=KRW 17,556,436
2026-07-23 03:31:02,851 [INFO] >>> Step 2: Load Positions
2026-07-23 03:31:02,852 [INFO] Loaded 4 position lot(s)
2026-07-23 03:31:02,852 [INFO] >>> Step 2.5: Reconcile OK (수량 일치)
2026-07-23 03:31:02,854 [INFO] >>> Processing KRW-USDT
2026-07-23 03:31:02,854 [INFO]   [KRW-USDT] 신호 없음 | Lv2 매수 KRW 1,461 -> 현재 KRW 1,457 (-0.27%) | 익절 +2.0% / 추매 -1.0%
2026-07-23 03:31:02,854 [INFO] >>> Step 6: Persist
