2026-07-22 00:31:03,334 [INFO] === Initializing MagicSplit Bot (crypto) ===
2026-07-22 00:31:03,334 [INFO] Loaded 3 stock rule(s) from config_crypto.json
2026-07-22 00:31:03,335 [INFO] [crypto] 1 rule(s), mode=LIVE
2026-07-22 00:31:03,335 [INFO] === Running crypto engine ===
2026-07-22 00:31:03,336 [INFO] >>> Step 1: Portfolio & Price Fetch
2026-07-22 00:31:03,639 [WARNING] [Upbit] 상폐/KRW미상장 보유 제외 (3건): ['KRW-APENFT', 'KRW-ETHF', 'KRW-ETHW']
2026-07-22 00:31:03,749 [INFO] Fetching real-time prices from Broker...
2026-07-22 00:31:03,874 [INFO] Portfolio: Cash=KRW 81,738, Value=KRW 17,713,845
2026-07-22 00:31:03,875 [INFO] >>> Step 2: Load Positions
2026-07-22 00:31:03,876 [INFO] Loaded 4 position lot(s)
2026-07-22 00:31:03,878 [INFO] >>> Step 2.5: Reconcile OK (수량 일치)
2026-07-22 00:31:03,880 [INFO] >>> Processing KRW-USDT
2026-07-22 00:31:03,881 [INFO]   [KRW-USDT] 신호 없음 | Lv2 매수 KRW 1,461 -> 현재 KRW 1,460 (-0.07%) | 익절 +2.0% / 추매 -1.0%
2026-07-22 00:31:03,881 [INFO] >>> Step 6: Persist
2026-07-22 01:31:10,196 [INFO] === Initializing MagicSplit Bot (crypto) ===
2026-07-22 01:31:10,197 [INFO] Loaded 3 stock rule(s) from config_crypto.json
2026-07-22 01:31:10,197 [INFO] [crypto] 1 rule(s), mode=LIVE
2026-07-22 01:31:10,198 [INFO] === Running crypto engine ===
2026-07-22 01:31:10,198 [INFO] >>> Step 1: Portfolio & Price Fetch
2026-07-22 01:31:10,573 [WARNING] [Upbit] 상폐/KRW미상장 보유 제외 (3건): ['KRW-APENFT', 'KRW-ETHF', 'KRW-ETHW']
2026-07-22 01:31:10,678 [INFO] Fetching real-time prices from Broker...
2026-07-22 01:31:10,783 [INFO] Portfolio: Cash=KRW 81,738, Value=KRW 17,833,685
2026-07-22 01:31:10,783 [INFO] >>> Step 2: Load Positions
2026-07-22 01:31:10,785 [INFO] Loaded 4 position lot(s)
2026-07-22 01:31:10,788 [INFO] >>> Step 2.5: Reconcile OK (수량 일치)
2026-07-22 01:31:10,790 [INFO] >>> Processing KRW-USDT
2026-07-22 01:31:10,790 [INFO]   [KRW-USDT] 신호 없음 | Lv2 매수 KRW 1,461 -> 현재 KRW 1,463 (+0.14%) | 익절 +2.0% / 추매 -1.0%
2026-07-22 01:31:10,790 [INFO] >>> Step 6: Persist
2026-07-22 02:31:03,786 [INFO] === Initializing MagicSplit Bot (crypto) ===
2026-07-22 02:31:03,787 [INFO] Loaded 3 stock rule(s) from config_crypto.json
2026-07-22 02:31:03,787 [INFO] [crypto] 1 rule(s), mode=LIVE
2026-07-22 02:31:03,788 [INFO] === Running crypto engine ===
2026-07-22 02:31:03,788 [INFO] >>> Step 1: Portfolio & Price Fetch
2026-07-22 02:31:04,088 [WARNING] [Upbit] 상폐/KRW미상장 보유 제외 (3건): ['KRW-APENFT', 'KRW-ETHF', 'KRW-ETHW']
2026-07-22 02:31:04,206 [INFO] Fetching real-time prices from Broker...
2026-07-22 02:31:04,292 [INFO] Portfolio: Cash=KRW 81,738, Value=KRW 17,781,476
2026-07-22 02:31:04,292 [INFO] >>> Step 2: Load Positions
2026-07-22 02:31:04,292 [INFO] Loaded 4 position lot(s)
2026-07-22 02:31:04,295 [INFO] >>> Step 2.5: Reconcile OK (수량 일치)
2026-07-22 02:31:04,296 [INFO] >>> Processing KRW-USDT
2026-07-22 02:31:04,297 [INFO]   [KRW-USDT] 신호 없음 | Lv2 매수 KRW 1,461 -> 현재 KRW 1,464 (+0.21%) | 익절 +2.0% / 추매 -1.0%
2026-07-22 02:31:04,297 [INFO] >>> Step 6: Persist
2026-07-22 05:31:02,525 [INFO] === Initializing MagicSplit Bot (crypto) ===
2026-07-22 05:31:02,525 [INFO] Loaded 3 stock rule(s) from config_crypto.json
2026-07-22 05:31:02,525 [INFO] [crypto] 1 rule(s), mode=LIVE
2026-07-22 05:31:02,527 [INFO] === Running crypto engine ===
2026-07-22 05:31:02,527 [INFO] >>> Step 1: Portfolio & Price Fetch
2026-07-22 05:31:02,834 [WARNING] [Upbit] 상폐/KRW미상장 보유 제외 (3건): ['KRW-APENFT', 'KRW-ETHF', 'KRW-ETHW']
2026-07-22 05:31:02,943 [INFO] Fetching real-time prices from Broker...
2026-07-22 05:31:03,044 [INFO] Portfolio: Cash=KRW 81,738, Value=KRW 17,785,772
2026-07-22 05:31:03,044 [INFO] >>> Step 2: Load Positions
2026-07-22 05:31:03,046 [INFO] Loaded 4 position lot(s)
2026-07-22 05:31:03,049 [INFO] >>> Step 2.5: Reconcile OK (수량 일치)
2026-07-22 05:31:03,050 [INFO] >>> Processing KRW-USDT
2026-07-22 05:31:03,051 [INFO]   [KRW-USDT] 신호 없음 | Lv2 매수 KRW 1,461 -> 현재 KRW 1,464 (+0.21%) | 익절 +2.0% / 추매 -1.0%
2026-07-22 05:31:03,051 [INFO] >>> Step 6: Persist
2026-07-22 06:30:59,020 [INFO] === Initializing MagicSplit Bot (crypto) ===
2026-07-22 06:30:59,021 [INFO] Loaded 3 stock rule(s) from config_crypto.json
2026-07-22 06:30:59,021 [INFO] [crypto] 1 rule(s), mode=LIVE
2026-07-22 06:30:59,022 [INFO] === Running crypto engine ===
2026-07-22 06:30:59,022 [INFO] >>> Step 1: Portfolio & Price Fetch
2026-07-22 06:30:59,253 [WARNING] [Upbit] 상폐/KRW미상장 보유 제외 (3건): ['KRW-APENFT', 'KRW-ETHF', 'KRW-ETHW']
2026-07-22 06:30:59,340 [INFO] Fetching real-time prices from Broker...
2026-07-22 06:30:59,441 [INFO] Portfolio: Cash=KRW 81,738, Value=KRW 17,724,099
2026-07-22 06:30:59,441 [INFO] >>> Step 2: Load Positions
2026-07-22 06:30:59,441 [INFO] Loaded 4 position lot(s)
2026-07-22 06:30:59,443 [INFO] >>> Step 2.5: Reconcile OK (수량 일치)
2026-07-22 06:30:59,444 [INFO] >>> Processing KRW-USDT
2026-07-22 06:30:59,445 [INFO]   [KRW-USDT] 신호 없음 | Lv2 매수 KRW 1,461 -> 현재 KRW 1,464 (+0.21%) | 익절 +2.0% / 추매 -1.0%
2026-07-22 06:30:59,445 [INFO] >>> Step 6: Persist
2026-07-22 07:31:04,972 [INFO] === Initializing MagicSplit Bot (crypto) ===
2026-07-22 07:31:04,972 [INFO] Loaded 3 stock rule(s) from config_crypto.json
2026-07-22 07:31:04,972 [INFO] [crypto] 1 rule(s), mode=LIVE
2026-07-22 07:31:04,973 [INFO] === Running crypto engine ===
2026-07-22 07:31:04,974 [INFO] >>> Step 1: Portfolio & Price Fetch
2026-07-22 07:31:05,277 [WARNING] [Upbit] 상폐/KRW미상장 보유 제외 (3건): ['KRW-APENFT', 'KRW-ETHF', 'KRW-ETHW']
2026-07-22 07:31:05,383 [INFO] Fetching real-time prices from Broker...
2026-07-22 07:31:05,490 [INFO] Portfolio: Cash=KRW 81,738, Value=KRW 17,620,768
2026-07-22 07:31:05,490 [INFO] >>> Step 2: Load Positions
2026-07-22 07:31:05,492 [INFO] Loaded 4 position lot(s)
2026-07-22 07:31:05,494 [INFO] >>> Step 2.5: Reconcile OK (수량 일치)
2026-07-22 07:31:05,496 [INFO] >>> Processing KRW-USDT
2026-07-22 07:31:05,497 [INFO]   [KRW-USDT] 신호 없음 | Lv2 매수 KRW 1,461 -> 현재 KRW 1,465 (+0.27%) | 익절 +2.0% / 추매 -1.0%
2026-07-22 07:31:05,497 [INFO] >>> Step 6: Persist
2026-07-22 08:31:00,970 [INFO] === Initializing MagicSplit Bot (crypto) ===
2026-07-22 08:31:00,970 [INFO] Loaded 3 stock rule(s) from config_crypto.json
2026-07-22 08:31:00,970 [INFO] [crypto] 1 rule(s), mode=LIVE
2026-07-22 08:31:00,971 [INFO] === Running crypto engine ===
2026-07-22 08:31:00,971 [INFO] >>> Step 1: Portfolio & Price Fetch
2026-07-22 08:31:01,180 [WARNING] [Upbit] 상폐/KRW미상장 보유 제외 (3건): ['KRW-APENFT', 'KRW-ETHF', 'KRW-ETHW']
2026-07-22 08:31:01,287 [INFO] Fetching real-time prices from Broker...
2026-07-22 08:31:01,391 [INFO] Portfolio: Cash=KRW 81,738, Value=KRW 17,640,025
2026-07-22 08:31:01,392 [INFO] >>> Step 2: Load Positions
2026-07-22 08:31:01,392 [INFO] Loaded 4 position lot(s)
2026-07-22 08:31:01,393 [INFO] >>> Step 2.5: Reconcile OK (수량 일치)
2026-07-22 08:31:01,394 [INFO] >>> Processing KRW-USDT
2026-07-22 08:31:01,395 [INFO]   [KRW-USDT] 신호 없음 | Lv2 매수 KRW 1,461 -> 현재 KRW 1,464 (+0.21%) | 익절 +2.0% / 추매 -1.0%
2026-07-22 08:31:01,395 [INFO] >>> Step 6: Persist
