2026-07-20 00:01:06,175 [INFO] === Initializing MagicSplit Bot (crypto) ===
2026-07-20 00:01:06,175 [INFO] Loaded 3 stock rule(s) from config_crypto.json
2026-07-20 00:01:06,176 [INFO] [crypto] 1 rule(s), mode=LIVE
2026-07-20 00:01:06,177 [INFO] === Running crypto engine ===
2026-07-20 00:01:06,177 [INFO] >>> Step 1: Portfolio & Price Fetch
2026-07-20 00:01:06,409 [WARNING] [Upbit] 상폐/KRW미상장 보유 제외 (3건): ['KRW-APENFT', 'KRW-ETHF', 'KRW-ETHW']
2026-07-20 00:01:06,506 [INFO] Fetching real-time prices from Broker...
2026-07-20 00:01:06,612 [INFO] Portfolio: Cash=KRW 91,743, Value=KRW 17,354,406
2026-07-20 00:01:06,612 [INFO] >>> Step 2: Load Positions
2026-07-20 00:01:06,612 [INFO] Loaded 2 position lot(s)
2026-07-20 00:01:06,614 [ERROR] >>> Step 2.5: 수량 불일치 1건 감지 — 해당 종목 매매 중단
[KRW-BTC] Qty Mismatch: broker=0.13703789, positions=0.00010781 (lots=1, levels=[1])
실행 권장: scripts/reconcile_positions.py
2026-07-20 00:01:07,541 [INFO] >>> Processing KRW-USDT
2026-07-20 00:01:07,542 [INFO]   [KRW-USDT] 신호 없음 | Lv1 매수 KRW 1,476 -> 현재 KRW 1,471 (-0.34%) | 익절 +2.0% / 추매 -1.0%
2026-07-20 00:01:07,542 [INFO] >>> Step 6: Persist
2026-07-20 03:09:25,336 [INFO] === Initializing MagicSplit Bot (crypto) ===
2026-07-20 03:09:25,336 [INFO] Loaded 3 stock rule(s) from config_crypto.json
2026-07-20 03:09:25,336 [INFO] [crypto] 1 rule(s), mode=LIVE
2026-07-20 03:09:25,337 [INFO] === Running crypto engine ===
2026-07-20 03:09:25,337 [INFO] >>> Step 1: Portfolio & Price Fetch
2026-07-20 03:09:25,500 [WARNING] [Upbit] 상폐/KRW미상장 보유 제외 (3건): ['KRW-APENFT', 'KRW-ETHF', 'KRW-ETHW']
2026-07-20 03:09:25,585 [INFO] Fetching real-time prices from Broker...
2026-07-20 03:09:25,692 [INFO] Portfolio: Cash=KRW 91,743, Value=KRW 17,406,093
2026-07-20 03:09:25,692 [INFO] >>> Step 2: Load Positions
2026-07-20 03:09:25,693 [INFO] Loaded 2 position lot(s)
2026-07-20 03:09:25,695 [ERROR] >>> Step 2.5: 수량 불일치 1건 감지 — 해당 종목 매매 중단
[KRW-BTC] Qty Mismatch: broker=0.13703789, positions=0.00010781 (lots=1, levels=[1])
실행 권장: scripts/reconcile_positions.py
2026-07-20 03:09:26,398 [INFO] >>> Processing KRW-USDT
2026-07-20 03:09:26,399 [INFO]   [KRW-USDT] 신호 없음 | Lv1 매수 KRW 1,476 -> 현재 KRW 1,468 (-0.54%) | 익절 +2.0% / 추매 -1.0%
2026-07-20 03:09:26,399 [INFO] >>> Step 6: Persist
2026-07-20 04:01:06,115 [INFO] === Initializing MagicSplit Bot (crypto) ===
2026-07-20 04:01:06,115 [INFO] Loaded 3 stock rule(s) from config_crypto.json
2026-07-20 04:01:06,115 [INFO] [crypto] 1 rule(s), mode=LIVE
2026-07-20 04:01:06,116 [INFO] === Running crypto engine ===
2026-07-20 04:01:06,116 [INFO] >>> Step 1: Portfolio & Price Fetch
2026-07-20 04:01:06,404 [WARNING] [Upbit] 상폐/KRW미상장 보유 제외 (3건): ['KRW-APENFT', 'KRW-ETHF', 'KRW-ETHW']
2026-07-20 04:01:06,518 [INFO] Fetching real-time prices from Broker...
2026-07-20 04:01:06,623 [INFO] Portfolio: Cash=KRW 91,743, Value=KRW 17,399,882
2026-07-20 04:01:06,624 [INFO] >>> Step 2: Load Positions
2026-07-20 04:01:06,624 [INFO] Loaded 2 position lot(s)
2026-07-20 04:01:06,627 [ERROR] >>> Step 2.5: 수량 불일치 1건 감지 — 해당 종목 매매 중단
[KRW-BTC] Qty Mismatch: broker=0.13703789, positions=0.00010781 (lots=1, levels=[1])
실행 권장: scripts/reconcile_positions.py
2026-07-20 04:01:07,385 [INFO] >>> Processing KRW-USDT
2026-07-20 04:01:07,385 [INFO]   [KRW-USDT] 신호 없음 | Lv1 매수 KRW 1,476 -> 현재 KRW 1,467 (-0.61%) | 익절 +2.0% / 추매 -1.0%
2026-07-20 04:01:07,386 [INFO] >>> Step 6: Persist
2026-07-20 05:01:05,895 [INFO] === Initializing MagicSplit Bot (crypto) ===
2026-07-20 05:01:05,896 [INFO] Loaded 3 stock rule(s) from config_crypto.json
2026-07-20 05:01:05,896 [INFO] [crypto] 1 rule(s), mode=LIVE
2026-07-20 05:01:05,897 [INFO] === Running crypto engine ===
2026-07-20 05:01:05,897 [INFO] >>> Step 1: Portfolio & Price Fetch
2026-07-20 05:01:06,119 [WARNING] [Upbit] 상폐/KRW미상장 보유 제외 (3건): ['KRW-APENFT', 'KRW-ETHF', 'KRW-ETHW']
2026-07-20 05:01:06,229 [INFO] Fetching real-time prices from Broker...
2026-07-20 05:01:06,336 [INFO] Portfolio: Cash=KRW 91,743, Value=KRW 17,380,579
2026-07-20 05:01:06,336 [INFO] >>> Step 2: Load Positions
2026-07-20 05:01:06,336 [INFO] Loaded 2 position lot(s)
2026-07-20 05:01:06,339 [ERROR] >>> Step 2.5: 수량 불일치 1건 감지 — 해당 종목 매매 중단
[KRW-BTC] Qty Mismatch: broker=0.13703789, positions=0.00010781 (lots=1, levels=[1])
실행 권장: scripts/reconcile_positions.py
2026-07-20 05:01:07,121 [INFO] >>> Processing KRW-USDT
2026-07-20 05:01:07,121 [INFO]   [KRW-USDT] 신호 없음 | Lv1 매수 KRW 1,476 -> 현재 KRW 1,466 (-0.68%) | 익절 +2.0% / 추매 -1.0%
2026-07-20 05:01:07,122 [INFO] >>> Step 6: Persist
2026-07-20 07:01:10,381 [INFO] === Initializing MagicSplit Bot (crypto) ===
2026-07-20 07:01:10,381 [INFO] Loaded 3 stock rule(s) from config_crypto.json
2026-07-20 07:01:10,382 [INFO] [crypto] 1 rule(s), mode=LIVE
2026-07-20 07:01:10,382 [INFO] === Running crypto engine ===
2026-07-20 07:01:10,383 [INFO] >>> Step 1: Portfolio & Price Fetch
2026-07-20 07:01:10,689 [WARNING] [Upbit] 상폐/KRW미상장 보유 제외 (3건): ['KRW-APENFT', 'KRW-ETHF', 'KRW-ETHW']
2026-07-20 07:01:10,799 [INFO] Fetching real-time prices from Broker...
2026-07-20 07:01:10,905 [INFO] Portfolio: Cash=KRW 91,743, Value=KRW 17,181,047
2026-07-20 07:01:10,905 [INFO] >>> Step 2: Load Positions
2026-07-20 07:01:10,907 [INFO] Loaded 2 position lot(s)
2026-07-20 07:01:10,910 [ERROR] >>> Step 2.5: 수량 불일치 1건 감지 — 해당 종목 매매 중단
[KRW-BTC] Qty Mismatch: broker=0.13703789, positions=0.00010781 (lots=1, levels=[1])
실행 권장: scripts/reconcile_positions.py
2026-07-20 07:01:11,640 [INFO] >>> Processing KRW-USDT
2026-07-20 07:01:11,641 [INFO]   [KRW-USDT] 신호 없음 | Lv1 매수 KRW 1,476 -> 현재 KRW 1,465 (-0.75%) | 익절 +2.0% / 추매 -1.0%
2026-07-20 07:01:11,641 [INFO] >>> Step 6: Persist
2026-07-20 08:01:04,704 [INFO] === Initializing MagicSplit Bot (crypto) ===
2026-07-20 08:01:04,704 [INFO] Loaded 3 stock rule(s) from config_crypto.json
2026-07-20 08:01:04,705 [INFO] [crypto] 1 rule(s), mode=LIVE
2026-07-20 08:01:04,705 [INFO] === Running crypto engine ===
2026-07-20 08:01:04,706 [INFO] >>> Step 1: Portfolio & Price Fetch
2026-07-20 08:01:04,909 [WARNING] [Upbit] 상폐/KRW미상장 보유 제외 (3건): ['KRW-APENFT', 'KRW-ETHF', 'KRW-ETHW']
2026-07-20 08:01:05,022 [INFO] Fetching real-time prices from Broker...
2026-07-20 08:01:05,127 [INFO] Portfolio: Cash=KRW 91,743, Value=KRW 17,154,071
2026-07-20 08:01:05,127 [INFO] >>> Step 2: Load Positions
2026-07-20 08:01:05,128 [INFO] Loaded 2 position lot(s)
2026-07-20 08:01:05,130 [ERROR] >>> Step 2.5: 수량 불일치 1건 감지 — 해당 종목 매매 중단
[KRW-BTC] Qty Mismatch: broker=0.13703789, positions=0.00010781 (lots=1, levels=[1])
실행 권장: scripts/reconcile_positions.py
2026-07-20 08:01:06,071 [INFO] >>> Processing KRW-USDT
2026-07-20 08:01:06,072 [INFO]   [KRW-USDT] 신호 없음 | Lv1 매수 KRW 1,476 -> 현재 KRW 1,468 (-0.54%) | 익절 +2.0% / 추매 -1.0%
2026-07-20 08:01:06,072 [INFO] >>> Step 6: Persist
2026-07-20 09:01:08,419 [INFO] === Initializing MagicSplit Bot (crypto) ===
2026-07-20 09:01:08,419 [INFO] Loaded 3 stock rule(s) from config_crypto.json
2026-07-20 09:01:08,419 [INFO] [crypto] 1 rule(s), mode=LIVE
2026-07-20 09:01:08,420 [INFO] === Running crypto engine ===
2026-07-20 09:01:08,420 [INFO] >>> Step 1: Portfolio & Price Fetch
2026-07-20 09:01:08,652 [WARNING] [Upbit] 상폐/KRW미상장 보유 제외 (3건): ['KRW-APENFT', 'KRW-ETHF', 'KRW-ETHW']
2026-07-20 09:01:08,757 [INFO] Fetching real-time prices from Broker...
2026-07-20 09:01:08,861 [INFO] Portfolio: Cash=KRW 91,743, Value=KRW 17,253,293
2026-07-20 09:01:08,861 [INFO] >>> Step 2: Load Positions
2026-07-20 09:01:08,861 [INFO] Loaded 2 position lot(s)
2026-07-20 09:01:08,863 [ERROR] >>> Step 2.5: 수량 불일치 1건 감지 — 해당 종목 매매 중단
[KRW-BTC] Qty Mismatch: broker=0.13703789, positions=0.00010781 (lots=1, levels=[1])
실행 권장: scripts/reconcile_positions.py
2026-07-20 09:01:09,627 [INFO] >>> Processing KRW-USDT
2026-07-20 09:01:09,628 [INFO]   [KRW-USDT] 신호 없음 | Lv1 매수 KRW 1,476 -> 현재 KRW 1,468 (-0.54%) | 익절 +2.0% / 추매 -1.0%
2026-07-20 09:01:09,628 [INFO] >>> Step 6: Persist
2026-07-20 10:01:13,428 [INFO] === Initializing MagicSplit Bot (crypto) ===
2026-07-20 10:01:13,428 [INFO] Loaded 3 stock rule(s) from config_crypto.json
2026-07-20 10:01:13,428 [INFO] [crypto] 1 rule(s), mode=LIVE
2026-07-20 10:01:13,429 [INFO] === Running crypto engine ===
2026-07-20 10:01:13,429 [INFO] >>> Step 1: Portfolio & Price Fetch
2026-07-20 10:01:13,731 [WARNING] [Upbit] 상폐/KRW미상장 보유 제외 (3건): ['KRW-APENFT', 'KRW-ETHF', 'KRW-ETHW']
2026-07-20 10:01:13,835 [INFO] Fetching real-time prices from Broker...
2026-07-20 10:01:13,941 [INFO] Portfolio: Cash=KRW 91,743, Value=KRW 17,210,801
2026-07-20 10:01:13,941 [INFO] >>> Step 2: Load Positions
2026-07-20 10:01:13,943 [INFO] Loaded 2 position lot(s)
2026-07-20 10:01:13,946 [ERROR] >>> Step 2.5: 수량 불일치 1건 감지 — 해당 종목 매매 중단
[KRW-BTC] Qty Mismatch: broker=0.13703789, positions=0.00010781 (lots=1, levels=[1])
실행 권장: scripts/reconcile_positions.py
2026-07-20 10:01:14,698 [INFO] >>> Processing KRW-USDT
2026-07-20 10:01:14,699 [INFO]   [KRW-USDT] 신호 없음 | Lv1 매수 KRW 1,476 -> 현재 KRW 1,468 (-0.54%) | 익절 +2.0% / 추매 -1.0%
2026-07-20 10:01:14,699 [INFO] >>> Step 6: Persist
2026-07-20 11:01:10,767 [INFO] === Initializing MagicSplit Bot (crypto) ===
2026-07-20 11:01:10,767 [INFO] Loaded 3 stock rule(s) from config_crypto.json
2026-07-20 11:01:10,767 [INFO] [crypto] 1 rule(s), mode=LIVE
2026-07-20 11:01:10,768 [INFO] === Running crypto engine ===
2026-07-20 11:01:10,768 [INFO] >>> Step 1: Portfolio & Price Fetch
2026-07-20 11:01:10,970 [WARNING] [Upbit] 상폐/KRW미상장 보유 제외 (3건): ['KRW-APENFT', 'KRW-ETHF', 'KRW-ETHW']
2026-07-20 11:01:11,057 [INFO] Fetching real-time prices from Broker...
2026-07-20 11:01:11,159 [INFO] Portfolio: Cash=KRW 91,743, Value=KRW 17,228,452
2026-07-20 11:01:11,159 [INFO] >>> Step 2: Load Positions
2026-07-20 11:01:11,160 [INFO] Loaded 2 position lot(s)
2026-07-20 11:01:11,162 [ERROR] >>> Step 2.5: 수량 불일치 1건 감지 — 해당 종목 매매 중단
[KRW-BTC] Qty Mismatch: broker=0.13703789, positions=0.00010781 (lots=1, levels=[1])
실행 권장: scripts/reconcile_positions.py
2026-07-20 11:01:11,946 [INFO] >>> Processing KRW-USDT
2026-07-20 11:01:11,947 [INFO]   [KRW-USDT] 신호 없음 | Lv1 매수 KRW 1,476 -> 현재 KRW 1,468 (-0.54%) | 익절 +2.0% / 추매 -1.0%
2026-07-20 11:01:11,947 [INFO] >>> Step 6: Persist
